[0.523s] Invoking command in '/home/hafizulazwan/ros2_learn_ws/src/srvcli_py': AMENT_PREFIX_PATH=/home/hafizulazwan/ros2_learn_ws/install/srv_pkg:${AMENT_PREFIX_PATH} CMAKE_PREFIX_PATH=/home/hafizulazwan/ros2_learn_ws/install/srv_pkg LD_LIBRARY_PATH=/home/hafizulazwan/ros2_learn_ws/install/srv_pkg/lib:${LD_LIBRARY_PATH} PYTHONPATH=/home/hafizulazwan/ros2_learn_ws/build/srvcli_py/prefix_override:/usr/lib/python3/dist-packages/colcon_core/task/python/colcon_distutils_commands:/home/hafizulazwan/ros2_learn_ws/install/srvcli_py/lib/python3.10/site-packages:/home/hafizulazwan/ros2_learn_ws/install/srv_pkg/local/lib/python3.10/dist-packages:${PYTHONPATH} /usr/bin/python3 -W ignore:setup.py install is deprecated -W ignore:easy_install command is deprecated setup.py egg_info --egg-base ../../build/srvcli_py build --build-base /home/hafizulazwan/ros2_learn_ws/build/srvcli_py/build install --record /home/hafizulazwan/ros2_learn_ws/build/srvcli_py/install.log --single-version-externally-managed install_data
[0.727s] running egg_info
[0.727s] creating ../../build/srvcli_py/srvcli_py.egg-info
[0.727s] writing ../../build/srvcli_py/srvcli_py.egg-info/PKG-INFO
[0.727s] writing dependency_links to ../../build/srvcli_py/srvcli_py.egg-info/dependency_links.txt
[0.728s] writing entry points to ../../build/srvcli_py/srvcli_py.egg-info/entry_points.txt
[0.728s] writing requirements to ../../build/srvcli_py/srvcli_py.egg-info/requires.txt
[0.728s] writing top-level names to ../../build/srvcli_py/srvcli_py.egg-info/top_level.txt
[0.728s] writing manifest file '../../build/srvcli_py/srvcli_py.egg-info/SOURCES.txt'
[0.729s] reading manifest file '../../build/srvcli_py/srvcli_py.egg-info/SOURCES.txt'
[0.730s] writing manifest file '../../build/srvcli_py/srvcli_py.egg-info/SOURCES.txt'
[0.730s] running build
[0.730s] running build_py
[0.730s] creating /home/hafizulazwan/ros2_learn_ws/build/srvcli_py/build
[0.730s] creating /home/hafizulazwan/ros2_learn_ws/build/srvcli_py/build/lib
[0.731s] creating /home/hafizulazwan/ros2_learn_ws/build/srvcli_py/build/lib/srvcli_py
[0.731s] copying srvcli_py/__init__.py -> /home/hafizulazwan/ros2_learn_ws/build/srvcli_py/build/lib/srvcli_py
[0.731s] copying srvcli_py/server.py -> /home/hafizulazwan/ros2_learn_ws/build/srvcli_py/build/lib/srvcli_py
[0.731s] running install
[0.731s] running install_lib
[0.732s] creating /home/hafizulazwan/ros2_learn_ws/install/srvcli_py/lib/python3.10/site-packages/srvcli_py
[0.732s] copying /home/hafizulazwan/ros2_learn_ws/build/srvcli_py/build/lib/srvcli_py/__init__.py -> /home/hafizulazwan/ros2_learn_ws/install/srvcli_py/lib/python3.10/site-packages/srvcli_py
[0.732s] copying /home/hafizulazwan/ros2_learn_ws/build/srvcli_py/build/lib/srvcli_py/server.py -> /home/hafizulazwan/ros2_learn_ws/install/srvcli_py/lib/python3.10/site-packages/srvcli_py
[0.732s] byte-compiling /home/hafizulazwan/ros2_learn_ws/install/srvcli_py/lib/python3.10/site-packages/srvcli_py/__init__.py to __init__.cpython-310.pyc
[0.732s] byte-compiling /home/hafizulazwan/ros2_learn_ws/install/srvcli_py/lib/python3.10/site-packages/srvcli_py/server.py to server.cpython-310.pyc
[0.733s] running install_data
[0.733s] creating /home/hafizulazwan/ros2_learn_ws/install/srvcli_py/share/ament_index
[0.733s] creating /home/hafizulazwan/ros2_learn_ws/install/srvcli_py/share/ament_index/resource_index
[0.733s] creating /home/hafizulazwan/ros2_learn_ws/install/srvcli_py/share/ament_index/resource_index/packages
[0.733s] copying resource/srvcli_py -> /home/hafizulazwan/ros2_learn_ws/install/srvcli_py/share/ament_index/resource_index/packages
[0.733s] copying package.xml -> /home/hafizulazwan/ros2_learn_ws/install/srvcli_py/share/srvcli_py
[0.733s] running install_egg_info
[0.735s] Copying ../../build/srvcli_py/srvcli_py.egg-info to /home/hafizulazwan/ros2_learn_ws/install/srvcli_py/lib/python3.10/site-packages/srvcli_py-0.0.0-py3.10.egg-info
[0.735s] running install_scripts
[0.757s] Installing joint_conversion_server script to /home/hafizulazwan/ros2_learn_ws/install/srvcli_py/lib/srvcli_py
[0.757s] writing list of installed files to '/home/hafizulazwan/ros2_learn_ws/build/srvcli_py/install.log'
[0.780s] Invoked command in '/home/hafizulazwan/ros2_learn_ws/src/srvcli_py' returned '0': AMENT_PREFIX_PATH=/home/hafizulazwan/ros2_learn_ws/install/srv_pkg:${AMENT_PREFIX_PATH} CMAKE_PREFIX_PATH=/home/hafizulazwan/ros2_learn_ws/install/srv_pkg LD_LIBRARY_PATH=/home/hafizulazwan/ros2_learn_ws/install/srv_pkg/lib:${LD_LIBRARY_PATH} PYTHONPATH=/home/hafizulazwan/ros2_learn_ws/build/srvcli_py/prefix_override:/usr/lib/python3/dist-packages/colcon_core/task/python/colcon_distutils_commands:/home/hafizulazwan/ros2_learn_ws/install/srvcli_py/lib/python3.10/site-packages:/home/hafizulazwan/ros2_learn_ws/install/srv_pkg/local/lib/python3.10/dist-packages:${PYTHONPATH} /usr/bin/python3 -W ignore:setup.py install is deprecated -W ignore:easy_install command is deprecated setup.py egg_info --egg-base ../../build/srvcli_py build --build-base /home/hafizulazwan/ros2_learn_ws/build/srvcli_py/build install --record /home/hafizulazwan/ros2_learn_ws/build/srvcli_py/install.log --single-version-externally-managed install_data
