running egg_info
creating ../../build/minimal_pkg/minimal_pkg.egg-info
writing ../../build/minimal_pkg/minimal_pkg.egg-info/PKG-INFO
writing dependency_links to ../../build/minimal_pkg/minimal_pkg.egg-info/dependency_links.txt
writing entry points to ../../build/minimal_pkg/minimal_pkg.egg-info/entry_points.txt
writing requirements to ../../build/minimal_pkg/minimal_pkg.egg-info/requires.txt
writing top-level names to ../../build/minimal_pkg/minimal_pkg.egg-info/top_level.txt
writing manifest file '../../build/minimal_pkg/minimal_pkg.egg-info/SOURCES.txt'
reading manifest file '../../build/minimal_pkg/minimal_pkg.egg-info/SOURCES.txt'
writing manifest file '../../build/minimal_pkg/minimal_pkg.egg-info/SOURCES.txt'
running build
running build_py
creating /home/hafizulazwan/ros2_learn_ws/build/minimal_pkg/build
creating /home/hafizulazwan/ros2_learn_ws/build/minimal_pkg/build/lib
creating /home/hafizulazwan/ros2_learn_ws/build/minimal_pkg/build/lib/minimal_pkg
copying minimal_pkg/__init__.py -> /home/hafizulazwan/ros2_learn_ws/build/minimal_pkg/build/lib/minimal_pkg
copying minimal_pkg/minimal_node.py -> /home/hafizulazwan/ros2_learn_ws/build/minimal_pkg/build/lib/minimal_pkg
running install
running install_lib
creating /home/hafizulazwan/ros2_learn_ws/install/minimal_pkg/lib/python3.10/site-packages/minimal_pkg
copying /home/hafizulazwan/ros2_learn_ws/build/minimal_pkg/build/lib/minimal_pkg/__init__.py -> /home/hafizulazwan/ros2_learn_ws/install/minimal_pkg/lib/python3.10/site-packages/minimal_pkg
copying /home/hafizulazwan/ros2_learn_ws/build/minimal_pkg/build/lib/minimal_pkg/minimal_node.py -> /home/hafizulazwan/ros2_learn_ws/install/minimal_pkg/lib/python3.10/site-packages/minimal_pkg
byte-compiling /home/hafizulazwan/ros2_learn_ws/install/minimal_pkg/lib/python3.10/site-packages/minimal_pkg/__init__.py to __init__.cpython-310.pyc
byte-compiling /home/hafizulazwan/ros2_learn_ws/install/minimal_pkg/lib/python3.10/site-packages/minimal_pkg/minimal_node.py to minimal_node.cpython-310.pyc
running install_data
creating /home/hafizulazwan/ros2_learn_ws/install/minimal_pkg/share/ament_index
creating /home/hafizulazwan/ros2_learn_ws/install/minimal_pkg/share/ament_index/resource_index
creating /home/hafizulazwan/ros2_learn_ws/install/minimal_pkg/share/ament_index/resource_index/packages
copying resource/minimal_pkg -> /home/hafizulazwan/ros2_learn_ws/install/minimal_pkg/share/ament_index/resource_index/packages
copying package.xml -> /home/hafizulazwan/ros2_learn_ws/install/minimal_pkg/share/minimal_pkg
running install_egg_info
Copying ../../build/minimal_pkg/minimal_pkg.egg-info to /home/hafizulazwan/ros2_learn_ws/install/minimal_pkg/lib/python3.10/site-packages/minimal_pkg-0.0.0-py3.10.egg-info
running install_scripts
Installing minimal_node script to /home/hafizulazwan/ros2_learn_ws/install/minimal_pkg/lib/minimal_pkg
writing list of installed files to '/home/hafizulazwan/ros2_learn_ws/build/minimal_pkg/install.log'
