[0.840s] Invoking command in '/home/hafizulazwan/ros2_learn_ws/src/minimal_pkg': PYTHONPATH=/home/hafizulazwan/ros2_learn_ws/build/minimal_pkg/prefix_override:/usr/lib/python3/dist-packages/colcon_core/task/python/colcon_distutils_commands:/home/hafizulazwan/ros2_learn_ws/install/minimal_pkg/lib/python3.10/site-packages:${PYTHONPATH} /usr/bin/python3 -W ignore:setup.py install is deprecated -W ignore:easy_install command is deprecated setup.py egg_info --egg-base ../../build/minimal_pkg build --build-base /home/hafizulazwan/ros2_learn_ws/build/minimal_pkg/build install --record /home/hafizulazwan/ros2_learn_ws/build/minimal_pkg/install.log --single-version-externally-managed install_data
[1.090s] running egg_info
[1.091s] creating ../../build/minimal_pkg/minimal_pkg.egg-info
[1.091s] writing ../../build/minimal_pkg/minimal_pkg.egg-info/PKG-INFO
[1.091s] writing dependency_links to ../../build/minimal_pkg/minimal_pkg.egg-info/dependency_links.txt
[1.092s] writing entry points to ../../build/minimal_pkg/minimal_pkg.egg-info/entry_points.txt
[1.092s] writing requirements to ../../build/minimal_pkg/minimal_pkg.egg-info/requires.txt
[1.092s] writing top-level names to ../../build/minimal_pkg/minimal_pkg.egg-info/top_level.txt
[1.092s] writing manifest file '../../build/minimal_pkg/minimal_pkg.egg-info/SOURCES.txt'
[1.095s] reading manifest file '../../build/minimal_pkg/minimal_pkg.egg-info/SOURCES.txt'
[1.096s] writing manifest file '../../build/minimal_pkg/minimal_pkg.egg-info/SOURCES.txt'
[1.096s] running build
[1.096s] running build_py
[1.097s] creating /home/hafizulazwan/ros2_learn_ws/build/minimal_pkg/build
[1.097s] creating /home/hafizulazwan/ros2_learn_ws/build/minimal_pkg/build/lib
[1.097s] creating /home/hafizulazwan/ros2_learn_ws/build/minimal_pkg/build/lib/minimal_pkg
[1.097s] copying minimal_pkg/__init__.py -> /home/hafizulazwan/ros2_learn_ws/build/minimal_pkg/build/lib/minimal_pkg
[1.097s] copying minimal_pkg/minimal_node.py -> /home/hafizulazwan/ros2_learn_ws/build/minimal_pkg/build/lib/minimal_pkg
[1.097s] running install
[1.097s] running install_lib
[1.098s] creating /home/hafizulazwan/ros2_learn_ws/install/minimal_pkg/lib/python3.10/site-packages/minimal_pkg
[1.098s] copying /home/hafizulazwan/ros2_learn_ws/build/minimal_pkg/build/lib/minimal_pkg/__init__.py -> /home/hafizulazwan/ros2_learn_ws/install/minimal_pkg/lib/python3.10/site-packages/minimal_pkg
[1.098s] copying /home/hafizulazwan/ros2_learn_ws/build/minimal_pkg/build/lib/minimal_pkg/minimal_node.py -> /home/hafizulazwan/ros2_learn_ws/install/minimal_pkg/lib/python3.10/site-packages/minimal_pkg
[1.099s] byte-compiling /home/hafizulazwan/ros2_learn_ws/install/minimal_pkg/lib/python3.10/site-packages/minimal_pkg/__init__.py to __init__.cpython-310.pyc
[1.099s] byte-compiling /home/hafizulazwan/ros2_learn_ws/install/minimal_pkg/lib/python3.10/site-packages/minimal_pkg/minimal_node.py to minimal_node.cpython-310.pyc
[1.100s] running install_data
[1.100s] creating /home/hafizulazwan/ros2_learn_ws/install/minimal_pkg/share/ament_index
[1.100s] creating /home/hafizulazwan/ros2_learn_ws/install/minimal_pkg/share/ament_index/resource_index
[1.100s] creating /home/hafizulazwan/ros2_learn_ws/install/minimal_pkg/share/ament_index/resource_index/packages
[1.101s] copying resource/minimal_pkg -> /home/hafizulazwan/ros2_learn_ws/install/minimal_pkg/share/ament_index/resource_index/packages
[1.101s] copying package.xml -> /home/hafizulazwan/ros2_learn_ws/install/minimal_pkg/share/minimal_pkg
[1.101s] running install_egg_info
[1.103s] Copying ../../build/minimal_pkg/minimal_pkg.egg-info to /home/hafizulazwan/ros2_learn_ws/install/minimal_pkg/lib/python3.10/site-packages/minimal_pkg-0.0.0-py3.10.egg-info
[1.104s] running install_scripts
[1.126s] Installing minimal_node script to /home/hafizulazwan/ros2_learn_ws/install/minimal_pkg/lib/minimal_pkg
[1.127s] writing list of installed files to '/home/hafizulazwan/ros2_learn_ws/build/minimal_pkg/install.log'
[1.156s] Invoked command in '/home/hafizulazwan/ros2_learn_ws/src/minimal_pkg' returned '0': PYTHONPATH=/home/hafizulazwan/ros2_learn_ws/build/minimal_pkg/prefix_override:/usr/lib/python3/dist-packages/colcon_core/task/python/colcon_distutils_commands:/home/hafizulazwan/ros2_learn_ws/install/minimal_pkg/lib/python3.10/site-packages:${PYTHONPATH} /usr/bin/python3 -W ignore:setup.py install is deprecated -W ignore:easy_install command is deprecated setup.py egg_info --egg-base ../../build/minimal_pkg build --build-base /home/hafizulazwan/ros2_learn_ws/build/minimal_pkg/build install --record /home/hafizulazwan/ros2_learn_ws/build/minimal_pkg/install.log --single-version-externally-managed install_data
