[0.998s] Invoking command in '/home/user/ros2_ws/src/minimal_pkg': PYTHONPATH=/home/user/ros2_ws/build/minimal_pkg/prefix_override:/usr/lib/python3/dist-packages/colcon_core/task/python/colcon_distutils_commands:/home/user/ros2_ws/install/minimal_pkg/lib/python3.10/site-packages:${PYTHONPATH} /usr/bin/python3 -W ignore:setup.py install is deprecated -W ignore:easy_install command is deprecated setup.py egg_info --egg-base ../../build/minimal_pkg build --build-base /home/user/ros2_ws/build/minimal_pkg/build install --record /home/user/ros2_ws/build/minimal_pkg/install.log --single-version-externally-managed install_data
[1.142s] running egg_info
[1.143s] writing ../../build/minimal_pkg/minimal_pkg.egg-info/PKG-INFO
[1.143s] writing dependency_links to ../../build/minimal_pkg/minimal_pkg.egg-info/dependency_links.txt
[1.143s] writing entry points to ../../build/minimal_pkg/minimal_pkg.egg-info/entry_points.txt
[1.144s] writing requirements to ../../build/minimal_pkg/minimal_pkg.egg-info/requires.txt
[1.144s] writing top-level names to ../../build/minimal_pkg/minimal_pkg.egg-info/top_level.txt
[1.144s] reading manifest file '../../build/minimal_pkg/minimal_pkg.egg-info/SOURCES.txt'
[1.144s] writing manifest file '../../build/minimal_pkg/minimal_pkg.egg-info/SOURCES.txt'
[1.145s] running build
[1.145s] running build_py
[1.145s] running install
[1.145s] running install_lib
[1.146s] running install_data
[1.146s] running install_egg_info
[1.147s] removing '/home/user/ros2_ws/install/minimal_pkg/lib/python3.10/site-packages/minimal_pkg-0.0.0-py3.10.egg-info' (and everything under it)
[1.147s] Copying ../../build/minimal_pkg/minimal_pkg.egg-info to /home/user/ros2_ws/install/minimal_pkg/lib/python3.10/site-packages/minimal_pkg-0.0.0-py3.10.egg-info
[1.147s] running install_scripts
[1.162s] Installing minimal_node script to /home/user/ros2_ws/install/minimal_pkg/lib/minimal_pkg
[1.162s] writing list of installed files to '/home/user/ros2_ws/build/minimal_pkg/install.log'
[1.192s] Invoked command in '/home/user/ros2_ws/src/minimal_pkg' returned '0': PYTHONPATH=/home/user/ros2_ws/build/minimal_pkg/prefix_override:/usr/lib/python3/dist-packages/colcon_core/task/python/colcon_distutils_commands:/home/user/ros2_ws/install/minimal_pkg/lib/python3.10/site-packages:${PYTHONPATH} /usr/bin/python3 -W ignore:setup.py install is deprecated -W ignore:easy_install command is deprecated setup.py egg_info --egg-base ../../build/minimal_pkg build --build-base /home/user/ros2_ws/build/minimal_pkg/build install --record /home/user/ros2_ws/build/minimal_pkg/install.log --single-version-externally-managed install_data
