[1.208s] Invoking command in '/home/hafizulazwan/ros2_learn_ws/src/pubsub_py': PYTHONPATH=/home/hafizulazwan/ros2_learn_ws/build/pubsub_py/prefix_override:/usr/lib/python3/dist-packages/colcon_core/task/python/colcon_distutils_commands:/home/hafizulazwan/ros2_learn_ws/install/pubsub_py/lib/python3.10/site-packages:${PYTHONPATH} /usr/bin/python3 -W ignore:setup.py install is deprecated -W ignore:easy_install command is deprecated setup.py egg_info --egg-base ../../build/pubsub_py build --build-base /home/hafizulazwan/ros2_learn_ws/build/pubsub_py/build install --record /home/hafizulazwan/ros2_learn_ws/build/pubsub_py/install.log --single-version-externally-managed install_data
[1.428s] running egg_info
[1.429s] writing ../../build/pubsub_py/pubsub_py.egg-info/PKG-INFO
[1.429s] writing dependency_links to ../../build/pubsub_py/pubsub_py.egg-info/dependency_links.txt
[1.430s] writing entry points to ../../build/pubsub_py/pubsub_py.egg-info/entry_points.txt
[1.430s] writing requirements to ../../build/pubsub_py/pubsub_py.egg-info/requires.txt
[1.430s] writing top-level names to ../../build/pubsub_py/pubsub_py.egg-info/top_level.txt
[1.432s] reading manifest file '../../build/pubsub_py/pubsub_py.egg-info/SOURCES.txt'
[1.433s] writing manifest file '../../build/pubsub_py/pubsub_py.egg-info/SOURCES.txt'
[1.433s] running build
[1.433s] running build_py
[1.433s] running install
[1.434s] running install_lib
[1.435s] running install_data
[1.435s] running install_egg_info
[1.438s] removing '/home/hafizulazwan/ros2_learn_ws/install/pubsub_py/lib/python3.10/site-packages/pubsub_py-0.0.0-py3.10.egg-info' (and everything under it)
[1.438s] Copying ../../build/pubsub_py/pubsub_py.egg-info to /home/hafizulazwan/ros2_learn_ws/install/pubsub_py/lib/python3.10/site-packages/pubsub_py-0.0.0-py3.10.egg-info
[1.439s] running install_scripts
[1.459s] Installing sine_wave_publisher script to /home/hafizulazwan/ros2_learn_ws/install/pubsub_py/lib/pubsub_py
[1.459s] Installing sine_wave_subscriber script to /home/hafizulazwan/ros2_learn_ws/install/pubsub_py/lib/pubsub_py
[1.459s] writing list of installed files to '/home/hafizulazwan/ros2_learn_ws/build/pubsub_py/install.log'
[1.490s] Invoked command in '/home/hafizulazwan/ros2_learn_ws/src/pubsub_py' returned '0': PYTHONPATH=/home/hafizulazwan/ros2_learn_ws/build/pubsub_py/prefix_override:/usr/lib/python3/dist-packages/colcon_core/task/python/colcon_distutils_commands:/home/hafizulazwan/ros2_learn_ws/install/pubsub_py/lib/python3.10/site-packages:${PYTHONPATH} /usr/bin/python3 -W ignore:setup.py install is deprecated -W ignore:easy_install command is deprecated setup.py egg_info --egg-base ../../build/pubsub_py build --build-base /home/hafizulazwan/ros2_learn_ws/build/pubsub_py/build install --record /home/hafizulazwan/ros2_learn_ws/build/pubsub_py/install.log --single-version-externally-managed install_data
