[0.030s] Invoking command in '/home/hafizulazwan/ros2_learn_ws/build/srv_pkg': CMAKE_PREFIX_PATH=${CMAKE_PREFIX_PATH}:/home/hafizulazwan/ros2_learn_ws/install/srvcli_py:/home/hafizulazwan/ros2_learn_ws/install/pubsub_py:/home/hafizulazwan/ros2_learn_ws/install/minimal_pkg:/opt/ros/humble /usr/bin/cmake --build /home/hafizulazwan/ros2_learn_ws/build/srv_pkg -- -j8 -l8
[0.353s] [  3%] Built target srv_pkg__cpp
[0.353s] [ 12%] Built target srv_pkg__rosidl_generator_c
[0.353s] [ 12%] Built target ament_cmake_python_copy_srv_pkg
[0.353s] [ 22%] Built target srv_pkg__rosidl_typesupport_fastrtps_cpp
[0.353s] [ 32%] Built target srv_pkg__rosidl_typesupport_cpp
[0.354s] [ 41%] Built target srv_pkg__rosidl_typesupport_introspection_cpp
[0.354s] [ 51%] Built target srv_pkg__rosidl_typesupport_introspection_c
[0.354s] [ 61%] Built target srv_pkg__rosidl_typesupport_c
[0.354s] [ 70%] Built target srv_pkg__rosidl_typesupport_fastrtps_c
[0.354s] [ 70%] Built target srv_pkg
[0.354s] [ 74%] Built target srv_pkg__py
[0.354s] [ 80%] Built target srv_pkg__rosidl_generator_py
[0.354s] [ 93%] Built target srv_pkg__rosidl_typesupport_fastrtps_c__pyext
[0.354s] [ 93%] Built target srv_pkg__rosidl_typesupport_introspection_c__pyext
[0.354s] [100%] Built target srv_pkg__rosidl_typesupport_c__pyext
[0.396s] running egg_info
[0.397s] writing srv_pkg.egg-info/PKG-INFO
[0.397s] writing dependency_links to srv_pkg.egg-info/dependency_links.txt
[0.397s] writing top-level names to srv_pkg.egg-info/top_level.txt
[0.401s] reading manifest file 'srv_pkg.egg-info/SOURCES.txt'
[0.402s] writing manifest file 'srv_pkg.egg-info/SOURCES.txt'
[0.433s] [100%] Built target ament_cmake_python_build_srv_pkg_egg
[0.611s] Invoked command in '/home/hafizulazwan/ros2_learn_ws/build/srv_pkg' returned '0': CMAKE_PREFIX_PATH=${CMAKE_PREFIX_PATH}:/home/hafizulazwan/ros2_learn_ws/install/srvcli_py:/home/hafizulazwan/ros2_learn_ws/install/pubsub_py:/home/hafizulazwan/ros2_learn_ws/install/minimal_pkg:/opt/ros/humble /usr/bin/cmake --build /home/hafizulazwan/ros2_learn_ws/build/srv_pkg -- -j8 -l8
[0.623s] Invoking command in '/home/hafizulazwan/ros2_learn_ws/build/srv_pkg': CMAKE_PREFIX_PATH=${CMAKE_PREFIX_PATH}:/home/hafizulazwan/ros2_learn_ws/install/srvcli_py:/home/hafizulazwan/ros2_learn_ws/install/pubsub_py:/home/hafizulazwan/ros2_learn_ws/install/minimal_pkg:/opt/ros/humble /usr/bin/cmake --install /home/hafizulazwan/ros2_learn_ws/build/srv_pkg
[0.630s] -- Install configuration: ""
[0.630s] -- Up-to-date: /home/hafizulazwan/ros2_learn_ws/install/srv_pkg/share/ament_index/resource_index/rosidl_interfaces/srv_pkg
[0.630s] -- Up-to-date: /home/hafizulazwan/ros2_learn_ws/install/srv_pkg/include/srv_pkg/srv_pkg
[0.630s] -- Up-to-date: /home/hafizulazwan/ros2_learn_ws/install/srv_pkg/include/srv_pkg/srv_pkg/msg
[0.630s] -- Up-to-date: /home/hafizulazwan/ros2_learn_ws/install/srv_pkg/include/srv_pkg/srv_pkg/msg/rosidl_generator_c__visibility_control.h
[0.630s] -- Up-to-date: /home/hafizulazwan/ros2_learn_ws/install/srv_pkg/include/srv_pkg/srv_pkg/srv
[0.630s] -- Up-to-date: /home/hafizulazwan/ros2_learn_ws/install/srv_pkg/include/srv_pkg/srv_pkg/srv/joint_conversion.h
[0.631s] -- Up-to-date: /home/hafizulazwan/ros2_learn_ws/install/srv_pkg/include/srv_pkg/srv_pkg/srv/detail
[0.631s] -- Up-to-date: /home/hafizulazwan/ros2_learn_ws/install/srv_pkg/include/srv_pkg/srv_pkg/srv/detail/joint_conversion__struct.h
[0.631s] -- Up-to-date: /home/hafizulazwan/ros2_learn_ws/install/srv_pkg/include/srv_pkg/srv_pkg/srv/detail/joint_conversion__functions.c
[0.631s] -- Up-to-date: /home/hafizulazwan/ros2_learn_ws/install/srv_pkg/include/srv_pkg/srv_pkg/srv/detail/joint_conversion__functions.h
[0.631s] -- Up-to-date: /home/hafizulazwan/ros2_learn_ws/install/srv_pkg/include/srv_pkg/srv_pkg/srv/detail/joint_conversion__type_support.h
[0.631s] -- Up-to-date: /home/hafizulazwan/ros2_learn_ws/install/srv_pkg/share/srv_pkg/environment/library_path.sh
[0.631s] -- Up-to-date: /home/hafizulazwan/ros2_learn_ws/install/srv_pkg/share/srv_pkg/environment/library_path.dsv
[0.631s] -- Up-to-date: /home/hafizulazwan/ros2_learn_ws/install/srv_pkg/lib/libsrv_pkg__rosidl_generator_c.so
[0.632s] -- Up-to-date: /home/hafizulazwan/ros2_learn_ws/install/srv_pkg/include/srv_pkg/srv_pkg
[0.632s] -- Up-to-date: /home/hafizulazwan/ros2_learn_ws/install/srv_pkg/include/srv_pkg/srv_pkg/msg
[0.632s] -- Up-to-date: /home/hafizulazwan/ros2_learn_ws/install/srv_pkg/include/srv_pkg/srv_pkg/msg/rosidl_typesupport_fastrtps_c__visibility_control.h
[0.632s] -- Up-to-date: /home/hafizulazwan/ros2_learn_ws/install/srv_pkg/include/srv_pkg/srv_pkg/srv
[0.632s] -- Up-to-date: /home/hafizulazwan/ros2_learn_ws/install/srv_pkg/include/srv_pkg/srv_pkg/srv/detail
[0.632s] -- Up-to-date: /home/hafizulazwan/ros2_learn_ws/install/srv_pkg/include/srv_pkg/srv_pkg/srv/detail/joint_conversion__rosidl_typesupport_fastrtps_c.h
[0.632s] -- Up-to-date: /home/hafizulazwan/ros2_learn_ws/install/srv_pkg/lib/libsrv_pkg__rosidl_typesupport_fastrtps_c.so
[0.632s] -- Up-to-date: /home/hafizulazwan/ros2_learn_ws/install/srv_pkg/include/srv_pkg/srv_pkg
[0.633s] -- Up-to-date: /home/hafizulazwan/ros2_learn_ws/install/srv_pkg/include/srv_pkg/srv_pkg/msg
[0.633s] -- Up-to-date: /home/hafizulazwan/ros2_learn_ws/install/srv_pkg/include/srv_pkg/srv_pkg/msg/rosidl_typesupport_introspection_c__visibility_control.h
[0.633s] -- Up-to-date: /home/hafizulazwan/ros2_learn_ws/install/srv_pkg/include/srv_pkg/srv_pkg/srv
[0.633s] -- Up-to-date: /home/hafizulazwan/ros2_learn_ws/install/srv_pkg/include/srv_pkg/srv_pkg/srv/detail
[0.633s] -- Up-to-date: /home/hafizulazwan/ros2_learn_ws/install/srv_pkg/include/srv_pkg/srv_pkg/srv/detail/joint_conversion__rosidl_typesupport_introspection_c.h
[0.633s] -- Up-to-date: /home/hafizulazwan/ros2_learn_ws/install/srv_pkg/include/srv_pkg/srv_pkg/srv/detail/joint_conversion__type_support.c
[0.633s] -- Up-to-date: /home/hafizulazwan/ros2_learn_ws/install/srv_pkg/lib/libsrv_pkg__rosidl_typesupport_introspection_c.so
[0.634s] -- Up-to-date: /home/hafizulazwan/ros2_learn_ws/install/srv_pkg/lib/libsrv_pkg__rosidl_typesupport_c.so
[0.634s] -- Up-to-date: /home/hafizulazwan/ros2_learn_ws/install/srv_pkg/include/srv_pkg/srv_pkg
[0.634s] -- Up-to-date: /home/hafizulazwan/ros2_learn_ws/install/srv_pkg/include/srv_pkg/srv_pkg/msg
[0.634s] -- Up-to-date: /home/hafizulazwan/ros2_learn_ws/install/srv_pkg/include/srv_pkg/srv_pkg/msg/rosidl_generator_cpp__visibility_control.hpp
[0.634s] -- Up-to-date: /home/hafizulazwan/ros2_learn_ws/install/srv_pkg/include/srv_pkg/srv_pkg/srv
[0.634s] -- Up-to-date: /home/hafizulazwan/ros2_learn_ws/install/srv_pkg/include/srv_pkg/srv_pkg/srv/detail
[0.635s] -- Up-to-date: /home/hafizulazwan/ros2_learn_ws/install/srv_pkg/include/srv_pkg/srv_pkg/srv/detail/joint_conversion__builder.hpp
[0.635s] -- Up-to-date: /home/hafizulazwan/ros2_learn_ws/install/srv_pkg/include/srv_pkg/srv_pkg/srv/detail/joint_conversion__traits.hpp
[0.635s] -- Up-to-date: /home/hafizulazwan/ros2_learn_ws/install/srv_pkg/include/srv_pkg/srv_pkg/srv/detail/joint_conversion__struct.hpp
[0.635s] -- Up-to-date: /home/hafizulazwan/ros2_learn_ws/install/srv_pkg/include/srv_pkg/srv_pkg/srv/detail/joint_conversion__type_support.hpp
[0.635s] -- Up-to-date: /home/hafizulazwan/ros2_learn_ws/install/srv_pkg/include/srv_pkg/srv_pkg/srv/joint_conversion.hpp
[0.635s] -- Up-to-date: /home/hafizulazwan/ros2_learn_ws/install/srv_pkg/include/srv_pkg/srv_pkg
[0.635s] -- Up-to-date: /home/hafizulazwan/ros2_learn_ws/install/srv_pkg/include/srv_pkg/srv_pkg/msg
[0.635s] -- Up-to-date: /home/hafizulazwan/ros2_learn_ws/install/srv_pkg/include/srv_pkg/srv_pkg/msg/rosidl_typesupport_fastrtps_cpp__visibility_control.h
[0.635s] -- Up-to-date: /home/hafizulazwan/ros2_learn_ws/install/srv_pkg/include/srv_pkg/srv_pkg/srv
[0.635s] -- Up-to-date: /home/hafizulazwan/ros2_learn_ws/install/srv_pkg/include/srv_pkg/srv_pkg/srv/detail
[0.635s] -- Up-to-date: /home/hafizulazwan/ros2_learn_ws/install/srv_pkg/include/srv_pkg/srv_pkg/srv/detail/joint_conversion__rosidl_typesupport_fastrtps_cpp.hpp
[0.635s] -- Up-to-date: /home/hafizulazwan/ros2_learn_ws/install/srv_pkg/include/srv_pkg/srv_pkg/srv/detail/dds_fastrtps
[0.635s] -- Up-to-date: /home/hafizulazwan/ros2_learn_ws/install/srv_pkg/lib/libsrv_pkg__rosidl_typesupport_fastrtps_cpp.so
[0.635s] -- Up-to-date: /home/hafizulazwan/ros2_learn_ws/install/srv_pkg/include/srv_pkg/srv_pkg
[0.636s] -- Up-to-date: /home/hafizulazwan/ros2_learn_ws/install/srv_pkg/include/srv_pkg/srv_pkg/srv
[0.636s] -- Up-to-date: /home/hafizulazwan/ros2_learn_ws/install/srv_pkg/include/srv_pkg/srv_pkg/srv/detail
[0.636s] -- Up-to-date: /home/hafizulazwan/ros2_learn_ws/install/srv_pkg/include/srv_pkg/srv_pkg/srv/detail/joint_conversion__rosidl_typesupport_introspection_cpp.hpp
[0.636s] -- Up-to-date: /home/hafizulazwan/ros2_learn_ws/install/srv_pkg/include/srv_pkg/srv_pkg/srv/detail/joint_conversion__type_support.cpp
[0.636s] -- Up-to-date: /home/hafizulazwan/ros2_learn_ws/install/srv_pkg/lib/libsrv_pkg__rosidl_typesupport_introspection_cpp.so
[0.636s] -- Up-to-date: /home/hafizulazwan/ros2_learn_ws/install/srv_pkg/lib/libsrv_pkg__rosidl_typesupport_cpp.so
[0.636s] -- Up-to-date: /home/hafizulazwan/ros2_learn_ws/install/srv_pkg/share/srv_pkg/environment/pythonpath.sh
[0.637s] -- Up-to-date: /home/hafizulazwan/ros2_learn_ws/install/srv_pkg/share/srv_pkg/environment/pythonpath.dsv
[0.637s] -- Up-to-date: /home/hafizulazwan/ros2_learn_ws/install/srv_pkg/local/lib/python3.10/dist-packages/srv_pkg-0.0.0-py3.10.egg-info
[0.637s] -- Installing: /home/hafizulazwan/ros2_learn_ws/install/srv_pkg/local/lib/python3.10/dist-packages/srv_pkg-0.0.0-py3.10.egg-info/top_level.txt
[0.637s] -- Installing: /home/hafizulazwan/ros2_learn_ws/install/srv_pkg/local/lib/python3.10/dist-packages/srv_pkg-0.0.0-py3.10.egg-info/SOURCES.txt
[0.637s] -- Installing: /home/hafizulazwan/ros2_learn_ws/install/srv_pkg/local/lib/python3.10/dist-packages/srv_pkg-0.0.0-py3.10.egg-info/dependency_links.txt
[0.637s] -- Installing: /home/hafizulazwan/ros2_learn_ws/install/srv_pkg/local/lib/python3.10/dist-packages/srv_pkg-0.0.0-py3.10.egg-info/PKG-INFO
[0.637s] -- Up-to-date: /home/hafizulazwan/ros2_learn_ws/install/srv_pkg/local/lib/python3.10/dist-packages/srv_pkg
[0.637s] -- Up-to-date: /home/hafizulazwan/ros2_learn_ws/install/srv_pkg/local/lib/python3.10/dist-packages/srv_pkg/srv_pkg_s__rosidl_typesupport_c.cpython-310-x86_64-linux-gnu.so
[0.637s] -- Up-to-date: /home/hafizulazwan/ros2_learn_ws/install/srv_pkg/local/lib/python3.10/dist-packages/srv_pkg/__init__.py
[0.637s] -- Up-to-date: /home/hafizulazwan/ros2_learn_ws/install/srv_pkg/local/lib/python3.10/dist-packages/srv_pkg/libsrv_pkg__rosidl_generator_py.so
[0.637s] -- Up-to-date: /home/hafizulazwan/ros2_learn_ws/install/srv_pkg/local/lib/python3.10/dist-packages/srv_pkg/_srv_pkg_s.ep.rosidl_typesupport_introspection_c.c
[0.638s] -- Up-to-date: /home/hafizulazwan/ros2_learn_ws/install/srv_pkg/local/lib/python3.10/dist-packages/srv_pkg/srv_pkg_s__rosidl_typesupport_fastrtps_c.cpython-310-x86_64-linux-gnu.so
[0.638s] -- Up-to-date: /home/hafizulazwan/ros2_learn_ws/install/srv_pkg/local/lib/python3.10/dist-packages/srv_pkg/_srv_pkg_s.ep.rosidl_typesupport_fastrtps_c.c
[0.638s] -- Up-to-date: /home/hafizulazwan/ros2_learn_ws/install/srv_pkg/local/lib/python3.10/dist-packages/srv_pkg/srv_pkg_s__rosidl_typesupport_introspection_c.cpython-310-x86_64-linux-gnu.so
[0.638s] -- Up-to-date: /home/hafizulazwan/ros2_learn_ws/install/srv_pkg/local/lib/python3.10/dist-packages/srv_pkg/srv
[0.638s] -- Up-to-date: /home/hafizulazwan/ros2_learn_ws/install/srv_pkg/local/lib/python3.10/dist-packages/srv_pkg/srv/__init__.py
[0.638s] -- Up-to-date: /home/hafizulazwan/ros2_learn_ws/install/srv_pkg/local/lib/python3.10/dist-packages/srv_pkg/srv/_joint_conversion_s.c
[0.638s] -- Up-to-date: /home/hafizulazwan/ros2_learn_ws/install/srv_pkg/local/lib/python3.10/dist-packages/srv_pkg/srv/_joint_conversion.py
[0.638s] -- Up-to-date: /home/hafizulazwan/ros2_learn_ws/install/srv_pkg/local/lib/python3.10/dist-packages/srv_pkg/_srv_pkg_s.ep.rosidl_typesupport_c.c
[0.669s] Listing '/home/hafizulazwan/ros2_learn_ws/install/srv_pkg/local/lib/python3.10/dist-packages/srv_pkg'...
[0.669s] Listing '/home/hafizulazwan/ros2_learn_ws/install/srv_pkg/local/lib/python3.10/dist-packages/srv_pkg/srv'...
[0.674s] -- Up-to-date: /home/hafizulazwan/ros2_learn_ws/install/srv_pkg/local/lib/python3.10/dist-packages/srv_pkg/srv_pkg_s__rosidl_typesupport_fastrtps_c.cpython-310-x86_64-linux-gnu.so
[0.674s] -- Up-to-date: /home/hafizulazwan/ros2_learn_ws/install/srv_pkg/local/lib/python3.10/dist-packages/srv_pkg/srv_pkg_s__rosidl_typesupport_introspection_c.cpython-310-x86_64-linux-gnu.so
[0.675s] -- Up-to-date: /home/hafizulazwan/ros2_learn_ws/install/srv_pkg/local/lib/python3.10/dist-packages/srv_pkg/srv_pkg_s__rosidl_typesupport_c.cpython-310-x86_64-linux-gnu.so
[0.675s] -- Up-to-date: /home/hafizulazwan/ros2_learn_ws/install/srv_pkg/lib/libsrv_pkg__rosidl_generator_py.so
[0.675s] -- Up-to-date: /home/hafizulazwan/ros2_learn_ws/install/srv_pkg/share/srv_pkg/srv/JointConversion.idl
[0.676s] -- Up-to-date: /home/hafizulazwan/ros2_learn_ws/install/srv_pkg/share/srv_pkg/srv/JointConversion.srv
[0.676s] -- Up-to-date: /home/hafizulazwan/ros2_learn_ws/install/srv_pkg/share/srv_pkg/srv/JointConversion_Request.msg
[0.676s] -- Up-to-date: /home/hafizulazwan/ros2_learn_ws/install/srv_pkg/share/srv_pkg/srv/JointConversion_Response.msg
[0.676s] -- Up-to-date: /home/hafizulazwan/ros2_learn_ws/install/srv_pkg/share/ament_index/resource_index/package_run_dependencies/srv_pkg
[0.676s] -- Up-to-date: /home/hafizulazwan/ros2_learn_ws/install/srv_pkg/share/ament_index/resource_index/parent_prefix_path/srv_pkg
[0.676s] -- Up-to-date: /home/hafizulazwan/ros2_learn_ws/install/srv_pkg/share/srv_pkg/environment/ament_prefix_path.sh
[0.676s] -- Up-to-date: /home/hafizulazwan/ros2_learn_ws/install/srv_pkg/share/srv_pkg/environment/ament_prefix_path.dsv
[0.676s] -- Up-to-date: /home/hafizulazwan/ros2_learn_ws/install/srv_pkg/share/srv_pkg/environment/path.sh
[0.676s] -- Up-to-date: /home/hafizulazwan/ros2_learn_ws/install/srv_pkg/share/srv_pkg/environment/path.dsv
[0.676s] -- Up-to-date: /home/hafizulazwan/ros2_learn_ws/install/srv_pkg/share/srv_pkg/local_setup.bash
[0.677s] -- Up-to-date: /home/hafizulazwan/ros2_learn_ws/install/srv_pkg/share/srv_pkg/local_setup.sh
[0.677s] -- Up-to-date: /home/hafizulazwan/ros2_learn_ws/install/srv_pkg/share/srv_pkg/local_setup.zsh
[0.677s] -- Up-to-date: /home/hafizulazwan/ros2_learn_ws/install/srv_pkg/share/srv_pkg/local_setup.dsv
[0.677s] -- Installing: /home/hafizulazwan/ros2_learn_ws/install/srv_pkg/share/srv_pkg/package.dsv
[0.677s] -- Up-to-date: /home/hafizulazwan/ros2_learn_ws/install/srv_pkg/share/ament_index/resource_index/packages/srv_pkg
[0.677s] -- Up-to-date: /home/hafizulazwan/ros2_learn_ws/install/srv_pkg/share/srv_pkg/cmake/export_srv_pkg__rosidl_generator_cExport.cmake
[0.677s] -- Up-to-date: /home/hafizulazwan/ros2_learn_ws/install/srv_pkg/share/srv_pkg/cmake/export_srv_pkg__rosidl_generator_cExport-noconfig.cmake
[0.677s] -- Up-to-date: /home/hafizulazwan/ros2_learn_ws/install/srv_pkg/share/srv_pkg/cmake/export_srv_pkg__rosidl_typesupport_fastrtps_cExport.cmake
[0.677s] -- Up-to-date: /home/hafizulazwan/ros2_learn_ws/install/srv_pkg/share/srv_pkg/cmake/export_srv_pkg__rosidl_typesupport_fastrtps_cExport-noconfig.cmake
[0.677s] -- Up-to-date: /home/hafizulazwan/ros2_learn_ws/install/srv_pkg/share/srv_pkg/cmake/srv_pkg__rosidl_typesupport_introspection_cExport.cmake
[0.678s] -- Up-to-date: /home/hafizulazwan/ros2_learn_ws/install/srv_pkg/share/srv_pkg/cmake/srv_pkg__rosidl_typesupport_introspection_cExport-noconfig.cmake
[0.678s] -- Up-to-date: /home/hafizulazwan/ros2_learn_ws/install/srv_pkg/share/srv_pkg/cmake/srv_pkg__rosidl_typesupport_cExport.cmake
[0.678s] -- Up-to-date: /home/hafizulazwan/ros2_learn_ws/install/srv_pkg/share/srv_pkg/cmake/srv_pkg__rosidl_typesupport_cExport-noconfig.cmake
[0.678s] -- Up-to-date: /home/hafizulazwan/ros2_learn_ws/install/srv_pkg/share/srv_pkg/cmake/export_srv_pkg__rosidl_generator_cppExport.cmake
[0.679s] -- Up-to-date: /home/hafizulazwan/ros2_learn_ws/install/srv_pkg/share/srv_pkg/cmake/export_srv_pkg__rosidl_typesupport_fastrtps_cppExport.cmake
[0.679s] -- Up-to-date: /home/hafizulazwan/ros2_learn_ws/install/srv_pkg/share/srv_pkg/cmake/export_srv_pkg__rosidl_typesupport_fastrtps_cppExport-noconfig.cmake
[0.679s] -- Up-to-date: /home/hafizulazwan/ros2_learn_ws/install/srv_pkg/share/srv_pkg/cmake/srv_pkg__rosidl_typesupport_introspection_cppExport.cmake
[0.679s] -- Up-to-date: /home/hafizulazwan/ros2_learn_ws/install/srv_pkg/share/srv_pkg/cmake/srv_pkg__rosidl_typesupport_introspection_cppExport-noconfig.cmake
[0.680s] -- Up-to-date: /home/hafizulazwan/ros2_learn_ws/install/srv_pkg/share/srv_pkg/cmake/srv_pkg__rosidl_typesupport_cppExport.cmake
[0.680s] -- Up-to-date: /home/hafizulazwan/ros2_learn_ws/install/srv_pkg/share/srv_pkg/cmake/srv_pkg__rosidl_typesupport_cppExport-noconfig.cmake
[0.680s] -- Up-to-date: /home/hafizulazwan/ros2_learn_ws/install/srv_pkg/share/srv_pkg/cmake/export_srv_pkg__rosidl_generator_pyExport.cmake
[0.680s] -- Up-to-date: /home/hafizulazwan/ros2_learn_ws/install/srv_pkg/share/srv_pkg/cmake/export_srv_pkg__rosidl_generator_pyExport-noconfig.cmake
[0.681s] -- Up-to-date: /home/hafizulazwan/ros2_learn_ws/install/srv_pkg/share/srv_pkg/cmake/rosidl_cmake-extras.cmake
[0.681s] -- Up-to-date: /home/hafizulazwan/ros2_learn_ws/install/srv_pkg/share/srv_pkg/cmake/ament_cmake_export_dependencies-extras.cmake
[0.681s] -- Up-to-date: /home/hafizulazwan/ros2_learn_ws/install/srv_pkg/share/srv_pkg/cmake/ament_cmake_export_include_directories-extras.cmake
[0.681s] -- Up-to-date: /home/hafizulazwan/ros2_learn_ws/install/srv_pkg/share/srv_pkg/cmake/ament_cmake_export_libraries-extras.cmake
[0.681s] -- Up-to-date: /home/hafizulazwan/ros2_learn_ws/install/srv_pkg/share/srv_pkg/cmake/ament_cmake_export_targets-extras.cmake
[0.681s] -- Up-to-date: /home/hafizulazwan/ros2_learn_ws/install/srv_pkg/share/srv_pkg/cmake/rosidl_cmake_export_typesupport_targets-extras.cmake
[0.681s] -- Up-to-date: /home/hafizulazwan/ros2_learn_ws/install/srv_pkg/share/srv_pkg/cmake/rosidl_cmake_export_typesupport_libraries-extras.cmake
[0.681s] -- Up-to-date: /home/hafizulazwan/ros2_learn_ws/install/srv_pkg/share/srv_pkg/cmake/srv_pkgConfig.cmake
[0.681s] -- Up-to-date: /home/hafizulazwan/ros2_learn_ws/install/srv_pkg/share/srv_pkg/cmake/srv_pkgConfig-version.cmake
[0.681s] -- Up-to-date: /home/hafizulazwan/ros2_learn_ws/install/srv_pkg/share/srv_pkg/package.xml
[0.683s] Invoked command in '/home/hafizulazwan/ros2_learn_ws/build/srv_pkg' returned '0': CMAKE_PREFIX_PATH=${CMAKE_PREFIX_PATH}:/home/hafizulazwan/ros2_learn_ws/install/srvcli_py:/home/hafizulazwan/ros2_learn_ws/install/pubsub_py:/home/hafizulazwan/ros2_learn_ws/install/minimal_pkg:/opt/ros/humble /usr/bin/cmake --install /home/hafizulazwan/ros2_learn_ws/build/srv_pkg
