[0.014s] Invoking command in '/home/hafizulazwan/ros2_learn_ws/build/srv_pkg': /usr/bin/cmake /home/hafizulazwan/ros2_learn_ws/src/srv_pkg -DCMAKE_INSTALL_PREFIX=/home/hafizulazwan/ros2_learn_ws/install/srv_pkg
[0.203s] -- The C compiler identification is GNU 11.4.0
[0.203s] -- The CXX compiler identification is GNU 11.4.0
[0.203s] -- Detecting C compiler ABI info
[0.251s] -- Detecting C compiler ABI info - done
[0.258s] -- Check for working C compiler: /usr/bin/cc - skipped
[0.258s] -- Detecting C compile features
[0.259s] -- Detecting C compile features - done
[0.262s] -- Detecting CXX compiler ABI info
[0.334s] -- Detecting CXX compiler ABI info - done
[0.340s] -- Check for working CXX compiler: /usr/bin/c++ - skipped
[0.340s] -- Detecting CXX compile features
[0.341s] -- Detecting CXX compile features - done
[0.349s] [31mCMake Error at CMakeLists.txt:9 (find_package):
[0.349s]   By not providing "Findament_cmake.cmake" in CMAKE_MODULE_PATH this project
[0.349s]   has asked CMake to find a package configuration file provided by
[0.349s]   "ament_cmake", but CMake did not find one.
[0.349s] 
[0.349s]   Could not find a package configuration file provided by "ament_cmake" with
[0.349s]   any of the following names:
[0.349s] 
[0.349s]     ament_cmakeConfig.cmake
[0.349s]     ament_cmake-config.cmake
[0.349s] 
[0.349s]   Add the installation prefix of "ament_cmake" to CMAKE_PREFIX_PATH or set
[0.349s]   "ament_cmake_DIR" to a directory containing one of the above files.  If
[0.349s]   "ament_cmake" provides a separate development package or SDK, be sure it
[0.349s]   has been installed.
[0.349s] 
[0.350s] [0m
[0.350s] -- Configuring incomplete, errors occurred!
[0.350s] See also "/home/hafizulazwan/ros2_learn_ws/build/srv_pkg/CMakeFiles/CMakeOutput.log".
[0.398s] Invoked command in '/home/hafizulazwan/ros2_learn_ws/build/srv_pkg' returned '1': /usr/bin/cmake /home/hafizulazwan/ros2_learn_ws/src/srv_pkg -DCMAKE_INSTALL_PREFIX=/home/hafizulazwan/ros2_learn_ws/install/srv_pkg
