running egg_info
creating ../../build/turtle_ctrl_launch/turtle_ctrl_launch.egg-info
writing ../../build/turtle_ctrl_launch/turtle_ctrl_launch.egg-info/PKG-INFO
writing dependency_links to ../../build/turtle_ctrl_launch/turtle_ctrl_launch.egg-info/dependency_links.txt
writing entry points to ../../build/turtle_ctrl_launch/turtle_ctrl_launch.egg-info/entry_points.txt
writing requirements to ../../build/turtle_ctrl_launch/turtle_ctrl_launch.egg-info/requires.txt
writing top-level names to ../../build/turtle_ctrl_launch/turtle_ctrl_launch.egg-info/top_level.txt
writing manifest file '../../build/turtle_ctrl_launch/turtle_ctrl_launch.egg-info/SOURCES.txt'
reading manifest file '../../build/turtle_ctrl_launch/turtle_ctrl_launch.egg-info/SOURCES.txt'
writing manifest file '../../build/turtle_ctrl_launch/turtle_ctrl_launch.egg-info/SOURCES.txt'
running build
running build_py
creating /home/user/ros2_ws/build/turtle_ctrl_launch/build
creating /home/user/ros2_ws/build/turtle_ctrl_launch/build/lib
creating /home/user/ros2_ws/build/turtle_ctrl_launch/build/lib/turtle_ctrl_launch
copying turtle_ctrl_launch/__init__.py -> /home/user/ros2_ws/build/turtle_ctrl_launch/build/lib/turtle_ctrl_launch
running install
running install_lib
creating /home/user/ros2_ws/install/turtle_ctrl_launch/lib/python3.10/site-packages/turtle_ctrl_launch
copying /home/user/ros2_ws/build/turtle_ctrl_launch/build/lib/turtle_ctrl_launch/__init__.py -> /home/user/ros2_ws/install/turtle_ctrl_launch/lib/python3.10/site-packages/turtle_ctrl_launch
byte-compiling /home/user/ros2_ws/install/turtle_ctrl_launch/lib/python3.10/site-packages/turtle_ctrl_launch/__init__.py to __init__.cpython-310.pyc
running install_data
creating /home/user/ros2_ws/install/turtle_ctrl_launch/share/ament_index
creating /home/user/ros2_ws/install/turtle_ctrl_launch/share/ament_index/resource_index
creating /home/user/ros2_ws/install/turtle_ctrl_launch/share/ament_index/resource_index/packages
copying resource/turtle_ctrl_launch -> /home/user/ros2_ws/install/turtle_ctrl_launch/share/ament_index/resource_index/packages
copying package.xml -> /home/user/ros2_ws/install/turtle_ctrl_launch/share/turtle_ctrl_launch
copying launch/turtle_sim.launch.py -> /home/user/ros2_ws/install/turtle_ctrl_launch/share/turtle_ctrl_launch
copying launch/turtle_ctrl.launch.py -> /home/user/ros2_ws/install/turtle_ctrl_launch/share/turtle_ctrl_launch
running install_egg_info
Copying ../../build/turtle_ctrl_launch/turtle_ctrl_launch.egg-info to /home/user/ros2_ws/install/turtle_ctrl_launch/lib/python3.10/site-packages/turtle_ctrl_launch-0.0.0-py3.10.egg-info
running install_scripts
writing list of installed files to '/home/user/ros2_ws/build/turtle_ctrl_launch/install.log'
