[1.009s] Invoking command in '/home/user/ros2_ws/src/turtle_ctrl_launch': PYTHONPATH=/home/user/ros2_ws/build/turtle_ctrl_launch/prefix_override:/usr/lib/python3/dist-packages/colcon_core/task/python/colcon_distutils_commands:/home/user/ros2_ws/install/turtle_ctrl_launch/lib/python3.10/site-packages:${PYTHONPATH} /usr/bin/python3 -W ignore:setup.py install is deprecated -W ignore:easy_install command is deprecated setup.py egg_info --egg-base ../../build/turtle_ctrl_launch build --build-base /home/user/ros2_ws/build/turtle_ctrl_launch/build install --record /home/user/ros2_ws/build/turtle_ctrl_launch/install.log --single-version-externally-managed install_data
[1.154s] running egg_info
[1.154s] creating ../../build/turtle_ctrl_launch/turtle_ctrl_launch.egg-info
[1.154s] writing ../../build/turtle_ctrl_launch/turtle_ctrl_launch.egg-info/PKG-INFO
[1.154s] writing dependency_links to ../../build/turtle_ctrl_launch/turtle_ctrl_launch.egg-info/dependency_links.txt
[1.154s] writing entry points to ../../build/turtle_ctrl_launch/turtle_ctrl_launch.egg-info/entry_points.txt
[1.154s] writing requirements to ../../build/turtle_ctrl_launch/turtle_ctrl_launch.egg-info/requires.txt
[1.154s] writing top-level names to ../../build/turtle_ctrl_launch/turtle_ctrl_launch.egg-info/top_level.txt
[1.154s] writing manifest file '../../build/turtle_ctrl_launch/turtle_ctrl_launch.egg-info/SOURCES.txt'
[1.155s] reading manifest file '../../build/turtle_ctrl_launch/turtle_ctrl_launch.egg-info/SOURCES.txt'
[1.156s] writing manifest file '../../build/turtle_ctrl_launch/turtle_ctrl_launch.egg-info/SOURCES.txt'
[1.157s] running build
[1.157s] running build_py
[1.157s] creating /home/user/ros2_ws/build/turtle_ctrl_launch/build
[1.157s] creating /home/user/ros2_ws/build/turtle_ctrl_launch/build/lib
[1.157s] creating /home/user/ros2_ws/build/turtle_ctrl_launch/build/lib/turtle_ctrl_launch
[1.157s] copying turtle_ctrl_launch/__init__.py -> /home/user/ros2_ws/build/turtle_ctrl_launch/build/lib/turtle_ctrl_launch
[1.157s] running install
[1.157s] running install_lib
[1.157s] creating /home/user/ros2_ws/install/turtle_ctrl_launch/lib/python3.10/site-packages/turtle_ctrl_launch
[1.157s] copying /home/user/ros2_ws/build/turtle_ctrl_launch/build/lib/turtle_ctrl_launch/__init__.py -> /home/user/ros2_ws/install/turtle_ctrl_launch/lib/python3.10/site-packages/turtle_ctrl_launch
[1.157s] byte-compiling /home/user/ros2_ws/install/turtle_ctrl_launch/lib/python3.10/site-packages/turtle_ctrl_launch/__init__.py to __init__.cpython-310.pyc
[1.157s] running install_data
[1.157s] creating /home/user/ros2_ws/install/turtle_ctrl_launch/share/ament_index
[1.157s] creating /home/user/ros2_ws/install/turtle_ctrl_launch/share/ament_index/resource_index
[1.157s] creating /home/user/ros2_ws/install/turtle_ctrl_launch/share/ament_index/resource_index/packages
[1.157s] copying resource/turtle_ctrl_launch -> /home/user/ros2_ws/install/turtle_ctrl_launch/share/ament_index/resource_index/packages
[1.158s] copying package.xml -> /home/user/ros2_ws/install/turtle_ctrl_launch/share/turtle_ctrl_launch
[1.158s] copying launch/turtle_sim.launch.py -> /home/user/ros2_ws/install/turtle_ctrl_launch/share/turtle_ctrl_launch
[1.158s] copying launch/turtle_ctrl.launch.py -> /home/user/ros2_ws/install/turtle_ctrl_launch/share/turtle_ctrl_launch
[1.158s] running install_egg_info
[1.158s] Copying ../../build/turtle_ctrl_launch/turtle_ctrl_launch.egg-info to /home/user/ros2_ws/install/turtle_ctrl_launch/lib/python3.10/site-packages/turtle_ctrl_launch-0.0.0-py3.10.egg-info
[1.159s] running install_scripts
[1.172s] writing list of installed files to '/home/user/ros2_ws/build/turtle_ctrl_launch/install.log'
[1.198s] Invoked command in '/home/user/ros2_ws/src/turtle_ctrl_launch' returned '0': PYTHONPATH=/home/user/ros2_ws/build/turtle_ctrl_launch/prefix_override:/usr/lib/python3/dist-packages/colcon_core/task/python/colcon_distutils_commands:/home/user/ros2_ws/install/turtle_ctrl_launch/lib/python3.10/site-packages:${PYTHONPATH} /usr/bin/python3 -W ignore:setup.py install is deprecated -W ignore:easy_install command is deprecated setup.py egg_info --egg-base ../../build/turtle_ctrl_launch build --build-base /home/user/ros2_ws/build/turtle_ctrl_launch/build install --record /home/user/ros2_ws/build/turtle_ctrl_launch/install.log --single-version-externally-managed install_data
