[0.099s] DEBUG:colcon:Command line arguments: ['/usr/bin/colcon', 'build']
[0.099s] DEBUG:colcon:Parsed command line arguments: Namespace(log_base=None, log_level=None, verb_name='build', build_base='build', install_base='install', merge_install=False, symlink_install=False, test_result_base=None, continue_on_error=False, executor='parallel', parallel_workers=8, event_handlers=None, ignore_user_meta=False, metas=['./colcon.meta'], base_paths=['.'], packages_ignore=None, packages_ignore_regex=None, paths=None, packages_up_to=None, packages_up_to_regex=None, packages_above=None, packages_above_and_dependencies=None, packages_above_depth=None, packages_select_by_dep=None, packages_skip_by_dep=None, packages_skip_up_to=None, packages_select_build_failed=False, packages_skip_build_finished=False, packages_select_test_failures=False, packages_skip_test_passed=False, packages_select=None, packages_skip=None, packages_select_regex=None, packages_skip_regex=None, packages_start=None, packages_end=None, allow_overriding=[], cmake_args=None, cmake_target=None, cmake_target_skip_unavailable=False, cmake_clean_cache=False, cmake_clean_first=False, cmake_force_configure=False, ament_cmake_args=None, catkin_cmake_args=None, catkin_skip_building_tests=False, mixin_files=None, mixin=None, verb_parser=<colcon_mixin.mixin.mixin_argument.MixinArgumentDecorator object at 0x7165547ce200>, verb_extension=<colcon_core.verb.build.BuildVerb object at 0x7165547cdc60>, main=<bound method BuildVerb.main of <colcon_core.verb.build.BuildVerb object at 0x7165547cdc60>>, mixin_verb=('build',))
[0.236s] Level 1:colcon.colcon_core.package_discovery:discover_packages(colcon_meta) check parameters
[0.236s] Level 1:colcon.colcon_core.package_discovery:discover_packages(recursive) check parameters
[0.236s] Level 1:colcon.colcon_core.package_discovery:discover_packages(ignore) check parameters
[0.236s] Level 1:colcon.colcon_core.package_discovery:discover_packages(path) check parameters
[0.236s] Level 1:colcon.colcon_core.package_discovery:discover_packages(colcon_meta) discover
[0.236s] Level 1:colcon.colcon_core.package_discovery:discover_packages(recursive) discover
[0.236s] INFO:colcon.colcon_core.package_discovery:Crawling recursively for packages in '/home/hafizulazwan/ros2_learn_ws'
[0.236s] Level 1:colcon.colcon_core.package_identification:_identify(.) by extensions ['ignore', 'ignore_ament_install']
[0.236s] Level 1:colcon.colcon_core.package_identification:_identify(.) by extension 'ignore'
[0.237s] Level 1:colcon.colcon_core.package_identification:_identify(.) by extension 'ignore_ament_install'
[0.237s] Level 1:colcon.colcon_core.package_identification:_identify(.) by extensions ['colcon_pkg']
[0.237s] Level 1:colcon.colcon_core.package_identification:_identify(.) by extension 'colcon_pkg'
[0.237s] Level 1:colcon.colcon_core.package_identification:_identify(.) by extensions ['colcon_meta']
[0.237s] Level 1:colcon.colcon_core.package_identification:_identify(.) by extension 'colcon_meta'
[0.237s] Level 1:colcon.colcon_core.package_identification:_identify(.) by extensions ['ros']
[0.237s] Level 1:colcon.colcon_core.package_identification:_identify(.) by extension 'ros'
[0.246s] Level 1:colcon.colcon_core.package_identification:_identify(.) by extensions ['cmake', 'python']
[0.246s] Level 1:colcon.colcon_core.package_identification:_identify(.) by extension 'cmake'
[0.246s] Level 1:colcon.colcon_core.package_identification:_identify(.) by extension 'python'
[0.246s] Level 1:colcon.colcon_core.package_identification:_identify(.) by extensions ['python_setup_py']
[0.246s] Level 1:colcon.colcon_core.package_identification:_identify(.) by extension 'python_setup_py'
[0.246s] Level 1:colcon.colcon_core.package_identification:_identify(build) by extensions ['ignore', 'ignore_ament_install']
[0.246s] Level 1:colcon.colcon_core.package_identification:_identify(build) by extension 'ignore'
[0.246s] Level 1:colcon.colcon_core.package_identification:_identify(build) ignored
[0.246s] Level 1:colcon.colcon_core.package_identification:_identify(install) by extensions ['ignore', 'ignore_ament_install']
[0.247s] Level 1:colcon.colcon_core.package_identification:_identify(install) by extension 'ignore'
[0.247s] Level 1:colcon.colcon_core.package_identification:_identify(install) ignored
[0.247s] Level 1:colcon.colcon_core.package_identification:_identify(log) by extensions ['ignore', 'ignore_ament_install']
[0.247s] Level 1:colcon.colcon_core.package_identification:_identify(log) by extension 'ignore'
[0.247s] Level 1:colcon.colcon_core.package_identification:_identify(log) ignored
[0.247s] Level 1:colcon.colcon_core.package_identification:_identify(src) by extensions ['ignore', 'ignore_ament_install']
[0.247s] Level 1:colcon.colcon_core.package_identification:_identify(src) by extension 'ignore'
[0.247s] Level 1:colcon.colcon_core.package_identification:_identify(src) by extension 'ignore_ament_install'
[0.247s] Level 1:colcon.colcon_core.package_identification:_identify(src) by extensions ['colcon_pkg']
[0.247s] Level 1:colcon.colcon_core.package_identification:_identify(src) by extension 'colcon_pkg'
[0.247s] Level 1:colcon.colcon_core.package_identification:_identify(src) by extensions ['colcon_meta']
[0.247s] Level 1:colcon.colcon_core.package_identification:_identify(src) by extension 'colcon_meta'
[0.247s] Level 1:colcon.colcon_core.package_identification:_identify(src) by extensions ['ros']
[0.247s] Level 1:colcon.colcon_core.package_identification:_identify(src) by extension 'ros'
[0.248s] Level 1:colcon.colcon_core.package_identification:_identify(src) by extensions ['cmake', 'python']
[0.248s] Level 1:colcon.colcon_core.package_identification:_identify(src) by extension 'cmake'
[0.248s] Level 1:colcon.colcon_core.package_identification:_identify(src) by extension 'python'
[0.248s] Level 1:colcon.colcon_core.package_identification:_identify(src) by extensions ['python_setup_py']
[0.248s] Level 1:colcon.colcon_core.package_identification:_identify(src) by extension 'python_setup_py'
[0.248s] Level 1:colcon.colcon_core.package_identification:_identify(src/action_pkg) by extensions ['ignore', 'ignore_ament_install']
[0.248s] Level 1:colcon.colcon_core.package_identification:_identify(src/action_pkg) by extension 'ignore'
[0.248s] Level 1:colcon.colcon_core.package_identification:_identify(src/action_pkg) by extension 'ignore_ament_install'
[0.248s] Level 1:colcon.colcon_core.package_identification:_identify(src/action_pkg) by extensions ['colcon_pkg']
[0.248s] Level 1:colcon.colcon_core.package_identification:_identify(src/action_pkg) by extension 'colcon_pkg'
[0.248s] Level 1:colcon.colcon_core.package_identification:_identify(src/action_pkg) by extensions ['colcon_meta']
[0.248s] Level 1:colcon.colcon_core.package_identification:_identify(src/action_pkg) by extension 'colcon_meta'
[0.248s] Level 1:colcon.colcon_core.package_identification:_identify(src/action_pkg) by extensions ['ros']
[0.248s] Level 1:colcon.colcon_core.package_identification:_identify(src/action_pkg) by extension 'ros'
[0.251s] DEBUG:colcon.colcon_core.package_identification:Package 'src/action_pkg' with type 'ros.ament_cmake' and name 'action_pkg'
[0.251s] Level 1:colcon.colcon_core.package_identification:_identify(src/linear_motor_control_action) by extensions ['ignore', 'ignore_ament_install']
[0.252s] Level 1:colcon.colcon_core.package_identification:_identify(src/linear_motor_control_action) by extension 'ignore'
[0.252s] Level 1:colcon.colcon_core.package_identification:_identify(src/linear_motor_control_action) by extension 'ignore_ament_install'
[0.252s] Level 1:colcon.colcon_core.package_identification:_identify(src/linear_motor_control_action) by extensions ['colcon_pkg']
[0.252s] Level 1:colcon.colcon_core.package_identification:_identify(src/linear_motor_control_action) by extension 'colcon_pkg'
[0.252s] Level 1:colcon.colcon_core.package_identification:_identify(src/linear_motor_control_action) by extensions ['colcon_meta']
[0.252s] Level 1:colcon.colcon_core.package_identification:_identify(src/linear_motor_control_action) by extension 'colcon_meta'
[0.252s] Level 1:colcon.colcon_core.package_identification:_identify(src/linear_motor_control_action) by extensions ['ros']
[0.252s] Level 1:colcon.colcon_core.package_identification:_identify(src/linear_motor_control_action) by extension 'ros'
[0.253s] DEBUG:colcon.colcon_core.package_identification:Package 'src/linear_motor_control_action' with type 'ros.ament_python' and name 'linear_motor_control_action'
[0.253s] Level 1:colcon.colcon_core.package_identification:_identify(src/minimal_pkg) by extensions ['ignore', 'ignore_ament_install']
[0.253s] Level 1:colcon.colcon_core.package_identification:_identify(src/minimal_pkg) by extension 'ignore'
[0.253s] Level 1:colcon.colcon_core.package_identification:_identify(src/minimal_pkg) by extension 'ignore_ament_install'
[0.253s] Level 1:colcon.colcon_core.package_identification:_identify(src/minimal_pkg) by extensions ['colcon_pkg']
[0.253s] Level 1:colcon.colcon_core.package_identification:_identify(src/minimal_pkg) by extension 'colcon_pkg'
[0.253s] Level 1:colcon.colcon_core.package_identification:_identify(src/minimal_pkg) by extensions ['colcon_meta']
[0.253s] Level 1:colcon.colcon_core.package_identification:_identify(src/minimal_pkg) by extension 'colcon_meta'
[0.253s] Level 1:colcon.colcon_core.package_identification:_identify(src/minimal_pkg) by extensions ['ros']
[0.253s] Level 1:colcon.colcon_core.package_identification:_identify(src/minimal_pkg) by extension 'ros'
[0.254s] DEBUG:colcon.colcon_core.package_identification:Package 'src/minimal_pkg' with type 'ros.ament_python' and name 'minimal_pkg'
[0.254s] Level 1:colcon.colcon_core.package_identification:_identify(src/pubsub_py) by extensions ['ignore', 'ignore_ament_install']
[0.254s] Level 1:colcon.colcon_core.package_identification:_identify(src/pubsub_py) by extension 'ignore'
[0.254s] Level 1:colcon.colcon_core.package_identification:_identify(src/pubsub_py) by extension 'ignore_ament_install'
[0.254s] Level 1:colcon.colcon_core.package_identification:_identify(src/pubsub_py) by extensions ['colcon_pkg']
[0.254s] Level 1:colcon.colcon_core.package_identification:_identify(src/pubsub_py) by extension 'colcon_pkg'
[0.254s] Level 1:colcon.colcon_core.package_identification:_identify(src/pubsub_py) by extensions ['colcon_meta']
[0.254s] Level 1:colcon.colcon_core.package_identification:_identify(src/pubsub_py) by extension 'colcon_meta'
[0.254s] Level 1:colcon.colcon_core.package_identification:_identify(src/pubsub_py) by extensions ['ros']
[0.254s] Level 1:colcon.colcon_core.package_identification:_identify(src/pubsub_py) by extension 'ros'
[0.255s] DEBUG:colcon.colcon_core.package_identification:Package 'src/pubsub_py' with type 'ros.ament_python' and name 'pubsub_py'
[0.255s] Level 1:colcon.colcon_core.package_identification:_identify(src/srv_pkg) by extensions ['ignore', 'ignore_ament_install']
[0.255s] Level 1:colcon.colcon_core.package_identification:_identify(src/srv_pkg) by extension 'ignore'
[0.255s] Level 1:colcon.colcon_core.package_identification:_identify(src/srv_pkg) by extension 'ignore_ament_install'
[0.255s] Level 1:colcon.colcon_core.package_identification:_identify(src/srv_pkg) by extensions ['colcon_pkg']
[0.255s] Level 1:colcon.colcon_core.package_identification:_identify(src/srv_pkg) by extension 'colcon_pkg'
[0.255s] Level 1:colcon.colcon_core.package_identification:_identify(src/srv_pkg) by extensions ['colcon_meta']
[0.255s] Level 1:colcon.colcon_core.package_identification:_identify(src/srv_pkg) by extension 'colcon_meta'
[0.256s] Level 1:colcon.colcon_core.package_identification:_identify(src/srv_pkg) by extensions ['ros']
[0.256s] Level 1:colcon.colcon_core.package_identification:_identify(src/srv_pkg) by extension 'ros'
[0.256s] DEBUG:colcon.colcon_core.package_identification:Package 'src/srv_pkg' with type 'ros.ament_cmake' and name 'srv_pkg'
[0.256s] Level 1:colcon.colcon_core.package_identification:_identify(src/srvcli_py) by extensions ['ignore', 'ignore_ament_install']
[0.256s] Level 1:colcon.colcon_core.package_identification:_identify(src/srvcli_py) by extension 'ignore'
[0.257s] Level 1:colcon.colcon_core.package_identification:_identify(src/srvcli_py) by extension 'ignore_ament_install'
[0.257s] Level 1:colcon.colcon_core.package_identification:_identify(src/srvcli_py) by extensions ['colcon_pkg']
[0.257s] Level 1:colcon.colcon_core.package_identification:_identify(src/srvcli_py) by extension 'colcon_pkg'
[0.257s] Level 1:colcon.colcon_core.package_identification:_identify(src/srvcli_py) by extensions ['colcon_meta']
[0.257s] Level 1:colcon.colcon_core.package_identification:_identify(src/srvcli_py) by extension 'colcon_meta'
[0.257s] Level 1:colcon.colcon_core.package_identification:_identify(src/srvcli_py) by extensions ['ros']
[0.257s] Level 1:colcon.colcon_core.package_identification:_identify(src/srvcli_py) by extension 'ros'
[0.257s] DEBUG:colcon.colcon_core.package_identification:Package 'src/srvcli_py' with type 'ros.ament_python' and name 'srvcli_py'
[0.257s] Level 1:colcon.colcon_core.package_discovery:discover_packages(recursive) using defaults
[0.258s] Level 1:colcon.colcon_core.package_discovery:discover_packages(ignore) discover
[0.258s] Level 1:colcon.colcon_core.package_discovery:discover_packages(ignore) using defaults
[0.258s] Level 1:colcon.colcon_core.package_discovery:discover_packages(path) discover
[0.258s] Level 1:colcon.colcon_core.package_discovery:discover_packages(path) using defaults
[0.285s] Level 1:colcon.colcon_core.package_discovery:discover_packages(prefix_path) check parameters
[0.285s] Level 1:colcon.colcon_core.package_discovery:discover_packages(prefix_path) discover
[0.286s] DEBUG:colcon.colcon_installed_package_information.package_discovery:Found 6 installed packages in /home/hafizulazwan/ros2_learn_ws/install
[0.287s] DEBUG:colcon.colcon_installed_package_information.package_discovery:Found 270 installed packages in /opt/ros/humble
[0.288s] Level 1:colcon.colcon_core.package_discovery:discover_packages(prefix_path) using defaults
[0.318s] Level 5:colcon.colcon_core.verb:set package 'action_pkg' build argument 'cmake_args' from command line to 'None'
[0.318s] Level 5:colcon.colcon_core.verb:set package 'action_pkg' build argument 'cmake_target' from command line to 'None'
[0.318s] Level 5:colcon.colcon_core.verb:set package 'action_pkg' build argument 'cmake_target_skip_unavailable' from command line to 'False'
[0.318s] Level 5:colcon.colcon_core.verb:set package 'action_pkg' build argument 'cmake_clean_cache' from command line to 'False'
[0.318s] Level 5:colcon.colcon_core.verb:set package 'action_pkg' build argument 'cmake_clean_first' from command line to 'False'
[0.318s] Level 5:colcon.colcon_core.verb:set package 'action_pkg' build argument 'cmake_force_configure' from command line to 'False'
[0.318s] Level 5:colcon.colcon_core.verb:set package 'action_pkg' build argument 'ament_cmake_args' from command line to 'None'
[0.318s] Level 5:colcon.colcon_core.verb:set package 'action_pkg' build argument 'catkin_cmake_args' from command line to 'None'
[0.318s] Level 5:colcon.colcon_core.verb:set package 'action_pkg' build argument 'catkin_skip_building_tests' from command line to 'False'
[0.318s] DEBUG:colcon.colcon_core.verb:Building package 'action_pkg' with the following arguments: {'ament_cmake_args': None, 'build_base': '/home/hafizulazwan/ros2_learn_ws/build/action_pkg', 'catkin_cmake_args': None, 'catkin_skip_building_tests': False, 'cmake_args': None, 'cmake_clean_cache': False, 'cmake_clean_first': False, 'cmake_force_configure': False, 'cmake_target': None, 'cmake_target_skip_unavailable': False, 'install_base': '/home/hafizulazwan/ros2_learn_ws/install/action_pkg', 'merge_install': False, 'path': '/home/hafizulazwan/ros2_learn_ws/src/action_pkg', 'symlink_install': False, 'test_result_base': None}
[0.318s] Level 5:colcon.colcon_core.verb:set package 'minimal_pkg' build argument 'cmake_args' from command line to 'None'
[0.318s] Level 5:colcon.colcon_core.verb:set package 'minimal_pkg' build argument 'cmake_target' from command line to 'None'
[0.318s] Level 5:colcon.colcon_core.verb:set package 'minimal_pkg' build argument 'cmake_target_skip_unavailable' from command line to 'False'
[0.318s] Level 5:colcon.colcon_core.verb:set package 'minimal_pkg' build argument 'cmake_clean_cache' from command line to 'False'
[0.318s] Level 5:colcon.colcon_core.verb:set package 'minimal_pkg' build argument 'cmake_clean_first' from command line to 'False'
[0.318s] Level 5:colcon.colcon_core.verb:set package 'minimal_pkg' build argument 'cmake_force_configure' from command line to 'False'
[0.318s] Level 5:colcon.colcon_core.verb:set package 'minimal_pkg' build argument 'ament_cmake_args' from command line to 'None'
[0.318s] Level 5:colcon.colcon_core.verb:set package 'minimal_pkg' build argument 'catkin_cmake_args' from command line to 'None'
[0.318s] Level 5:colcon.colcon_core.verb:set package 'minimal_pkg' build argument 'catkin_skip_building_tests' from command line to 'False'
[0.319s] DEBUG:colcon.colcon_core.verb:Building package 'minimal_pkg' with the following arguments: {'ament_cmake_args': None, 'build_base': '/home/hafizulazwan/ros2_learn_ws/build/minimal_pkg', 'catkin_cmake_args': None, 'catkin_skip_building_tests': False, 'cmake_args': None, 'cmake_clean_cache': False, 'cmake_clean_first': False, 'cmake_force_configure': False, 'cmake_target': None, 'cmake_target_skip_unavailable': False, 'install_base': '/home/hafizulazwan/ros2_learn_ws/install/minimal_pkg', 'merge_install': False, 'path': '/home/hafizulazwan/ros2_learn_ws/src/minimal_pkg', 'symlink_install': False, 'test_result_base': None}
[0.319s] Level 5:colcon.colcon_core.verb:set package 'pubsub_py' build argument 'cmake_args' from command line to 'None'
[0.319s] Level 5:colcon.colcon_core.verb:set package 'pubsub_py' build argument 'cmake_target' from command line to 'None'
[0.319s] Level 5:colcon.colcon_core.verb:set package 'pubsub_py' build argument 'cmake_target_skip_unavailable' from command line to 'False'
[0.319s] Level 5:colcon.colcon_core.verb:set package 'pubsub_py' build argument 'cmake_clean_cache' from command line to 'False'
[0.319s] Level 5:colcon.colcon_core.verb:set package 'pubsub_py' build argument 'cmake_clean_first' from command line to 'False'
[0.319s] Level 5:colcon.colcon_core.verb:set package 'pubsub_py' build argument 'cmake_force_configure' from command line to 'False'
[0.319s] Level 5:colcon.colcon_core.verb:set package 'pubsub_py' build argument 'ament_cmake_args' from command line to 'None'
[0.319s] Level 5:colcon.colcon_core.verb:set package 'pubsub_py' build argument 'catkin_cmake_args' from command line to 'None'
[0.319s] Level 5:colcon.colcon_core.verb:set package 'pubsub_py' build argument 'catkin_skip_building_tests' from command line to 'False'
[0.319s] DEBUG:colcon.colcon_core.verb:Building package 'pubsub_py' with the following arguments: {'ament_cmake_args': None, 'build_base': '/home/hafizulazwan/ros2_learn_ws/build/pubsub_py', 'catkin_cmake_args': None, 'catkin_skip_building_tests': False, 'cmake_args': None, 'cmake_clean_cache': False, 'cmake_clean_first': False, 'cmake_force_configure': False, 'cmake_target': None, 'cmake_target_skip_unavailable': False, 'install_base': '/home/hafizulazwan/ros2_learn_ws/install/pubsub_py', 'merge_install': False, 'path': '/home/hafizulazwan/ros2_learn_ws/src/pubsub_py', 'symlink_install': False, 'test_result_base': None}
[0.319s] Level 5:colcon.colcon_core.verb:set package 'srv_pkg' build argument 'cmake_args' from command line to 'None'
[0.319s] Level 5:colcon.colcon_core.verb:set package 'srv_pkg' build argument 'cmake_target' from command line to 'None'
[0.320s] Level 5:colcon.colcon_core.verb:set package 'srv_pkg' build argument 'cmake_target_skip_unavailable' from command line to 'False'
[0.320s] Level 5:colcon.colcon_core.verb:set package 'srv_pkg' build argument 'cmake_clean_cache' from command line to 'False'
[0.320s] Level 5:colcon.colcon_core.verb:set package 'srv_pkg' build argument 'cmake_clean_first' from command line to 'False'
[0.320s] Level 5:colcon.colcon_core.verb:set package 'srv_pkg' build argument 'cmake_force_configure' from command line to 'False'
[0.320s] Level 5:colcon.colcon_core.verb:set package 'srv_pkg' build argument 'ament_cmake_args' from command line to 'None'
[0.320s] Level 5:colcon.colcon_core.verb:set package 'srv_pkg' build argument 'catkin_cmake_args' from command line to 'None'
[0.320s] Level 5:colcon.colcon_core.verb:set package 'srv_pkg' build argument 'catkin_skip_building_tests' from command line to 'False'
[0.320s] DEBUG:colcon.colcon_core.verb:Building package 'srv_pkg' with the following arguments: {'ament_cmake_args': None, 'build_base': '/home/hafizulazwan/ros2_learn_ws/build/srv_pkg', 'catkin_cmake_args': None, 'catkin_skip_building_tests': False, 'cmake_args': None, 'cmake_clean_cache': False, 'cmake_clean_first': False, 'cmake_force_configure': False, 'cmake_target': None, 'cmake_target_skip_unavailable': False, 'install_base': '/home/hafizulazwan/ros2_learn_ws/install/srv_pkg', 'merge_install': False, 'path': '/home/hafizulazwan/ros2_learn_ws/src/srv_pkg', 'symlink_install': False, 'test_result_base': None}
[0.320s] Level 5:colcon.colcon_core.verb:set package 'linear_motor_control_action' build argument 'cmake_args' from command line to 'None'
[0.320s] Level 5:colcon.colcon_core.verb:set package 'linear_motor_control_action' build argument 'cmake_target' from command line to 'None'
[0.320s] Level 5:colcon.colcon_core.verb:set package 'linear_motor_control_action' build argument 'cmake_target_skip_unavailable' from command line to 'False'
[0.320s] Level 5:colcon.colcon_core.verb:set package 'linear_motor_control_action' build argument 'cmake_clean_cache' from command line to 'False'
[0.320s] Level 5:colcon.colcon_core.verb:set package 'linear_motor_control_action' build argument 'cmake_clean_first' from command line to 'False'
[0.320s] Level 5:colcon.colcon_core.verb:set package 'linear_motor_control_action' build argument 'cmake_force_configure' from command line to 'False'
[0.320s] Level 5:colcon.colcon_core.verb:set package 'linear_motor_control_action' build argument 'ament_cmake_args' from command line to 'None'
[0.320s] Level 5:colcon.colcon_core.verb:set package 'linear_motor_control_action' build argument 'catkin_cmake_args' from command line to 'None'
[0.320s] Level 5:colcon.colcon_core.verb:set package 'linear_motor_control_action' build argument 'catkin_skip_building_tests' from command line to 'False'
[0.320s] DEBUG:colcon.colcon_core.verb:Building package 'linear_motor_control_action' with the following arguments: {'ament_cmake_args': None, 'build_base': '/home/hafizulazwan/ros2_learn_ws/build/linear_motor_control_action', 'catkin_cmake_args': None, 'catkin_skip_building_tests': False, 'cmake_args': None, 'cmake_clean_cache': False, 'cmake_clean_first': False, 'cmake_force_configure': False, 'cmake_target': None, 'cmake_target_skip_unavailable': False, 'install_base': '/home/hafizulazwan/ros2_learn_ws/install/linear_motor_control_action', 'merge_install': False, 'path': '/home/hafizulazwan/ros2_learn_ws/src/linear_motor_control_action', 'symlink_install': False, 'test_result_base': None}
[0.321s] Level 5:colcon.colcon_core.verb:set package 'srvcli_py' build argument 'cmake_args' from command line to 'None'
[0.321s] Level 5:colcon.colcon_core.verb:set package 'srvcli_py' build argument 'cmake_target' from command line to 'None'
[0.321s] Level 5:colcon.colcon_core.verb:set package 'srvcli_py' build argument 'cmake_target_skip_unavailable' from command line to 'False'
[0.321s] Level 5:colcon.colcon_core.verb:set package 'srvcli_py' build argument 'cmake_clean_cache' from command line to 'False'
[0.321s] Level 5:colcon.colcon_core.verb:set package 'srvcli_py' build argument 'cmake_clean_first' from command line to 'False'
[0.321s] Level 5:colcon.colcon_core.verb:set package 'srvcli_py' build argument 'cmake_force_configure' from command line to 'False'
[0.321s] Level 5:colcon.colcon_core.verb:set package 'srvcli_py' build argument 'ament_cmake_args' from command line to 'None'
[0.321s] Level 5:colcon.colcon_core.verb:set package 'srvcli_py' build argument 'catkin_cmake_args' from command line to 'None'
[0.321s] Level 5:colcon.colcon_core.verb:set package 'srvcli_py' build argument 'catkin_skip_building_tests' from command line to 'False'
[0.321s] DEBUG:colcon.colcon_core.verb:Building package 'srvcli_py' with the following arguments: {'ament_cmake_args': None, 'build_base': '/home/hafizulazwan/ros2_learn_ws/build/srvcli_py', 'catkin_cmake_args': None, 'catkin_skip_building_tests': False, 'cmake_args': None, 'cmake_clean_cache': False, 'cmake_clean_first': False, 'cmake_force_configure': False, 'cmake_target': None, 'cmake_target_skip_unavailable': False, 'install_base': '/home/hafizulazwan/ros2_learn_ws/install/srvcli_py', 'merge_install': False, 'path': '/home/hafizulazwan/ros2_learn_ws/src/srvcli_py', 'symlink_install': False, 'test_result_base': None}
[0.321s] INFO:colcon.colcon_core.executor:Executing jobs using 'parallel' executor
[0.322s] DEBUG:colcon.colcon_parallel_executor.executor.parallel:run_until_complete
[0.322s] INFO:colcon.colcon_ros.task.ament_cmake.build:Building ROS package in '/home/hafizulazwan/ros2_learn_ws/src/action_pkg' with build type 'ament_cmake'
[0.323s] INFO:colcon.colcon_cmake.task.cmake.build:Building CMake package in '/home/hafizulazwan/ros2_learn_ws/src/action_pkg'
[0.324s] INFO:colcon.colcon_core.plugin_system:Skipping extension 'colcon_core.shell.bat': Not used on non-Windows systems
[0.325s] INFO:colcon.colcon_core.shell:Skip shell extension 'powershell' for command environment: Not usable outside of PowerShell
[0.325s] DEBUG:colcon.colcon_core.shell:Skip shell extension 'dsv' for command environment
[0.328s] INFO:colcon.colcon_ros.task.ament_cmake.build:Building ROS package in '/home/hafizulazwan/ros2_learn_ws/src/srv_pkg' with build type 'ament_cmake'
[0.328s] INFO:colcon.colcon_cmake.task.cmake.build:Building CMake package in '/home/hafizulazwan/ros2_learn_ws/src/srv_pkg'
[0.328s] INFO:colcon.colcon_core.shell:Skip shell extension 'powershell' for command environment: Not usable outside of PowerShell
[0.328s] DEBUG:colcon.colcon_core.shell:Skip shell extension 'dsv' for command environment
[0.332s] INFO:colcon.colcon_ros.task.ament_python.build:Building ROS package in '/home/hafizulazwan/ros2_learn_ws/src/minimal_pkg' with build type 'ament_python'
[0.332s] Level 1:colcon.colcon_core.shell:create_environment_hook('minimal_pkg', 'ament_prefix_path')
[0.332s] INFO:colcon.colcon_core.shell:Creating environment hook '/home/hafizulazwan/ros2_learn_ws/install/minimal_pkg/share/minimal_pkg/hook/ament_prefix_path.ps1'
[0.333s] INFO:colcon.colcon_core.shell:Creating environment descriptor '/home/hafizulazwan/ros2_learn_ws/install/minimal_pkg/share/minimal_pkg/hook/ament_prefix_path.dsv'
[0.334s] INFO:colcon.colcon_core.shell:Creating environment hook '/home/hafizulazwan/ros2_learn_ws/install/minimal_pkg/share/minimal_pkg/hook/ament_prefix_path.sh'
[0.334s] INFO:colcon.colcon_core.shell:Skip shell extension 'powershell' for command environment: Not usable outside of PowerShell
[0.334s] DEBUG:colcon.colcon_core.shell:Skip shell extension 'dsv' for command environment
[0.337s] INFO:colcon.colcon_ros.task.ament_python.build:Building ROS package in '/home/hafizulazwan/ros2_learn_ws/src/pubsub_py' with build type 'ament_python'
[0.337s] Level 1:colcon.colcon_core.shell:create_environment_hook('pubsub_py', 'ament_prefix_path')
[0.338s] INFO:colcon.colcon_core.shell:Creating environment hook '/home/hafizulazwan/ros2_learn_ws/install/pubsub_py/share/pubsub_py/hook/ament_prefix_path.ps1'
[0.339s] INFO:colcon.colcon_core.shell:Creating environment descriptor '/home/hafizulazwan/ros2_learn_ws/install/pubsub_py/share/pubsub_py/hook/ament_prefix_path.dsv'
[0.340s] INFO:colcon.colcon_core.shell:Creating environment hook '/home/hafizulazwan/ros2_learn_ws/install/pubsub_py/share/pubsub_py/hook/ament_prefix_path.sh'
[0.341s] INFO:colcon.colcon_core.shell:Skip shell extension 'powershell' for command environment: Not usable outside of PowerShell
[0.341s] DEBUG:colcon.colcon_core.shell:Skip shell extension 'dsv' for command environment
[0.351s] DEBUG:colcon.colcon_core.event_handler.log_command:Invoking command in '/home/hafizulazwan/ros2_learn_ws/build/action_pkg': CMAKE_PREFIX_PATH=${CMAKE_PREFIX_PATH}:/home/hafizulazwan/ros2_learn_ws/install/srvcli_py:/home/hafizulazwan/ros2_learn_ws/install/pubsub_py:/home/hafizulazwan/ros2_learn_ws/install/minimal_pkg:/home/hafizulazwan/ros2_learn_ws/install/linear_motor_control_action:/opt/ros/humble /usr/bin/cmake --build /home/hafizulazwan/ros2_learn_ws/build/action_pkg -- -j8 -l8
[0.355s] DEBUG:colcon.colcon_core.event_handler.log_command:Invoking command in '/home/hafizulazwan/ros2_learn_ws/build/srv_pkg': CMAKE_PREFIX_PATH=${CMAKE_PREFIX_PATH}:/home/hafizulazwan/ros2_learn_ws/install/srvcli_py:/home/hafizulazwan/ros2_learn_ws/install/pubsub_py:/home/hafizulazwan/ros2_learn_ws/install/minimal_pkg:/home/hafizulazwan/ros2_learn_ws/install/linear_motor_control_action:/opt/ros/humble /usr/bin/cmake --build /home/hafizulazwan/ros2_learn_ws/build/srv_pkg -- -j8 -l8
[0.670s] INFO:colcon.colcon_core.task.python.build:Building Python package in '/home/hafizulazwan/ros2_learn_ws/src/minimal_pkg'
[0.671s] INFO:colcon.colcon_core.shell:Skip shell extension 'powershell' for command environment: Not usable outside of PowerShell
[0.671s] DEBUG:colcon.colcon_core.shell:Skip shell extension 'dsv' for command environment
[0.911s] INFO:colcon.colcon_core.task.python.build:Building Python package in '/home/hafizulazwan/ros2_learn_ws/src/pubsub_py'
[0.911s] INFO:colcon.colcon_core.shell:Skip shell extension 'powershell' for command environment: Not usable outside of PowerShell
[0.911s] DEBUG:colcon.colcon_core.shell:Skip shell extension 'dsv' for command environment
[0.917s] DEBUG:colcon.colcon_core.event_handler.log_command:Invoked command in '/home/hafizulazwan/ros2_learn_ws/build/srv_pkg' returned '0': CMAKE_PREFIX_PATH=${CMAKE_PREFIX_PATH}:/home/hafizulazwan/ros2_learn_ws/install/srvcli_py:/home/hafizulazwan/ros2_learn_ws/install/pubsub_py:/home/hafizulazwan/ros2_learn_ws/install/minimal_pkg:/home/hafizulazwan/ros2_learn_ws/install/linear_motor_control_action:/opt/ros/humble /usr/bin/cmake --build /home/hafizulazwan/ros2_learn_ws/build/srv_pkg -- -j8 -l8
[0.925s] DEBUG:colcon.colcon_core.event_handler.log_command:Invoking command in '/home/hafizulazwan/ros2_learn_ws/build/srv_pkg': CMAKE_PREFIX_PATH=${CMAKE_PREFIX_PATH}:/home/hafizulazwan/ros2_learn_ws/install/srvcli_py:/home/hafizulazwan/ros2_learn_ws/install/pubsub_py:/home/hafizulazwan/ros2_learn_ws/install/minimal_pkg:/home/hafizulazwan/ros2_learn_ws/install/linear_motor_control_action:/opt/ros/humble /usr/bin/cmake --install /home/hafizulazwan/ros2_learn_ws/build/srv_pkg
[0.926s] DEBUG:colcon.colcon_core.event_handler.log_command:Invoked command in '/home/hafizulazwan/ros2_learn_ws/build/action_pkg' returned '0': CMAKE_PREFIX_PATH=${CMAKE_PREFIX_PATH}:/home/hafizulazwan/ros2_learn_ws/install/srvcli_py:/home/hafizulazwan/ros2_learn_ws/install/pubsub_py:/home/hafizulazwan/ros2_learn_ws/install/minimal_pkg:/home/hafizulazwan/ros2_learn_ws/install/linear_motor_control_action:/opt/ros/humble /usr/bin/cmake --build /home/hafizulazwan/ros2_learn_ws/build/action_pkg -- -j8 -l8
[0.928s] DEBUG:colcon.colcon_core.event_handler.log_command:Invoking command in '/home/hafizulazwan/ros2_learn_ws/build/action_pkg': CMAKE_PREFIX_PATH=${CMAKE_PREFIX_PATH}:/home/hafizulazwan/ros2_learn_ws/install/srvcli_py:/home/hafizulazwan/ros2_learn_ws/install/pubsub_py:/home/hafizulazwan/ros2_learn_ws/install/minimal_pkg:/home/hafizulazwan/ros2_learn_ws/install/linear_motor_control_action:/opt/ros/humble /usr/bin/cmake --install /home/hafizulazwan/ros2_learn_ws/build/action_pkg
[0.994s] Level 1:colcon.colcon_core.environment:create_environment_scripts_only(action_pkg)
[0.994s] DEBUG:colcon.colcon_core.event_handler.log_command:Invoked command in '/home/hafizulazwan/ros2_learn_ws/build/action_pkg' returned '0': CMAKE_PREFIX_PATH=${CMAKE_PREFIX_PATH}:/home/hafizulazwan/ros2_learn_ws/install/srvcli_py:/home/hafizulazwan/ros2_learn_ws/install/pubsub_py:/home/hafizulazwan/ros2_learn_ws/install/minimal_pkg:/home/hafizulazwan/ros2_learn_ws/install/linear_motor_control_action:/opt/ros/humble /usr/bin/cmake --install /home/hafizulazwan/ros2_learn_ws/build/action_pkg
[0.997s] Level 1:colcon.colcon_core.environment:checking '/home/hafizulazwan/ros2_learn_ws/install/action_pkg' for CMake module files
[1.000s] Level 1:colcon.colcon_core.environment:checking '/home/hafizulazwan/ros2_learn_ws/install/action_pkg' for CMake config files
[1.004s] Level 1:colcon.colcon_core.shell:create_environment_hook('action_pkg', 'cmake_prefix_path')
[1.005s] INFO:colcon.colcon_core.shell:Creating environment hook '/home/hafizulazwan/ros2_learn_ws/install/action_pkg/share/action_pkg/hook/cmake_prefix_path.ps1'
[1.005s] INFO:colcon.colcon_core.shell:Creating environment descriptor '/home/hafizulazwan/ros2_learn_ws/install/action_pkg/share/action_pkg/hook/cmake_prefix_path.dsv'
[1.006s] INFO:colcon.colcon_core.shell:Creating environment hook '/home/hafizulazwan/ros2_learn_ws/install/action_pkg/share/action_pkg/hook/cmake_prefix_path.sh'
[1.007s] Level 1:colcon.colcon_core.environment:checking '/home/hafizulazwan/ros2_learn_ws/install/action_pkg/lib'
[1.007s] Level 1:colcon.colcon_core.shell:create_environment_hook('action_pkg', 'ld_library_path_lib')
[1.007s] INFO:colcon.colcon_core.shell:Creating environment hook '/home/hafizulazwan/ros2_learn_ws/install/action_pkg/share/action_pkg/hook/ld_library_path_lib.ps1'
[1.008s] INFO:colcon.colcon_core.shell:Creating environment descriptor '/home/hafizulazwan/ros2_learn_ws/install/action_pkg/share/action_pkg/hook/ld_library_path_lib.dsv'
[1.008s] INFO:colcon.colcon_core.shell:Creating environment hook '/home/hafizulazwan/ros2_learn_ws/install/action_pkg/share/action_pkg/hook/ld_library_path_lib.sh'
[1.009s] Level 1:colcon.colcon_core.environment:checking '/home/hafizulazwan/ros2_learn_ws/install/action_pkg/bin'
[1.009s] Level 1:colcon.colcon_core.environment:checking '/home/hafizulazwan/ros2_learn_ws/install/action_pkg/lib/pkgconfig/action_pkg.pc'
[1.009s] Level 1:colcon.colcon_core.environment:checking '/home/hafizulazwan/ros2_learn_ws/install/action_pkg/lib/python3.10/site-packages'
[1.009s] Level 1:colcon.colcon_core.environment:checking '/home/hafizulazwan/ros2_learn_ws/install/action_pkg/bin'
[1.010s] INFO:colcon.colcon_core.shell:Creating package script '/home/hafizulazwan/ros2_learn_ws/install/action_pkg/share/action_pkg/package.ps1'
[1.011s] INFO:colcon.colcon_core.shell:Creating package descriptor '/home/hafizulazwan/ros2_learn_ws/install/action_pkg/share/action_pkg/package.dsv'
[1.012s] INFO:colcon.colcon_core.shell:Creating package script '/home/hafizulazwan/ros2_learn_ws/install/action_pkg/share/action_pkg/package.sh'
[1.013s] INFO:colcon.colcon_core.shell:Creating package script '/home/hafizulazwan/ros2_learn_ws/install/action_pkg/share/action_pkg/package.bash'
[1.014s] INFO:colcon.colcon_core.shell:Creating package script '/home/hafizulazwan/ros2_learn_ws/install/action_pkg/share/action_pkg/package.zsh'
[1.015s] Level 1:colcon.colcon_core.environment:create_file_with_runtime_dependencies(/home/hafizulazwan/ros2_learn_ws/install/action_pkg/share/colcon-core/packages/action_pkg)
[1.016s] Level 1:colcon.colcon_core.environment:create_environment_scripts_only(action_pkg)
[1.017s] Level 1:colcon.colcon_core.environment:checking '/home/hafizulazwan/ros2_learn_ws/install/action_pkg' for CMake module files
[1.017s] Level 1:colcon.colcon_core.environment:checking '/home/hafizulazwan/ros2_learn_ws/install/action_pkg' for CMake config files
[1.018s] Level 1:colcon.colcon_core.shell:create_environment_hook('action_pkg', 'cmake_prefix_path')
[1.018s] INFO:colcon.colcon_core.shell:Creating environment hook '/home/hafizulazwan/ros2_learn_ws/install/action_pkg/share/action_pkg/hook/cmake_prefix_path.ps1'
[1.019s] INFO:colcon.colcon_core.shell:Creating environment descriptor '/home/hafizulazwan/ros2_learn_ws/install/action_pkg/share/action_pkg/hook/cmake_prefix_path.dsv'
[1.019s] INFO:colcon.colcon_core.shell:Creating environment hook '/home/hafizulazwan/ros2_learn_ws/install/action_pkg/share/action_pkg/hook/cmake_prefix_path.sh'
[1.020s] Level 1:colcon.colcon_core.environment:checking '/home/hafizulazwan/ros2_learn_ws/install/action_pkg/lib'
[1.020s] Level 1:colcon.colcon_core.shell:create_environment_hook('action_pkg', 'ld_library_path_lib')
[1.021s] INFO:colcon.colcon_core.shell:Creating environment hook '/home/hafizulazwan/ros2_learn_ws/install/action_pkg/share/action_pkg/hook/ld_library_path_lib.ps1'
[1.021s] INFO:colcon.colcon_core.shell:Creating environment descriptor '/home/hafizulazwan/ros2_learn_ws/install/action_pkg/share/action_pkg/hook/ld_library_path_lib.dsv'
[1.022s] INFO:colcon.colcon_core.shell:Creating environment hook '/home/hafizulazwan/ros2_learn_ws/install/action_pkg/share/action_pkg/hook/ld_library_path_lib.sh'
[1.022s] Level 1:colcon.colcon_core.environment:checking '/home/hafizulazwan/ros2_learn_ws/install/action_pkg/bin'
[1.022s] Level 1:colcon.colcon_core.environment:checking '/home/hafizulazwan/ros2_learn_ws/install/action_pkg/lib/pkgconfig/action_pkg.pc'
[1.022s] Level 1:colcon.colcon_core.environment:checking '/home/hafizulazwan/ros2_learn_ws/install/action_pkg/lib/python3.10/site-packages'
[1.023s] Level 1:colcon.colcon_core.environment:checking '/home/hafizulazwan/ros2_learn_ws/install/action_pkg/bin'
[1.023s] INFO:colcon.colcon_core.shell:Creating package script '/home/hafizulazwan/ros2_learn_ws/install/action_pkg/share/action_pkg/package.ps1'
[1.024s] INFO:colcon.colcon_core.shell:Creating package descriptor '/home/hafizulazwan/ros2_learn_ws/install/action_pkg/share/action_pkg/package.dsv'
[1.025s] INFO:colcon.colcon_core.shell:Creating package script '/home/hafizulazwan/ros2_learn_ws/install/action_pkg/share/action_pkg/package.sh'
[1.025s] INFO:colcon.colcon_core.shell:Creating package script '/home/hafizulazwan/ros2_learn_ws/install/action_pkg/share/action_pkg/package.bash'
[1.026s] INFO:colcon.colcon_core.shell:Creating package script '/home/hafizulazwan/ros2_learn_ws/install/action_pkg/share/action_pkg/package.zsh'
[1.026s] Level 1:colcon.colcon_core.environment:create_file_with_runtime_dependencies(/home/hafizulazwan/ros2_learn_ws/install/action_pkg/share/colcon-core/packages/action_pkg)
[1.027s] INFO:colcon.colcon_ros.task.ament_python.build:Building ROS package in '/home/hafizulazwan/ros2_learn_ws/src/linear_motor_control_action' with build type 'ament_python'
[1.027s] Level 1:colcon.colcon_core.shell:create_environment_hook('linear_motor_control_action', 'ament_prefix_path')
[1.028s] INFO:colcon.colcon_core.shell:Creating environment hook '/home/hafizulazwan/ros2_learn_ws/install/linear_motor_control_action/share/linear_motor_control_action/hook/ament_prefix_path.ps1'
[1.028s] INFO:colcon.colcon_core.shell:Creating environment descriptor '/home/hafizulazwan/ros2_learn_ws/install/linear_motor_control_action/share/linear_motor_control_action/hook/ament_prefix_path.dsv'
[1.029s] INFO:colcon.colcon_core.shell:Creating environment hook '/home/hafizulazwan/ros2_learn_ws/install/linear_motor_control_action/share/linear_motor_control_action/hook/ament_prefix_path.sh'
[1.030s] INFO:colcon.colcon_core.shell:Skip shell extension 'powershell' for command environment: Not usable outside of PowerShell
[1.030s] DEBUG:colcon.colcon_core.shell:Skip shell extension 'dsv' for command environment
[1.035s] Level 1:colcon.colcon_core.environment:create_environment_scripts_only(srv_pkg)
[1.036s] Level 1:colcon.colcon_core.environment:checking '/home/hafizulazwan/ros2_learn_ws/install/srv_pkg' for CMake module files
[1.037s] DEBUG:colcon.colcon_core.event_handler.log_command:Invoked command in '/home/hafizulazwan/ros2_learn_ws/build/srv_pkg' returned '0': CMAKE_PREFIX_PATH=${CMAKE_PREFIX_PATH}:/home/hafizulazwan/ros2_learn_ws/install/srvcli_py:/home/hafizulazwan/ros2_learn_ws/install/pubsub_py:/home/hafizulazwan/ros2_learn_ws/install/minimal_pkg:/home/hafizulazwan/ros2_learn_ws/install/linear_motor_control_action:/opt/ros/humble /usr/bin/cmake --install /home/hafizulazwan/ros2_learn_ws/build/srv_pkg
[1.037s] Level 1:colcon.colcon_core.environment:checking '/home/hafizulazwan/ros2_learn_ws/install/srv_pkg' for CMake config files
[1.038s] Level 1:colcon.colcon_core.shell:create_environment_hook('srv_pkg', 'cmake_prefix_path')
[1.038s] INFO:colcon.colcon_core.shell:Creating environment hook '/home/hafizulazwan/ros2_learn_ws/install/srv_pkg/share/srv_pkg/hook/cmake_prefix_path.ps1'
[1.039s] INFO:colcon.colcon_core.shell:Creating environment descriptor '/home/hafizulazwan/ros2_learn_ws/install/srv_pkg/share/srv_pkg/hook/cmake_prefix_path.dsv'
[1.039s] INFO:colcon.colcon_core.shell:Creating environment hook '/home/hafizulazwan/ros2_learn_ws/install/srv_pkg/share/srv_pkg/hook/cmake_prefix_path.sh'
[1.040s] Level 1:colcon.colcon_core.environment:checking '/home/hafizulazwan/ros2_learn_ws/install/srv_pkg/lib'
[1.040s] Level 1:colcon.colcon_core.shell:create_environment_hook('srv_pkg', 'ld_library_path_lib')
[1.040s] INFO:colcon.colcon_core.shell:Creating environment hook '/home/hafizulazwan/ros2_learn_ws/install/srv_pkg/share/srv_pkg/hook/ld_library_path_lib.ps1'
[1.041s] INFO:colcon.colcon_core.shell:Creating environment descriptor '/home/hafizulazwan/ros2_learn_ws/install/srv_pkg/share/srv_pkg/hook/ld_library_path_lib.dsv'
[1.041s] INFO:colcon.colcon_core.shell:Creating environment hook '/home/hafizulazwan/ros2_learn_ws/install/srv_pkg/share/srv_pkg/hook/ld_library_path_lib.sh'
[1.041s] Level 1:colcon.colcon_core.environment:checking '/home/hafizulazwan/ros2_learn_ws/install/srv_pkg/bin'
[1.041s] Level 1:colcon.colcon_core.environment:checking '/home/hafizulazwan/ros2_learn_ws/install/srv_pkg/lib/pkgconfig/srv_pkg.pc'
[1.041s] Level 1:colcon.colcon_core.environment:checking '/home/hafizulazwan/ros2_learn_ws/install/srv_pkg/lib/python3.10/site-packages'
[1.042s] Level 1:colcon.colcon_core.environment:checking '/home/hafizulazwan/ros2_learn_ws/install/srv_pkg/bin'
[1.042s] INFO:colcon.colcon_core.shell:Creating package script '/home/hafizulazwan/ros2_learn_ws/install/srv_pkg/share/srv_pkg/package.ps1'
[1.042s] INFO:colcon.colcon_core.shell:Creating package descriptor '/home/hafizulazwan/ros2_learn_ws/install/srv_pkg/share/srv_pkg/package.dsv'
[1.043s] INFO:colcon.colcon_core.shell:Creating package script '/home/hafizulazwan/ros2_learn_ws/install/srv_pkg/share/srv_pkg/package.sh'
[1.043s] INFO:colcon.colcon_core.shell:Creating package script '/home/hafizulazwan/ros2_learn_ws/install/srv_pkg/share/srv_pkg/package.bash'
[1.043s] INFO:colcon.colcon_core.shell:Creating package script '/home/hafizulazwan/ros2_learn_ws/install/srv_pkg/share/srv_pkg/package.zsh'
[1.044s] Level 1:colcon.colcon_core.environment:create_file_with_runtime_dependencies(/home/hafizulazwan/ros2_learn_ws/install/srv_pkg/share/colcon-core/packages/srv_pkg)
[1.044s] Level 1:colcon.colcon_core.environment:create_environment_scripts_only(srv_pkg)
[1.044s] Level 1:colcon.colcon_core.environment:checking '/home/hafizulazwan/ros2_learn_ws/install/srv_pkg' for CMake module files
[1.045s] Level 1:colcon.colcon_core.environment:checking '/home/hafizulazwan/ros2_learn_ws/install/srv_pkg' for CMake config files
[1.045s] Level 1:colcon.colcon_core.shell:create_environment_hook('srv_pkg', 'cmake_prefix_path')
[1.046s] INFO:colcon.colcon_core.shell:Creating environment hook '/home/hafizulazwan/ros2_learn_ws/install/srv_pkg/share/srv_pkg/hook/cmake_prefix_path.ps1'
[1.047s] INFO:colcon.colcon_core.shell:Creating environment descriptor '/home/hafizulazwan/ros2_learn_ws/install/srv_pkg/share/srv_pkg/hook/cmake_prefix_path.dsv'
[1.047s] INFO:colcon.colcon_core.shell:Creating environment hook '/home/hafizulazwan/ros2_learn_ws/install/srv_pkg/share/srv_pkg/hook/cmake_prefix_path.sh'
[1.048s] Level 1:colcon.colcon_core.environment:checking '/home/hafizulazwan/ros2_learn_ws/install/srv_pkg/lib'
[1.048s] Level 1:colcon.colcon_core.shell:create_environment_hook('srv_pkg', 'ld_library_path_lib')
[1.048s] INFO:colcon.colcon_core.shell:Creating environment hook '/home/hafizulazwan/ros2_learn_ws/install/srv_pkg/share/srv_pkg/hook/ld_library_path_lib.ps1'
[1.048s] INFO:colcon.colcon_core.shell:Creating environment descriptor '/home/hafizulazwan/ros2_learn_ws/install/srv_pkg/share/srv_pkg/hook/ld_library_path_lib.dsv'
[1.049s] INFO:colcon.colcon_core.shell:Creating environment hook '/home/hafizulazwan/ros2_learn_ws/install/srv_pkg/share/srv_pkg/hook/ld_library_path_lib.sh'
[1.049s] Level 1:colcon.colcon_core.environment:checking '/home/hafizulazwan/ros2_learn_ws/install/srv_pkg/bin'
[1.049s] Level 1:colcon.colcon_core.environment:checking '/home/hafizulazwan/ros2_learn_ws/install/srv_pkg/lib/pkgconfig/srv_pkg.pc'
[1.049s] Level 1:colcon.colcon_core.environment:checking '/home/hafizulazwan/ros2_learn_ws/install/srv_pkg/lib/python3.10/site-packages'
[1.050s] Level 1:colcon.colcon_core.environment:checking '/home/hafizulazwan/ros2_learn_ws/install/srv_pkg/bin'
[1.050s] INFO:colcon.colcon_core.shell:Creating package script '/home/hafizulazwan/ros2_learn_ws/install/srv_pkg/share/srv_pkg/package.ps1'
[1.050s] INFO:colcon.colcon_core.shell:Creating package descriptor '/home/hafizulazwan/ros2_learn_ws/install/srv_pkg/share/srv_pkg/package.dsv'
[1.051s] INFO:colcon.colcon_core.shell:Creating package script '/home/hafizulazwan/ros2_learn_ws/install/srv_pkg/share/srv_pkg/package.sh'
[1.051s] INFO:colcon.colcon_core.shell:Creating package script '/home/hafizulazwan/ros2_learn_ws/install/srv_pkg/share/srv_pkg/package.bash'
[1.051s] INFO:colcon.colcon_core.shell:Creating package script '/home/hafizulazwan/ros2_learn_ws/install/srv_pkg/share/srv_pkg/package.zsh'
[1.052s] Level 1:colcon.colcon_core.environment:create_file_with_runtime_dependencies(/home/hafizulazwan/ros2_learn_ws/install/srv_pkg/share/colcon-core/packages/srv_pkg)
[1.052s] INFO:colcon.colcon_ros.task.ament_python.build:Building ROS package in '/home/hafizulazwan/ros2_learn_ws/src/srvcli_py' with build type 'ament_python'
[1.053s] Level 1:colcon.colcon_core.shell:create_environment_hook('srvcli_py', 'ament_prefix_path')
[1.053s] INFO:colcon.colcon_core.shell:Creating environment hook '/home/hafizulazwan/ros2_learn_ws/install/srvcli_py/share/srvcli_py/hook/ament_prefix_path.ps1'
[1.054s] INFO:colcon.colcon_core.shell:Creating environment descriptor '/home/hafizulazwan/ros2_learn_ws/install/srvcli_py/share/srvcli_py/hook/ament_prefix_path.dsv'
[1.054s] INFO:colcon.colcon_core.shell:Creating environment hook '/home/hafizulazwan/ros2_learn_ws/install/srvcli_py/share/srvcli_py/hook/ament_prefix_path.sh'
[1.055s] INFO:colcon.colcon_core.shell:Skip shell extension 'powershell' for command environment: Not usable outside of PowerShell
[1.055s] DEBUG:colcon.colcon_core.shell:Skip shell extension 'dsv' for command environment
[1.305s] INFO:colcon.colcon_core.task.python.build:Building Python package in '/home/hafizulazwan/ros2_learn_ws/src/linear_motor_control_action'
[1.305s] INFO:colcon.colcon_core.shell:Skip shell extension 'powershell' for command environment: Not usable outside of PowerShell
[1.305s] DEBUG:colcon.colcon_core.shell:Skip shell extension 'dsv' for command environment
[1.538s] INFO:colcon.colcon_core.task.python.build:Building Python package in '/home/hafizulazwan/ros2_learn_ws/src/srvcli_py'
[1.539s] INFO:colcon.colcon_core.shell:Skip shell extension 'powershell' for command environment: Not usable outside of PowerShell
[1.539s] DEBUG:colcon.colcon_core.shell:Skip shell extension 'dsv' for command environment
[1.546s] DEBUG:colcon.colcon_core.event_handler.log_command:Invoking command in '/home/hafizulazwan/ros2_learn_ws/src/minimal_pkg': PYTHONPATH=/home/hafizulazwan/ros2_learn_ws/build/minimal_pkg/prefix_override:/usr/lib/python3/dist-packages/colcon_core/task/python/colcon_distutils_commands:/home/hafizulazwan/ros2_learn_ws/install/minimal_pkg/lib/python3.10/site-packages:${PYTHONPATH} /usr/bin/python3 -W ignore:setup.py install is deprecated -W ignore:easy_install command is deprecated setup.py egg_info --egg-base ../../build/minimal_pkg build --build-base /home/hafizulazwan/ros2_learn_ws/build/minimal_pkg/build install --record /home/hafizulazwan/ros2_learn_ws/build/minimal_pkg/install.log --single-version-externally-managed install_data
[1.548s] DEBUG:colcon.colcon_core.event_handler.log_command:Invoking command in '/home/hafizulazwan/ros2_learn_ws/src/pubsub_py': PYTHONPATH=/home/hafizulazwan/ros2_learn_ws/build/pubsub_py/prefix_override:/usr/lib/python3/dist-packages/colcon_core/task/python/colcon_distutils_commands:/home/hafizulazwan/ros2_learn_ws/install/pubsub_py/lib/python3.10/site-packages:${PYTHONPATH} /usr/bin/python3 -W ignore:setup.py install is deprecated -W ignore:easy_install command is deprecated setup.py egg_info --egg-base ../../build/pubsub_py build --build-base /home/hafizulazwan/ros2_learn_ws/build/pubsub_py/build install --record /home/hafizulazwan/ros2_learn_ws/build/pubsub_py/install.log --single-version-externally-managed install_data
[1.824s] Level 1:colcon.colcon_core.environment:checking '/home/hafizulazwan/ros2_learn_ws/install/pubsub_py' for CMake module files
[1.825s] DEBUG:colcon.colcon_core.event_handler.log_command:Invoked command in '/home/hafizulazwan/ros2_learn_ws/src/pubsub_py' returned '0': PYTHONPATH=/home/hafizulazwan/ros2_learn_ws/build/pubsub_py/prefix_override:/usr/lib/python3/dist-packages/colcon_core/task/python/colcon_distutils_commands:/home/hafizulazwan/ros2_learn_ws/install/pubsub_py/lib/python3.10/site-packages:${PYTHONPATH} /usr/bin/python3 -W ignore:setup.py install is deprecated -W ignore:easy_install command is deprecated setup.py egg_info --egg-base ../../build/pubsub_py build --build-base /home/hafizulazwan/ros2_learn_ws/build/pubsub_py/build install --record /home/hafizulazwan/ros2_learn_ws/build/pubsub_py/install.log --single-version-externally-managed install_data
[1.825s] Level 1:colcon.colcon_core.environment:checking '/home/hafizulazwan/ros2_learn_ws/install/pubsub_py' for CMake config files
[1.826s] Level 1:colcon.colcon_core.environment:checking '/home/hafizulazwan/ros2_learn_ws/install/pubsub_py/lib'
[1.826s] Level 1:colcon.colcon_core.environment:checking '/home/hafizulazwan/ros2_learn_ws/install/pubsub_py/bin'
[1.826s] Level 1:colcon.colcon_core.environment:checking '/home/hafizulazwan/ros2_learn_ws/install/pubsub_py/lib/pkgconfig/pubsub_py.pc'
[1.826s] Level 1:colcon.colcon_core.environment:checking '/home/hafizulazwan/ros2_learn_ws/install/pubsub_py/lib/python3.10/site-packages'
[1.826s] Level 1:colcon.colcon_core.shell:create_environment_hook('pubsub_py', 'pythonpath')
[1.827s] INFO:colcon.colcon_core.shell:Creating environment hook '/home/hafizulazwan/ros2_learn_ws/install/pubsub_py/share/pubsub_py/hook/pythonpath.ps1'
[1.827s] INFO:colcon.colcon_core.shell:Creating environment descriptor '/home/hafizulazwan/ros2_learn_ws/install/pubsub_py/share/pubsub_py/hook/pythonpath.dsv'
[1.828s] INFO:colcon.colcon_core.shell:Creating environment hook '/home/hafizulazwan/ros2_learn_ws/install/pubsub_py/share/pubsub_py/hook/pythonpath.sh'
[1.829s] Level 1:colcon.colcon_core.environment:checking '/home/hafizulazwan/ros2_learn_ws/install/pubsub_py/bin'
[1.829s] Level 1:colcon.colcon_core.environment:create_environment_scripts_only(pubsub_py)
[1.829s] INFO:colcon.colcon_core.shell:Creating package script '/home/hafizulazwan/ros2_learn_ws/install/pubsub_py/share/pubsub_py/package.ps1'
[1.830s] INFO:colcon.colcon_core.shell:Creating package descriptor '/home/hafizulazwan/ros2_learn_ws/install/pubsub_py/share/pubsub_py/package.dsv'
[1.831s] INFO:colcon.colcon_core.shell:Creating package script '/home/hafizulazwan/ros2_learn_ws/install/pubsub_py/share/pubsub_py/package.sh'
[1.831s] INFO:colcon.colcon_core.shell:Creating package script '/home/hafizulazwan/ros2_learn_ws/install/pubsub_py/share/pubsub_py/package.bash'
[1.832s] INFO:colcon.colcon_core.shell:Creating package script '/home/hafizulazwan/ros2_learn_ws/install/pubsub_py/share/pubsub_py/package.zsh'
[1.832s] Level 1:colcon.colcon_core.environment:create_file_with_runtime_dependencies(/home/hafizulazwan/ros2_learn_ws/install/pubsub_py/share/colcon-core/packages/pubsub_py)
[1.878s] DEBUG:colcon.colcon_core.event_handler.log_command:Invoking command in '/home/hafizulazwan/ros2_learn_ws/src/srvcli_py': PYTHONPATH=/home/hafizulazwan/ros2_learn_ws/build/srvcli_py/prefix_override:/usr/lib/python3/dist-packages/colcon_core/task/python/colcon_distutils_commands:/home/hafizulazwan/ros2_learn_ws/install/srvcli_py/lib/python3.10/site-packages:${PYTHONPATH} /usr/bin/python3 -W ignore:setup.py install is deprecated -W ignore:easy_install command is deprecated setup.py egg_info --egg-base ../../build/srvcli_py build --build-base /home/hafizulazwan/ros2_learn_ws/build/srvcli_py/build install --record /home/hafizulazwan/ros2_learn_ws/build/srvcli_py/install.log --single-version-externally-managed install_data
[1.903s] Level 1:colcon.colcon_core.environment:checking '/home/hafizulazwan/ros2_learn_ws/install/minimal_pkg' for CMake module files
[1.904s] DEBUG:colcon.colcon_core.event_handler.log_command:Invoked command in '/home/hafizulazwan/ros2_learn_ws/src/minimal_pkg' returned '0': PYTHONPATH=/home/hafizulazwan/ros2_learn_ws/build/minimal_pkg/prefix_override:/usr/lib/python3/dist-packages/colcon_core/task/python/colcon_distutils_commands:/home/hafizulazwan/ros2_learn_ws/install/minimal_pkg/lib/python3.10/site-packages:${PYTHONPATH} /usr/bin/python3 -W ignore:setup.py install is deprecated -W ignore:easy_install command is deprecated setup.py egg_info --egg-base ../../build/minimal_pkg build --build-base /home/hafizulazwan/ros2_learn_ws/build/minimal_pkg/build install --record /home/hafizulazwan/ros2_learn_ws/build/minimal_pkg/install.log --single-version-externally-managed install_data
[1.904s] Level 1:colcon.colcon_core.environment:checking '/home/hafizulazwan/ros2_learn_ws/install/minimal_pkg' for CMake config files
[1.905s] Level 1:colcon.colcon_core.environment:checking '/home/hafizulazwan/ros2_learn_ws/install/minimal_pkg/lib'
[1.905s] Level 1:colcon.colcon_core.environment:checking '/home/hafizulazwan/ros2_learn_ws/install/minimal_pkg/bin'
[1.905s] Level 1:colcon.colcon_core.environment:checking '/home/hafizulazwan/ros2_learn_ws/install/minimal_pkg/lib/pkgconfig/minimal_pkg.pc'
[1.905s] Level 1:colcon.colcon_core.environment:checking '/home/hafizulazwan/ros2_learn_ws/install/minimal_pkg/lib/python3.10/site-packages'
[1.905s] Level 1:colcon.colcon_core.shell:create_environment_hook('minimal_pkg', 'pythonpath')
[1.905s] INFO:colcon.colcon_core.shell:Creating environment hook '/home/hafizulazwan/ros2_learn_ws/install/minimal_pkg/share/minimal_pkg/hook/pythonpath.ps1'
[1.906s] INFO:colcon.colcon_core.shell:Creating environment descriptor '/home/hafizulazwan/ros2_learn_ws/install/minimal_pkg/share/minimal_pkg/hook/pythonpath.dsv'
[1.906s] INFO:colcon.colcon_core.shell:Creating environment hook '/home/hafizulazwan/ros2_learn_ws/install/minimal_pkg/share/minimal_pkg/hook/pythonpath.sh'
[1.906s] Level 1:colcon.colcon_core.environment:checking '/home/hafizulazwan/ros2_learn_ws/install/minimal_pkg/bin'
[1.906s] Level 1:colcon.colcon_core.environment:create_environment_scripts_only(minimal_pkg)
[1.907s] INFO:colcon.colcon_core.shell:Creating package script '/home/hafizulazwan/ros2_learn_ws/install/minimal_pkg/share/minimal_pkg/package.ps1'
[1.907s] INFO:colcon.colcon_core.shell:Creating package descriptor '/home/hafizulazwan/ros2_learn_ws/install/minimal_pkg/share/minimal_pkg/package.dsv'
[1.907s] INFO:colcon.colcon_core.shell:Creating package script '/home/hafizulazwan/ros2_learn_ws/install/minimal_pkg/share/minimal_pkg/package.sh'
[1.908s] INFO:colcon.colcon_core.shell:Creating package script '/home/hafizulazwan/ros2_learn_ws/install/minimal_pkg/share/minimal_pkg/package.bash'
[1.908s] INFO:colcon.colcon_core.shell:Creating package script '/home/hafizulazwan/ros2_learn_ws/install/minimal_pkg/share/minimal_pkg/package.zsh'
[1.908s] Level 1:colcon.colcon_core.environment:create_file_with_runtime_dependencies(/home/hafizulazwan/ros2_learn_ws/install/minimal_pkg/share/colcon-core/packages/minimal_pkg)
[1.944s] DEBUG:colcon.colcon_core.event_handler.log_command:Invoking command in '/home/hafizulazwan/ros2_learn_ws/src/linear_motor_control_action': CMAKE_PREFIX_PATH=/home/hafizulazwan/ros2_learn_ws/install/action_pkg:/home/hafizulazwan/ros2_learn_ws/install/srv_pkg LD_LIBRARY_PATH=/home/hafizulazwan/ros2_learn_ws/install/action_pkg/lib:/home/hafizulazwan/ros2_learn_ws/install/srv_pkg/lib:/opt/ros/humble/opt/rviz_ogre_vendor/lib:/opt/ros/humble/lib/x86_64-linux-gnu:/opt/ros/humble/lib PYTHONPATH=/home/hafizulazwan/ros2_learn_ws/build/linear_motor_control_action/prefix_override:/usr/lib/python3/dist-packages/colcon_core/task/python/colcon_distutils_commands:/home/hafizulazwan/ros2_learn_ws/install/linear_motor_control_action/lib/python3.10/site-packages:${PYTHONPATH} /usr/bin/python3 -W ignore:setup.py install is deprecated -W ignore:easy_install command is deprecated setup.py egg_info --egg-base ../../build/linear_motor_control_action build --build-base /home/hafizulazwan/ros2_learn_ws/build/linear_motor_control_action/build install --record /home/hafizulazwan/ros2_learn_ws/build/linear_motor_control_action/install.log --single-version-externally-managed install_data
[2.163s] Level 1:colcon.colcon_core.environment:checking '/home/hafizulazwan/ros2_learn_ws/install/srvcli_py' for CMake module files
[2.163s] DEBUG:colcon.colcon_core.event_handler.log_command:Invoked command in '/home/hafizulazwan/ros2_learn_ws/src/srvcli_py' returned '0': PYTHONPATH=/home/hafizulazwan/ros2_learn_ws/build/srvcli_py/prefix_override:/usr/lib/python3/dist-packages/colcon_core/task/python/colcon_distutils_commands:/home/hafizulazwan/ros2_learn_ws/install/srvcli_py/lib/python3.10/site-packages:${PYTHONPATH} /usr/bin/python3 -W ignore:setup.py install is deprecated -W ignore:easy_install command is deprecated setup.py egg_info --egg-base ../../build/srvcli_py build --build-base /home/hafizulazwan/ros2_learn_ws/build/srvcli_py/build install --record /home/hafizulazwan/ros2_learn_ws/build/srvcli_py/install.log --single-version-externally-managed install_data
[2.164s] Level 1:colcon.colcon_core.environment:checking '/home/hafizulazwan/ros2_learn_ws/install/srvcli_py' for CMake config files
[2.164s] Level 1:colcon.colcon_core.environment:checking '/home/hafizulazwan/ros2_learn_ws/install/srvcli_py/lib'
[2.165s] Level 1:colcon.colcon_core.environment:checking '/home/hafizulazwan/ros2_learn_ws/install/srvcli_py/bin'
[2.165s] Level 1:colcon.colcon_core.environment:checking '/home/hafizulazwan/ros2_learn_ws/install/srvcli_py/lib/pkgconfig/srvcli_py.pc'
[2.165s] Level 1:colcon.colcon_core.environment:checking '/home/hafizulazwan/ros2_learn_ws/install/srvcli_py/lib/python3.10/site-packages'
[2.165s] Level 1:colcon.colcon_core.shell:create_environment_hook('srvcli_py', 'pythonpath')
[2.165s] INFO:colcon.colcon_core.shell:Creating environment hook '/home/hafizulazwan/ros2_learn_ws/install/srvcli_py/share/srvcli_py/hook/pythonpath.ps1'
[2.166s] INFO:colcon.colcon_core.shell:Creating environment descriptor '/home/hafizulazwan/ros2_learn_ws/install/srvcli_py/share/srvcli_py/hook/pythonpath.dsv'
[2.166s] INFO:colcon.colcon_core.shell:Creating environment hook '/home/hafizulazwan/ros2_learn_ws/install/srvcli_py/share/srvcli_py/hook/pythonpath.sh'
[2.167s] Level 1:colcon.colcon_core.environment:checking '/home/hafizulazwan/ros2_learn_ws/install/srvcli_py/bin'
[2.167s] Level 1:colcon.colcon_core.environment:create_environment_scripts_only(srvcli_py)
[2.167s] INFO:colcon.colcon_core.shell:Creating package script '/home/hafizulazwan/ros2_learn_ws/install/srvcli_py/share/srvcli_py/package.ps1'
[2.168s] INFO:colcon.colcon_core.shell:Creating package descriptor '/home/hafizulazwan/ros2_learn_ws/install/srvcli_py/share/srvcli_py/package.dsv'
[2.169s] INFO:colcon.colcon_core.shell:Creating package script '/home/hafizulazwan/ros2_learn_ws/install/srvcli_py/share/srvcli_py/package.sh'
[2.170s] INFO:colcon.colcon_core.shell:Creating package script '/home/hafizulazwan/ros2_learn_ws/install/srvcli_py/share/srvcli_py/package.bash'
[2.170s] INFO:colcon.colcon_core.shell:Creating package script '/home/hafizulazwan/ros2_learn_ws/install/srvcli_py/share/srvcli_py/package.zsh'
[2.171s] Level 1:colcon.colcon_core.environment:create_file_with_runtime_dependencies(/home/hafizulazwan/ros2_learn_ws/install/srvcli_py/share/colcon-core/packages/srvcli_py)
[2.222s] Level 1:colcon.colcon_core.environment:checking '/home/hafizulazwan/ros2_learn_ws/install/linear_motor_control_action' for CMake module files
[2.222s] DEBUG:colcon.colcon_core.event_handler.log_command:Invoked command in '/home/hafizulazwan/ros2_learn_ws/src/linear_motor_control_action' returned '0': CMAKE_PREFIX_PATH=/home/hafizulazwan/ros2_learn_ws/install/action_pkg:/home/hafizulazwan/ros2_learn_ws/install/srv_pkg LD_LIBRARY_PATH=/home/hafizulazwan/ros2_learn_ws/install/action_pkg/lib:/home/hafizulazwan/ros2_learn_ws/install/srv_pkg/lib:/opt/ros/humble/opt/rviz_ogre_vendor/lib:/opt/ros/humble/lib/x86_64-linux-gnu:/opt/ros/humble/lib PYTHONPATH=/home/hafizulazwan/ros2_learn_ws/build/linear_motor_control_action/prefix_override:/usr/lib/python3/dist-packages/colcon_core/task/python/colcon_distutils_commands:/home/hafizulazwan/ros2_learn_ws/install/linear_motor_control_action/lib/python3.10/site-packages:${PYTHONPATH} /usr/bin/python3 -W ignore:setup.py install is deprecated -W ignore:easy_install command is deprecated setup.py egg_info --egg-base ../../build/linear_motor_control_action build --build-base /home/hafizulazwan/ros2_learn_ws/build/linear_motor_control_action/build install --record /home/hafizulazwan/ros2_learn_ws/build/linear_motor_control_action/install.log --single-version-externally-managed install_data
[2.223s] Level 1:colcon.colcon_core.environment:checking '/home/hafizulazwan/ros2_learn_ws/install/linear_motor_control_action' for CMake config files
[2.223s] Level 1:colcon.colcon_core.environment:checking '/home/hafizulazwan/ros2_learn_ws/install/linear_motor_control_action/lib'
[2.223s] Level 1:colcon.colcon_core.environment:checking '/home/hafizulazwan/ros2_learn_ws/install/linear_motor_control_action/bin'
[2.223s] Level 1:colcon.colcon_core.environment:checking '/home/hafizulazwan/ros2_learn_ws/install/linear_motor_control_action/lib/pkgconfig/linear_motor_control_action.pc'
[2.223s] Level 1:colcon.colcon_core.environment:checking '/home/hafizulazwan/ros2_learn_ws/install/linear_motor_control_action/lib/python3.10/site-packages'
[2.223s] Level 1:colcon.colcon_core.shell:create_environment_hook('linear_motor_control_action', 'pythonpath')
[2.224s] INFO:colcon.colcon_core.shell:Creating environment hook '/home/hafizulazwan/ros2_learn_ws/install/linear_motor_control_action/share/linear_motor_control_action/hook/pythonpath.ps1'
[2.224s] INFO:colcon.colcon_core.shell:Creating environment descriptor '/home/hafizulazwan/ros2_learn_ws/install/linear_motor_control_action/share/linear_motor_control_action/hook/pythonpath.dsv'
[2.224s] INFO:colcon.colcon_core.shell:Creating environment hook '/home/hafizulazwan/ros2_learn_ws/install/linear_motor_control_action/share/linear_motor_control_action/hook/pythonpath.sh'
[2.225s] Level 1:colcon.colcon_core.environment:checking '/home/hafizulazwan/ros2_learn_ws/install/linear_motor_control_action/bin'
[2.225s] Level 1:colcon.colcon_core.environment:create_environment_scripts_only(linear_motor_control_action)
[2.225s] INFO:colcon.colcon_core.shell:Creating package script '/home/hafizulazwan/ros2_learn_ws/install/linear_motor_control_action/share/linear_motor_control_action/package.ps1'
[2.225s] INFO:colcon.colcon_core.shell:Creating package descriptor '/home/hafizulazwan/ros2_learn_ws/install/linear_motor_control_action/share/linear_motor_control_action/package.dsv'
[2.226s] INFO:colcon.colcon_core.shell:Creating package script '/home/hafizulazwan/ros2_learn_ws/install/linear_motor_control_action/share/linear_motor_control_action/package.sh'
[2.226s] INFO:colcon.colcon_core.shell:Creating package script '/home/hafizulazwan/ros2_learn_ws/install/linear_motor_control_action/share/linear_motor_control_action/package.bash'
[2.226s] INFO:colcon.colcon_core.shell:Creating package script '/home/hafizulazwan/ros2_learn_ws/install/linear_motor_control_action/share/linear_motor_control_action/package.zsh'
[2.227s] Level 1:colcon.colcon_core.environment:create_file_with_runtime_dependencies(/home/hafizulazwan/ros2_learn_ws/install/linear_motor_control_action/share/colcon-core/packages/linear_motor_control_action)
[2.227s] DEBUG:colcon.colcon_parallel_executor.executor.parallel:closing loop
[2.227s] DEBUG:colcon.colcon_parallel_executor.executor.parallel:loop closed
[2.227s] DEBUG:colcon.colcon_parallel_executor.executor.parallel:run_until_complete finished with '0'
[2.227s] DEBUG:colcon.colcon_core.event_reactor:joining thread
[2.232s] INFO:colcon.colcon_core.plugin_system:Skipping extension 'colcon_notification.desktop_notification.terminal_notifier': Not used on non-Darwin systems
[2.232s] INFO:colcon.colcon_core.plugin_system:Skipping extension 'colcon_notification.desktop_notification.win32': Not used on non-Windows systems
[2.232s] INFO:colcon.colcon_notification.desktop_notification:Sending desktop notification using 'notify2'
[2.245s] DEBUG:colcon.colcon_core.event_reactor:joined thread
[2.245s] INFO:colcon.colcon_core.shell:Creating prefix script '/home/hafizulazwan/ros2_learn_ws/install/local_setup.ps1'
[2.246s] INFO:colcon.colcon_core.shell:Creating prefix util module '/home/hafizulazwan/ros2_learn_ws/install/_local_setup_util_ps1.py'
[2.248s] INFO:colcon.colcon_core.shell:Creating prefix chain script '/home/hafizulazwan/ros2_learn_ws/install/setup.ps1'
[2.249s] INFO:colcon.colcon_core.shell:Creating prefix script '/home/hafizulazwan/ros2_learn_ws/install/local_setup.sh'
[2.249s] INFO:colcon.colcon_core.shell:Creating prefix util module '/home/hafizulazwan/ros2_learn_ws/install/_local_setup_util_sh.py'
[2.250s] INFO:colcon.colcon_core.shell:Creating prefix chain script '/home/hafizulazwan/ros2_learn_ws/install/setup.sh'
[2.251s] INFO:colcon.colcon_core.shell:Creating prefix script '/home/hafizulazwan/ros2_learn_ws/install/local_setup.bash'
[2.251s] INFO:colcon.colcon_core.shell:Creating prefix chain script '/home/hafizulazwan/ros2_learn_ws/install/setup.bash'
[2.252s] INFO:colcon.colcon_core.shell:Creating prefix script '/home/hafizulazwan/ros2_learn_ws/install/local_setup.zsh'
[2.253s] INFO:colcon.colcon_core.shell:Creating prefix chain script '/home/hafizulazwan/ros2_learn_ws/install/setup.zsh'
