[0.827s] Invoking command in '/home/hafizulazwan/ros2_learn_ws/src/srvcli_py': CMAKE_PREFIX_PATH=/home/hafizulazwan/ros2_learn_ws/install/srv_pkg:/home/hafizulazwan/ros2_learn_ws/install/action_pkg LD_LIBRARY_PATH=/home/hafizulazwan/ros2_learn_ws/install/srv_pkg/lib:/home/hafizulazwan/ros2_learn_ws/install/action_pkg/lib:/opt/ros/humble/opt/rviz_ogre_vendor/lib:/opt/ros/humble/lib/x86_64-linux-gnu:/opt/ros/humble/lib PYTHONPATH=/home/hafizulazwan/ros2_learn_ws/build/srvcli_py/prefix_override:/usr/lib/python3/dist-packages/colcon_core/task/python/colcon_distutils_commands:/home/hafizulazwan/ros2_learn_ws/install/srvcli_py/lib/python3.10/site-packages:${PYTHONPATH} /usr/bin/python3 -W ignore:setup.py install is deprecated -W ignore:easy_install command is deprecated setup.py egg_info --egg-base ../../build/srvcli_py build --build-base /home/hafizulazwan/ros2_learn_ws/build/srvcli_py/build install --record /home/hafizulazwan/ros2_learn_ws/build/srvcli_py/install.log --single-version-externally-managed install_data
[1.042s] running egg_info
[1.043s] writing ../../build/srvcli_py/srvcli_py.egg-info/PKG-INFO
[1.043s] writing dependency_links to ../../build/srvcli_py/srvcli_py.egg-info/dependency_links.txt
[1.043s] writing entry points to ../../build/srvcli_py/srvcli_py.egg-info/entry_points.txt
[1.043s] writing requirements to ../../build/srvcli_py/srvcli_py.egg-info/requires.txt
[1.043s] writing top-level names to ../../build/srvcli_py/srvcli_py.egg-info/top_level.txt
[1.045s] reading manifest file '../../build/srvcli_py/srvcli_py.egg-info/SOURCES.txt'
[1.046s] writing manifest file '../../build/srvcli_py/srvcli_py.egg-info/SOURCES.txt'
[1.046s] running build
[1.046s] running build_py
[1.047s] running install
[1.047s] running install_lib
[1.048s] running install_data
[1.048s] running install_egg_info
[1.051s] removing '/home/hafizulazwan/ros2_learn_ws/install/srvcli_py/lib/python3.10/site-packages/srvcli_py-0.0.0-py3.10.egg-info' (and everything under it)
[1.051s] Copying ../../build/srvcli_py/srvcli_py.egg-info to /home/hafizulazwan/ros2_learn_ws/install/srvcli_py/lib/python3.10/site-packages/srvcli_py-0.0.0-py3.10.egg-info
[1.052s] running install_scripts
[1.070s] Installing joint_conversion_client script to /home/hafizulazwan/ros2_learn_ws/install/srvcli_py/lib/srvcli_py
[1.071s] Installing joint_conversion_server script to /home/hafizulazwan/ros2_learn_ws/install/srvcli_py/lib/srvcli_py
[1.071s] writing list of installed files to '/home/hafizulazwan/ros2_learn_ws/build/srvcli_py/install.log'
[1.097s] Invoked command in '/home/hafizulazwan/ros2_learn_ws/src/srvcli_py' returned '0': CMAKE_PREFIX_PATH=/home/hafizulazwan/ros2_learn_ws/install/srv_pkg:/home/hafizulazwan/ros2_learn_ws/install/action_pkg LD_LIBRARY_PATH=/home/hafizulazwan/ros2_learn_ws/install/srv_pkg/lib:/home/hafizulazwan/ros2_learn_ws/install/action_pkg/lib:/opt/ros/humble/opt/rviz_ogre_vendor/lib:/opt/ros/humble/lib/x86_64-linux-gnu:/opt/ros/humble/lib PYTHONPATH=/home/hafizulazwan/ros2_learn_ws/build/srvcli_py/prefix_override:/usr/lib/python3/dist-packages/colcon_core/task/python/colcon_distutils_commands:/home/hafizulazwan/ros2_learn_ws/install/srvcli_py/lib/python3.10/site-packages:${PYTHONPATH} /usr/bin/python3 -W ignore:setup.py install is deprecated -W ignore:easy_install command is deprecated setup.py egg_info --egg-base ../../build/srvcli_py build --build-base /home/hafizulazwan/ros2_learn_ws/build/srvcli_py/build install --record /home/hafizulazwan/ros2_learn_ws/build/srvcli_py/install.log --single-version-externally-managed install_data
