[0.740s] Invoking command in '/home/hafizulazwan/ros2_learn_ws/src/pubsub_py': PYTHONPATH=/home/hafizulazwan/ros2_learn_ws/build/pubsub_py/prefix_override:/usr/lib/python3/dist-packages/colcon_core/task/python/colcon_distutils_commands:/home/hafizulazwan/ros2_learn_ws/install/pubsub_py/lib/python3.10/site-packages:${PYTHONPATH} /usr/bin/python3 -W ignore:setup.py install is deprecated -W ignore:easy_install command is deprecated setup.py egg_info --egg-base ../../build/pubsub_py build --build-base /home/hafizulazwan/ros2_learn_ws/build/pubsub_py/build install --record /home/hafizulazwan/ros2_learn_ws/build/pubsub_py/install.log --single-version-externally-managed install_data
[0.967s] running egg_info
[0.967s] creating ../../build/pubsub_py/pubsub_py.egg-info
[0.967s] writing ../../build/pubsub_py/pubsub_py.egg-info/PKG-INFO
[0.968s] writing dependency_links to ../../build/pubsub_py/pubsub_py.egg-info/dependency_links.txt
[0.968s] writing entry points to ../../build/pubsub_py/pubsub_py.egg-info/entry_points.txt
[0.968s] writing requirements to ../../build/pubsub_py/pubsub_py.egg-info/requires.txt
[0.968s] writing top-level names to ../../build/pubsub_py/pubsub_py.egg-info/top_level.txt
[0.968s] writing manifest file '../../build/pubsub_py/pubsub_py.egg-info/SOURCES.txt'
[0.970s] reading manifest file '../../build/pubsub_py/pubsub_py.egg-info/SOURCES.txt'
[0.970s] writing manifest file '../../build/pubsub_py/pubsub_py.egg-info/SOURCES.txt'
[0.970s] running build
[0.970s] running build_py
[0.970s] creating /home/hafizulazwan/ros2_learn_ws/build/pubsub_py/build
[0.971s] creating /home/hafizulazwan/ros2_learn_ws/build/pubsub_py/build/lib
[0.971s] creating /home/hafizulazwan/ros2_learn_ws/build/pubsub_py/build/lib/pubsub_py
[0.971s] copying pubsub_py/__init__.py -> /home/hafizulazwan/ros2_learn_ws/build/pubsub_py/build/lib/pubsub_py
[0.971s] copying pubsub_py/sine_wave_publisher.py -> /home/hafizulazwan/ros2_learn_ws/build/pubsub_py/build/lib/pubsub_py
[0.971s] running install
[0.971s] running install_lib
[0.971s] creating /home/hafizulazwan/ros2_learn_ws/install/pubsub_py/lib/python3.10/site-packages/pubsub_py
[0.971s] copying /home/hafizulazwan/ros2_learn_ws/build/pubsub_py/build/lib/pubsub_py/__init__.py -> /home/hafizulazwan/ros2_learn_ws/install/pubsub_py/lib/python3.10/site-packages/pubsub_py
[0.971s] copying /home/hafizulazwan/ros2_learn_ws/build/pubsub_py/build/lib/pubsub_py/sine_wave_publisher.py -> /home/hafizulazwan/ros2_learn_ws/install/pubsub_py/lib/python3.10/site-packages/pubsub_py
[0.972s] byte-compiling /home/hafizulazwan/ros2_learn_ws/install/pubsub_py/lib/python3.10/site-packages/pubsub_py/__init__.py to __init__.cpython-310.pyc
[0.972s] byte-compiling /home/hafizulazwan/ros2_learn_ws/install/pubsub_py/lib/python3.10/site-packages/pubsub_py/sine_wave_publisher.py to sine_wave_publisher.cpython-310.pyc
[0.973s] running install_data
[0.973s] creating /home/hafizulazwan/ros2_learn_ws/install/pubsub_py/share/ament_index
[0.973s] creating /home/hafizulazwan/ros2_learn_ws/install/pubsub_py/share/ament_index/resource_index
[0.973s] creating /home/hafizulazwan/ros2_learn_ws/install/pubsub_py/share/ament_index/resource_index/packages
[0.973s] copying resource/pubsub_py -> /home/hafizulazwan/ros2_learn_ws/install/pubsub_py/share/ament_index/resource_index/packages
[0.973s] copying package.xml -> /home/hafizulazwan/ros2_learn_ws/install/pubsub_py/share/pubsub_py
[0.973s] running install_egg_info
[0.974s] Copying ../../build/pubsub_py/pubsub_py.egg-info to /home/hafizulazwan/ros2_learn_ws/install/pubsub_py/lib/python3.10/site-packages/pubsub_py-0.0.0-py3.10.egg-info
[0.975s] running install_scripts
[0.993s] Installing sine_wave_publisher script to /home/hafizulazwan/ros2_learn_ws/install/pubsub_py/lib/pubsub_py
[0.993s] writing list of installed files to '/home/hafizulazwan/ros2_learn_ws/build/pubsub_py/install.log'
[1.017s] Invoked command in '/home/hafizulazwan/ros2_learn_ws/src/pubsub_py' returned '0': PYTHONPATH=/home/hafizulazwan/ros2_learn_ws/build/pubsub_py/prefix_override:/usr/lib/python3/dist-packages/colcon_core/task/python/colcon_distutils_commands:/home/hafizulazwan/ros2_learn_ws/install/pubsub_py/lib/python3.10/site-packages:${PYTHONPATH} /usr/bin/python3 -W ignore:setup.py install is deprecated -W ignore:easy_install command is deprecated setup.py egg_info --egg-base ../../build/pubsub_py build --build-base /home/hafizulazwan/ros2_learn_ws/build/pubsub_py/build install --record /home/hafizulazwan/ros2_learn_ws/build/pubsub_py/install.log --single-version-externally-managed install_data
