[1.011s] Invoking command in '/home/user/ros2_ws/src/pubsub_py': PYTHONPATH=/home/user/ros2_ws/build/pubsub_py/prefix_override:/usr/lib/python3/dist-packages/colcon_core/task/python/colcon_distutils_commands:/home/user/ros2_ws/install/pubsub_py/lib/python3.10/site-packages:${PYTHONPATH} /usr/bin/python3 -W ignore:setup.py install is deprecated -W ignore:easy_install command is deprecated setup.py egg_info --egg-base ../../build/pubsub_py build --build-base /home/user/ros2_ws/build/pubsub_py/build install --record /home/user/ros2_ws/build/pubsub_py/install.log --single-version-externally-managed install_data
[1.158s] running egg_info
[1.159s] writing ../../build/pubsub_py/pubsub_py.egg-info/PKG-INFO
[1.159s] writing dependency_links to ../../build/pubsub_py/pubsub_py.egg-info/dependency_links.txt
[1.159s] writing entry points to ../../build/pubsub_py/pubsub_py.egg-info/entry_points.txt
[1.159s] writing requirements to ../../build/pubsub_py/pubsub_py.egg-info/requires.txt
[1.159s] writing top-level names to ../../build/pubsub_py/pubsub_py.egg-info/top_level.txt
[1.161s] reading manifest file '../../build/pubsub_py/pubsub_py.egg-info/SOURCES.txt'
[1.161s] writing manifest file '../../build/pubsub_py/pubsub_py.egg-info/SOURCES.txt'
[1.161s] running build
[1.161s] running build_py
[1.161s] running install
[1.162s] running install_lib
[1.163s] running install_data
[1.163s] running install_egg_info
[1.164s] removing '/home/user/ros2_ws/install/pubsub_py/lib/python3.10/site-packages/pubsub_py-0.0.0-py3.10.egg-info' (and everything under it)
[1.164s] Copying ../../build/pubsub_py/pubsub_py.egg-info to /home/user/ros2_ws/install/pubsub_py/lib/python3.10/site-packages/pubsub_py-0.0.0-py3.10.egg-info
[1.164s] running install_scripts
[1.201s] Installing sine_wave_publisher script to /home/user/ros2_ws/install/pubsub_py/lib/pubsub_py
[1.201s] Installing sine_wave_subscriber script to /home/user/ros2_ws/install/pubsub_py/lib/pubsub_py
[1.201s] writing list of installed files to '/home/user/ros2_ws/build/pubsub_py/install.log'
[1.217s] Invoked command in '/home/user/ros2_ws/src/pubsub_py' returned '0': PYTHONPATH=/home/user/ros2_ws/build/pubsub_py/prefix_override:/usr/lib/python3/dist-packages/colcon_core/task/python/colcon_distutils_commands:/home/user/ros2_ws/install/pubsub_py/lib/python3.10/site-packages:${PYTHONPATH} /usr/bin/python3 -W ignore:setup.py install is deprecated -W ignore:easy_install command is deprecated setup.py egg_info --egg-base ../../build/pubsub_py build --build-base /home/user/ros2_ws/build/pubsub_py/build install --record /home/user/ros2_ws/build/pubsub_py/install.log --single-version-externally-managed install_data
