[  3%] Built target srv_pkg__cpp
[ 12%] Built target srv_pkg__rosidl_generator_c
[ 12%] Built target ament_cmake_python_copy_srv_pkg
[ 22%] Built target srv_pkg__rosidl_typesupport_cpp
[ 41%] Built target srv_pkg__rosidl_typesupport_fastrtps_cpp
[ 41%] Built target srv_pkg__rosidl_typesupport_introspection_cpp
[ 51%] Built target srv_pkg__rosidl_typesupport_fastrtps_c
[ 61%] Built target srv_pkg__rosidl_typesupport_introspection_c
[ 70%] Built target srv_pkg__rosidl_typesupport_c
[ 70%] Built target srv_pkg
[ 74%] Built target srv_pkg__py
[ 80%] Built target srv_pkg__rosidl_generator_py
[ 87%] Built target srv_pkg__rosidl_typesupport_fastrtps_c__pyext
[ 93%] Built target srv_pkg__rosidl_typesupport_c__pyext
[100%] Built target srv_pkg__rosidl_typesupport_introspection_c__pyext
running egg_info
writing srv_pkg.egg-info/PKG-INFO
writing dependency_links to srv_pkg.egg-info/dependency_links.txt
writing top-level names to srv_pkg.egg-info/top_level.txt
reading manifest file 'srv_pkg.egg-info/SOURCES.txt'
writing manifest file 'srv_pkg.egg-info/SOURCES.txt'
[100%] Built target ament_cmake_python_build_srv_pkg_egg
-- Install configuration: ""
-- Up-to-date: /home/user/ros2_ws/install/srv_pkg/share/ament_index/resource_index/rosidl_interfaces/srv_pkg
-- Up-to-date: /home/user/ros2_ws/install/srv_pkg/include/srv_pkg/srv_pkg
-- Up-to-date: /home/user/ros2_ws/install/srv_pkg/include/srv_pkg/srv_pkg/msg
-- Up-to-date: /home/user/ros2_ws/install/srv_pkg/include/srv_pkg/srv_pkg/msg/rosidl_generator_c__visibility_control.h
-- Up-to-date: /home/user/ros2_ws/install/srv_pkg/include/srv_pkg/srv_pkg/srv
-- Up-to-date: /home/user/ros2_ws/install/srv_pkg/include/srv_pkg/srv_pkg/srv/joint_conversion.h
-- Up-to-date: /home/user/ros2_ws/install/srv_pkg/include/srv_pkg/srv_pkg/srv/detail
-- Up-to-date: /home/user/ros2_ws/install/srv_pkg/include/srv_pkg/srv_pkg/srv/detail/joint_conversion__functions.c
-- Up-to-date: /home/user/ros2_ws/install/srv_pkg/include/srv_pkg/srv_pkg/srv/detail/joint_conversion__type_support.h
-- Up-to-date: /home/user/ros2_ws/install/srv_pkg/include/srv_pkg/srv_pkg/srv/detail/joint_conversion__functions.h
-- Up-to-date: /home/user/ros2_ws/install/srv_pkg/include/srv_pkg/srv_pkg/srv/detail/joint_conversion__struct.h
-- Up-to-date: /home/user/ros2_ws/install/srv_pkg/share/srv_pkg/environment/library_path.sh
-- Up-to-date: /home/user/ros2_ws/install/srv_pkg/share/srv_pkg/environment/library_path.dsv
-- Up-to-date: /home/user/ros2_ws/install/srv_pkg/lib/libsrv_pkg__rosidl_generator_c.so
-- Up-to-date: /home/user/ros2_ws/install/srv_pkg/include/srv_pkg/srv_pkg
-- Up-to-date: /home/user/ros2_ws/install/srv_pkg/include/srv_pkg/srv_pkg/msg
-- Up-to-date: /home/user/ros2_ws/install/srv_pkg/include/srv_pkg/srv_pkg/msg/rosidl_typesupport_fastrtps_c__visibility_control.h
-- Up-to-date: /home/user/ros2_ws/install/srv_pkg/include/srv_pkg/srv_pkg/srv
-- Up-to-date: /home/user/ros2_ws/install/srv_pkg/include/srv_pkg/srv_pkg/srv/detail
-- Up-to-date: /home/user/ros2_ws/install/srv_pkg/include/srv_pkg/srv_pkg/srv/detail/joint_conversion__rosidl_typesupport_fastrtps_c.h
-- Up-to-date: /home/user/ros2_ws/install/srv_pkg/lib/libsrv_pkg__rosidl_typesupport_fastrtps_c.so
-- Up-to-date: /home/user/ros2_ws/install/srv_pkg/include/srv_pkg/srv_pkg
-- Up-to-date: /home/user/ros2_ws/install/srv_pkg/include/srv_pkg/srv_pkg/msg
-- Up-to-date: /home/user/ros2_ws/install/srv_pkg/include/srv_pkg/srv_pkg/msg/rosidl_typesupport_introspection_c__visibility_control.h
-- Up-to-date: /home/user/ros2_ws/install/srv_pkg/include/srv_pkg/srv_pkg/srv
-- Up-to-date: /home/user/ros2_ws/install/srv_pkg/include/srv_pkg/srv_pkg/srv/detail
-- Up-to-date: /home/user/ros2_ws/install/srv_pkg/include/srv_pkg/srv_pkg/srv/detail/joint_conversion__rosidl_typesupport_introspection_c.h
-- Up-to-date: /home/user/ros2_ws/install/srv_pkg/include/srv_pkg/srv_pkg/srv/detail/joint_conversion__type_support.c
-- Up-to-date: /home/user/ros2_ws/install/srv_pkg/lib/libsrv_pkg__rosidl_typesupport_introspection_c.so
-- Up-to-date: /home/user/ros2_ws/install/srv_pkg/lib/libsrv_pkg__rosidl_typesupport_c.so
-- Up-to-date: /home/user/ros2_ws/install/srv_pkg/include/srv_pkg/srv_pkg
-- Up-to-date: /home/user/ros2_ws/install/srv_pkg/include/srv_pkg/srv_pkg/msg
-- Up-to-date: /home/user/ros2_ws/install/srv_pkg/include/srv_pkg/srv_pkg/msg/rosidl_generator_cpp__visibility_control.hpp
-- Up-to-date: /home/user/ros2_ws/install/srv_pkg/include/srv_pkg/srv_pkg/srv
-- Up-to-date: /home/user/ros2_ws/install/srv_pkg/include/srv_pkg/srv_pkg/srv/joint_conversion.hpp
-- Up-to-date: /home/user/ros2_ws/install/srv_pkg/include/srv_pkg/srv_pkg/srv/detail
-- Up-to-date: /home/user/ros2_ws/install/srv_pkg/include/srv_pkg/srv_pkg/srv/detail/joint_conversion__struct.hpp
-- Up-to-date: /home/user/ros2_ws/install/srv_pkg/include/srv_pkg/srv_pkg/srv/detail/joint_conversion__builder.hpp
-- Up-to-date: /home/user/ros2_ws/install/srv_pkg/include/srv_pkg/srv_pkg/srv/detail/joint_conversion__traits.hpp
-- Up-to-date: /home/user/ros2_ws/install/srv_pkg/include/srv_pkg/srv_pkg/srv/detail/joint_conversion__type_support.hpp
-- Up-to-date: /home/user/ros2_ws/install/srv_pkg/include/srv_pkg/srv_pkg
-- Up-to-date: /home/user/ros2_ws/install/srv_pkg/include/srv_pkg/srv_pkg/msg
-- Up-to-date: /home/user/ros2_ws/install/srv_pkg/include/srv_pkg/srv_pkg/msg/rosidl_typesupport_fastrtps_cpp__visibility_control.h
-- Up-to-date: /home/user/ros2_ws/install/srv_pkg/include/srv_pkg/srv_pkg/srv
-- Up-to-date: /home/user/ros2_ws/install/srv_pkg/include/srv_pkg/srv_pkg/srv/detail
-- Up-to-date: /home/user/ros2_ws/install/srv_pkg/include/srv_pkg/srv_pkg/srv/detail/joint_conversion__rosidl_typesupport_fastrtps_cpp.hpp
-- Up-to-date: /home/user/ros2_ws/install/srv_pkg/include/srv_pkg/srv_pkg/srv/detail/dds_fastrtps
-- Up-to-date: /home/user/ros2_ws/install/srv_pkg/lib/libsrv_pkg__rosidl_typesupport_fastrtps_cpp.so
-- Up-to-date: /home/user/ros2_ws/install/srv_pkg/include/srv_pkg/srv_pkg
-- Up-to-date: /home/user/ros2_ws/install/srv_pkg/include/srv_pkg/srv_pkg/srv
-- Up-to-date: /home/user/ros2_ws/install/srv_pkg/include/srv_pkg/srv_pkg/srv/detail
-- Up-to-date: /home/user/ros2_ws/install/srv_pkg/include/srv_pkg/srv_pkg/srv/detail/joint_conversion__type_support.cpp
-- Up-to-date: /home/user/ros2_ws/install/srv_pkg/include/srv_pkg/srv_pkg/srv/detail/joint_conversion__rosidl_typesupport_introspection_cpp.hpp
-- Up-to-date: /home/user/ros2_ws/install/srv_pkg/lib/libsrv_pkg__rosidl_typesupport_introspection_cpp.so
-- Up-to-date: /home/user/ros2_ws/install/srv_pkg/lib/libsrv_pkg__rosidl_typesupport_cpp.so
-- Up-to-date: /home/user/ros2_ws/install/srv_pkg/share/srv_pkg/environment/pythonpath.sh
-- Up-to-date: /home/user/ros2_ws/install/srv_pkg/share/srv_pkg/environment/pythonpath.dsv
-- Up-to-date: /home/user/ros2_ws/install/srv_pkg/local/lib/python3.10/dist-packages/srv_pkg-0.0.0-py3.10.egg-info
-- Installing: /home/user/ros2_ws/install/srv_pkg/local/lib/python3.10/dist-packages/srv_pkg-0.0.0-py3.10.egg-info/top_level.txt
-- Installing: /home/user/ros2_ws/install/srv_pkg/local/lib/python3.10/dist-packages/srv_pkg-0.0.0-py3.10.egg-info/PKG-INFO
-- Installing: /home/user/ros2_ws/install/srv_pkg/local/lib/python3.10/dist-packages/srv_pkg-0.0.0-py3.10.egg-info/dependency_links.txt
-- Installing: /home/user/ros2_ws/install/srv_pkg/local/lib/python3.10/dist-packages/srv_pkg-0.0.0-py3.10.egg-info/SOURCES.txt
-- Up-to-date: /home/user/ros2_ws/install/srv_pkg/local/lib/python3.10/dist-packages/srv_pkg
-- Up-to-date: /home/user/ros2_ws/install/srv_pkg/local/lib/python3.10/dist-packages/srv_pkg/_srv_pkg_s.ep.rosidl_typesupport_fastrtps_c.c
-- Up-to-date: /home/user/ros2_ws/install/srv_pkg/local/lib/python3.10/dist-packages/srv_pkg/libsrv_pkg__rosidl_generator_py.so
-- Up-to-date: /home/user/ros2_ws/install/srv_pkg/local/lib/python3.10/dist-packages/srv_pkg/srv_pkg_s__rosidl_typesupport_c.cpython-310-x86_64-linux-gnu.so
-- Up-to-date: /home/user/ros2_ws/install/srv_pkg/local/lib/python3.10/dist-packages/srv_pkg/__init__.py
-- Up-to-date: /home/user/ros2_ws/install/srv_pkg/local/lib/python3.10/dist-packages/srv_pkg/srv
-- Up-to-date: /home/user/ros2_ws/install/srv_pkg/local/lib/python3.10/dist-packages/srv_pkg/srv/_joint_conversion_s.c
-- Up-to-date: /home/user/ros2_ws/install/srv_pkg/local/lib/python3.10/dist-packages/srv_pkg/srv/__init__.py
-- Up-to-date: /home/user/ros2_ws/install/srv_pkg/local/lib/python3.10/dist-packages/srv_pkg/srv/_joint_conversion.py
-- Up-to-date: /home/user/ros2_ws/install/srv_pkg/local/lib/python3.10/dist-packages/srv_pkg/_srv_pkg_s.ep.rosidl_typesupport_introspection_c.c
-- Up-to-date: /home/user/ros2_ws/install/srv_pkg/local/lib/python3.10/dist-packages/srv_pkg/_srv_pkg_s.ep.rosidl_typesupport_c.c
-- Up-to-date: /home/user/ros2_ws/install/srv_pkg/local/lib/python3.10/dist-packages/srv_pkg/srv_pkg_s__rosidl_typesupport_fastrtps_c.cpython-310-x86_64-linux-gnu.so
-- Up-to-date: /home/user/ros2_ws/install/srv_pkg/local/lib/python3.10/dist-packages/srv_pkg/srv_pkg_s__rosidl_typesupport_introspection_c.cpython-310-x86_64-linux-gnu.so
Listing '/home/user/ros2_ws/install/srv_pkg/local/lib/python3.10/dist-packages/srv_pkg'...
Listing '/home/user/ros2_ws/install/srv_pkg/local/lib/python3.10/dist-packages/srv_pkg/srv'...
-- Up-to-date: /home/user/ros2_ws/install/srv_pkg/local/lib/python3.10/dist-packages/srv_pkg/srv_pkg_s__rosidl_typesupport_fastrtps_c.cpython-310-x86_64-linux-gnu.so
-- Up-to-date: /home/user/ros2_ws/install/srv_pkg/local/lib/python3.10/dist-packages/srv_pkg/srv_pkg_s__rosidl_typesupport_introspection_c.cpython-310-x86_64-linux-gnu.so
-- Up-to-date: /home/user/ros2_ws/install/srv_pkg/local/lib/python3.10/dist-packages/srv_pkg/srv_pkg_s__rosidl_typesupport_c.cpython-310-x86_64-linux-gnu.so
-- Up-to-date: /home/user/ros2_ws/install/srv_pkg/lib/libsrv_pkg__rosidl_generator_py.so
-- Up-to-date: /home/user/ros2_ws/install/srv_pkg/share/srv_pkg/srv/JointConversion.idl
-- Up-to-date: /home/user/ros2_ws/install/srv_pkg/share/srv_pkg/srv/JointConversion.srv
-- Up-to-date: /home/user/ros2_ws/install/srv_pkg/share/srv_pkg/srv/JointConversion_Request.msg
-- Up-to-date: /home/user/ros2_ws/install/srv_pkg/share/srv_pkg/srv/JointConversion_Response.msg
-- Up-to-date: /home/user/ros2_ws/install/srv_pkg/share/ament_index/resource_index/package_run_dependencies/srv_pkg
-- Up-to-date: /home/user/ros2_ws/install/srv_pkg/share/ament_index/resource_index/parent_prefix_path/srv_pkg
-- Up-to-date: /home/user/ros2_ws/install/srv_pkg/share/srv_pkg/environment/ament_prefix_path.sh
-- Up-to-date: /home/user/ros2_ws/install/srv_pkg/share/srv_pkg/environment/ament_prefix_path.dsv
-- Up-to-date: /home/user/ros2_ws/install/srv_pkg/share/srv_pkg/environment/path.sh
-- Up-to-date: /home/user/ros2_ws/install/srv_pkg/share/srv_pkg/environment/path.dsv
-- Up-to-date: /home/user/ros2_ws/install/srv_pkg/share/srv_pkg/local_setup.bash
-- Up-to-date: /home/user/ros2_ws/install/srv_pkg/share/srv_pkg/local_setup.sh
-- Up-to-date: /home/user/ros2_ws/install/srv_pkg/share/srv_pkg/local_setup.zsh
-- Up-to-date: /home/user/ros2_ws/install/srv_pkg/share/srv_pkg/local_setup.dsv
-- Installing: /home/user/ros2_ws/install/srv_pkg/share/srv_pkg/package.dsv
-- Up-to-date: /home/user/ros2_ws/install/srv_pkg/share/ament_index/resource_index/packages/srv_pkg
-- Up-to-date: /home/user/ros2_ws/install/srv_pkg/share/srv_pkg/cmake/export_srv_pkg__rosidl_generator_cExport.cmake
-- Up-to-date: /home/user/ros2_ws/install/srv_pkg/share/srv_pkg/cmake/export_srv_pkg__rosidl_generator_cExport-noconfig.cmake
-- Up-to-date: /home/user/ros2_ws/install/srv_pkg/share/srv_pkg/cmake/export_srv_pkg__rosidl_typesupport_fastrtps_cExport.cmake
-- Up-to-date: /home/user/ros2_ws/install/srv_pkg/share/srv_pkg/cmake/export_srv_pkg__rosidl_typesupport_fastrtps_cExport-noconfig.cmake
-- Up-to-date: /home/user/ros2_ws/install/srv_pkg/share/srv_pkg/cmake/srv_pkg__rosidl_typesupport_introspection_cExport.cmake
-- Up-to-date: /home/user/ros2_ws/install/srv_pkg/share/srv_pkg/cmake/srv_pkg__rosidl_typesupport_introspection_cExport-noconfig.cmake
-- Up-to-date: /home/user/ros2_ws/install/srv_pkg/share/srv_pkg/cmake/srv_pkg__rosidl_typesupport_cExport.cmake
-- Up-to-date: /home/user/ros2_ws/install/srv_pkg/share/srv_pkg/cmake/srv_pkg__rosidl_typesupport_cExport-noconfig.cmake
-- Up-to-date: /home/user/ros2_ws/install/srv_pkg/share/srv_pkg/cmake/export_srv_pkg__rosidl_generator_cppExport.cmake
-- Up-to-date: /home/user/ros2_ws/install/srv_pkg/share/srv_pkg/cmake/export_srv_pkg__rosidl_typesupport_fastrtps_cppExport.cmake
-- Up-to-date: /home/user/ros2_ws/install/srv_pkg/share/srv_pkg/cmake/export_srv_pkg__rosidl_typesupport_fastrtps_cppExport-noconfig.cmake
-- Up-to-date: /home/user/ros2_ws/install/srv_pkg/share/srv_pkg/cmake/srv_pkg__rosidl_typesupport_introspection_cppExport.cmake
-- Up-to-date: /home/user/ros2_ws/install/srv_pkg/share/srv_pkg/cmake/srv_pkg__rosidl_typesupport_introspection_cppExport-noconfig.cmake
-- Up-to-date: /home/user/ros2_ws/install/srv_pkg/share/srv_pkg/cmake/srv_pkg__rosidl_typesupport_cppExport.cmake
-- Up-to-date: /home/user/ros2_ws/install/srv_pkg/share/srv_pkg/cmake/srv_pkg__rosidl_typesupport_cppExport-noconfig.cmake
-- Up-to-date: /home/user/ros2_ws/install/srv_pkg/share/srv_pkg/cmake/export_srv_pkg__rosidl_generator_pyExport.cmake
-- Up-to-date: /home/user/ros2_ws/install/srv_pkg/share/srv_pkg/cmake/export_srv_pkg__rosidl_generator_pyExport-noconfig.cmake
-- Up-to-date: /home/user/ros2_ws/install/srv_pkg/share/srv_pkg/cmake/rosidl_cmake-extras.cmake
-- Up-to-date: /home/user/ros2_ws/install/srv_pkg/share/srv_pkg/cmake/ament_cmake_export_dependencies-extras.cmake
-- Up-to-date: /home/user/ros2_ws/install/srv_pkg/share/srv_pkg/cmake/ament_cmake_export_include_directories-extras.cmake
-- Up-to-date: /home/user/ros2_ws/install/srv_pkg/share/srv_pkg/cmake/ament_cmake_export_libraries-extras.cmake
-- Up-to-date: /home/user/ros2_ws/install/srv_pkg/share/srv_pkg/cmake/ament_cmake_export_targets-extras.cmake
-- Up-to-date: /home/user/ros2_ws/install/srv_pkg/share/srv_pkg/cmake/rosidl_cmake_export_typesupport_targets-extras.cmake
-- Up-to-date: /home/user/ros2_ws/install/srv_pkg/share/srv_pkg/cmake/rosidl_cmake_export_typesupport_libraries-extras.cmake
-- Up-to-date: /home/user/ros2_ws/install/srv_pkg/share/srv_pkg/cmake/srv_pkgConfig.cmake
-- Up-to-date: /home/user/ros2_ws/install/srv_pkg/share/srv_pkg/cmake/srv_pkgConfig-version.cmake
-- Up-to-date: /home/user/ros2_ws/install/srv_pkg/share/srv_pkg/package.xml
