[0.013s] Invoking command in '/home/user/ros2_ws/build/action_pkg': CMAKE_PREFIX_PATH=${CMAKE_PREFIX_PATH}:/home/user/ros2_ws/install/srvcli_py:/home/user/ros2_ws/install/pubsub_py:/home/user/ros2_ws/install/minimal_pkg:/home/user/ros2_ws/install/linear_motor_control_action:/opt/ros/humble /usr/bin/cmake /home/user/ros2_ws/src/action_pkg -DCMAKE_INSTALL_PREFIX=/home/user/ros2_ws/install/action_pkg
[0.169s] -- The C compiler identification is GNU 11.4.0
[0.169s] -- The CXX compiler identification is GNU 11.4.0
[0.169s] -- Detecting C compiler ABI info
[0.180s] -- Detecting C compiler ABI info - done
[0.186s] -- Check for working C compiler: /usr/bin/cc - skipped
[0.186s] -- Detecting C compile features
[0.186s] -- Detecting C compile features - done
[0.188s] -- Detecting CXX compiler ABI info
[0.238s] -- Detecting CXX compiler ABI info - done
[0.243s] -- Check for working CXX compiler: /usr/bin/c++ - skipped
[0.243s] -- Detecting CXX compile features
[0.244s] -- Detecting CXX compile features - done
[0.246s] -- Found ament_cmake: 1.3.11 (/opt/ros/humble/share/ament_cmake/cmake)
[0.347s] -- Found Python3: /usr/bin/python3 (found version "3.10.12") found components: Interpreter 
[0.436s] -- Found rosidl_default_generators: 1.2.0 (/opt/ros/humble/share/rosidl_default_generators/cmake)
[0.441s] -- Using all available rosidl_typesupport_c: rosidl_typesupport_fastrtps_c;rosidl_typesupport_introspection_c
[0.450s] -- Found rosidl_adapter: 3.1.6 (/opt/ros/humble/share/rosidl_adapter/cmake)
[0.500s] -- Using all available rosidl_typesupport_cpp: rosidl_typesupport_fastrtps_cpp;rosidl_typesupport_introspection_cpp
[0.539s] -- Found ament_lint_auto: 0.12.11 (/opt/ros/humble/share/ament_lint_auto/cmake)
[0.785s] -- Found ament_cmake_ros: 0.10.0 (/opt/ros/humble/share/ament_cmake_ros/cmake)
[0.917s] -- Using all available rosidl_typesupport_c: rosidl_typesupport_fastrtps_c;rosidl_typesupport_introspection_c
[1.068s] -- Using all available rosidl_typesupport_cpp: rosidl_typesupport_fastrtps_cpp;rosidl_typesupport_introspection_cpp
[1.082s] -- Found PythonInterp: /usr/bin/python3 (found suitable version "3.10.12", minimum required is "3.6") 
[1.084s] -- Found python_cmake_module: 0.10.0 (/opt/ros/humble/share/python_cmake_module/cmake)
[1.101s] -- Found PythonLibs: /usr/lib/x86_64-linux-gnu/libpython3.10.so (found suitable version "3.10.12", minimum required is "3.5") 
[1.101s] -- Using PYTHON_EXECUTABLE: /usr/bin/python3
[1.101s] -- Using PYTHON_INCLUDE_DIRS: /usr/include/python3.10
[1.101s] -- Using PYTHON_LIBRARIES: /usr/lib/x86_64-linux-gnu/libpython3.10.so
[1.114s] -- Found PythonExtra: .so  
[1.142s] -- Added test 'lint_cmake' to check CMake code style
[1.143s] -- Added test 'xmllint' to check XML markup files
[1.147s] -- Configuring done
[1.164s] -- Generating done
[1.170s] -- Build files have been written to: /home/user/ros2_ws/build/action_pkg
[1.176s] Invoked command in '/home/user/ros2_ws/build/action_pkg' returned '0': CMAKE_PREFIX_PATH=${CMAKE_PREFIX_PATH}:/home/user/ros2_ws/install/srvcli_py:/home/user/ros2_ws/install/pubsub_py:/home/user/ros2_ws/install/minimal_pkg:/home/user/ros2_ws/install/linear_motor_control_action:/opt/ros/humble /usr/bin/cmake /home/user/ros2_ws/src/action_pkg -DCMAKE_INSTALL_PREFIX=/home/user/ros2_ws/install/action_pkg
[1.177s] Invoking command in '/home/user/ros2_ws/build/action_pkg': CMAKE_PREFIX_PATH=${CMAKE_PREFIX_PATH}:/home/user/ros2_ws/install/srvcli_py:/home/user/ros2_ws/install/pubsub_py:/home/user/ros2_ws/install/minimal_pkg:/home/user/ros2_ws/install/linear_motor_control_action:/opt/ros/humble /usr/bin/cmake --build /home/user/ros2_ws/build/action_pkg -- -j20 -l20
[1.196s] [  3%] [34m[1mGenerating C code for ROS interfaces[0m
[1.201s] [  6%] [34m[1mGenerating C++ code for ROS interfaces[0m
[1.206s] [  6%] Built target ament_cmake_python_copy_action_pkg
[1.400s] running egg_info
[1.401s] creating action_pkg.egg-info
[1.401s] writing action_pkg.egg-info/PKG-INFO
[1.401s] writing dependency_links to action_pkg.egg-info/dependency_links.txt
[1.401s] writing top-level names to action_pkg.egg-info/top_level.txt
[1.402s] writing manifest file 'action_pkg.egg-info/SOURCES.txt'
[1.403s] reading manifest file 'action_pkg.egg-info/SOURCES.txt'
[1.403s] writing manifest file 'action_pkg.egg-info/SOURCES.txt'
[1.425s] [  6%] Built target ament_cmake_python_build_action_pkg_egg
[1.544s] [  9%] [32mBuilding C object CMakeFiles/action_pkg__rosidl_generator_c.dir/rosidl_generator_c/action_pkg/action/detail/linear_control__functions.c.o[0m
[1.546s] [  9%] Built target action_pkg__cpp
[1.553s] [ 16%] [34m[1mGenerating C++ type support for eProsima Fast-RTPS[0m
[1.553s] [ 16%] [34m[1mGenerating C++ type support dispatch for ROS interfaces[0m
[1.557s] [ 19%] [34m[1mGenerating C++ introspection for ROS interfaces[0m
[1.667s] [ 22%] [32m[1mLinking C shared library libaction_pkg__rosidl_generator_c.so[0m
[1.703s] [ 22%] Built target action_pkg__rosidl_generator_c
[1.718s] [ 29%] [34m[1mGenerating C introspection for ROS interfaces[0m
[1.719s] [ 29%] [34m[1mGenerating C type support for eProsima Fast-RTPS[0m
[1.719s] [ 32%] [34m[1mGenerating C type support dispatch for ROS interfaces[0m
[1.811s] [ 35%] [32mBuilding CXX object CMakeFiles/action_pkg__rosidl_typesupport_cpp.dir/rosidl_typesupport_cpp/action_pkg/action/linear_control__type_support.cpp.o[0m
[1.906s] [ 38%] [32mBuilding CXX object CMakeFiles/action_pkg__rosidl_typesupport_fastrtps_cpp.dir/rosidl_typesupport_fastrtps_cpp/action_pkg/action/detail/dds_fastrtps/linear_control__type_support.cpp.o[0m
[2.052s] [ 41%] [32mBuilding C object CMakeFiles/action_pkg__rosidl_typesupport_introspection_c.dir/rosidl_typesupport_introspection_c/action_pkg/action/detail/linear_control__type_support.c.o[0m
[2.070s] [ 45%] [32mBuilding CXX object CMakeFiles/action_pkg__rosidl_typesupport_fastrtps_c.dir/rosidl_typesupport_fastrtps_c/action_pkg/action/detail/linear_control__type_support_c.cpp.o[0m
[2.094s] [ 48%] [32m[1mLinking C shared library libaction_pkg__rosidl_typesupport_introspection_c.so[0m
[2.120s] [ 48%] Built target action_pkg__rosidl_typesupport_introspection_c
[2.222s] [ 51%] [32m[1mLinking CXX shared library libaction_pkg__rosidl_typesupport_cpp.so[0m
[2.245s] [ 54%] [32mBuilding CXX object CMakeFiles/action_pkg__rosidl_typesupport_introspection_cpp.dir/rosidl_typesupport_introspection_cpp/action_pkg/action/detail/linear_control__type_support.cpp.o[0m
[2.258s] [ 54%] Built target action_pkg__rosidl_typesupport_cpp
[2.307s] [ 58%] [32mBuilding CXX object CMakeFiles/action_pkg__rosidl_typesupport_c.dir/rosidl_typesupport_c/action_pkg/action/linear_control__type_support.cpp.o[0m
[2.340s] [ 61%] [32m[1mLinking CXX shared library libaction_pkg__rosidl_typesupport_c.so[0m
[2.369s] [ 61%] Built target action_pkg__rosidl_typesupport_c
[2.411s] [ 64%] [32m[1mLinking CXX shared library libaction_pkg__rosidl_typesupport_fastrtps_c.so[0m
[2.413s] [ 67%] [32m[1mLinking CXX shared library libaction_pkg__rosidl_typesupport_fastrtps_cpp.so[0m
[2.465s] [ 67%] Built target action_pkg__rosidl_typesupport_fastrtps_cpp
[2.465s] [ 67%] Built target action_pkg__rosidl_typesupport_fastrtps_c
[2.605s] [ 70%] [32m[1mLinking CXX shared library libaction_pkg__rosidl_typesupport_introspection_cpp.so[0m
[2.645s] [ 70%] Built target action_pkg__rosidl_typesupport_introspection_cpp
[2.655s] [ 70%] Built target action_pkg
[2.665s] [ 74%] [34m[1mGenerating Python code for ROS interfaces[0m
[3.099s] [ 74%] Built target action_pkg__py
[3.109s] [ 77%] [32mBuilding C object CMakeFiles/action_pkg__rosidl_generator_py.dir/rosidl_generator_py/action_pkg/action/_linear_control_s.c.o[0m
[3.189s] [ 80%] [32m[1mLinking C shared library rosidl_generator_py/action_pkg/libaction_pkg__rosidl_generator_py.so[0m
[3.212s] [ 80%] Built target action_pkg__rosidl_generator_py
[3.223s] [ 90%] [32mBuilding C object CMakeFiles/action_pkg__rosidl_typesupport_c__pyext.dir/rosidl_generator_py/action_pkg/_action_pkg_s.ep.rosidl_typesupport_c.c.o[0m
[3.223s] [ 90%] [32mBuilding C object CMakeFiles/action_pkg__rosidl_typesupport_introspection_c__pyext.dir/rosidl_generator_py/action_pkg/_action_pkg_s.ep.rosidl_typesupport_introspection_c.c.o[0m
[3.223s] [ 90%] [32mBuilding C object CMakeFiles/action_pkg__rosidl_typesupport_fastrtps_c__pyext.dir/rosidl_generator_py/action_pkg/_action_pkg_s.ep.rosidl_typesupport_fastrtps_c.c.o[0m
[3.302s] [ 93%] [32m[1mLinking C shared library rosidl_generator_py/action_pkg/action_pkg_s__rosidl_typesupport_c.cpython-310-x86_64-linux-gnu.so[0m
[3.302s] [100%] [32m[1mLinking C shared library rosidl_generator_py/action_pkg/action_pkg_s__rosidl_typesupport_fastrtps_c.cpython-310-x86_64-linux-gnu.so[0m
[3.302s] [100%] [32m[1mLinking C shared library rosidl_generator_py/action_pkg/action_pkg_s__rosidl_typesupport_introspection_c.cpython-310-x86_64-linux-gnu.so[0m
[3.328s] [100%] Built target action_pkg__rosidl_typesupport_c__pyext
[3.328s] [100%] Built target action_pkg__rosidl_typesupport_introspection_c__pyext
[3.328s] [100%] Built target action_pkg__rosidl_typesupport_fastrtps_c__pyext
[3.335s] Invoked command in '/home/user/ros2_ws/build/action_pkg' returned '0': CMAKE_PREFIX_PATH=${CMAKE_PREFIX_PATH}:/home/user/ros2_ws/install/srvcli_py:/home/user/ros2_ws/install/pubsub_py:/home/user/ros2_ws/install/minimal_pkg:/home/user/ros2_ws/install/linear_motor_control_action:/opt/ros/humble /usr/bin/cmake --build /home/user/ros2_ws/build/action_pkg -- -j20 -l20
[3.336s] Invoking command in '/home/user/ros2_ws/build/action_pkg': CMAKE_PREFIX_PATH=${CMAKE_PREFIX_PATH}:/home/user/ros2_ws/install/srvcli_py:/home/user/ros2_ws/install/pubsub_py:/home/user/ros2_ws/install/minimal_pkg:/home/user/ros2_ws/install/linear_motor_control_action:/opt/ros/humble /usr/bin/cmake --install /home/user/ros2_ws/build/action_pkg
[3.341s] -- Install configuration: ""
[3.341s] -- Installing: /home/user/ros2_ws/install/action_pkg/share/ament_index/resource_index/rosidl_interfaces/action_pkg
[3.341s] -- Installing: /home/user/ros2_ws/install/action_pkg/include/action_pkg/action_pkg
[3.341s] -- Installing: /home/user/ros2_ws/install/action_pkg/include/action_pkg/action_pkg/msg
[3.341s] -- Installing: /home/user/ros2_ws/install/action_pkg/include/action_pkg/action_pkg/msg/rosidl_generator_c__visibility_control.h
[3.341s] -- Installing: /home/user/ros2_ws/install/action_pkg/include/action_pkg/action_pkg/action
[3.342s] -- Installing: /home/user/ros2_ws/install/action_pkg/include/action_pkg/action_pkg/action/linear_control.h
[3.342s] -- Installing: /home/user/ros2_ws/install/action_pkg/include/action_pkg/action_pkg/action/detail
[3.342s] -- Installing: /home/user/ros2_ws/install/action_pkg/include/action_pkg/action_pkg/action/detail/linear_control__functions.h
[3.342s] -- Installing: /home/user/ros2_ws/install/action_pkg/include/action_pkg/action_pkg/action/detail/linear_control__type_support.h
[3.342s] -- Installing: /home/user/ros2_ws/install/action_pkg/include/action_pkg/action_pkg/action/detail/linear_control__functions.c
[3.342s] -- Installing: /home/user/ros2_ws/install/action_pkg/include/action_pkg/action_pkg/action/detail/linear_control__struct.h
[3.342s] -- Installing: /home/user/ros2_ws/install/action_pkg/share/action_pkg/environment/library_path.sh
[3.342s] -- Installing: /home/user/ros2_ws/install/action_pkg/share/action_pkg/environment/library_path.dsv
[3.343s] -- Installing: /home/user/ros2_ws/install/action_pkg/lib/libaction_pkg__rosidl_generator_c.so
[3.343s] -- Set runtime path of "/home/user/ros2_ws/install/action_pkg/lib/libaction_pkg__rosidl_generator_c.so" to ""
[3.343s] -- Up-to-date: /home/user/ros2_ws/install/action_pkg/include/action_pkg/action_pkg
[3.343s] -- Up-to-date: /home/user/ros2_ws/install/action_pkg/include/action_pkg/action_pkg/msg
[3.343s] -- Installing: /home/user/ros2_ws/install/action_pkg/include/action_pkg/action_pkg/msg/rosidl_typesupport_fastrtps_c__visibility_control.h
[3.343s] -- Up-to-date: /home/user/ros2_ws/install/action_pkg/include/action_pkg/action_pkg/action
[3.343s] -- Up-to-date: /home/user/ros2_ws/install/action_pkg/include/action_pkg/action_pkg/action/detail
[3.343s] -- Installing: /home/user/ros2_ws/install/action_pkg/include/action_pkg/action_pkg/action/detail/linear_control__rosidl_typesupport_fastrtps_c.h
[3.343s] -- Installing: /home/user/ros2_ws/install/action_pkg/lib/libaction_pkg__rosidl_typesupport_fastrtps_c.so
[3.343s] -- Set runtime path of "/home/user/ros2_ws/install/action_pkg/lib/libaction_pkg__rosidl_typesupport_fastrtps_c.so" to ""
[3.343s] -- Up-to-date: /home/user/ros2_ws/install/action_pkg/include/action_pkg/action_pkg
[3.344s] -- Up-to-date: /home/user/ros2_ws/install/action_pkg/include/action_pkg/action_pkg/msg
[3.344s] -- Installing: /home/user/ros2_ws/install/action_pkg/include/action_pkg/action_pkg/msg/rosidl_typesupport_introspection_c__visibility_control.h
[3.344s] -- Up-to-date: /home/user/ros2_ws/install/action_pkg/include/action_pkg/action_pkg/action
[3.344s] -- Up-to-date: /home/user/ros2_ws/install/action_pkg/include/action_pkg/action_pkg/action/detail
[3.344s] -- Installing: /home/user/ros2_ws/install/action_pkg/include/action_pkg/action_pkg/action/detail/linear_control__type_support.c
[3.344s] -- Installing: /home/user/ros2_ws/install/action_pkg/include/action_pkg/action_pkg/action/detail/linear_control__rosidl_typesupport_introspection_c.h
[3.344s] -- Installing: /home/user/ros2_ws/install/action_pkg/lib/libaction_pkg__rosidl_typesupport_introspection_c.so
[3.344s] -- Set runtime path of "/home/user/ros2_ws/install/action_pkg/lib/libaction_pkg__rosidl_typesupport_introspection_c.so" to ""
[3.344s] -- Installing: /home/user/ros2_ws/install/action_pkg/lib/libaction_pkg__rosidl_typesupport_c.so
[3.344s] -- Set runtime path of "/home/user/ros2_ws/install/action_pkg/lib/libaction_pkg__rosidl_typesupport_c.so" to ""
[3.345s] -- Up-to-date: /home/user/ros2_ws/install/action_pkg/include/action_pkg/action_pkg
[3.345s] -- Up-to-date: /home/user/ros2_ws/install/action_pkg/include/action_pkg/action_pkg/msg
[3.345s] -- Installing: /home/user/ros2_ws/install/action_pkg/include/action_pkg/action_pkg/msg/rosidl_generator_cpp__visibility_control.hpp
[3.345s] -- Up-to-date: /home/user/ros2_ws/install/action_pkg/include/action_pkg/action_pkg/action
[3.345s] -- Up-to-date: /home/user/ros2_ws/install/action_pkg/include/action_pkg/action_pkg/action/detail
[3.345s] -- Installing: /home/user/ros2_ws/install/action_pkg/include/action_pkg/action_pkg/action/detail/linear_control__traits.hpp
[3.345s] -- Installing: /home/user/ros2_ws/install/action_pkg/include/action_pkg/action_pkg/action/detail/linear_control__struct.hpp
[3.345s] -- Installing: /home/user/ros2_ws/install/action_pkg/include/action_pkg/action_pkg/action/detail/linear_control__type_support.hpp
[3.345s] -- Installing: /home/user/ros2_ws/install/action_pkg/include/action_pkg/action_pkg/action/detail/linear_control__builder.hpp
[3.345s] -- Installing: /home/user/ros2_ws/install/action_pkg/include/action_pkg/action_pkg/action/linear_control.hpp
[3.345s] -- Up-to-date: /home/user/ros2_ws/install/action_pkg/include/action_pkg/action_pkg
[3.345s] -- Up-to-date: /home/user/ros2_ws/install/action_pkg/include/action_pkg/action_pkg/msg
[3.345s] -- Installing: /home/user/ros2_ws/install/action_pkg/include/action_pkg/action_pkg/msg/rosidl_typesupport_fastrtps_cpp__visibility_control.h
[3.346s] -- Up-to-date: /home/user/ros2_ws/install/action_pkg/include/action_pkg/action_pkg/action
[3.346s] -- Up-to-date: /home/user/ros2_ws/install/action_pkg/include/action_pkg/action_pkg/action/detail
[3.346s] -- Installing: /home/user/ros2_ws/install/action_pkg/include/action_pkg/action_pkg/action/detail/linear_control__rosidl_typesupport_fastrtps_cpp.hpp
[3.346s] -- Installing: /home/user/ros2_ws/install/action_pkg/include/action_pkg/action_pkg/action/detail/dds_fastrtps
[3.346s] -- Installing: /home/user/ros2_ws/install/action_pkg/lib/libaction_pkg__rosidl_typesupport_fastrtps_cpp.so
[3.346s] -- Set runtime path of "/home/user/ros2_ws/install/action_pkg/lib/libaction_pkg__rosidl_typesupport_fastrtps_cpp.so" to ""
[3.346s] -- Up-to-date: /home/user/ros2_ws/install/action_pkg/include/action_pkg/action_pkg
[3.346s] -- Up-to-date: /home/user/ros2_ws/install/action_pkg/include/action_pkg/action_pkg/action
[3.346s] -- Up-to-date: /home/user/ros2_ws/install/action_pkg/include/action_pkg/action_pkg/action/detail
[3.346s] -- Installing: /home/user/ros2_ws/install/action_pkg/include/action_pkg/action_pkg/action/detail/linear_control__type_support.cpp
[3.346s] -- Installing: /home/user/ros2_ws/install/action_pkg/include/action_pkg/action_pkg/action/detail/linear_control__rosidl_typesupport_introspection_cpp.hpp
[3.346s] -- Installing: /home/user/ros2_ws/install/action_pkg/lib/libaction_pkg__rosidl_typesupport_introspection_cpp.so
[3.346s] -- Set runtime path of "/home/user/ros2_ws/install/action_pkg/lib/libaction_pkg__rosidl_typesupport_introspection_cpp.so" to ""
[3.347s] -- Installing: /home/user/ros2_ws/install/action_pkg/lib/libaction_pkg__rosidl_typesupport_cpp.so
[3.347s] -- Set runtime path of "/home/user/ros2_ws/install/action_pkg/lib/libaction_pkg__rosidl_typesupport_cpp.so" to ""
[3.347s] -- Installing: /home/user/ros2_ws/install/action_pkg/share/action_pkg/environment/pythonpath.sh
[3.347s] -- Installing: /home/user/ros2_ws/install/action_pkg/share/action_pkg/environment/pythonpath.dsv
[3.347s] -- Installing: /home/user/ros2_ws/install/action_pkg/local/lib/python3.10/dist-packages/action_pkg-0.0.0-py3.10.egg-info
[3.347s] -- Installing: /home/user/ros2_ws/install/action_pkg/local/lib/python3.10/dist-packages/action_pkg-0.0.0-py3.10.egg-info/top_level.txt
[3.347s] -- Installing: /home/user/ros2_ws/install/action_pkg/local/lib/python3.10/dist-packages/action_pkg-0.0.0-py3.10.egg-info/PKG-INFO
[3.347s] -- Installing: /home/user/ros2_ws/install/action_pkg/local/lib/python3.10/dist-packages/action_pkg-0.0.0-py3.10.egg-info/dependency_links.txt
[3.347s] -- Installing: /home/user/ros2_ws/install/action_pkg/local/lib/python3.10/dist-packages/action_pkg-0.0.0-py3.10.egg-info/SOURCES.txt
[3.347s] -- Installing: /home/user/ros2_ws/install/action_pkg/local/lib/python3.10/dist-packages/action_pkg
[3.347s] -- Installing: /home/user/ros2_ws/install/action_pkg/local/lib/python3.10/dist-packages/action_pkg/_action_pkg_s.ep.rosidl_typesupport_fastrtps_c.c
[3.347s] -- Installing: /home/user/ros2_ws/install/action_pkg/local/lib/python3.10/dist-packages/action_pkg/action_pkg_s__rosidl_typesupport_c.cpython-310-x86_64-linux-gnu.so
[3.347s] -- Installing: /home/user/ros2_ws/install/action_pkg/local/lib/python3.10/dist-packages/action_pkg/__init__.py
[3.347s] -- Installing: /home/user/ros2_ws/install/action_pkg/local/lib/python3.10/dist-packages/action_pkg/action_pkg_s__rosidl_typesupport_fastrtps_c.cpython-310-x86_64-linux-gnu.so
[3.347s] -- Installing: /home/user/ros2_ws/install/action_pkg/local/lib/python3.10/dist-packages/action_pkg/_action_pkg_s.ep.rosidl_typesupport_introspection_c.c
[3.347s] -- Installing: /home/user/ros2_ws/install/action_pkg/local/lib/python3.10/dist-packages/action_pkg/action
[3.347s] -- Installing: /home/user/ros2_ws/install/action_pkg/local/lib/python3.10/dist-packages/action_pkg/action/__init__.py
[3.347s] -- Installing: /home/user/ros2_ws/install/action_pkg/local/lib/python3.10/dist-packages/action_pkg/action/_linear_control_s.c
[3.347s] -- Installing: /home/user/ros2_ws/install/action_pkg/local/lib/python3.10/dist-packages/action_pkg/action/_linear_control.py
[3.347s] -- Installing: /home/user/ros2_ws/install/action_pkg/local/lib/python3.10/dist-packages/action_pkg/_action_pkg_s.ep.rosidl_typesupport_c.c
[3.347s] -- Installing: /home/user/ros2_ws/install/action_pkg/local/lib/python3.10/dist-packages/action_pkg/libaction_pkg__rosidl_generator_py.so
[3.347s] -- Installing: /home/user/ros2_ws/install/action_pkg/local/lib/python3.10/dist-packages/action_pkg/action_pkg_s__rosidl_typesupport_introspection_c.cpython-310-x86_64-linux-gnu.so
[3.372s] Listing '/home/user/ros2_ws/install/action_pkg/local/lib/python3.10/dist-packages/action_pkg'...
[3.372s] Compiling '/home/user/ros2_ws/install/action_pkg/local/lib/python3.10/dist-packages/action_pkg/__init__.py'...
[3.372s] Listing '/home/user/ros2_ws/install/action_pkg/local/lib/python3.10/dist-packages/action_pkg/action'...
[3.372s] Compiling '/home/user/ros2_ws/install/action_pkg/local/lib/python3.10/dist-packages/action_pkg/action/__init__.py'...
[3.372s] Compiling '/home/user/ros2_ws/install/action_pkg/local/lib/python3.10/dist-packages/action_pkg/action/_linear_control.py'...
[3.375s] -- Installing: /home/user/ros2_ws/install/action_pkg/local/lib/python3.10/dist-packages/action_pkg/action_pkg_s__rosidl_typesupport_fastrtps_c.cpython-310-x86_64-linux-gnu.so
[3.375s] -- Set runtime path of "/home/user/ros2_ws/install/action_pkg/local/lib/python3.10/dist-packages/action_pkg/action_pkg_s__rosidl_typesupport_fastrtps_c.cpython-310-x86_64-linux-gnu.so" to ""
[3.376s] -- Installing: /home/user/ros2_ws/install/action_pkg/local/lib/python3.10/dist-packages/action_pkg/action_pkg_s__rosidl_typesupport_introspection_c.cpython-310-x86_64-linux-gnu.so
[3.376s] -- Set runtime path of "/home/user/ros2_ws/install/action_pkg/local/lib/python3.10/dist-packages/action_pkg/action_pkg_s__rosidl_typesupport_introspection_c.cpython-310-x86_64-linux-gnu.so" to ""
[3.376s] -- Installing: /home/user/ros2_ws/install/action_pkg/local/lib/python3.10/dist-packages/action_pkg/action_pkg_s__rosidl_typesupport_c.cpython-310-x86_64-linux-gnu.so
[3.376s] -- Set runtime path of "/home/user/ros2_ws/install/action_pkg/local/lib/python3.10/dist-packages/action_pkg/action_pkg_s__rosidl_typesupport_c.cpython-310-x86_64-linux-gnu.so" to ""
[3.376s] -- Installing: /home/user/ros2_ws/install/action_pkg/lib/libaction_pkg__rosidl_generator_py.so
[3.376s] -- Set runtime path of "/home/user/ros2_ws/install/action_pkg/lib/libaction_pkg__rosidl_generator_py.so" to ""
[3.376s] -- Installing: /home/user/ros2_ws/install/action_pkg/share/action_pkg/action/LinearControl.idl
[3.377s] -- Installing: /home/user/ros2_ws/install/action_pkg/share/action_pkg/action/LinearControl.action
[3.377s] -- Installing: /home/user/ros2_ws/install/action_pkg/share/ament_index/resource_index/package_run_dependencies/action_pkg
[3.377s] -- Installing: /home/user/ros2_ws/install/action_pkg/share/ament_index/resource_index/parent_prefix_path/action_pkg
[3.377s] -- Installing: /home/user/ros2_ws/install/action_pkg/share/action_pkg/environment/ament_prefix_path.sh
[3.377s] -- Installing: /home/user/ros2_ws/install/action_pkg/share/action_pkg/environment/ament_prefix_path.dsv
[3.377s] -- Installing: /home/user/ros2_ws/install/action_pkg/share/action_pkg/environment/path.sh
[3.377s] -- Installing: /home/user/ros2_ws/install/action_pkg/share/action_pkg/environment/path.dsv
[3.377s] -- Installing: /home/user/ros2_ws/install/action_pkg/share/action_pkg/local_setup.bash
[3.377s] -- Installing: /home/user/ros2_ws/install/action_pkg/share/action_pkg/local_setup.sh
[3.377s] -- Installing: /home/user/ros2_ws/install/action_pkg/share/action_pkg/local_setup.zsh
[3.377s] -- Installing: /home/user/ros2_ws/install/action_pkg/share/action_pkg/local_setup.dsv
[3.377s] -- Installing: /home/user/ros2_ws/install/action_pkg/share/action_pkg/package.dsv
[3.377s] -- Installing: /home/user/ros2_ws/install/action_pkg/share/ament_index/resource_index/packages/action_pkg
[3.378s] -- Installing: /home/user/ros2_ws/install/action_pkg/share/action_pkg/cmake/export_action_pkg__rosidl_generator_cExport.cmake
[3.378s] -- Installing: /home/user/ros2_ws/install/action_pkg/share/action_pkg/cmake/export_action_pkg__rosidl_generator_cExport-noconfig.cmake
[3.378s] -- Installing: /home/user/ros2_ws/install/action_pkg/share/action_pkg/cmake/export_action_pkg__rosidl_typesupport_fastrtps_cExport.cmake
[3.378s] -- Installing: /home/user/ros2_ws/install/action_pkg/share/action_pkg/cmake/export_action_pkg__rosidl_typesupport_fastrtps_cExport-noconfig.cmake
[3.378s] -- Installing: /home/user/ros2_ws/install/action_pkg/share/action_pkg/cmake/action_pkg__rosidl_typesupport_introspection_cExport.cmake
[3.378s] -- Installing: /home/user/ros2_ws/install/action_pkg/share/action_pkg/cmake/action_pkg__rosidl_typesupport_introspection_cExport-noconfig.cmake
[3.378s] -- Installing: /home/user/ros2_ws/install/action_pkg/share/action_pkg/cmake/action_pkg__rosidl_typesupport_cExport.cmake
[3.378s] -- Installing: /home/user/ros2_ws/install/action_pkg/share/action_pkg/cmake/action_pkg__rosidl_typesupport_cExport-noconfig.cmake
[3.378s] -- Installing: /home/user/ros2_ws/install/action_pkg/share/action_pkg/cmake/export_action_pkg__rosidl_generator_cppExport.cmake
[3.378s] -- Installing: /home/user/ros2_ws/install/action_pkg/share/action_pkg/cmake/export_action_pkg__rosidl_typesupport_fastrtps_cppExport.cmake
[3.378s] -- Installing: /home/user/ros2_ws/install/action_pkg/share/action_pkg/cmake/export_action_pkg__rosidl_typesupport_fastrtps_cppExport-noconfig.cmake
[3.378s] -- Installing: /home/user/ros2_ws/install/action_pkg/share/action_pkg/cmake/action_pkg__rosidl_typesupport_introspection_cppExport.cmake
[3.378s] -- Installing: /home/user/ros2_ws/install/action_pkg/share/action_pkg/cmake/action_pkg__rosidl_typesupport_introspection_cppExport-noconfig.cmake
[3.379s] -- Installing: /home/user/ros2_ws/install/action_pkg/share/action_pkg/cmake/action_pkg__rosidl_typesupport_cppExport.cmake
[3.379s] -- Installing: /home/user/ros2_ws/install/action_pkg/share/action_pkg/cmake/action_pkg__rosidl_typesupport_cppExport-noconfig.cmake
[3.379s] -- Installing: /home/user/ros2_ws/install/action_pkg/share/action_pkg/cmake/export_action_pkg__rosidl_generator_pyExport.cmake
[3.379s] -- Installing: /home/user/ros2_ws/install/action_pkg/share/action_pkg/cmake/export_action_pkg__rosidl_generator_pyExport-noconfig.cmake
[3.379s] -- Installing: /home/user/ros2_ws/install/action_pkg/share/action_pkg/cmake/rosidl_cmake-extras.cmake
[3.379s] -- Installing: /home/user/ros2_ws/install/action_pkg/share/action_pkg/cmake/ament_cmake_export_dependencies-extras.cmake
[3.379s] -- Installing: /home/user/ros2_ws/install/action_pkg/share/action_pkg/cmake/ament_cmake_export_include_directories-extras.cmake
[3.379s] -- Installing: /home/user/ros2_ws/install/action_pkg/share/action_pkg/cmake/ament_cmake_export_libraries-extras.cmake
[3.379s] -- Installing: /home/user/ros2_ws/install/action_pkg/share/action_pkg/cmake/ament_cmake_export_targets-extras.cmake
[3.379s] -- Installing: /home/user/ros2_ws/install/action_pkg/share/action_pkg/cmake/rosidl_cmake_export_typesupport_targets-extras.cmake
[3.379s] -- Installing: /home/user/ros2_ws/install/action_pkg/share/action_pkg/cmake/rosidl_cmake_export_typesupport_libraries-extras.cmake
[3.379s] -- Installing: /home/user/ros2_ws/install/action_pkg/share/action_pkg/cmake/action_pkgConfig.cmake
[3.379s] -- Installing: /home/user/ros2_ws/install/action_pkg/share/action_pkg/cmake/action_pkgConfig-version.cmake
[3.379s] -- Installing: /home/user/ros2_ws/install/action_pkg/share/action_pkg/package.xml
[3.380s] Invoked command in '/home/user/ros2_ws/build/action_pkg' returned '0': CMAKE_PREFIX_PATH=${CMAKE_PREFIX_PATH}:/home/user/ros2_ws/install/srvcli_py:/home/user/ros2_ws/install/pubsub_py:/home/user/ros2_ws/install/minimal_pkg:/home/user/ros2_ws/install/linear_motor_control_action:/opt/ros/humble /usr/bin/cmake --install /home/user/ros2_ws/build/action_pkg
