-- The C compiler identification is GNU 11.4.0
-- The CXX compiler identification is GNU 11.4.0
-- Detecting C compiler ABI info
-- Detecting C compiler ABI info - done
-- Check for working C compiler: /usr/bin/cc - skipped
-- Detecting C compile features
-- Detecting C compile features - done
-- Detecting CXX compiler ABI info
-- Detecting CXX compiler ABI info - done
-- Check for working CXX compiler: /usr/bin/c++ - skipped
-- Detecting CXX compile features
-- Detecting CXX compile features - done
-- Found ament_cmake: 1.3.11 (/opt/ros/humble/share/ament_cmake/cmake)
-- Found Python3: /usr/bin/python3 (found version "3.10.12") found components: Interpreter 
-- Found rosidl_default_generators: 1.2.0 (/opt/ros/humble/share/rosidl_default_generators/cmake)
-- Using all available rosidl_typesupport_c: rosidl_typesupport_fastrtps_c;rosidl_typesupport_introspection_c
-- Found rosidl_adapter: 3.1.6 (/opt/ros/humble/share/rosidl_adapter/cmake)
-- Using all available rosidl_typesupport_cpp: rosidl_typesupport_fastrtps_cpp;rosidl_typesupport_introspection_cpp
-- Found std_msgs: 4.2.4 (/opt/ros/humble/share/std_msgs/cmake)
-- Found ament_cmake_ros: 0.10.0 (/opt/ros/humble/share/ament_cmake_ros/cmake)
-- Using all available rosidl_typesupport_c: rosidl_typesupport_fastrtps_c;rosidl_typesupport_introspection_c
-- Using all available rosidl_typesupport_cpp: rosidl_typesupport_fastrtps_cpp;rosidl_typesupport_introspection_cpp
-- Found PythonInterp: /usr/bin/python3 (found suitable version "3.10.12", minimum required is "3.6") 
-- Found python_cmake_module: 0.10.0 (/opt/ros/humble/share/python_cmake_module/cmake)
-- Found PythonLibs: /usr/lib/x86_64-linux-gnu/libpython3.10.so (found suitable version "3.10.12", minimum required is "3.5") 
-- Using PYTHON_EXECUTABLE: /usr/bin/python3
-- Using PYTHON_INCLUDE_DIRS: /usr/include/python3.10
-- Using PYTHON_LIBRARIES: /usr/lib/x86_64-linux-gnu/libpython3.10.so
-- Found PythonExtra: .so  
-- Found ament_lint_auto: 0.12.11 (/opt/ros/humble/share/ament_lint_auto/cmake)
-- Added test 'lint_cmake' to check CMake code style
-- Added test 'xmllint' to check XML markup files
-- Configuring done
-- Generating done
-- Build files have been written to: /home/user/ros2_ws/build/srv_pkg
[  3%] [34m[1mGenerating C code for ROS interfaces[0m
[  6%] [34m[1mGenerating C++ code for ROS interfaces[0m
[  6%] Built target ament_cmake_python_copy_srv_pkg
running egg_info
creating srv_pkg.egg-info
writing srv_pkg.egg-info/PKG-INFO
writing dependency_links to srv_pkg.egg-info/dependency_links.txt
writing top-level names to srv_pkg.egg-info/top_level.txt
writing manifest file 'srv_pkg.egg-info/SOURCES.txt'
reading manifest file 'srv_pkg.egg-info/SOURCES.txt'
writing manifest file 'srv_pkg.egg-info/SOURCES.txt'
[  6%] Built target ament_cmake_python_build_srv_pkg_egg
[  9%] [32mBuilding C object CMakeFiles/srv_pkg__rosidl_generator_c.dir/rosidl_generator_c/srv_pkg/srv/detail/joint_conversion__functions.c.o[0m
[  9%] Built target srv_pkg__cpp
[ 12%] [34m[1mGenerating C++ type support dispatch for ROS interfaces[0m
[ 16%] [34m[1mGenerating C++ type support for eProsima Fast-RTPS[0m
[ 19%] [34m[1mGenerating C++ introspection for ROS interfaces[0m
[ 22%] [32m[1mLinking C shared library libsrv_pkg__rosidl_generator_c.so[0m
[ 22%] Built target srv_pkg__rosidl_generator_c
[ 25%] [34m[1mGenerating C type support for eProsima Fast-RTPS[0m
[ 32%] [34m[1mGenerating C type support dispatch for ROS interfaces[0m
[ 32%] [34m[1mGenerating C introspection for ROS interfaces[0m
[ 35%] [32mBuilding CXX object CMakeFiles/srv_pkg__rosidl_typesupport_cpp.dir/rosidl_typesupport_cpp/srv_pkg/srv/joint_conversion__type_support.cpp.o[0m
[ 38%] [32mBuilding CXX object CMakeFiles/srv_pkg__rosidl_typesupport_introspection_cpp.dir/rosidl_typesupport_introspection_cpp/srv_pkg/srv/detail/joint_conversion__type_support.cpp.o[0m
[ 41%] [32mBuilding CXX object CMakeFiles/srv_pkg__rosidl_typesupport_fastrtps_cpp.dir/rosidl_typesupport_fastrtps_cpp/srv_pkg/srv/detail/dds_fastrtps/joint_conversion__type_support.cpp.o[0m
[ 45%] [32mBuilding CXX object CMakeFiles/srv_pkg__rosidl_typesupport_c.dir/rosidl_typesupport_c/srv_pkg/srv/joint_conversion__type_support.cpp.o[0m
[ 48%] [32m[1mLinking CXX shared library libsrv_pkg__rosidl_typesupport_c.so[0m
[ 48%] Built target srv_pkg__rosidl_typesupport_c
[ 51%] [32mBuilding CXX object CMakeFiles/srv_pkg__rosidl_typesupport_fastrtps_c.dir/rosidl_typesupport_fastrtps_c/srv_pkg/srv/detail/joint_conversion__type_support_c.cpp.o[0m
[ 54%] [32mBuilding C object CMakeFiles/srv_pkg__rosidl_typesupport_introspection_c.dir/rosidl_typesupport_introspection_c/srv_pkg/srv/detail/joint_conversion__type_support.c.o[0m
[ 58%] [32m[1mLinking CXX shared library libsrv_pkg__rosidl_typesupport_introspection_cpp.so[0m
[ 61%] [32m[1mLinking CXX shared library libsrv_pkg__rosidl_typesupport_fastrtps_cpp.so[0m
[ 64%] [32m[1mLinking CXX shared library libsrv_pkg__rosidl_typesupport_cpp.so[0m
[ 67%] [32m[1mLinking C shared library libsrv_pkg__rosidl_typesupport_introspection_c.so[0m
[ 67%] Built target srv_pkg__rosidl_typesupport_introspection_cpp
[ 67%] Built target srv_pkg__rosidl_typesupport_introspection_c
[ 67%] Built target srv_pkg__rosidl_typesupport_cpp
[ 67%] Built target srv_pkg__rosidl_typesupport_fastrtps_cpp
[ 70%] [32m[1mLinking CXX shared library libsrv_pkg__rosidl_typesupport_fastrtps_c.so[0m
[ 70%] Built target srv_pkg__rosidl_typesupport_fastrtps_c
[ 70%] Built target srv_pkg
[ 74%] [34m[1mGenerating Python code for ROS interfaces[0m
[ 74%] Built target srv_pkg__py
[ 77%] [32mBuilding C object CMakeFiles/srv_pkg__rosidl_generator_py.dir/rosidl_generator_py/srv_pkg/srv/_joint_conversion_s.c.o[0m
[ 80%] [32m[1mLinking C shared library rosidl_generator_py/srv_pkg/libsrv_pkg__rosidl_generator_py.so[0m
[ 80%] Built target srv_pkg__rosidl_generator_py
[ 87%] [32mBuilding C object CMakeFiles/srv_pkg__rosidl_typesupport_fastrtps_c__pyext.dir/rosidl_generator_py/srv_pkg/_srv_pkg_s.ep.rosidl_typesupport_fastrtps_c.c.o[0m
[ 87%] [32mBuilding C object CMakeFiles/srv_pkg__rosidl_typesupport_introspection_c__pyext.dir/rosidl_generator_py/srv_pkg/_srv_pkg_s.ep.rosidl_typesupport_introspection_c.c.o[0m
[ 90%] [32mBuilding C object CMakeFiles/srv_pkg__rosidl_typesupport_c__pyext.dir/rosidl_generator_py/srv_pkg/_srv_pkg_s.ep.rosidl_typesupport_c.c.o[0m
[100%] [32m[1mLinking C shared library rosidl_generator_py/srv_pkg/srv_pkg_s__rosidl_typesupport_c.cpython-310-x86_64-linux-gnu.so[0m
[100%] [32m[1mLinking C shared library rosidl_generator_py/srv_pkg/srv_pkg_s__rosidl_typesupport_fastrtps_c.cpython-310-x86_64-linux-gnu.so[0m
[100%] [32m[1mLinking C shared library rosidl_generator_py/srv_pkg/srv_pkg_s__rosidl_typesupport_introspection_c.cpython-310-x86_64-linux-gnu.so[0m
[100%] Built target srv_pkg__rosidl_typesupport_fastrtps_c__pyext
[100%] Built target srv_pkg__rosidl_typesupport_introspection_c__pyext
[100%] Built target srv_pkg__rosidl_typesupport_c__pyext
-- Install configuration: ""
-- Installing: /home/user/ros2_ws/install/srv_pkg/share/ament_index/resource_index/rosidl_interfaces/srv_pkg
-- Installing: /home/user/ros2_ws/install/srv_pkg/include/srv_pkg/srv_pkg
-- Installing: /home/user/ros2_ws/install/srv_pkg/include/srv_pkg/srv_pkg/msg
-- Installing: /home/user/ros2_ws/install/srv_pkg/include/srv_pkg/srv_pkg/msg/rosidl_generator_c__visibility_control.h
-- Installing: /home/user/ros2_ws/install/srv_pkg/include/srv_pkg/srv_pkg/srv
-- Installing: /home/user/ros2_ws/install/srv_pkg/include/srv_pkg/srv_pkg/srv/joint_conversion.h
-- Installing: /home/user/ros2_ws/install/srv_pkg/include/srv_pkg/srv_pkg/srv/detail
-- Installing: /home/user/ros2_ws/install/srv_pkg/include/srv_pkg/srv_pkg/srv/detail/joint_conversion__functions.c
-- Installing: /home/user/ros2_ws/install/srv_pkg/include/srv_pkg/srv_pkg/srv/detail/joint_conversion__type_support.h
-- Installing: /home/user/ros2_ws/install/srv_pkg/include/srv_pkg/srv_pkg/srv/detail/joint_conversion__functions.h
-- Installing: /home/user/ros2_ws/install/srv_pkg/include/srv_pkg/srv_pkg/srv/detail/joint_conversion__struct.h
-- Installing: /home/user/ros2_ws/install/srv_pkg/share/srv_pkg/environment/library_path.sh
-- Installing: /home/user/ros2_ws/install/srv_pkg/share/srv_pkg/environment/library_path.dsv
-- Installing: /home/user/ros2_ws/install/srv_pkg/lib/libsrv_pkg__rosidl_generator_c.so
-- Set runtime path of "/home/user/ros2_ws/install/srv_pkg/lib/libsrv_pkg__rosidl_generator_c.so" to ""
-- Up-to-date: /home/user/ros2_ws/install/srv_pkg/include/srv_pkg/srv_pkg
-- Up-to-date: /home/user/ros2_ws/install/srv_pkg/include/srv_pkg/srv_pkg/msg
-- Installing: /home/user/ros2_ws/install/srv_pkg/include/srv_pkg/srv_pkg/msg/rosidl_typesupport_fastrtps_c__visibility_control.h
-- Up-to-date: /home/user/ros2_ws/install/srv_pkg/include/srv_pkg/srv_pkg/srv
-- Up-to-date: /home/user/ros2_ws/install/srv_pkg/include/srv_pkg/srv_pkg/srv/detail
-- Installing: /home/user/ros2_ws/install/srv_pkg/include/srv_pkg/srv_pkg/srv/detail/joint_conversion__rosidl_typesupport_fastrtps_c.h
-- Installing: /home/user/ros2_ws/install/srv_pkg/lib/libsrv_pkg__rosidl_typesupport_fastrtps_c.so
-- Set runtime path of "/home/user/ros2_ws/install/srv_pkg/lib/libsrv_pkg__rosidl_typesupport_fastrtps_c.so" to ""
-- Up-to-date: /home/user/ros2_ws/install/srv_pkg/include/srv_pkg/srv_pkg
-- Up-to-date: /home/user/ros2_ws/install/srv_pkg/include/srv_pkg/srv_pkg/msg
-- Installing: /home/user/ros2_ws/install/srv_pkg/include/srv_pkg/srv_pkg/msg/rosidl_typesupport_introspection_c__visibility_control.h
-- Up-to-date: /home/user/ros2_ws/install/srv_pkg/include/srv_pkg/srv_pkg/srv
-- Up-to-date: /home/user/ros2_ws/install/srv_pkg/include/srv_pkg/srv_pkg/srv/detail
-- Installing: /home/user/ros2_ws/install/srv_pkg/include/srv_pkg/srv_pkg/srv/detail/joint_conversion__rosidl_typesupport_introspection_c.h
-- Installing: /home/user/ros2_ws/install/srv_pkg/include/srv_pkg/srv_pkg/srv/detail/joint_conversion__type_support.c
-- Installing: /home/user/ros2_ws/install/srv_pkg/lib/libsrv_pkg__rosidl_typesupport_introspection_c.so
-- Set runtime path of "/home/user/ros2_ws/install/srv_pkg/lib/libsrv_pkg__rosidl_typesupport_introspection_c.so" to ""
-- Installing: /home/user/ros2_ws/install/srv_pkg/lib/libsrv_pkg__rosidl_typesupport_c.so
-- Set runtime path of "/home/user/ros2_ws/install/srv_pkg/lib/libsrv_pkg__rosidl_typesupport_c.so" to ""
-- Up-to-date: /home/user/ros2_ws/install/srv_pkg/include/srv_pkg/srv_pkg
-- Up-to-date: /home/user/ros2_ws/install/srv_pkg/include/srv_pkg/srv_pkg/msg
-- Installing: /home/user/ros2_ws/install/srv_pkg/include/srv_pkg/srv_pkg/msg/rosidl_generator_cpp__visibility_control.hpp
-- Up-to-date: /home/user/ros2_ws/install/srv_pkg/include/srv_pkg/srv_pkg/srv
-- Installing: /home/user/ros2_ws/install/srv_pkg/include/srv_pkg/srv_pkg/srv/joint_conversion.hpp
-- Up-to-date: /home/user/ros2_ws/install/srv_pkg/include/srv_pkg/srv_pkg/srv/detail
-- Installing: /home/user/ros2_ws/install/srv_pkg/include/srv_pkg/srv_pkg/srv/detail/joint_conversion__struct.hpp
-- Installing: /home/user/ros2_ws/install/srv_pkg/include/srv_pkg/srv_pkg/srv/detail/joint_conversion__builder.hpp
-- Installing: /home/user/ros2_ws/install/srv_pkg/include/srv_pkg/srv_pkg/srv/detail/joint_conversion__traits.hpp
-- Installing: /home/user/ros2_ws/install/srv_pkg/include/srv_pkg/srv_pkg/srv/detail/joint_conversion__type_support.hpp
-- Up-to-date: /home/user/ros2_ws/install/srv_pkg/include/srv_pkg/srv_pkg
-- Up-to-date: /home/user/ros2_ws/install/srv_pkg/include/srv_pkg/srv_pkg/msg
-- Installing: /home/user/ros2_ws/install/srv_pkg/include/srv_pkg/srv_pkg/msg/rosidl_typesupport_fastrtps_cpp__visibility_control.h
-- Up-to-date: /home/user/ros2_ws/install/srv_pkg/include/srv_pkg/srv_pkg/srv
-- Up-to-date: /home/user/ros2_ws/install/srv_pkg/include/srv_pkg/srv_pkg/srv/detail
-- Installing: /home/user/ros2_ws/install/srv_pkg/include/srv_pkg/srv_pkg/srv/detail/joint_conversion__rosidl_typesupport_fastrtps_cpp.hpp
-- Installing: /home/user/ros2_ws/install/srv_pkg/include/srv_pkg/srv_pkg/srv/detail/dds_fastrtps
-- Installing: /home/user/ros2_ws/install/srv_pkg/lib/libsrv_pkg__rosidl_typesupport_fastrtps_cpp.so
-- Set runtime path of "/home/user/ros2_ws/install/srv_pkg/lib/libsrv_pkg__rosidl_typesupport_fastrtps_cpp.so" to ""
-- Up-to-date: /home/user/ros2_ws/install/srv_pkg/include/srv_pkg/srv_pkg
-- Up-to-date: /home/user/ros2_ws/install/srv_pkg/include/srv_pkg/srv_pkg/srv
-- Up-to-date: /home/user/ros2_ws/install/srv_pkg/include/srv_pkg/srv_pkg/srv/detail
-- Installing: /home/user/ros2_ws/install/srv_pkg/include/srv_pkg/srv_pkg/srv/detail/joint_conversion__type_support.cpp
-- Installing: /home/user/ros2_ws/install/srv_pkg/include/srv_pkg/srv_pkg/srv/detail/joint_conversion__rosidl_typesupport_introspection_cpp.hpp
-- Installing: /home/user/ros2_ws/install/srv_pkg/lib/libsrv_pkg__rosidl_typesupport_introspection_cpp.so
-- Set runtime path of "/home/user/ros2_ws/install/srv_pkg/lib/libsrv_pkg__rosidl_typesupport_introspection_cpp.so" to ""
-- Installing: /home/user/ros2_ws/install/srv_pkg/lib/libsrv_pkg__rosidl_typesupport_cpp.so
-- Set runtime path of "/home/user/ros2_ws/install/srv_pkg/lib/libsrv_pkg__rosidl_typesupport_cpp.so" to ""
-- Installing: /home/user/ros2_ws/install/srv_pkg/share/srv_pkg/environment/pythonpath.sh
-- Installing: /home/user/ros2_ws/install/srv_pkg/share/srv_pkg/environment/pythonpath.dsv
-- Installing: /home/user/ros2_ws/install/srv_pkg/local/lib/python3.10/dist-packages/srv_pkg-0.0.0-py3.10.egg-info
-- Installing: /home/user/ros2_ws/install/srv_pkg/local/lib/python3.10/dist-packages/srv_pkg-0.0.0-py3.10.egg-info/top_level.txt
-- Installing: /home/user/ros2_ws/install/srv_pkg/local/lib/python3.10/dist-packages/srv_pkg-0.0.0-py3.10.egg-info/PKG-INFO
-- Installing: /home/user/ros2_ws/install/srv_pkg/local/lib/python3.10/dist-packages/srv_pkg-0.0.0-py3.10.egg-info/dependency_links.txt
-- Installing: /home/user/ros2_ws/install/srv_pkg/local/lib/python3.10/dist-packages/srv_pkg-0.0.0-py3.10.egg-info/SOURCES.txt
-- Installing: /home/user/ros2_ws/install/srv_pkg/local/lib/python3.10/dist-packages/srv_pkg
-- Installing: /home/user/ros2_ws/install/srv_pkg/local/lib/python3.10/dist-packages/srv_pkg/_srv_pkg_s.ep.rosidl_typesupport_fastrtps_c.c
-- Installing: /home/user/ros2_ws/install/srv_pkg/local/lib/python3.10/dist-packages/srv_pkg/libsrv_pkg__rosidl_generator_py.so
-- Installing: /home/user/ros2_ws/install/srv_pkg/local/lib/python3.10/dist-packages/srv_pkg/srv_pkg_s__rosidl_typesupport_c.cpython-310-x86_64-linux-gnu.so
-- Installing: /home/user/ros2_ws/install/srv_pkg/local/lib/python3.10/dist-packages/srv_pkg/__init__.py
-- Installing: /home/user/ros2_ws/install/srv_pkg/local/lib/python3.10/dist-packages/srv_pkg/srv
-- Installing: /home/user/ros2_ws/install/srv_pkg/local/lib/python3.10/dist-packages/srv_pkg/srv/_joint_conversion_s.c
-- Installing: /home/user/ros2_ws/install/srv_pkg/local/lib/python3.10/dist-packages/srv_pkg/srv/__init__.py
-- Installing: /home/user/ros2_ws/install/srv_pkg/local/lib/python3.10/dist-packages/srv_pkg/srv/_joint_conversion.py
-- Installing: /home/user/ros2_ws/install/srv_pkg/local/lib/python3.10/dist-packages/srv_pkg/_srv_pkg_s.ep.rosidl_typesupport_introspection_c.c
-- Installing: /home/user/ros2_ws/install/srv_pkg/local/lib/python3.10/dist-packages/srv_pkg/_srv_pkg_s.ep.rosidl_typesupport_c.c
-- Installing: /home/user/ros2_ws/install/srv_pkg/local/lib/python3.10/dist-packages/srv_pkg/srv_pkg_s__rosidl_typesupport_fastrtps_c.cpython-310-x86_64-linux-gnu.so
-- Installing: /home/user/ros2_ws/install/srv_pkg/local/lib/python3.10/dist-packages/srv_pkg/srv_pkg_s__rosidl_typesupport_introspection_c.cpython-310-x86_64-linux-gnu.so
Listing '/home/user/ros2_ws/install/srv_pkg/local/lib/python3.10/dist-packages/srv_pkg'...
Compiling '/home/user/ros2_ws/install/srv_pkg/local/lib/python3.10/dist-packages/srv_pkg/__init__.py'...
Listing '/home/user/ros2_ws/install/srv_pkg/local/lib/python3.10/dist-packages/srv_pkg/srv'...
Compiling '/home/user/ros2_ws/install/srv_pkg/local/lib/python3.10/dist-packages/srv_pkg/srv/__init__.py'...
Compiling '/home/user/ros2_ws/install/srv_pkg/local/lib/python3.10/dist-packages/srv_pkg/srv/_joint_conversion.py'...
-- Installing: /home/user/ros2_ws/install/srv_pkg/local/lib/python3.10/dist-packages/srv_pkg/srv_pkg_s__rosidl_typesupport_fastrtps_c.cpython-310-x86_64-linux-gnu.so
-- Set runtime path of "/home/user/ros2_ws/install/srv_pkg/local/lib/python3.10/dist-packages/srv_pkg/srv_pkg_s__rosidl_typesupport_fastrtps_c.cpython-310-x86_64-linux-gnu.so" to ""
-- Installing: /home/user/ros2_ws/install/srv_pkg/local/lib/python3.10/dist-packages/srv_pkg/srv_pkg_s__rosidl_typesupport_introspection_c.cpython-310-x86_64-linux-gnu.so
-- Set runtime path of "/home/user/ros2_ws/install/srv_pkg/local/lib/python3.10/dist-packages/srv_pkg/srv_pkg_s__rosidl_typesupport_introspection_c.cpython-310-x86_64-linux-gnu.so" to ""
-- Installing: /home/user/ros2_ws/install/srv_pkg/local/lib/python3.10/dist-packages/srv_pkg/srv_pkg_s__rosidl_typesupport_c.cpython-310-x86_64-linux-gnu.so
-- Set runtime path of "/home/user/ros2_ws/install/srv_pkg/local/lib/python3.10/dist-packages/srv_pkg/srv_pkg_s__rosidl_typesupport_c.cpython-310-x86_64-linux-gnu.so" to ""
-- Installing: /home/user/ros2_ws/install/srv_pkg/lib/libsrv_pkg__rosidl_generator_py.so
-- Set runtime path of "/home/user/ros2_ws/install/srv_pkg/lib/libsrv_pkg__rosidl_generator_py.so" to ""
-- Installing: /home/user/ros2_ws/install/srv_pkg/share/srv_pkg/srv/JointConversion.idl
-- Installing: /home/user/ros2_ws/install/srv_pkg/share/srv_pkg/srv/JointConversion.srv
-- Installing: /home/user/ros2_ws/install/srv_pkg/share/srv_pkg/srv/JointConversion_Request.msg
-- Installing: /home/user/ros2_ws/install/srv_pkg/share/srv_pkg/srv/JointConversion_Response.msg
-- Installing: /home/user/ros2_ws/install/srv_pkg/share/ament_index/resource_index/package_run_dependencies/srv_pkg
-- Installing: /home/user/ros2_ws/install/srv_pkg/share/ament_index/resource_index/parent_prefix_path/srv_pkg
-- Installing: /home/user/ros2_ws/install/srv_pkg/share/srv_pkg/environment/ament_prefix_path.sh
-- Installing: /home/user/ros2_ws/install/srv_pkg/share/srv_pkg/environment/ament_prefix_path.dsv
-- Installing: /home/user/ros2_ws/install/srv_pkg/share/srv_pkg/environment/path.sh
-- Installing: /home/user/ros2_ws/install/srv_pkg/share/srv_pkg/environment/path.dsv
-- Installing: /home/user/ros2_ws/install/srv_pkg/share/srv_pkg/local_setup.bash
-- Installing: /home/user/ros2_ws/install/srv_pkg/share/srv_pkg/local_setup.sh
-- Installing: /home/user/ros2_ws/install/srv_pkg/share/srv_pkg/local_setup.zsh
-- Installing: /home/user/ros2_ws/install/srv_pkg/share/srv_pkg/local_setup.dsv
-- Installing: /home/user/ros2_ws/install/srv_pkg/share/srv_pkg/package.dsv
-- Installing: /home/user/ros2_ws/install/srv_pkg/share/ament_index/resource_index/packages/srv_pkg
-- Installing: /home/user/ros2_ws/install/srv_pkg/share/srv_pkg/cmake/export_srv_pkg__rosidl_generator_cExport.cmake
-- Installing: /home/user/ros2_ws/install/srv_pkg/share/srv_pkg/cmake/export_srv_pkg__rosidl_generator_cExport-noconfig.cmake
-- Installing: /home/user/ros2_ws/install/srv_pkg/share/srv_pkg/cmake/export_srv_pkg__rosidl_typesupport_fastrtps_cExport.cmake
-- Installing: /home/user/ros2_ws/install/srv_pkg/share/srv_pkg/cmake/export_srv_pkg__rosidl_typesupport_fastrtps_cExport-noconfig.cmake
-- Installing: /home/user/ros2_ws/install/srv_pkg/share/srv_pkg/cmake/srv_pkg__rosidl_typesupport_introspection_cExport.cmake
-- Installing: /home/user/ros2_ws/install/srv_pkg/share/srv_pkg/cmake/srv_pkg__rosidl_typesupport_introspection_cExport-noconfig.cmake
-- Installing: /home/user/ros2_ws/install/srv_pkg/share/srv_pkg/cmake/srv_pkg__rosidl_typesupport_cExport.cmake
-- Installing: /home/user/ros2_ws/install/srv_pkg/share/srv_pkg/cmake/srv_pkg__rosidl_typesupport_cExport-noconfig.cmake
-- Installing: /home/user/ros2_ws/install/srv_pkg/share/srv_pkg/cmake/export_srv_pkg__rosidl_generator_cppExport.cmake
-- Installing: /home/user/ros2_ws/install/srv_pkg/share/srv_pkg/cmake/export_srv_pkg__rosidl_typesupport_fastrtps_cppExport.cmake
-- Installing: /home/user/ros2_ws/install/srv_pkg/share/srv_pkg/cmake/export_srv_pkg__rosidl_typesupport_fastrtps_cppExport-noconfig.cmake
-- Installing: /home/user/ros2_ws/install/srv_pkg/share/srv_pkg/cmake/srv_pkg__rosidl_typesupport_introspection_cppExport.cmake
-- Installing: /home/user/ros2_ws/install/srv_pkg/share/srv_pkg/cmake/srv_pkg__rosidl_typesupport_introspection_cppExport-noconfig.cmake
-- Installing: /home/user/ros2_ws/install/srv_pkg/share/srv_pkg/cmake/srv_pkg__rosidl_typesupport_cppExport.cmake
-- Installing: /home/user/ros2_ws/install/srv_pkg/share/srv_pkg/cmake/srv_pkg__rosidl_typesupport_cppExport-noconfig.cmake
-- Installing: /home/user/ros2_ws/install/srv_pkg/share/srv_pkg/cmake/export_srv_pkg__rosidl_generator_pyExport.cmake
-- Installing: /home/user/ros2_ws/install/srv_pkg/share/srv_pkg/cmake/export_srv_pkg__rosidl_generator_pyExport-noconfig.cmake
-- Installing: /home/user/ros2_ws/install/srv_pkg/share/srv_pkg/cmake/rosidl_cmake-extras.cmake
-- Installing: /home/user/ros2_ws/install/srv_pkg/share/srv_pkg/cmake/ament_cmake_export_dependencies-extras.cmake
-- Installing: /home/user/ros2_ws/install/srv_pkg/share/srv_pkg/cmake/ament_cmake_export_include_directories-extras.cmake
-- Installing: /home/user/ros2_ws/install/srv_pkg/share/srv_pkg/cmake/ament_cmake_export_libraries-extras.cmake
-- Installing: /home/user/ros2_ws/install/srv_pkg/share/srv_pkg/cmake/ament_cmake_export_targets-extras.cmake
-- Installing: /home/user/ros2_ws/install/srv_pkg/share/srv_pkg/cmake/rosidl_cmake_export_typesupport_targets-extras.cmake
-- Installing: /home/user/ros2_ws/install/srv_pkg/share/srv_pkg/cmake/rosidl_cmake_export_typesupport_libraries-extras.cmake
-- Installing: /home/user/ros2_ws/install/srv_pkg/share/srv_pkg/cmake/srv_pkgConfig.cmake
-- Installing: /home/user/ros2_ws/install/srv_pkg/share/srv_pkg/cmake/srv_pkgConfig-version.cmake
-- Installing: /home/user/ros2_ws/install/srv_pkg/share/srv_pkg/package.xml
