[0.012s] Invoking command in '/home/user/ros2_ws/build/srv_pkg': CMAKE_PREFIX_PATH=${CMAKE_PREFIX_PATH}:/home/user/ros2_ws/install/srvcli_py:/home/user/ros2_ws/install/pubsub_py:/home/user/ros2_ws/install/minimal_pkg:/home/user/ros2_ws/install/linear_motor_control_action:/opt/ros/humble /usr/bin/cmake /home/user/ros2_ws/src/srv_pkg -DCMAKE_INSTALL_PREFIX=/home/user/ros2_ws/install/srv_pkg
[0.166s] -- The C compiler identification is GNU 11.4.0
[0.166s] -- The CXX compiler identification is GNU 11.4.0
[0.167s] -- Detecting C compiler ABI info
[0.176s] -- Detecting C compiler ABI info - done
[0.181s] -- Check for working C compiler: /usr/bin/cc - skipped
[0.181s] -- Detecting C compile features
[0.182s] -- Detecting C compile features - done
[0.184s] -- Detecting CXX compiler ABI info
[0.232s] -- Detecting CXX compiler ABI info - done
[0.237s] -- Check for working CXX compiler: /usr/bin/c++ - skipped
[0.237s] -- Detecting CXX compile features
[0.237s] -- Detecting CXX compile features - done
[0.241s] -- Found ament_cmake: 1.3.11 (/opt/ros/humble/share/ament_cmake/cmake)
[0.344s] -- Found Python3: /usr/bin/python3 (found version "3.10.12") found components: Interpreter 
[0.433s] -- Found rosidl_default_generators: 1.2.0 (/opt/ros/humble/share/rosidl_default_generators/cmake)
[0.438s] -- Using all available rosidl_typesupport_c: rosidl_typesupport_fastrtps_c;rosidl_typesupport_introspection_c
[0.447s] -- Found rosidl_adapter: 3.1.6 (/opt/ros/humble/share/rosidl_adapter/cmake)
[0.497s] -- Using all available rosidl_typesupport_cpp: rosidl_typesupport_fastrtps_cpp;rosidl_typesupport_introspection_cpp
[0.536s] -- Found std_msgs: 4.2.4 (/opt/ros/humble/share/std_msgs/cmake)
[0.767s] -- Found ament_cmake_ros: 0.10.0 (/opt/ros/humble/share/ament_cmake_ros/cmake)
[0.918s] -- Using all available rosidl_typesupport_c: rosidl_typesupport_fastrtps_c;rosidl_typesupport_introspection_c
[1.086s] -- Using all available rosidl_typesupport_cpp: rosidl_typesupport_fastrtps_cpp;rosidl_typesupport_introspection_cpp
[1.100s] -- Found PythonInterp: /usr/bin/python3 (found suitable version "3.10.12", minimum required is "3.6") 
[1.101s] -- Found python_cmake_module: 0.10.0 (/opt/ros/humble/share/python_cmake_module/cmake)
[1.117s] -- Found PythonLibs: /usr/lib/x86_64-linux-gnu/libpython3.10.so (found suitable version "3.10.12", minimum required is "3.5") 
[1.117s] -- Using PYTHON_EXECUTABLE: /usr/bin/python3
[1.117s] -- Using PYTHON_INCLUDE_DIRS: /usr/include/python3.10
[1.117s] -- Using PYTHON_LIBRARIES: /usr/lib/x86_64-linux-gnu/libpython3.10.so
[1.130s] -- Found PythonExtra: .so  
[1.159s] -- Found ament_lint_auto: 0.12.11 (/opt/ros/humble/share/ament_lint_auto/cmake)
[1.174s] -- Added test 'lint_cmake' to check CMake code style
[1.174s] -- Added test 'xmllint' to check XML markup files
[1.175s] -- Configuring done
[1.191s] -- Generating done
[1.198s] -- Build files have been written to: /home/user/ros2_ws/build/srv_pkg
[1.202s] Invoked command in '/home/user/ros2_ws/build/srv_pkg' returned '0': CMAKE_PREFIX_PATH=${CMAKE_PREFIX_PATH}:/home/user/ros2_ws/install/srvcli_py:/home/user/ros2_ws/install/pubsub_py:/home/user/ros2_ws/install/minimal_pkg:/home/user/ros2_ws/install/linear_motor_control_action:/opt/ros/humble /usr/bin/cmake /home/user/ros2_ws/src/srv_pkg -DCMAKE_INSTALL_PREFIX=/home/user/ros2_ws/install/srv_pkg
[1.202s] Invoking command in '/home/user/ros2_ws/build/srv_pkg': CMAKE_PREFIX_PATH=${CMAKE_PREFIX_PATH}:/home/user/ros2_ws/install/srvcli_py:/home/user/ros2_ws/install/pubsub_py:/home/user/ros2_ws/install/minimal_pkg:/home/user/ros2_ws/install/linear_motor_control_action:/opt/ros/humble /usr/bin/cmake --build /home/user/ros2_ws/build/srv_pkg -- -j20 -l20
[1.224s] [  3%] [34m[1mGenerating C code for ROS interfaces[0m
[1.230s] [  6%] [34m[1mGenerating C++ code for ROS interfaces[0m
[1.234s] [  6%] Built target ament_cmake_python_copy_srv_pkg
[1.439s] running egg_info
[1.440s] creating srv_pkg.egg-info
[1.440s] writing srv_pkg.egg-info/PKG-INFO
[1.440s] writing dependency_links to srv_pkg.egg-info/dependency_links.txt
[1.440s] writing top-level names to srv_pkg.egg-info/top_level.txt
[1.440s] writing manifest file 'srv_pkg.egg-info/SOURCES.txt'
[1.442s] reading manifest file 'srv_pkg.egg-info/SOURCES.txt'
[1.442s] writing manifest file 'srv_pkg.egg-info/SOURCES.txt'
[1.463s] [  6%] Built target ament_cmake_python_build_srv_pkg_egg
[1.465s] [  9%] [32mBuilding C object CMakeFiles/srv_pkg__rosidl_generator_c.dir/rosidl_generator_c/srv_pkg/srv/detail/joint_conversion__functions.c.o[0m
[1.466s] [  9%] Built target srv_pkg__cpp
[1.473s] [ 12%] [34m[1mGenerating C++ type support dispatch for ROS interfaces[0m
[1.473s] [ 16%] [34m[1mGenerating C++ type support for eProsima Fast-RTPS[0m
[1.473s] [ 19%] [34m[1mGenerating C++ introspection for ROS interfaces[0m
[1.525s] [ 22%] [32m[1mLinking C shared library libsrv_pkg__rosidl_generator_c.so[0m
[1.566s] [ 22%] Built target srv_pkg__rosidl_generator_c
[1.577s] [ 25%] [34m[1mGenerating C type support for eProsima Fast-RTPS[0m
[1.578s] [ 32%] [34m[1mGenerating C type support dispatch for ROS interfaces[0m
[1.578s] [ 32%] [34m[1mGenerating C introspection for ROS interfaces[0m
[1.696s] [ 35%] [32mBuilding CXX object CMakeFiles/srv_pkg__rosidl_typesupport_cpp.dir/rosidl_typesupport_cpp/srv_pkg/srv/joint_conversion__type_support.cpp.o[0m
[1.708s] [ 38%] [32mBuilding CXX object CMakeFiles/srv_pkg__rosidl_typesupport_introspection_cpp.dir/rosidl_typesupport_introspection_cpp/srv_pkg/srv/detail/joint_conversion__type_support.cpp.o[0m
[1.730s] [ 41%] [32mBuilding CXX object CMakeFiles/srv_pkg__rosidl_typesupport_fastrtps_cpp.dir/rosidl_typesupport_fastrtps_cpp/srv_pkg/srv/detail/dds_fastrtps/joint_conversion__type_support.cpp.o[0m
[1.855s] [ 45%] [32mBuilding CXX object CMakeFiles/srv_pkg__rosidl_typesupport_c.dir/rosidl_typesupport_c/srv_pkg/srv/joint_conversion__type_support.cpp.o[0m
[1.882s] [ 48%] [32m[1mLinking CXX shared library libsrv_pkg__rosidl_typesupport_c.so[0m
[1.917s] [ 48%] Built target srv_pkg__rosidl_typesupport_c
[2.016s] [ 51%] [32mBuilding CXX object CMakeFiles/srv_pkg__rosidl_typesupport_fastrtps_c.dir/rosidl_typesupport_fastrtps_c/srv_pkg/srv/detail/joint_conversion__type_support_c.cpp.o[0m
[2.152s] [ 54%] [32mBuilding C object CMakeFiles/srv_pkg__rosidl_typesupport_introspection_c.dir/rosidl_typesupport_introspection_c/srv_pkg/srv/detail/joint_conversion__type_support.c.o[0m
[2.157s] [ 58%] [32m[1mLinking CXX shared library libsrv_pkg__rosidl_typesupport_introspection_cpp.so[0m
[2.161s] [ 61%] [32m[1mLinking CXX shared library libsrv_pkg__rosidl_typesupport_fastrtps_cpp.so[0m
[2.199s] [ 64%] [32m[1mLinking CXX shared library libsrv_pkg__rosidl_typesupport_cpp.so[0m
[2.205s] [ 67%] [32m[1mLinking C shared library libsrv_pkg__rosidl_typesupport_introspection_c.so[0m
[2.231s] [ 67%] Built target srv_pkg__rosidl_typesupport_introspection_cpp
[2.232s] [ 67%] Built target srv_pkg__rosidl_typesupport_introspection_c
[2.235s] [ 67%] Built target srv_pkg__rosidl_typesupport_cpp
[2.238s] [ 67%] Built target srv_pkg__rosidl_typesupport_fastrtps_cpp
[2.345s] [ 70%] [32m[1mLinking CXX shared library libsrv_pkg__rosidl_typesupport_fastrtps_c.so[0m
[2.398s] [ 70%] Built target srv_pkg__rosidl_typesupport_fastrtps_c
[2.410s] [ 70%] Built target srv_pkg
[2.423s] [ 74%] [34m[1mGenerating Python code for ROS interfaces[0m
[2.644s] [ 74%] Built target srv_pkg__py
[2.654s] [ 77%] [32mBuilding C object CMakeFiles/srv_pkg__rosidl_generator_py.dir/rosidl_generator_py/srv_pkg/srv/_joint_conversion_s.c.o[0m
[2.727s] [ 80%] [32m[1mLinking C shared library rosidl_generator_py/srv_pkg/libsrv_pkg__rosidl_generator_py.so[0m
[2.751s] [ 80%] Built target srv_pkg__rosidl_generator_py
[2.761s] [ 87%] [32mBuilding C object CMakeFiles/srv_pkg__rosidl_typesupport_fastrtps_c__pyext.dir/rosidl_generator_py/srv_pkg/_srv_pkg_s.ep.rosidl_typesupport_fastrtps_c.c.o[0m
[2.761s] [ 87%] [32mBuilding C object CMakeFiles/srv_pkg__rosidl_typesupport_introspection_c__pyext.dir/rosidl_generator_py/srv_pkg/_srv_pkg_s.ep.rosidl_typesupport_introspection_c.c.o[0m
[2.761s] [ 90%] [32mBuilding C object CMakeFiles/srv_pkg__rosidl_typesupport_c__pyext.dir/rosidl_generator_py/srv_pkg/_srv_pkg_s.ep.rosidl_typesupport_c.c.o[0m
[2.828s] [100%] [32m[1mLinking C shared library rosidl_generator_py/srv_pkg/srv_pkg_s__rosidl_typesupport_c.cpython-310-x86_64-linux-gnu.so[0m
[2.828s] [100%] [32m[1mLinking C shared library rosidl_generator_py/srv_pkg/srv_pkg_s__rosidl_typesupport_fastrtps_c.cpython-310-x86_64-linux-gnu.so[0m
[2.828s] [100%] [32m[1mLinking C shared library rosidl_generator_py/srv_pkg/srv_pkg_s__rosidl_typesupport_introspection_c.cpython-310-x86_64-linux-gnu.so[0m
[2.852s] [100%] Built target srv_pkg__rosidl_typesupport_fastrtps_c__pyext
[2.853s] [100%] Built target srv_pkg__rosidl_typesupport_introspection_c__pyext
[2.853s] [100%] Built target srv_pkg__rosidl_typesupport_c__pyext
[2.859s] Invoked command in '/home/user/ros2_ws/build/srv_pkg' returned '0': CMAKE_PREFIX_PATH=${CMAKE_PREFIX_PATH}:/home/user/ros2_ws/install/srvcli_py:/home/user/ros2_ws/install/pubsub_py:/home/user/ros2_ws/install/minimal_pkg:/home/user/ros2_ws/install/linear_motor_control_action:/opt/ros/humble /usr/bin/cmake --build /home/user/ros2_ws/build/srv_pkg -- -j20 -l20
[2.866s] Invoking command in '/home/user/ros2_ws/build/srv_pkg': CMAKE_PREFIX_PATH=${CMAKE_PREFIX_PATH}:/home/user/ros2_ws/install/srvcli_py:/home/user/ros2_ws/install/pubsub_py:/home/user/ros2_ws/install/minimal_pkg:/home/user/ros2_ws/install/linear_motor_control_action:/opt/ros/humble /usr/bin/cmake --install /home/user/ros2_ws/build/srv_pkg
[2.869s] -- Install configuration: ""
[2.869s] -- Installing: /home/user/ros2_ws/install/srv_pkg/share/ament_index/resource_index/rosidl_interfaces/srv_pkg
[2.869s] -- Installing: /home/user/ros2_ws/install/srv_pkg/include/srv_pkg/srv_pkg
[2.870s] -- Installing: /home/user/ros2_ws/install/srv_pkg/include/srv_pkg/srv_pkg/msg
[2.870s] -- Installing: /home/user/ros2_ws/install/srv_pkg/include/srv_pkg/srv_pkg/msg/rosidl_generator_c__visibility_control.h
[2.870s] -- Installing: /home/user/ros2_ws/install/srv_pkg/include/srv_pkg/srv_pkg/srv
[2.870s] -- Installing: /home/user/ros2_ws/install/srv_pkg/include/srv_pkg/srv_pkg/srv/joint_conversion.h
[2.870s] -- Installing: /home/user/ros2_ws/install/srv_pkg/include/srv_pkg/srv_pkg/srv/detail
[2.870s] -- Installing: /home/user/ros2_ws/install/srv_pkg/include/srv_pkg/srv_pkg/srv/detail/joint_conversion__functions.c
[2.870s] -- Installing: /home/user/ros2_ws/install/srv_pkg/include/srv_pkg/srv_pkg/srv/detail/joint_conversion__type_support.h
[2.870s] -- Installing: /home/user/ros2_ws/install/srv_pkg/include/srv_pkg/srv_pkg/srv/detail/joint_conversion__functions.h
[2.870s] -- Installing: /home/user/ros2_ws/install/srv_pkg/include/srv_pkg/srv_pkg/srv/detail/joint_conversion__struct.h
[2.870s] -- Installing: /home/user/ros2_ws/install/srv_pkg/share/srv_pkg/environment/library_path.sh
[2.871s] -- Installing: /home/user/ros2_ws/install/srv_pkg/share/srv_pkg/environment/library_path.dsv
[2.871s] -- Installing: /home/user/ros2_ws/install/srv_pkg/lib/libsrv_pkg__rosidl_generator_c.so
[2.871s] -- Set runtime path of "/home/user/ros2_ws/install/srv_pkg/lib/libsrv_pkg__rosidl_generator_c.so" to ""
[2.871s] -- Up-to-date: /home/user/ros2_ws/install/srv_pkg/include/srv_pkg/srv_pkg
[2.871s] -- Up-to-date: /home/user/ros2_ws/install/srv_pkg/include/srv_pkg/srv_pkg/msg
[2.871s] -- Installing: /home/user/ros2_ws/install/srv_pkg/include/srv_pkg/srv_pkg/msg/rosidl_typesupport_fastrtps_c__visibility_control.h
[2.871s] -- Up-to-date: /home/user/ros2_ws/install/srv_pkg/include/srv_pkg/srv_pkg/srv
[2.871s] -- Up-to-date: /home/user/ros2_ws/install/srv_pkg/include/srv_pkg/srv_pkg/srv/detail
[2.871s] -- Installing: /home/user/ros2_ws/install/srv_pkg/include/srv_pkg/srv_pkg/srv/detail/joint_conversion__rosidl_typesupport_fastrtps_c.h
[2.871s] -- Installing: /home/user/ros2_ws/install/srv_pkg/lib/libsrv_pkg__rosidl_typesupport_fastrtps_c.so
[2.871s] -- Set runtime path of "/home/user/ros2_ws/install/srv_pkg/lib/libsrv_pkg__rosidl_typesupport_fastrtps_c.so" to ""
[2.871s] -- Up-to-date: /home/user/ros2_ws/install/srv_pkg/include/srv_pkg/srv_pkg
[2.872s] -- Up-to-date: /home/user/ros2_ws/install/srv_pkg/include/srv_pkg/srv_pkg/msg
[2.872s] -- Installing: /home/user/ros2_ws/install/srv_pkg/include/srv_pkg/srv_pkg/msg/rosidl_typesupport_introspection_c__visibility_control.h
[2.872s] -- Up-to-date: /home/user/ros2_ws/install/srv_pkg/include/srv_pkg/srv_pkg/srv
[2.872s] -- Up-to-date: /home/user/ros2_ws/install/srv_pkg/include/srv_pkg/srv_pkg/srv/detail
[2.872s] -- Installing: /home/user/ros2_ws/install/srv_pkg/include/srv_pkg/srv_pkg/srv/detail/joint_conversion__rosidl_typesupport_introspection_c.h
[2.872s] -- Installing: /home/user/ros2_ws/install/srv_pkg/include/srv_pkg/srv_pkg/srv/detail/joint_conversion__type_support.c
[2.872s] -- Installing: /home/user/ros2_ws/install/srv_pkg/lib/libsrv_pkg__rosidl_typesupport_introspection_c.so
[2.872s] -- Set runtime path of "/home/user/ros2_ws/install/srv_pkg/lib/libsrv_pkg__rosidl_typesupport_introspection_c.so" to ""
[2.872s] -- Installing: /home/user/ros2_ws/install/srv_pkg/lib/libsrv_pkg__rosidl_typesupport_c.so
[2.872s] -- Set runtime path of "/home/user/ros2_ws/install/srv_pkg/lib/libsrv_pkg__rosidl_typesupport_c.so" to ""
[2.872s] -- Up-to-date: /home/user/ros2_ws/install/srv_pkg/include/srv_pkg/srv_pkg
[2.873s] -- Up-to-date: /home/user/ros2_ws/install/srv_pkg/include/srv_pkg/srv_pkg/msg
[2.873s] -- Installing: /home/user/ros2_ws/install/srv_pkg/include/srv_pkg/srv_pkg/msg/rosidl_generator_cpp__visibility_control.hpp
[2.873s] -- Up-to-date: /home/user/ros2_ws/install/srv_pkg/include/srv_pkg/srv_pkg/srv
[2.873s] -- Installing: /home/user/ros2_ws/install/srv_pkg/include/srv_pkg/srv_pkg/srv/joint_conversion.hpp
[2.873s] -- Up-to-date: /home/user/ros2_ws/install/srv_pkg/include/srv_pkg/srv_pkg/srv/detail
[2.873s] -- Installing: /home/user/ros2_ws/install/srv_pkg/include/srv_pkg/srv_pkg/srv/detail/joint_conversion__struct.hpp
[2.873s] -- Installing: /home/user/ros2_ws/install/srv_pkg/include/srv_pkg/srv_pkg/srv/detail/joint_conversion__builder.hpp
[2.873s] -- Installing: /home/user/ros2_ws/install/srv_pkg/include/srv_pkg/srv_pkg/srv/detail/joint_conversion__traits.hpp
[2.873s] -- Installing: /home/user/ros2_ws/install/srv_pkg/include/srv_pkg/srv_pkg/srv/detail/joint_conversion__type_support.hpp
[2.873s] -- Up-to-date: /home/user/ros2_ws/install/srv_pkg/include/srv_pkg/srv_pkg
[2.873s] -- Up-to-date: /home/user/ros2_ws/install/srv_pkg/include/srv_pkg/srv_pkg/msg
[2.873s] -- Installing: /home/user/ros2_ws/install/srv_pkg/include/srv_pkg/srv_pkg/msg/rosidl_typesupport_fastrtps_cpp__visibility_control.h
[2.873s] -- Up-to-date: /home/user/ros2_ws/install/srv_pkg/include/srv_pkg/srv_pkg/srv
[2.873s] -- Up-to-date: /home/user/ros2_ws/install/srv_pkg/include/srv_pkg/srv_pkg/srv/detail
[2.873s] -- Installing: /home/user/ros2_ws/install/srv_pkg/include/srv_pkg/srv_pkg/srv/detail/joint_conversion__rosidl_typesupport_fastrtps_cpp.hpp
[2.873s] -- Installing: /home/user/ros2_ws/install/srv_pkg/include/srv_pkg/srv_pkg/srv/detail/dds_fastrtps
[2.873s] -- Installing: /home/user/ros2_ws/install/srv_pkg/lib/libsrv_pkg__rosidl_typesupport_fastrtps_cpp.so
[2.873s] -- Set runtime path of "/home/user/ros2_ws/install/srv_pkg/lib/libsrv_pkg__rosidl_typesupport_fastrtps_cpp.so" to ""
[2.873s] -- Up-to-date: /home/user/ros2_ws/install/srv_pkg/include/srv_pkg/srv_pkg
[2.873s] -- Up-to-date: /home/user/ros2_ws/install/srv_pkg/include/srv_pkg/srv_pkg/srv
[2.873s] -- Up-to-date: /home/user/ros2_ws/install/srv_pkg/include/srv_pkg/srv_pkg/srv/detail
[2.873s] -- Installing: /home/user/ros2_ws/install/srv_pkg/include/srv_pkg/srv_pkg/srv/detail/joint_conversion__type_support.cpp
[2.873s] -- Installing: /home/user/ros2_ws/install/srv_pkg/include/srv_pkg/srv_pkg/srv/detail/joint_conversion__rosidl_typesupport_introspection_cpp.hpp
[2.873s] -- Installing: /home/user/ros2_ws/install/srv_pkg/lib/libsrv_pkg__rosidl_typesupport_introspection_cpp.so
[2.874s] -- Set runtime path of "/home/user/ros2_ws/install/srv_pkg/lib/libsrv_pkg__rosidl_typesupport_introspection_cpp.so" to ""
[2.874s] -- Installing: /home/user/ros2_ws/install/srv_pkg/lib/libsrv_pkg__rosidl_typesupport_cpp.so
[2.874s] -- Set runtime path of "/home/user/ros2_ws/install/srv_pkg/lib/libsrv_pkg__rosidl_typesupport_cpp.so" to ""
[2.874s] -- Installing: /home/user/ros2_ws/install/srv_pkg/share/srv_pkg/environment/pythonpath.sh
[2.874s] -- Installing: /home/user/ros2_ws/install/srv_pkg/share/srv_pkg/environment/pythonpath.dsv
[2.874s] -- Installing: /home/user/ros2_ws/install/srv_pkg/local/lib/python3.10/dist-packages/srv_pkg-0.0.0-py3.10.egg-info
[2.874s] -- Installing: /home/user/ros2_ws/install/srv_pkg/local/lib/python3.10/dist-packages/srv_pkg-0.0.0-py3.10.egg-info/top_level.txt
[2.874s] -- Installing: /home/user/ros2_ws/install/srv_pkg/local/lib/python3.10/dist-packages/srv_pkg-0.0.0-py3.10.egg-info/PKG-INFO
[2.874s] -- Installing: /home/user/ros2_ws/install/srv_pkg/local/lib/python3.10/dist-packages/srv_pkg-0.0.0-py3.10.egg-info/dependency_links.txt
[2.874s] -- Installing: /home/user/ros2_ws/install/srv_pkg/local/lib/python3.10/dist-packages/srv_pkg-0.0.0-py3.10.egg-info/SOURCES.txt
[2.874s] -- Installing: /home/user/ros2_ws/install/srv_pkg/local/lib/python3.10/dist-packages/srv_pkg
[2.874s] -- Installing: /home/user/ros2_ws/install/srv_pkg/local/lib/python3.10/dist-packages/srv_pkg/_srv_pkg_s.ep.rosidl_typesupport_fastrtps_c.c
[2.874s] -- Installing: /home/user/ros2_ws/install/srv_pkg/local/lib/python3.10/dist-packages/srv_pkg/libsrv_pkg__rosidl_generator_py.so
[2.874s] -- Installing: /home/user/ros2_ws/install/srv_pkg/local/lib/python3.10/dist-packages/srv_pkg/srv_pkg_s__rosidl_typesupport_c.cpython-310-x86_64-linux-gnu.so
[2.874s] -- Installing: /home/user/ros2_ws/install/srv_pkg/local/lib/python3.10/dist-packages/srv_pkg/__init__.py
[2.874s] -- Installing: /home/user/ros2_ws/install/srv_pkg/local/lib/python3.10/dist-packages/srv_pkg/srv
[2.874s] -- Installing: /home/user/ros2_ws/install/srv_pkg/local/lib/python3.10/dist-packages/srv_pkg/srv/_joint_conversion_s.c
[2.874s] -- Installing: /home/user/ros2_ws/install/srv_pkg/local/lib/python3.10/dist-packages/srv_pkg/srv/__init__.py
[2.874s] -- Installing: /home/user/ros2_ws/install/srv_pkg/local/lib/python3.10/dist-packages/srv_pkg/srv/_joint_conversion.py
[2.874s] -- Installing: /home/user/ros2_ws/install/srv_pkg/local/lib/python3.10/dist-packages/srv_pkg/_srv_pkg_s.ep.rosidl_typesupport_introspection_c.c
[2.874s] -- Installing: /home/user/ros2_ws/install/srv_pkg/local/lib/python3.10/dist-packages/srv_pkg/_srv_pkg_s.ep.rosidl_typesupport_c.c
[2.874s] -- Installing: /home/user/ros2_ws/install/srv_pkg/local/lib/python3.10/dist-packages/srv_pkg/srv_pkg_s__rosidl_typesupport_fastrtps_c.cpython-310-x86_64-linux-gnu.so
[2.874s] -- Installing: /home/user/ros2_ws/install/srv_pkg/local/lib/python3.10/dist-packages/srv_pkg/srv_pkg_s__rosidl_typesupport_introspection_c.cpython-310-x86_64-linux-gnu.so
[2.896s] Listing '/home/user/ros2_ws/install/srv_pkg/local/lib/python3.10/dist-packages/srv_pkg'...
[2.896s] Compiling '/home/user/ros2_ws/install/srv_pkg/local/lib/python3.10/dist-packages/srv_pkg/__init__.py'...
[2.896s] Listing '/home/user/ros2_ws/install/srv_pkg/local/lib/python3.10/dist-packages/srv_pkg/srv'...
[2.897s] Compiling '/home/user/ros2_ws/install/srv_pkg/local/lib/python3.10/dist-packages/srv_pkg/srv/__init__.py'...
[2.897s] Compiling '/home/user/ros2_ws/install/srv_pkg/local/lib/python3.10/dist-packages/srv_pkg/srv/_joint_conversion.py'...
[2.899s] -- Installing: /home/user/ros2_ws/install/srv_pkg/local/lib/python3.10/dist-packages/srv_pkg/srv_pkg_s__rosidl_typesupport_fastrtps_c.cpython-310-x86_64-linux-gnu.so
[2.900s] -- Set runtime path of "/home/user/ros2_ws/install/srv_pkg/local/lib/python3.10/dist-packages/srv_pkg/srv_pkg_s__rosidl_typesupport_fastrtps_c.cpython-310-x86_64-linux-gnu.so" to ""
[2.900s] -- Installing: /home/user/ros2_ws/install/srv_pkg/local/lib/python3.10/dist-packages/srv_pkg/srv_pkg_s__rosidl_typesupport_introspection_c.cpython-310-x86_64-linux-gnu.so
[2.900s] -- Set runtime path of "/home/user/ros2_ws/install/srv_pkg/local/lib/python3.10/dist-packages/srv_pkg/srv_pkg_s__rosidl_typesupport_introspection_c.cpython-310-x86_64-linux-gnu.so" to ""
[2.900s] -- Installing: /home/user/ros2_ws/install/srv_pkg/local/lib/python3.10/dist-packages/srv_pkg/srv_pkg_s__rosidl_typesupport_c.cpython-310-x86_64-linux-gnu.so
[2.900s] -- Set runtime path of "/home/user/ros2_ws/install/srv_pkg/local/lib/python3.10/dist-packages/srv_pkg/srv_pkg_s__rosidl_typesupport_c.cpython-310-x86_64-linux-gnu.so" to ""
[2.900s] -- Installing: /home/user/ros2_ws/install/srv_pkg/lib/libsrv_pkg__rosidl_generator_py.so
[2.900s] -- Set runtime path of "/home/user/ros2_ws/install/srv_pkg/lib/libsrv_pkg__rosidl_generator_py.so" to ""
[2.900s] -- Installing: /home/user/ros2_ws/install/srv_pkg/share/srv_pkg/srv/JointConversion.idl
[2.900s] -- Installing: /home/user/ros2_ws/install/srv_pkg/share/srv_pkg/srv/JointConversion.srv
[2.900s] -- Installing: /home/user/ros2_ws/install/srv_pkg/share/srv_pkg/srv/JointConversion_Request.msg
[2.900s] -- Installing: /home/user/ros2_ws/install/srv_pkg/share/srv_pkg/srv/JointConversion_Response.msg
[2.900s] -- Installing: /home/user/ros2_ws/install/srv_pkg/share/ament_index/resource_index/package_run_dependencies/srv_pkg
[2.900s] -- Installing: /home/user/ros2_ws/install/srv_pkg/share/ament_index/resource_index/parent_prefix_path/srv_pkg
[2.900s] -- Installing: /home/user/ros2_ws/install/srv_pkg/share/srv_pkg/environment/ament_prefix_path.sh
[2.900s] -- Installing: /home/user/ros2_ws/install/srv_pkg/share/srv_pkg/environment/ament_prefix_path.dsv
[2.901s] -- Installing: /home/user/ros2_ws/install/srv_pkg/share/srv_pkg/environment/path.sh
[2.901s] -- Installing: /home/user/ros2_ws/install/srv_pkg/share/srv_pkg/environment/path.dsv
[2.901s] -- Installing: /home/user/ros2_ws/install/srv_pkg/share/srv_pkg/local_setup.bash
[2.901s] -- Installing: /home/user/ros2_ws/install/srv_pkg/share/srv_pkg/local_setup.sh
[2.901s] -- Installing: /home/user/ros2_ws/install/srv_pkg/share/srv_pkg/local_setup.zsh
[2.901s] -- Installing: /home/user/ros2_ws/install/srv_pkg/share/srv_pkg/local_setup.dsv
[2.901s] -- Installing: /home/user/ros2_ws/install/srv_pkg/share/srv_pkg/package.dsv
[2.901s] -- Installing: /home/user/ros2_ws/install/srv_pkg/share/ament_index/resource_index/packages/srv_pkg
[2.901s] -- Installing: /home/user/ros2_ws/install/srv_pkg/share/srv_pkg/cmake/export_srv_pkg__rosidl_generator_cExport.cmake
[2.901s] -- Installing: /home/user/ros2_ws/install/srv_pkg/share/srv_pkg/cmake/export_srv_pkg__rosidl_generator_cExport-noconfig.cmake
[2.901s] -- Installing: /home/user/ros2_ws/install/srv_pkg/share/srv_pkg/cmake/export_srv_pkg__rosidl_typesupport_fastrtps_cExport.cmake
[2.901s] -- Installing: /home/user/ros2_ws/install/srv_pkg/share/srv_pkg/cmake/export_srv_pkg__rosidl_typesupport_fastrtps_cExport-noconfig.cmake
[2.901s] -- Installing: /home/user/ros2_ws/install/srv_pkg/share/srv_pkg/cmake/srv_pkg__rosidl_typesupport_introspection_cExport.cmake
[2.901s] -- Installing: /home/user/ros2_ws/install/srv_pkg/share/srv_pkg/cmake/srv_pkg__rosidl_typesupport_introspection_cExport-noconfig.cmake
[2.901s] -- Installing: /home/user/ros2_ws/install/srv_pkg/share/srv_pkg/cmake/srv_pkg__rosidl_typesupport_cExport.cmake
[2.901s] -- Installing: /home/user/ros2_ws/install/srv_pkg/share/srv_pkg/cmake/srv_pkg__rosidl_typesupport_cExport-noconfig.cmake
[2.901s] -- Installing: /home/user/ros2_ws/install/srv_pkg/share/srv_pkg/cmake/export_srv_pkg__rosidl_generator_cppExport.cmake
[2.901s] -- Installing: /home/user/ros2_ws/install/srv_pkg/share/srv_pkg/cmake/export_srv_pkg__rosidl_typesupport_fastrtps_cppExport.cmake
[2.901s] -- Installing: /home/user/ros2_ws/install/srv_pkg/share/srv_pkg/cmake/export_srv_pkg__rosidl_typesupport_fastrtps_cppExport-noconfig.cmake
[2.901s] -- Installing: /home/user/ros2_ws/install/srv_pkg/share/srv_pkg/cmake/srv_pkg__rosidl_typesupport_introspection_cppExport.cmake
[2.901s] -- Installing: /home/user/ros2_ws/install/srv_pkg/share/srv_pkg/cmake/srv_pkg__rosidl_typesupport_introspection_cppExport-noconfig.cmake
[2.902s] -- Installing: /home/user/ros2_ws/install/srv_pkg/share/srv_pkg/cmake/srv_pkg__rosidl_typesupport_cppExport.cmake
[2.902s] -- Installing: /home/user/ros2_ws/install/srv_pkg/share/srv_pkg/cmake/srv_pkg__rosidl_typesupport_cppExport-noconfig.cmake
[2.902s] -- Installing: /home/user/ros2_ws/install/srv_pkg/share/srv_pkg/cmake/export_srv_pkg__rosidl_generator_pyExport.cmake
[2.902s] -- Installing: /home/user/ros2_ws/install/srv_pkg/share/srv_pkg/cmake/export_srv_pkg__rosidl_generator_pyExport-noconfig.cmake
[2.902s] -- Installing: /home/user/ros2_ws/install/srv_pkg/share/srv_pkg/cmake/rosidl_cmake-extras.cmake
[2.902s] -- Installing: /home/user/ros2_ws/install/srv_pkg/share/srv_pkg/cmake/ament_cmake_export_dependencies-extras.cmake
[2.902s] -- Installing: /home/user/ros2_ws/install/srv_pkg/share/srv_pkg/cmake/ament_cmake_export_include_directories-extras.cmake
[2.902s] -- Installing: /home/user/ros2_ws/install/srv_pkg/share/srv_pkg/cmake/ament_cmake_export_libraries-extras.cmake
[2.902s] -- Installing: /home/user/ros2_ws/install/srv_pkg/share/srv_pkg/cmake/ament_cmake_export_targets-extras.cmake
[2.902s] -- Installing: /home/user/ros2_ws/install/srv_pkg/share/srv_pkg/cmake/rosidl_cmake_export_typesupport_targets-extras.cmake
[2.902s] -- Installing: /home/user/ros2_ws/install/srv_pkg/share/srv_pkg/cmake/rosidl_cmake_export_typesupport_libraries-extras.cmake
[2.902s] -- Installing: /home/user/ros2_ws/install/srv_pkg/share/srv_pkg/cmake/srv_pkgConfig.cmake
[2.902s] -- Installing: /home/user/ros2_ws/install/srv_pkg/share/srv_pkg/cmake/srv_pkgConfig-version.cmake
[2.902s] -- Installing: /home/user/ros2_ws/install/srv_pkg/share/srv_pkg/package.xml
[2.904s] Invoked command in '/home/user/ros2_ws/build/srv_pkg' returned '0': CMAKE_PREFIX_PATH=${CMAKE_PREFIX_PATH}:/home/user/ros2_ws/install/srvcli_py:/home/user/ros2_ws/install/pubsub_py:/home/user/ros2_ws/install/minimal_pkg:/home/user/ros2_ws/install/linear_motor_control_action:/opt/ros/humble /usr/bin/cmake --install /home/user/ros2_ws/build/srv_pkg
