[0.164s] DEBUG:colcon:Command line arguments: ['/usr/bin/colcon', 'list', '-p', '--base-paths', '/home/hafizulazwan/ros2_learn_ws']
[0.164s] DEBUG:colcon:Parsed command line arguments: Namespace(log_base=None, log_level=None, verb_name='list', build_base='build', ignore_user_meta=False, metas=['./colcon.meta'], base_paths=['/home/hafizulazwan/ros2_learn_ws'], packages_ignore=None, packages_ignore_regex=None, paths=None, packages_up_to=None, packages_up_to_regex=None, packages_above=None, packages_above_and_dependencies=None, packages_above_depth=None, packages_select_by_dep=None, packages_skip_by_dep=None, packages_skip_up_to=None, packages_select_build_failed=False, packages_skip_build_finished=False, packages_select_test_failures=False, packages_skip_test_passed=False, packages_select=None, packages_skip=None, packages_select_regex=None, packages_skip_regex=None, packages_start=None, packages_end=None, allow_overriding=[], topological_order=False, names_only=False, paths_only=True, topological_graph=False, topological_graph_dot=False, topological_graph_density=False, topological_graph_legend=False, topological_graph_dot_cluster=False, topological_graph_dot_include_skipped=False, mixin_files=None, mixin=None, verb_parser=<colcon_mixin.mixin.mixin_argument.MixinArgumentDecorator object at 0x70d911b56c20>, verb_extension=<colcon_package_information.verb.list.ListVerb object at 0x70d911b55b70>, main=<bound method ListVerb.main of <colcon_package_information.verb.list.ListVerb object at 0x70d911b55b70>>, mixin_verb=('list',))
[0.474s] Level 1:colcon.colcon_core.package_discovery:discover_packages(colcon_meta) check parameters
[0.475s] Level 1:colcon.colcon_core.package_discovery:discover_packages(recursive) check parameters
[0.475s] Level 1:colcon.colcon_core.package_discovery:discover_packages(ignore) check parameters
[0.475s] Level 1:colcon.colcon_core.package_discovery:discover_packages(path) check parameters
[0.475s] Level 1:colcon.colcon_core.package_discovery:discover_packages(recursive) discover
[0.475s] INFO:colcon.colcon_core.package_discovery:Crawling recursively for packages in '/home/hafizulazwan/ros2_learn_ws'
[0.475s] Level 1:colcon.colcon_core.package_identification:_identify(/home/hafizulazwan/ros2_learn_ws) by extensions ['ignore', 'ignore_ament_install']
[0.475s] Level 1:colcon.colcon_core.package_identification:_identify(/home/hafizulazwan/ros2_learn_ws) by extension 'ignore'
[0.475s] Level 1:colcon.colcon_core.package_identification:_identify(/home/hafizulazwan/ros2_learn_ws) by extension 'ignore_ament_install'
[0.475s] Level 1:colcon.colcon_core.package_identification:_identify(/home/hafizulazwan/ros2_learn_ws) by extensions ['colcon_pkg']
[0.476s] Level 1:colcon.colcon_core.package_identification:_identify(/home/hafizulazwan/ros2_learn_ws) by extension 'colcon_pkg'
[0.476s] Level 1:colcon.colcon_core.package_identification:_identify(/home/hafizulazwan/ros2_learn_ws) by extensions ['colcon_meta']
[0.476s] Level 1:colcon.colcon_core.package_identification:_identify(/home/hafizulazwan/ros2_learn_ws) by extension 'colcon_meta'
[0.476s] Level 1:colcon.colcon_core.package_identification:_identify(/home/hafizulazwan/ros2_learn_ws) by extensions ['ros']
[0.476s] Level 1:colcon.colcon_core.package_identification:_identify(/home/hafizulazwan/ros2_learn_ws) by extension 'ros'
[0.494s] Level 1:colcon.colcon_core.package_identification:_identify(/home/hafizulazwan/ros2_learn_ws) by extensions ['cmake', 'python']
[0.494s] Level 1:colcon.colcon_core.package_identification:_identify(/home/hafizulazwan/ros2_learn_ws) by extension 'cmake'
[0.494s] Level 1:colcon.colcon_core.package_identification:_identify(/home/hafizulazwan/ros2_learn_ws) by extension 'python'
[0.494s] Level 1:colcon.colcon_core.package_identification:_identify(/home/hafizulazwan/ros2_learn_ws) by extensions ['python_setup_py']
[0.494s] Level 1:colcon.colcon_core.package_identification:_identify(/home/hafizulazwan/ros2_learn_ws) by extension 'python_setup_py'
[0.494s] Level 1:colcon.colcon_core.package_identification:_identify(/home/hafizulazwan/ros2_learn_ws/build) by extensions ['ignore', 'ignore_ament_install']
[0.494s] Level 1:colcon.colcon_core.package_identification:_identify(/home/hafizulazwan/ros2_learn_ws/build) by extension 'ignore'
[0.494s] Level 1:colcon.colcon_core.package_identification:_identify(/home/hafizulazwan/ros2_learn_ws/build) ignored
[0.495s] Level 1:colcon.colcon_core.package_identification:_identify(/home/hafizulazwan/ros2_learn_ws/install) by extensions ['ignore', 'ignore_ament_install']
[0.495s] Level 1:colcon.colcon_core.package_identification:_identify(/home/hafizulazwan/ros2_learn_ws/install) by extension 'ignore'
[0.495s] Level 1:colcon.colcon_core.package_identification:_identify(/home/hafizulazwan/ros2_learn_ws/install) ignored
[0.495s] Level 1:colcon.colcon_core.package_identification:_identify(/home/hafizulazwan/ros2_learn_ws/log) by extensions ['ignore', 'ignore_ament_install']
[0.495s] Level 1:colcon.colcon_core.package_identification:_identify(/home/hafizulazwan/ros2_learn_ws/log) by extension 'ignore'
[0.495s] Level 1:colcon.colcon_core.package_identification:_identify(/home/hafizulazwan/ros2_learn_ws/log) ignored
[0.495s] Level 1:colcon.colcon_core.package_identification:_identify(/home/hafizulazwan/ros2_learn_ws/src) by extensions ['ignore', 'ignore_ament_install']
[0.495s] Level 1:colcon.colcon_core.package_identification:_identify(/home/hafizulazwan/ros2_learn_ws/src) by extension 'ignore'
[0.495s] Level 1:colcon.colcon_core.package_identification:_identify(/home/hafizulazwan/ros2_learn_ws/src) by extension 'ignore_ament_install'
[0.496s] Level 1:colcon.colcon_core.package_identification:_identify(/home/hafizulazwan/ros2_learn_ws/src) by extensions ['colcon_pkg']
[0.496s] Level 1:colcon.colcon_core.package_identification:_identify(/home/hafizulazwan/ros2_learn_ws/src) by extension 'colcon_pkg'
[0.496s] Level 1:colcon.colcon_core.package_identification:_identify(/home/hafizulazwan/ros2_learn_ws/src) by extensions ['colcon_meta']
[0.496s] Level 1:colcon.colcon_core.package_identification:_identify(/home/hafizulazwan/ros2_learn_ws/src) by extension 'colcon_meta'
[0.496s] Level 1:colcon.colcon_core.package_identification:_identify(/home/hafizulazwan/ros2_learn_ws/src) by extensions ['ros']
[0.496s] Level 1:colcon.colcon_core.package_identification:_identify(/home/hafizulazwan/ros2_learn_ws/src) by extension 'ros'
[0.496s] Level 1:colcon.colcon_core.package_identification:_identify(/home/hafizulazwan/ros2_learn_ws/src) by extensions ['cmake', 'python']
[0.496s] Level 1:colcon.colcon_core.package_identification:_identify(/home/hafizulazwan/ros2_learn_ws/src) by extension 'cmake'
[0.496s] Level 1:colcon.colcon_core.package_identification:_identify(/home/hafizulazwan/ros2_learn_ws/src) by extension 'python'
[0.496s] Level 1:colcon.colcon_core.package_identification:_identify(/home/hafizulazwan/ros2_learn_ws/src) by extensions ['python_setup_py']
[0.496s] Level 1:colcon.colcon_core.package_identification:_identify(/home/hafizulazwan/ros2_learn_ws/src) by extension 'python_setup_py'
[0.496s] Level 1:colcon.colcon_core.package_identification:_identify(/home/hafizulazwan/ros2_learn_ws/src/minimal_pkg) by extensions ['ignore', 'ignore_ament_install']
[0.496s] Level 1:colcon.colcon_core.package_identification:_identify(/home/hafizulazwan/ros2_learn_ws/src/minimal_pkg) by extension 'ignore'
[0.496s] Level 1:colcon.colcon_core.package_identification:_identify(/home/hafizulazwan/ros2_learn_ws/src/minimal_pkg) by extension 'ignore_ament_install'
[0.497s] Level 1:colcon.colcon_core.package_identification:_identify(/home/hafizulazwan/ros2_learn_ws/src/minimal_pkg) by extensions ['colcon_pkg']
[0.497s] Level 1:colcon.colcon_core.package_identification:_identify(/home/hafizulazwan/ros2_learn_ws/src/minimal_pkg) by extension 'colcon_pkg'
[0.497s] Level 1:colcon.colcon_core.package_identification:_identify(/home/hafizulazwan/ros2_learn_ws/src/minimal_pkg) by extensions ['colcon_meta']
[0.497s] Level 1:colcon.colcon_core.package_identification:_identify(/home/hafizulazwan/ros2_learn_ws/src/minimal_pkg) by extension 'colcon_meta'
[0.497s] Level 1:colcon.colcon_core.package_identification:_identify(/home/hafizulazwan/ros2_learn_ws/src/minimal_pkg) by extensions ['ros']
[0.497s] Level 1:colcon.colcon_core.package_identification:_identify(/home/hafizulazwan/ros2_learn_ws/src/minimal_pkg) by extension 'ros'
[0.501s] DEBUG:colcon.colcon_core.package_identification:Package '/home/hafizulazwan/ros2_learn_ws/src/minimal_pkg' with type 'ros.ament_python' and name 'minimal_pkg'
[0.501s] Level 1:colcon.colcon_core.package_identification:_identify(/home/hafizulazwan/ros2_learn_ws/src/pubsub_py) by extensions ['ignore', 'ignore_ament_install']
[0.501s] Level 1:colcon.colcon_core.package_identification:_identify(/home/hafizulazwan/ros2_learn_ws/src/pubsub_py) by extension 'ignore'
[0.501s] Level 1:colcon.colcon_core.package_identification:_identify(/home/hafizulazwan/ros2_learn_ws/src/pubsub_py) by extension 'ignore_ament_install'
[0.501s] Level 1:colcon.colcon_core.package_identification:_identify(/home/hafizulazwan/ros2_learn_ws/src/pubsub_py) by extensions ['colcon_pkg']
[0.501s] Level 1:colcon.colcon_core.package_identification:_identify(/home/hafizulazwan/ros2_learn_ws/src/pubsub_py) by extension 'colcon_pkg'
[0.501s] Level 1:colcon.colcon_core.package_identification:_identify(/home/hafizulazwan/ros2_learn_ws/src/pubsub_py) by extensions ['colcon_meta']
[0.501s] Level 1:colcon.colcon_core.package_identification:_identify(/home/hafizulazwan/ros2_learn_ws/src/pubsub_py) by extension 'colcon_meta'
[0.501s] Level 1:colcon.colcon_core.package_identification:_identify(/home/hafizulazwan/ros2_learn_ws/src/pubsub_py) by extensions ['ros']
[0.502s] Level 1:colcon.colcon_core.package_identification:_identify(/home/hafizulazwan/ros2_learn_ws/src/pubsub_py) by extension 'ros'
[0.503s] DEBUG:colcon.colcon_core.package_identification:Package '/home/hafizulazwan/ros2_learn_ws/src/pubsub_py' with type 'ros.ament_python' and name 'pubsub_py'
[0.503s] Level 1:colcon.colcon_core.package_discovery:discover_packages(recursive) using defaults
