[0.015s] Invoking command in '/home/hafizulazwan/ros2_learn_ws/build/srv_pkg': /usr/bin/cmake /home/hafizulazwan/ros2_learn_ws/src/srv_pkg -DCMAKE_INSTALL_PREFIX=/home/hafizulazwan/ros2_learn_ws/install/srv_pkg
[0.199s] -- Configuring incomplete, errors occurred!
[0.200s] See also "/home/hafizulazwan/ros2_learn_ws/build/srv_pkg/CMakeFiles/CMakeOutput.log".
[0.200s] [31mCMake Error at CMakeLists.txt:9 (find_package):
[0.200s]   By not providing "Findament_cmake.cmake" in CMAKE_MODULE_PATH this project
[0.200s]   has asked CMake to find a package configuration file provided by
[0.200s]   "ament_cmake", but CMake did not find one.
[0.200s] 
[0.200s]   Could not find a package configuration file provided by "ament_cmake" with
[0.200s]   any of the following names:
[0.200s] 
[0.200s]     ament_cmakeConfig.cmake
[0.200s]     ament_cmake-config.cmake
[0.200s] 
[0.200s]   Add the installation prefix of "ament_cmake" to CMAKE_PREFIX_PATH or set
[0.201s]   "ament_cmake_DIR" to a directory containing one of the above files.  If
[0.201s]   "ament_cmake" provides a separate development package or SDK, be sure it
[0.201s]   has been installed.
[0.201s] 
[0.201s] [0m
[0.385s] Invoked command in '/home/hafizulazwan/ros2_learn_ws/build/srv_pkg' returned '1': /usr/bin/cmake /home/hafizulazwan/ros2_learn_ws/src/srv_pkg -DCMAKE_INSTALL_PREFIX=/home/hafizulazwan/ros2_learn_ws/install/srv_pkg
