[  3%] Built target action_pkg__cpp
[ 12%] Built target action_pkg__rosidl_generator_c
[ 12%] Built target ament_cmake_python_copy_action_pkg
[ 22%] Built target action_pkg__rosidl_typesupport_cpp
[ 32%] Built target action_pkg__rosidl_typesupport_introspection_cpp
[ 41%] Built target action_pkg__rosidl_typesupport_fastrtps_cpp
[ 51%] Built target action_pkg__rosidl_typesupport_fastrtps_c
[ 61%] Built target action_pkg__rosidl_typesupport_c
[ 70%] Built target action_pkg__rosidl_typesupport_introspection_c
[ 70%] Built target action_pkg
[ 74%] Built target action_pkg__py
[ 80%] Built target action_pkg__rosidl_generator_py
[ 87%] Built target action_pkg__rosidl_typesupport_c__pyext
[ 93%] Built target action_pkg__rosidl_typesupport_fastrtps_c__pyext
[100%] Built target action_pkg__rosidl_typesupport_introspection_c__pyext
running egg_info
writing action_pkg.egg-info/PKG-INFO
writing dependency_links to action_pkg.egg-info/dependency_links.txt
writing top-level names to action_pkg.egg-info/top_level.txt
reading manifest file 'action_pkg.egg-info/SOURCES.txt'
writing manifest file 'action_pkg.egg-info/SOURCES.txt'
[100%] Built target ament_cmake_python_build_action_pkg_egg
-- Install configuration: ""
-- Up-to-date: /home/hafizulazwan/ros2_learn_ws/install/action_pkg/share/ament_index/resource_index/rosidl_interfaces/action_pkg
-- Up-to-date: /home/hafizulazwan/ros2_learn_ws/install/action_pkg/include/action_pkg/action_pkg
-- Up-to-date: /home/hafizulazwan/ros2_learn_ws/install/action_pkg/include/action_pkg/action_pkg/msg
-- Up-to-date: /home/hafizulazwan/ros2_learn_ws/install/action_pkg/include/action_pkg/action_pkg/msg/rosidl_generator_c__visibility_control.h
-- Up-to-date: /home/hafizulazwan/ros2_learn_ws/install/action_pkg/include/action_pkg/action_pkg/action
-- Up-to-date: /home/hafizulazwan/ros2_learn_ws/install/action_pkg/include/action_pkg/action_pkg/action/linear_control.h
-- Up-to-date: /home/hafizulazwan/ros2_learn_ws/install/action_pkg/include/action_pkg/action_pkg/action/detail
-- Up-to-date: /home/hafizulazwan/ros2_learn_ws/install/action_pkg/include/action_pkg/action_pkg/action/detail/linear_control__functions.h
-- Up-to-date: /home/hafizulazwan/ros2_learn_ws/install/action_pkg/include/action_pkg/action_pkg/action/detail/linear_control__functions.c
-- Up-to-date: /home/hafizulazwan/ros2_learn_ws/install/action_pkg/include/action_pkg/action_pkg/action/detail/linear_control__struct.h
-- Up-to-date: /home/hafizulazwan/ros2_learn_ws/install/action_pkg/include/action_pkg/action_pkg/action/detail/linear_control__type_support.h
-- Up-to-date: /home/hafizulazwan/ros2_learn_ws/install/action_pkg/share/action_pkg/environment/library_path.sh
-- Up-to-date: /home/hafizulazwan/ros2_learn_ws/install/action_pkg/share/action_pkg/environment/library_path.dsv
-- Up-to-date: /home/hafizulazwan/ros2_learn_ws/install/action_pkg/lib/libaction_pkg__rosidl_generator_c.so
-- Up-to-date: /home/hafizulazwan/ros2_learn_ws/install/action_pkg/include/action_pkg/action_pkg
-- Up-to-date: /home/hafizulazwan/ros2_learn_ws/install/action_pkg/include/action_pkg/action_pkg/msg
-- Up-to-date: /home/hafizulazwan/ros2_learn_ws/install/action_pkg/include/action_pkg/action_pkg/msg/rosidl_typesupport_fastrtps_c__visibility_control.h
-- Up-to-date: /home/hafizulazwan/ros2_learn_ws/install/action_pkg/include/action_pkg/action_pkg/action
-- Up-to-date: /home/hafizulazwan/ros2_learn_ws/install/action_pkg/include/action_pkg/action_pkg/action/detail
-- Up-to-date: /home/hafizulazwan/ros2_learn_ws/install/action_pkg/include/action_pkg/action_pkg/action/detail/linear_control__rosidl_typesupport_fastrtps_c.h
-- Up-to-date: /home/hafizulazwan/ros2_learn_ws/install/action_pkg/lib/libaction_pkg__rosidl_typesupport_fastrtps_c.so
-- Up-to-date: /home/hafizulazwan/ros2_learn_ws/install/action_pkg/include/action_pkg/action_pkg
-- Up-to-date: /home/hafizulazwan/ros2_learn_ws/install/action_pkg/include/action_pkg/action_pkg/msg
-- Up-to-date: /home/hafizulazwan/ros2_learn_ws/install/action_pkg/include/action_pkg/action_pkg/msg/rosidl_typesupport_introspection_c__visibility_control.h
-- Up-to-date: /home/hafizulazwan/ros2_learn_ws/install/action_pkg/include/action_pkg/action_pkg/action
-- Up-to-date: /home/hafizulazwan/ros2_learn_ws/install/action_pkg/include/action_pkg/action_pkg/action/detail
-- Up-to-date: /home/hafizulazwan/ros2_learn_ws/install/action_pkg/include/action_pkg/action_pkg/action/detail/linear_control__type_support.c
-- Up-to-date: /home/hafizulazwan/ros2_learn_ws/install/action_pkg/include/action_pkg/action_pkg/action/detail/linear_control__rosidl_typesupport_introspection_c.h
-- Up-to-date: /home/hafizulazwan/ros2_learn_ws/install/action_pkg/lib/libaction_pkg__rosidl_typesupport_introspection_c.so
-- Up-to-date: /home/hafizulazwan/ros2_learn_ws/install/action_pkg/lib/libaction_pkg__rosidl_typesupport_c.so
-- Up-to-date: /home/hafizulazwan/ros2_learn_ws/install/action_pkg/include/action_pkg/action_pkg
-- Up-to-date: /home/hafizulazwan/ros2_learn_ws/install/action_pkg/include/action_pkg/action_pkg/msg
-- Up-to-date: /home/hafizulazwan/ros2_learn_ws/install/action_pkg/include/action_pkg/action_pkg/msg/rosidl_generator_cpp__visibility_control.hpp
-- Up-to-date: /home/hafizulazwan/ros2_learn_ws/install/action_pkg/include/action_pkg/action_pkg/action
-- Up-to-date: /home/hafizulazwan/ros2_learn_ws/install/action_pkg/include/action_pkg/action_pkg/action/linear_control.hpp
-- Up-to-date: /home/hafizulazwan/ros2_learn_ws/install/action_pkg/include/action_pkg/action_pkg/action/detail
-- Up-to-date: /home/hafizulazwan/ros2_learn_ws/install/action_pkg/include/action_pkg/action_pkg/action/detail/linear_control__builder.hpp
-- Up-to-date: /home/hafizulazwan/ros2_learn_ws/install/action_pkg/include/action_pkg/action_pkg/action/detail/linear_control__type_support.hpp
-- Up-to-date: /home/hafizulazwan/ros2_learn_ws/install/action_pkg/include/action_pkg/action_pkg/action/detail/linear_control__traits.hpp
-- Up-to-date: /home/hafizulazwan/ros2_learn_ws/install/action_pkg/include/action_pkg/action_pkg/action/detail/linear_control__struct.hpp
-- Up-to-date: /home/hafizulazwan/ros2_learn_ws/install/action_pkg/include/action_pkg/action_pkg
-- Up-to-date: /home/hafizulazwan/ros2_learn_ws/install/action_pkg/include/action_pkg/action_pkg/msg
-- Up-to-date: /home/hafizulazwan/ros2_learn_ws/install/action_pkg/include/action_pkg/action_pkg/msg/rosidl_typesupport_fastrtps_cpp__visibility_control.h
-- Up-to-date: /home/hafizulazwan/ros2_learn_ws/install/action_pkg/include/action_pkg/action_pkg/action
-- Up-to-date: /home/hafizulazwan/ros2_learn_ws/install/action_pkg/include/action_pkg/action_pkg/action/detail
-- Up-to-date: /home/hafizulazwan/ros2_learn_ws/install/action_pkg/include/action_pkg/action_pkg/action/detail/linear_control__rosidl_typesupport_fastrtps_cpp.hpp
-- Up-to-date: /home/hafizulazwan/ros2_learn_ws/install/action_pkg/include/action_pkg/action_pkg/action/detail/dds_fastrtps
-- Up-to-date: /home/hafizulazwan/ros2_learn_ws/install/action_pkg/lib/libaction_pkg__rosidl_typesupport_fastrtps_cpp.so
-- Up-to-date: /home/hafizulazwan/ros2_learn_ws/install/action_pkg/include/action_pkg/action_pkg
-- Up-to-date: /home/hafizulazwan/ros2_learn_ws/install/action_pkg/include/action_pkg/action_pkg/action
-- Up-to-date: /home/hafizulazwan/ros2_learn_ws/install/action_pkg/include/action_pkg/action_pkg/action/detail
-- Up-to-date: /home/hafizulazwan/ros2_learn_ws/install/action_pkg/include/action_pkg/action_pkg/action/detail/linear_control__type_support.cpp
-- Up-to-date: /home/hafizulazwan/ros2_learn_ws/install/action_pkg/include/action_pkg/action_pkg/action/detail/linear_control__rosidl_typesupport_introspection_cpp.hpp
-- Up-to-date: /home/hafizulazwan/ros2_learn_ws/install/action_pkg/lib/libaction_pkg__rosidl_typesupport_introspection_cpp.so
-- Up-to-date: /home/hafizulazwan/ros2_learn_ws/install/action_pkg/lib/libaction_pkg__rosidl_typesupport_cpp.so
-- Up-to-date: /home/hafizulazwan/ros2_learn_ws/install/action_pkg/share/action_pkg/environment/pythonpath.sh
-- Up-to-date: /home/hafizulazwan/ros2_learn_ws/install/action_pkg/share/action_pkg/environment/pythonpath.dsv
-- Up-to-date: /home/hafizulazwan/ros2_learn_ws/install/action_pkg/local/lib/python3.10/dist-packages/action_pkg-0.0.0-py3.10.egg-info
-- Installing: /home/hafizulazwan/ros2_learn_ws/install/action_pkg/local/lib/python3.10/dist-packages/action_pkg-0.0.0-py3.10.egg-info/top_level.txt
-- Installing: /home/hafizulazwan/ros2_learn_ws/install/action_pkg/local/lib/python3.10/dist-packages/action_pkg-0.0.0-py3.10.egg-info/SOURCES.txt
-- Installing: /home/hafizulazwan/ros2_learn_ws/install/action_pkg/local/lib/python3.10/dist-packages/action_pkg-0.0.0-py3.10.egg-info/dependency_links.txt
-- Installing: /home/hafizulazwan/ros2_learn_ws/install/action_pkg/local/lib/python3.10/dist-packages/action_pkg-0.0.0-py3.10.egg-info/PKG-INFO
-- Up-to-date: /home/hafizulazwan/ros2_learn_ws/install/action_pkg/local/lib/python3.10/dist-packages/action_pkg
-- Up-to-date: /home/hafizulazwan/ros2_learn_ws/install/action_pkg/local/lib/python3.10/dist-packages/action_pkg/action_pkg_s__rosidl_typesupport_fastrtps_c.cpython-310-x86_64-linux-gnu.so
-- Up-to-date: /home/hafizulazwan/ros2_learn_ws/install/action_pkg/local/lib/python3.10/dist-packages/action_pkg/action_pkg_s__rosidl_typesupport_introspection_c.cpython-310-x86_64-linux-gnu.so
-- Up-to-date: /home/hafizulazwan/ros2_learn_ws/install/action_pkg/local/lib/python3.10/dist-packages/action_pkg/__init__.py
-- Up-to-date: /home/hafizulazwan/ros2_learn_ws/install/action_pkg/local/lib/python3.10/dist-packages/action_pkg/_action_pkg_s.ep.rosidl_typesupport_c.c
-- Up-to-date: /home/hafizulazwan/ros2_learn_ws/install/action_pkg/local/lib/python3.10/dist-packages/action_pkg/libaction_pkg__rosidl_generator_py.so
-- Up-to-date: /home/hafizulazwan/ros2_learn_ws/install/action_pkg/local/lib/python3.10/dist-packages/action_pkg/action_pkg_s__rosidl_typesupport_c.cpython-310-x86_64-linux-gnu.so
-- Up-to-date: /home/hafizulazwan/ros2_learn_ws/install/action_pkg/local/lib/python3.10/dist-packages/action_pkg/_action_pkg_s.ep.rosidl_typesupport_fastrtps_c.c
-- Up-to-date: /home/hafizulazwan/ros2_learn_ws/install/action_pkg/local/lib/python3.10/dist-packages/action_pkg/action
-- Up-to-date: /home/hafizulazwan/ros2_learn_ws/install/action_pkg/local/lib/python3.10/dist-packages/action_pkg/action/__init__.py
-- Up-to-date: /home/hafizulazwan/ros2_learn_ws/install/action_pkg/local/lib/python3.10/dist-packages/action_pkg/action/_linear_control_s.c
-- Up-to-date: /home/hafizulazwan/ros2_learn_ws/install/action_pkg/local/lib/python3.10/dist-packages/action_pkg/action/_linear_control.py
-- Up-to-date: /home/hafizulazwan/ros2_learn_ws/install/action_pkg/local/lib/python3.10/dist-packages/action_pkg/_action_pkg_s.ep.rosidl_typesupport_introspection_c.c
Listing '/home/hafizulazwan/ros2_learn_ws/install/action_pkg/local/lib/python3.10/dist-packages/action_pkg'...
Listing '/home/hafizulazwan/ros2_learn_ws/install/action_pkg/local/lib/python3.10/dist-packages/action_pkg/action'...
-- Up-to-date: /home/hafizulazwan/ros2_learn_ws/install/action_pkg/local/lib/python3.10/dist-packages/action_pkg/action_pkg_s__rosidl_typesupport_fastrtps_c.cpython-310-x86_64-linux-gnu.so
-- Up-to-date: /home/hafizulazwan/ros2_learn_ws/install/action_pkg/local/lib/python3.10/dist-packages/action_pkg/action_pkg_s__rosidl_typesupport_introspection_c.cpython-310-x86_64-linux-gnu.so
-- Up-to-date: /home/hafizulazwan/ros2_learn_ws/install/action_pkg/local/lib/python3.10/dist-packages/action_pkg/action_pkg_s__rosidl_typesupport_c.cpython-310-x86_64-linux-gnu.so
-- Up-to-date: /home/hafizulazwan/ros2_learn_ws/install/action_pkg/lib/libaction_pkg__rosidl_generator_py.so
-- Up-to-date: /home/hafizulazwan/ros2_learn_ws/install/action_pkg/share/action_pkg/action/LinearControl.idl
-- Up-to-date: /home/hafizulazwan/ros2_learn_ws/install/action_pkg/share/action_pkg/action/LinearControl.action
-- Up-to-date: /home/hafizulazwan/ros2_learn_ws/install/action_pkg/share/ament_index/resource_index/package_run_dependencies/action_pkg
-- Up-to-date: /home/hafizulazwan/ros2_learn_ws/install/action_pkg/share/ament_index/resource_index/parent_prefix_path/action_pkg
-- Up-to-date: /home/hafizulazwan/ros2_learn_ws/install/action_pkg/share/action_pkg/environment/ament_prefix_path.sh
-- Up-to-date: /home/hafizulazwan/ros2_learn_ws/install/action_pkg/share/action_pkg/environment/ament_prefix_path.dsv
-- Up-to-date: /home/hafizulazwan/ros2_learn_ws/install/action_pkg/share/action_pkg/environment/path.sh
-- Up-to-date: /home/hafizulazwan/ros2_learn_ws/install/action_pkg/share/action_pkg/environment/path.dsv
-- Up-to-date: /home/hafizulazwan/ros2_learn_ws/install/action_pkg/share/action_pkg/local_setup.bash
-- Up-to-date: /home/hafizulazwan/ros2_learn_ws/install/action_pkg/share/action_pkg/local_setup.sh
-- Up-to-date: /home/hafizulazwan/ros2_learn_ws/install/action_pkg/share/action_pkg/local_setup.zsh
-- Up-to-date: /home/hafizulazwan/ros2_learn_ws/install/action_pkg/share/action_pkg/local_setup.dsv
-- Installing: /home/hafizulazwan/ros2_learn_ws/install/action_pkg/share/action_pkg/package.dsv
-- Up-to-date: /home/hafizulazwan/ros2_learn_ws/install/action_pkg/share/ament_index/resource_index/packages/action_pkg
-- Up-to-date: /home/hafizulazwan/ros2_learn_ws/install/action_pkg/share/action_pkg/cmake/export_action_pkg__rosidl_generator_cExport.cmake
-- Up-to-date: /home/hafizulazwan/ros2_learn_ws/install/action_pkg/share/action_pkg/cmake/export_action_pkg__rosidl_generator_cExport-noconfig.cmake
-- Up-to-date: /home/hafizulazwan/ros2_learn_ws/install/action_pkg/share/action_pkg/cmake/export_action_pkg__rosidl_typesupport_fastrtps_cExport.cmake
-- Up-to-date: /home/hafizulazwan/ros2_learn_ws/install/action_pkg/share/action_pkg/cmake/export_action_pkg__rosidl_typesupport_fastrtps_cExport-noconfig.cmake
-- Up-to-date: /home/hafizulazwan/ros2_learn_ws/install/action_pkg/share/action_pkg/cmake/action_pkg__rosidl_typesupport_introspection_cExport.cmake
-- Up-to-date: /home/hafizulazwan/ros2_learn_ws/install/action_pkg/share/action_pkg/cmake/action_pkg__rosidl_typesupport_introspection_cExport-noconfig.cmake
-- Up-to-date: /home/hafizulazwan/ros2_learn_ws/install/action_pkg/share/action_pkg/cmake/action_pkg__rosidl_typesupport_cExport.cmake
-- Up-to-date: /home/hafizulazwan/ros2_learn_ws/install/action_pkg/share/action_pkg/cmake/action_pkg__rosidl_typesupport_cExport-noconfig.cmake
-- Up-to-date: /home/hafizulazwan/ros2_learn_ws/install/action_pkg/share/action_pkg/cmake/export_action_pkg__rosidl_generator_cppExport.cmake
-- Up-to-date: /home/hafizulazwan/ros2_learn_ws/install/action_pkg/share/action_pkg/cmake/export_action_pkg__rosidl_typesupport_fastrtps_cppExport.cmake
-- Up-to-date: /home/hafizulazwan/ros2_learn_ws/install/action_pkg/share/action_pkg/cmake/export_action_pkg__rosidl_typesupport_fastrtps_cppExport-noconfig.cmake
-- Up-to-date: /home/hafizulazwan/ros2_learn_ws/install/action_pkg/share/action_pkg/cmake/action_pkg__rosidl_typesupport_introspection_cppExport.cmake
-- Up-to-date: /home/hafizulazwan/ros2_learn_ws/install/action_pkg/share/action_pkg/cmake/action_pkg__rosidl_typesupport_introspection_cppExport-noconfig.cmake
-- Up-to-date: /home/hafizulazwan/ros2_learn_ws/install/action_pkg/share/action_pkg/cmake/action_pkg__rosidl_typesupport_cppExport.cmake
-- Up-to-date: /home/hafizulazwan/ros2_learn_ws/install/action_pkg/share/action_pkg/cmake/action_pkg__rosidl_typesupport_cppExport-noconfig.cmake
-- Up-to-date: /home/hafizulazwan/ros2_learn_ws/install/action_pkg/share/action_pkg/cmake/export_action_pkg__rosidl_generator_pyExport.cmake
-- Up-to-date: /home/hafizulazwan/ros2_learn_ws/install/action_pkg/share/action_pkg/cmake/export_action_pkg__rosidl_generator_pyExport-noconfig.cmake
-- Up-to-date: /home/hafizulazwan/ros2_learn_ws/install/action_pkg/share/action_pkg/cmake/rosidl_cmake-extras.cmake
-- Up-to-date: /home/hafizulazwan/ros2_learn_ws/install/action_pkg/share/action_pkg/cmake/ament_cmake_export_dependencies-extras.cmake
-- Up-to-date: /home/hafizulazwan/ros2_learn_ws/install/action_pkg/share/action_pkg/cmake/ament_cmake_export_include_directories-extras.cmake
-- Up-to-date: /home/hafizulazwan/ros2_learn_ws/install/action_pkg/share/action_pkg/cmake/ament_cmake_export_libraries-extras.cmake
-- Up-to-date: /home/hafizulazwan/ros2_learn_ws/install/action_pkg/share/action_pkg/cmake/ament_cmake_export_targets-extras.cmake
-- Up-to-date: /home/hafizulazwan/ros2_learn_ws/install/action_pkg/share/action_pkg/cmake/rosidl_cmake_export_typesupport_targets-extras.cmake
-- Up-to-date: /home/hafizulazwan/ros2_learn_ws/install/action_pkg/share/action_pkg/cmake/rosidl_cmake_export_typesupport_libraries-extras.cmake
-- Up-to-date: /home/hafizulazwan/ros2_learn_ws/install/action_pkg/share/action_pkg/cmake/action_pkgConfig.cmake
-- Up-to-date: /home/hafizulazwan/ros2_learn_ws/install/action_pkg/share/action_pkg/cmake/action_pkgConfig-version.cmake
-- Up-to-date: /home/hafizulazwan/ros2_learn_ws/install/action_pkg/share/action_pkg/package.xml
