running egg_info
writing ../../build/minimal_pkg/minimal_pkg.egg-info/PKG-INFO
writing dependency_links to ../../build/minimal_pkg/minimal_pkg.egg-info/dependency_links.txt
writing entry points to ../../build/minimal_pkg/minimal_pkg.egg-info/entry_points.txt
writing requirements to ../../build/minimal_pkg/minimal_pkg.egg-info/requires.txt
writing top-level names to ../../build/minimal_pkg/minimal_pkg.egg-info/top_level.txt
reading manifest file '../../build/minimal_pkg/minimal_pkg.egg-info/SOURCES.txt'
writing manifest file '../../build/minimal_pkg/minimal_pkg.egg-info/SOURCES.txt'
running build
running build_py
copying minimal_pkg/minimal_node.py -> /home/hafizulazwan/ros2_learn_ws/build/minimal_pkg/build/lib/minimal_pkg
running install
running install_lib
copying /home/hafizulazwan/ros2_learn_ws/build/minimal_pkg/build/lib/minimal_pkg/minimal_node.py -> /home/hafizulazwan/ros2_learn_ws/install/minimal_pkg/lib/python3.10/site-packages/minimal_pkg
byte-compiling /home/hafizulazwan/ros2_learn_ws/install/minimal_pkg/lib/python3.10/site-packages/minimal_pkg/minimal_node.py to minimal_node.cpython-310.pyc
running install_data
running install_egg_info
removing '/home/hafizulazwan/ros2_learn_ws/install/minimal_pkg/lib/python3.10/site-packages/minimal_pkg-0.0.0-py3.10.egg-info' (and everything under it)
Copying ../../build/minimal_pkg/minimal_pkg.egg-info to /home/hafizulazwan/ros2_learn_ws/install/minimal_pkg/lib/python3.10/site-packages/minimal_pkg-0.0.0-py3.10.egg-info
running install_scripts
Installing minimal_node script to /home/hafizulazwan/ros2_learn_ws/install/minimal_pkg/lib/minimal_pkg
writing list of installed files to '/home/hafizulazwan/ros2_learn_ws/build/minimal_pkg/install.log'
