[0.571s] Invoking command in '/home/hafizulazwan/ros2_learn_ws/src/srvcli_py': PYTHONPATH=/home/hafizulazwan/ros2_learn_ws/build/srvcli_py/prefix_override:/usr/lib/python3/dist-packages/colcon_core/task/python/colcon_distutils_commands:/home/hafizulazwan/ros2_learn_ws/install/srvcli_py/lib/python3.10/site-packages:${PYTHONPATH} /usr/bin/python3 -W ignore:setup.py install is deprecated -W ignore:easy_install command is deprecated setup.py egg_info --egg-base ../../build/srvcli_py build --build-base /home/hafizulazwan/ros2_learn_ws/build/srvcli_py/build install --record /home/hafizulazwan/ros2_learn_ws/build/srvcli_py/install.log --single-version-externally-managed install_data
[0.790s] running egg_info
[0.791s] writing ../../build/srvcli_py/srvcli_py.egg-info/PKG-INFO
[0.791s] writing dependency_links to ../../build/srvcli_py/srvcli_py.egg-info/dependency_links.txt
[0.791s] writing entry points to ../../build/srvcli_py/srvcli_py.egg-info/entry_points.txt
[0.791s] writing requirements to ../../build/srvcli_py/srvcli_py.egg-info/requires.txt
[0.791s] writing top-level names to ../../build/srvcli_py/srvcli_py.egg-info/top_level.txt
[0.793s] reading manifest file '../../build/srvcli_py/srvcli_py.egg-info/SOURCES.txt'
[0.793s] writing manifest file '../../build/srvcli_py/srvcli_py.egg-info/SOURCES.txt'
[0.794s] running build
[0.794s] running build_py
[0.794s] copying srvcli_py/client.py -> /home/hafizulazwan/ros2_learn_ws/build/srvcli_py/build/lib/srvcli_py
[0.794s] running install
[0.794s] running install_lib
[0.795s] copying /home/hafizulazwan/ros2_learn_ws/build/srvcli_py/build/lib/srvcli_py/client.py -> /home/hafizulazwan/ros2_learn_ws/install/srvcli_py/lib/python3.10/site-packages/srvcli_py
[0.796s] byte-compiling /home/hafizulazwan/ros2_learn_ws/install/srvcli_py/lib/python3.10/site-packages/srvcli_py/client.py to client.cpython-310.pyc
[0.796s] running install_data
[0.796s] running install_egg_info
[0.798s] removing '/home/hafizulazwan/ros2_learn_ws/install/srvcli_py/lib/python3.10/site-packages/srvcli_py-0.0.0-py3.10.egg-info' (and everything under it)
[0.798s] Copying ../../build/srvcli_py/srvcli_py.egg-info to /home/hafizulazwan/ros2_learn_ws/install/srvcli_py/lib/python3.10/site-packages/srvcli_py-0.0.0-py3.10.egg-info
[0.799s] running install_scripts
[0.819s] Installing joint_conversion_server = srvcli_py.server:mainjoint_conversion_client script to /home/hafizulazwan/ros2_learn_ws/install/srvcli_py/lib/srvcli_py
[0.819s] writing list of installed files to '/home/hafizulazwan/ros2_learn_ws/build/srvcli_py/install.log'
[0.845s] Invoked command in '/home/hafizulazwan/ros2_learn_ws/src/srvcli_py' returned '0': PYTHONPATH=/home/hafizulazwan/ros2_learn_ws/build/srvcli_py/prefix_override:/usr/lib/python3/dist-packages/colcon_core/task/python/colcon_distutils_commands:/home/hafizulazwan/ros2_learn_ws/install/srvcli_py/lib/python3.10/site-packages:${PYTHONPATH} /usr/bin/python3 -W ignore:setup.py install is deprecated -W ignore:easy_install command is deprecated setup.py egg_info --egg-base ../../build/srvcli_py build --build-base /home/hafizulazwan/ros2_learn_ws/build/srvcli_py/build install --record /home/hafizulazwan/ros2_learn_ws/build/srvcli_py/install.log --single-version-externally-managed install_data
