[0.026s] Invoking command in '/home/hafizulazwan/ros2_learn_ws/build/action_pkg': CMAKE_PREFIX_PATH=${CMAKE_PREFIX_PATH}:/home/hafizulazwan/ros2_learn_ws/install/linear_motor_control_action:/home/hafizulazwan/ros2_learn_ws/install/srvcli_py:/home/hafizulazwan/ros2_learn_ws/install/pubsub_py:/home/hafizulazwan/ros2_learn_ws/install/minimal_pkg:/opt/ros/humble /usr/bin/cmake --build /home/hafizulazwan/ros2_learn_ws/build/action_pkg -- -j8 -l8
[0.338s] [  3%] Built target action_pkg__cpp
[0.339s] [ 12%] Built target action_pkg__rosidl_generator_c
[0.339s] [ 12%] Built target ament_cmake_python_copy_action_pkg
[0.339s] [ 22%] Built target action_pkg__rosidl_typesupport_cpp
[0.339s] [ 32%] Built target action_pkg__rosidl_typesupport_introspection_c
[0.339s] [ 41%] Built target action_pkg__rosidl_typesupport_fastrtps_cpp
[0.339s] [ 51%] Built target action_pkg__rosidl_typesupport_fastrtps_c
[0.339s] [ 61%] Built target action_pkg__rosidl_typesupport_c
[0.339s] [ 70%] Built target action_pkg__rosidl_typesupport_introspection_cpp
[0.339s] [ 70%] Built target action_pkg
[0.339s] [ 74%] Built target action_pkg__py
[0.339s] [ 80%] Built target action_pkg__rosidl_generator_py
[0.339s] [ 87%] Built target action_pkg__rosidl_typesupport_introspection_c__pyext
[0.340s] [ 93%] Built target action_pkg__rosidl_typesupport_fastrtps_c__pyext
[0.340s] [100%] Built target action_pkg__rosidl_typesupport_c__pyext
[0.364s] running egg_info
[0.364s] writing action_pkg.egg-info/PKG-INFO
[0.364s] writing dependency_links to action_pkg.egg-info/dependency_links.txt
[0.365s] writing top-level names to action_pkg.egg-info/top_level.txt
[0.367s] reading manifest file 'action_pkg.egg-info/SOURCES.txt'
[0.367s] writing manifest file 'action_pkg.egg-info/SOURCES.txt'
[0.397s] [100%] Built target ament_cmake_python_build_action_pkg_egg
[0.581s] Invoked command in '/home/hafizulazwan/ros2_learn_ws/build/action_pkg' returned '0': CMAKE_PREFIX_PATH=${CMAKE_PREFIX_PATH}:/home/hafizulazwan/ros2_learn_ws/install/linear_motor_control_action:/home/hafizulazwan/ros2_learn_ws/install/srvcli_py:/home/hafizulazwan/ros2_learn_ws/install/pubsub_py:/home/hafizulazwan/ros2_learn_ws/install/minimal_pkg:/opt/ros/humble /usr/bin/cmake --build /home/hafizulazwan/ros2_learn_ws/build/action_pkg -- -j8 -l8
[0.590s] Invoking command in '/home/hafizulazwan/ros2_learn_ws/build/action_pkg': CMAKE_PREFIX_PATH=${CMAKE_PREFIX_PATH}:/home/hafizulazwan/ros2_learn_ws/install/linear_motor_control_action:/home/hafizulazwan/ros2_learn_ws/install/srvcli_py:/home/hafizulazwan/ros2_learn_ws/install/pubsub_py:/home/hafizulazwan/ros2_learn_ws/install/minimal_pkg:/opt/ros/humble /usr/bin/cmake --install /home/hafizulazwan/ros2_learn_ws/build/action_pkg
[0.597s] -- Install configuration: ""
[0.597s] -- Up-to-date: /home/hafizulazwan/ros2_learn_ws/install/action_pkg/share/ament_index/resource_index/rosidl_interfaces/action_pkg
[0.597s] -- Up-to-date: /home/hafizulazwan/ros2_learn_ws/install/action_pkg/include/action_pkg/action_pkg
[0.597s] -- Up-to-date: /home/hafizulazwan/ros2_learn_ws/install/action_pkg/include/action_pkg/action_pkg/msg
[0.597s] -- Up-to-date: /home/hafizulazwan/ros2_learn_ws/install/action_pkg/include/action_pkg/action_pkg/msg/rosidl_generator_c__visibility_control.h
[0.597s] -- Up-to-date: /home/hafizulazwan/ros2_learn_ws/install/action_pkg/include/action_pkg/action_pkg/action
[0.597s] -- Up-to-date: /home/hafizulazwan/ros2_learn_ws/install/action_pkg/include/action_pkg/action_pkg/action/linear_control.h
[0.597s] -- Up-to-date: /home/hafizulazwan/ros2_learn_ws/install/action_pkg/include/action_pkg/action_pkg/action/detail
[0.597s] -- Up-to-date: /home/hafizulazwan/ros2_learn_ws/install/action_pkg/include/action_pkg/action_pkg/action/detail/linear_control__functions.h
[0.598s] -- Up-to-date: /home/hafizulazwan/ros2_learn_ws/install/action_pkg/include/action_pkg/action_pkg/action/detail/linear_control__functions.c
[0.598s] -- Up-to-date: /home/hafizulazwan/ros2_learn_ws/install/action_pkg/include/action_pkg/action_pkg/action/detail/linear_control__struct.h
[0.598s] -- Up-to-date: /home/hafizulazwan/ros2_learn_ws/install/action_pkg/include/action_pkg/action_pkg/action/detail/linear_control__type_support.h
[0.598s] -- Up-to-date: /home/hafizulazwan/ros2_learn_ws/install/action_pkg/share/action_pkg/environment/library_path.sh
[0.598s] -- Up-to-date: /home/hafizulazwan/ros2_learn_ws/install/action_pkg/share/action_pkg/environment/library_path.dsv
[0.598s] -- Up-to-date: /home/hafizulazwan/ros2_learn_ws/install/action_pkg/lib/libaction_pkg__rosidl_generator_c.so
[0.598s] -- Up-to-date: /home/hafizulazwan/ros2_learn_ws/install/action_pkg/include/action_pkg/action_pkg
[0.598s] -- Up-to-date: /home/hafizulazwan/ros2_learn_ws/install/action_pkg/include/action_pkg/action_pkg/msg
[0.598s] -- Up-to-date: /home/hafizulazwan/ros2_learn_ws/install/action_pkg/include/action_pkg/action_pkg/msg/rosidl_typesupport_fastrtps_c__visibility_control.h
[0.598s] -- Up-to-date: /home/hafizulazwan/ros2_learn_ws/install/action_pkg/include/action_pkg/action_pkg/action
[0.599s] -- Up-to-date: /home/hafizulazwan/ros2_learn_ws/install/action_pkg/include/action_pkg/action_pkg/action/detail
[0.599s] -- Up-to-date: /home/hafizulazwan/ros2_learn_ws/install/action_pkg/include/action_pkg/action_pkg/action/detail/linear_control__rosidl_typesupport_fastrtps_c.h
[0.599s] -- Up-to-date: /home/hafizulazwan/ros2_learn_ws/install/action_pkg/lib/libaction_pkg__rosidl_typesupport_fastrtps_c.so
[0.599s] -- Up-to-date: /home/hafizulazwan/ros2_learn_ws/install/action_pkg/include/action_pkg/action_pkg
[0.599s] -- Up-to-date: /home/hafizulazwan/ros2_learn_ws/install/action_pkg/include/action_pkg/action_pkg/msg
[0.599s] -- Up-to-date: /home/hafizulazwan/ros2_learn_ws/install/action_pkg/include/action_pkg/action_pkg/msg/rosidl_typesupport_introspection_c__visibility_control.h
[0.599s] -- Up-to-date: /home/hafizulazwan/ros2_learn_ws/install/action_pkg/include/action_pkg/action_pkg/action
[0.600s] -- Up-to-date: /home/hafizulazwan/ros2_learn_ws/install/action_pkg/include/action_pkg/action_pkg/action/detail
[0.600s] -- Up-to-date: /home/hafizulazwan/ros2_learn_ws/install/action_pkg/include/action_pkg/action_pkg/action/detail/linear_control__type_support.c
[0.600s] -- Up-to-date: /home/hafizulazwan/ros2_learn_ws/install/action_pkg/include/action_pkg/action_pkg/action/detail/linear_control__rosidl_typesupport_introspection_c.h
[0.600s] -- Up-to-date: /home/hafizulazwan/ros2_learn_ws/install/action_pkg/lib/libaction_pkg__rosidl_typesupport_introspection_c.so
[0.600s] -- Up-to-date: /home/hafizulazwan/ros2_learn_ws/install/action_pkg/lib/libaction_pkg__rosidl_typesupport_c.so
[0.600s] -- Up-to-date: /home/hafizulazwan/ros2_learn_ws/install/action_pkg/include/action_pkg/action_pkg
[0.600s] -- Up-to-date: /home/hafizulazwan/ros2_learn_ws/install/action_pkg/include/action_pkg/action_pkg/msg
[0.600s] -- Up-to-date: /home/hafizulazwan/ros2_learn_ws/install/action_pkg/include/action_pkg/action_pkg/msg/rosidl_generator_cpp__visibility_control.hpp
[0.601s] -- Up-to-date: /home/hafizulazwan/ros2_learn_ws/install/action_pkg/include/action_pkg/action_pkg/action
[0.601s] -- Up-to-date: /home/hafizulazwan/ros2_learn_ws/install/action_pkg/include/action_pkg/action_pkg/action/linear_control.hpp
[0.601s] -- Up-to-date: /home/hafizulazwan/ros2_learn_ws/install/action_pkg/include/action_pkg/action_pkg/action/detail
[0.601s] -- Up-to-date: /home/hafizulazwan/ros2_learn_ws/install/action_pkg/include/action_pkg/action_pkg/action/detail/linear_control__builder.hpp
[0.601s] -- Up-to-date: /home/hafizulazwan/ros2_learn_ws/install/action_pkg/include/action_pkg/action_pkg/action/detail/linear_control__type_support.hpp
[0.601s] -- Up-to-date: /home/hafizulazwan/ros2_learn_ws/install/action_pkg/include/action_pkg/action_pkg/action/detail/linear_control__traits.hpp
[0.601s] -- Up-to-date: /home/hafizulazwan/ros2_learn_ws/install/action_pkg/include/action_pkg/action_pkg/action/detail/linear_control__struct.hpp
[0.601s] -- Up-to-date: /home/hafizulazwan/ros2_learn_ws/install/action_pkg/include/action_pkg/action_pkg
[0.601s] -- Up-to-date: /home/hafizulazwan/ros2_learn_ws/install/action_pkg/include/action_pkg/action_pkg/msg
[0.602s] -- Up-to-date: /home/hafizulazwan/ros2_learn_ws/install/action_pkg/include/action_pkg/action_pkg/msg/rosidl_typesupport_fastrtps_cpp__visibility_control.h
[0.602s] -- Up-to-date: /home/hafizulazwan/ros2_learn_ws/install/action_pkg/include/action_pkg/action_pkg/action
[0.602s] -- Up-to-date: /home/hafizulazwan/ros2_learn_ws/install/action_pkg/include/action_pkg/action_pkg/action/detail
[0.602s] -- Up-to-date: /home/hafizulazwan/ros2_learn_ws/install/action_pkg/include/action_pkg/action_pkg/action/detail/linear_control__rosidl_typesupport_fastrtps_cpp.hpp
[0.602s] -- Up-to-date: /home/hafizulazwan/ros2_learn_ws/install/action_pkg/include/action_pkg/action_pkg/action/detail/dds_fastrtps
[0.602s] -- Up-to-date: /home/hafizulazwan/ros2_learn_ws/install/action_pkg/lib/libaction_pkg__rosidl_typesupport_fastrtps_cpp.so
[0.602s] -- Up-to-date: /home/hafizulazwan/ros2_learn_ws/install/action_pkg/include/action_pkg/action_pkg
[0.602s] -- Up-to-date: /home/hafizulazwan/ros2_learn_ws/install/action_pkg/include/action_pkg/action_pkg/action
[0.602s] -- Up-to-date: /home/hafizulazwan/ros2_learn_ws/install/action_pkg/include/action_pkg/action_pkg/action/detail
[0.602s] -- Up-to-date: /home/hafizulazwan/ros2_learn_ws/install/action_pkg/include/action_pkg/action_pkg/action/detail/linear_control__type_support.cpp
[0.603s] -- Up-to-date: /home/hafizulazwan/ros2_learn_ws/install/action_pkg/include/action_pkg/action_pkg/action/detail/linear_control__rosidl_typesupport_introspection_cpp.hpp
[0.603s] -- Up-to-date: /home/hafizulazwan/ros2_learn_ws/install/action_pkg/lib/libaction_pkg__rosidl_typesupport_introspection_cpp.so
[0.603s] -- Up-to-date: /home/hafizulazwan/ros2_learn_ws/install/action_pkg/lib/libaction_pkg__rosidl_typesupport_cpp.so
[0.603s] -- Up-to-date: /home/hafizulazwan/ros2_learn_ws/install/action_pkg/share/action_pkg/environment/pythonpath.sh
[0.603s] -- Up-to-date: /home/hafizulazwan/ros2_learn_ws/install/action_pkg/share/action_pkg/environment/pythonpath.dsv
[0.603s] -- Up-to-date: /home/hafizulazwan/ros2_learn_ws/install/action_pkg/local/lib/python3.10/dist-packages/action_pkg-0.0.0-py3.10.egg-info
[0.603s] -- Installing: /home/hafizulazwan/ros2_learn_ws/install/action_pkg/local/lib/python3.10/dist-packages/action_pkg-0.0.0-py3.10.egg-info/top_level.txt
[0.604s] -- Installing: /home/hafizulazwan/ros2_learn_ws/install/action_pkg/local/lib/python3.10/dist-packages/action_pkg-0.0.0-py3.10.egg-info/SOURCES.txt
[0.604s] -- Installing: /home/hafizulazwan/ros2_learn_ws/install/action_pkg/local/lib/python3.10/dist-packages/action_pkg-0.0.0-py3.10.egg-info/dependency_links.txt
[0.604s] -- Installing: /home/hafizulazwan/ros2_learn_ws/install/action_pkg/local/lib/python3.10/dist-packages/action_pkg-0.0.0-py3.10.egg-info/PKG-INFO
[0.605s] -- Up-to-date: /home/hafizulazwan/ros2_learn_ws/install/action_pkg/local/lib/python3.10/dist-packages/action_pkg
[0.605s] -- Up-to-date: /home/hafizulazwan/ros2_learn_ws/install/action_pkg/local/lib/python3.10/dist-packages/action_pkg/action_pkg_s__rosidl_typesupport_fastrtps_c.cpython-310-x86_64-linux-gnu.so
[0.605s] -- Up-to-date: /home/hafizulazwan/ros2_learn_ws/install/action_pkg/local/lib/python3.10/dist-packages/action_pkg/action_pkg_s__rosidl_typesupport_introspection_c.cpython-310-x86_64-linux-gnu.so
[0.605s] -- Up-to-date: /home/hafizulazwan/ros2_learn_ws/install/action_pkg/local/lib/python3.10/dist-packages/action_pkg/__init__.py
[0.605s] -- Up-to-date: /home/hafizulazwan/ros2_learn_ws/install/action_pkg/local/lib/python3.10/dist-packages/action_pkg/_action_pkg_s.ep.rosidl_typesupport_c.c
[0.605s] -- Up-to-date: /home/hafizulazwan/ros2_learn_ws/install/action_pkg/local/lib/python3.10/dist-packages/action_pkg/libaction_pkg__rosidl_generator_py.so
[0.605s] -- Up-to-date: /home/hafizulazwan/ros2_learn_ws/install/action_pkg/local/lib/python3.10/dist-packages/action_pkg/action_pkg_s__rosidl_typesupport_c.cpython-310-x86_64-linux-gnu.so
[0.605s] -- Up-to-date: /home/hafizulazwan/ros2_learn_ws/install/action_pkg/local/lib/python3.10/dist-packages/action_pkg/_action_pkg_s.ep.rosidl_typesupport_fastrtps_c.c
[0.606s] -- Up-to-date: /home/hafizulazwan/ros2_learn_ws/install/action_pkg/local/lib/python3.10/dist-packages/action_pkg/action
[0.606s] -- Up-to-date: /home/hafizulazwan/ros2_learn_ws/install/action_pkg/local/lib/python3.10/dist-packages/action_pkg/action/__init__.py
[0.606s] -- Up-to-date: /home/hafizulazwan/ros2_learn_ws/install/action_pkg/local/lib/python3.10/dist-packages/action_pkg/action/_linear_control_s.c
[0.606s] -- Up-to-date: /home/hafizulazwan/ros2_learn_ws/install/action_pkg/local/lib/python3.10/dist-packages/action_pkg/action/_linear_control.py
[0.606s] -- Up-to-date: /home/hafizulazwan/ros2_learn_ws/install/action_pkg/local/lib/python3.10/dist-packages/action_pkg/_action_pkg_s.ep.rosidl_typesupport_introspection_c.c
[0.639s] Listing '/home/hafizulazwan/ros2_learn_ws/install/action_pkg/local/lib/python3.10/dist-packages/action_pkg'...
[0.639s] Listing '/home/hafizulazwan/ros2_learn_ws/install/action_pkg/local/lib/python3.10/dist-packages/action_pkg/action'...
[0.645s] -- Up-to-date: /home/hafizulazwan/ros2_learn_ws/install/action_pkg/local/lib/python3.10/dist-packages/action_pkg/action_pkg_s__rosidl_typesupport_fastrtps_c.cpython-310-x86_64-linux-gnu.so
[0.645s] -- Up-to-date: /home/hafizulazwan/ros2_learn_ws/install/action_pkg/local/lib/python3.10/dist-packages/action_pkg/action_pkg_s__rosidl_typesupport_introspection_c.cpython-310-x86_64-linux-gnu.so
[0.645s] -- Up-to-date: /home/hafizulazwan/ros2_learn_ws/install/action_pkg/local/lib/python3.10/dist-packages/action_pkg/action_pkg_s__rosidl_typesupport_c.cpython-310-x86_64-linux-gnu.so
[0.645s] -- Up-to-date: /home/hafizulazwan/ros2_learn_ws/install/action_pkg/lib/libaction_pkg__rosidl_generator_py.so
[0.645s] -- Up-to-date: /home/hafizulazwan/ros2_learn_ws/install/action_pkg/share/action_pkg/action/LinearControl.idl
[0.645s] -- Up-to-date: /home/hafizulazwan/ros2_learn_ws/install/action_pkg/share/action_pkg/action/LinearControl.action
[0.645s] -- Up-to-date: /home/hafizulazwan/ros2_learn_ws/install/action_pkg/share/ament_index/resource_index/package_run_dependencies/action_pkg
[0.646s] -- Up-to-date: /home/hafizulazwan/ros2_learn_ws/install/action_pkg/share/ament_index/resource_index/parent_prefix_path/action_pkg
[0.646s] -- Up-to-date: /home/hafizulazwan/ros2_learn_ws/install/action_pkg/share/action_pkg/environment/ament_prefix_path.sh
[0.646s] -- Up-to-date: /home/hafizulazwan/ros2_learn_ws/install/action_pkg/share/action_pkg/environment/ament_prefix_path.dsv
[0.646s] -- Up-to-date: /home/hafizulazwan/ros2_learn_ws/install/action_pkg/share/action_pkg/environment/path.sh
[0.646s] -- Up-to-date: /home/hafizulazwan/ros2_learn_ws/install/action_pkg/share/action_pkg/environment/path.dsv
[0.646s] -- Up-to-date: /home/hafizulazwan/ros2_learn_ws/install/action_pkg/share/action_pkg/local_setup.bash
[0.646s] -- Up-to-date: /home/hafizulazwan/ros2_learn_ws/install/action_pkg/share/action_pkg/local_setup.sh
[0.646s] -- Up-to-date: /home/hafizulazwan/ros2_learn_ws/install/action_pkg/share/action_pkg/local_setup.zsh
[0.646s] -- Up-to-date: /home/hafizulazwan/ros2_learn_ws/install/action_pkg/share/action_pkg/local_setup.dsv
[0.646s] -- Installing: /home/hafizulazwan/ros2_learn_ws/install/action_pkg/share/action_pkg/package.dsv
[0.646s] -- Up-to-date: /home/hafizulazwan/ros2_learn_ws/install/action_pkg/share/ament_index/resource_index/packages/action_pkg
[0.646s] -- Up-to-date: /home/hafizulazwan/ros2_learn_ws/install/action_pkg/share/action_pkg/cmake/export_action_pkg__rosidl_generator_cExport.cmake
[0.647s] -- Up-to-date: /home/hafizulazwan/ros2_learn_ws/install/action_pkg/share/action_pkg/cmake/export_action_pkg__rosidl_generator_cExport-noconfig.cmake
[0.647s] -- Up-to-date: /home/hafizulazwan/ros2_learn_ws/install/action_pkg/share/action_pkg/cmake/export_action_pkg__rosidl_typesupport_fastrtps_cExport.cmake
[0.647s] -- Up-to-date: /home/hafizulazwan/ros2_learn_ws/install/action_pkg/share/action_pkg/cmake/export_action_pkg__rosidl_typesupport_fastrtps_cExport-noconfig.cmake
[0.647s] -- Up-to-date: /home/hafizulazwan/ros2_learn_ws/install/action_pkg/share/action_pkg/cmake/action_pkg__rosidl_typesupport_introspection_cExport.cmake
[0.647s] -- Up-to-date: /home/hafizulazwan/ros2_learn_ws/install/action_pkg/share/action_pkg/cmake/action_pkg__rosidl_typesupport_introspection_cExport-noconfig.cmake
[0.647s] -- Up-to-date: /home/hafizulazwan/ros2_learn_ws/install/action_pkg/share/action_pkg/cmake/action_pkg__rosidl_typesupport_cExport.cmake
[0.647s] -- Up-to-date: /home/hafizulazwan/ros2_learn_ws/install/action_pkg/share/action_pkg/cmake/action_pkg__rosidl_typesupport_cExport-noconfig.cmake
[0.647s] -- Up-to-date: /home/hafizulazwan/ros2_learn_ws/install/action_pkg/share/action_pkg/cmake/export_action_pkg__rosidl_generator_cppExport.cmake
[0.647s] -- Up-to-date: /home/hafizulazwan/ros2_learn_ws/install/action_pkg/share/action_pkg/cmake/export_action_pkg__rosidl_typesupport_fastrtps_cppExport.cmake
[0.647s] -- Up-to-date: /home/hafizulazwan/ros2_learn_ws/install/action_pkg/share/action_pkg/cmake/export_action_pkg__rosidl_typesupport_fastrtps_cppExport-noconfig.cmake
[0.647s] -- Up-to-date: /home/hafizulazwan/ros2_learn_ws/install/action_pkg/share/action_pkg/cmake/action_pkg__rosidl_typesupport_introspection_cppExport.cmake
[0.647s] -- Up-to-date: /home/hafizulazwan/ros2_learn_ws/install/action_pkg/share/action_pkg/cmake/action_pkg__rosidl_typesupport_introspection_cppExport-noconfig.cmake
[0.648s] -- Up-to-date: /home/hafizulazwan/ros2_learn_ws/install/action_pkg/share/action_pkg/cmake/action_pkg__rosidl_typesupport_cppExport.cmake
[0.648s] -- Up-to-date: /home/hafizulazwan/ros2_learn_ws/install/action_pkg/share/action_pkg/cmake/action_pkg__rosidl_typesupport_cppExport-noconfig.cmake
[0.648s] -- Up-to-date: /home/hafizulazwan/ros2_learn_ws/install/action_pkg/share/action_pkg/cmake/export_action_pkg__rosidl_generator_pyExport.cmake
[0.648s] -- Up-to-date: /home/hafizulazwan/ros2_learn_ws/install/action_pkg/share/action_pkg/cmake/export_action_pkg__rosidl_generator_pyExport-noconfig.cmake
[0.648s] -- Up-to-date: /home/hafizulazwan/ros2_learn_ws/install/action_pkg/share/action_pkg/cmake/rosidl_cmake-extras.cmake
[0.648s] -- Up-to-date: /home/hafizulazwan/ros2_learn_ws/install/action_pkg/share/action_pkg/cmake/ament_cmake_export_dependencies-extras.cmake
[0.648s] -- Up-to-date: /home/hafizulazwan/ros2_learn_ws/install/action_pkg/share/action_pkg/cmake/ament_cmake_export_include_directories-extras.cmake
[0.648s] -- Up-to-date: /home/hafizulazwan/ros2_learn_ws/install/action_pkg/share/action_pkg/cmake/ament_cmake_export_libraries-extras.cmake
[0.648s] -- Up-to-date: /home/hafizulazwan/ros2_learn_ws/install/action_pkg/share/action_pkg/cmake/ament_cmake_export_targets-extras.cmake
[0.648s] -- Up-to-date: /home/hafizulazwan/ros2_learn_ws/install/action_pkg/share/action_pkg/cmake/rosidl_cmake_export_typesupport_targets-extras.cmake
[0.648s] -- Up-to-date: /home/hafizulazwan/ros2_learn_ws/install/action_pkg/share/action_pkg/cmake/rosidl_cmake_export_typesupport_libraries-extras.cmake
[0.648s] -- Up-to-date: /home/hafizulazwan/ros2_learn_ws/install/action_pkg/share/action_pkg/cmake/action_pkgConfig.cmake
[0.648s] -- Up-to-date: /home/hafizulazwan/ros2_learn_ws/install/action_pkg/share/action_pkg/cmake/action_pkgConfig-version.cmake
[0.648s] -- Up-to-date: /home/hafizulazwan/ros2_learn_ws/install/action_pkg/share/action_pkg/package.xml
[0.649s] Invoked command in '/home/hafizulazwan/ros2_learn_ws/build/action_pkg' returned '0': CMAKE_PREFIX_PATH=${CMAKE_PREFIX_PATH}:/home/hafizulazwan/ros2_learn_ws/install/linear_motor_control_action:/home/hafizulazwan/ros2_learn_ws/install/srvcli_py:/home/hafizulazwan/ros2_learn_ws/install/pubsub_py:/home/hafizulazwan/ros2_learn_ws/install/minimal_pkg:/opt/ros/humble /usr/bin/cmake --install /home/hafizulazwan/ros2_learn_ws/build/action_pkg
