running egg_info
creating ../../build/srvcli_py/srvcli_py.egg-info
writing ../../build/srvcli_py/srvcli_py.egg-info/PKG-INFO
writing dependency_links to ../../build/srvcli_py/srvcli_py.egg-info/dependency_links.txt
writing entry points to ../../build/srvcli_py/srvcli_py.egg-info/entry_points.txt
writing requirements to ../../build/srvcli_py/srvcli_py.egg-info/requires.txt
writing top-level names to ../../build/srvcli_py/srvcli_py.egg-info/top_level.txt
writing manifest file '../../build/srvcli_py/srvcli_py.egg-info/SOURCES.txt'
reading manifest file '../../build/srvcli_py/srvcli_py.egg-info/SOURCES.txt'
writing manifest file '../../build/srvcli_py/srvcli_py.egg-info/SOURCES.txt'
running build
running build_py
creating /home/user/ros2_ws/build/srvcli_py/build
creating /home/user/ros2_ws/build/srvcli_py/build/lib
creating /home/user/ros2_ws/build/srvcli_py/build/lib/srvcli_py
copying srvcli_py/client.py -> /home/user/ros2_ws/build/srvcli_py/build/lib/srvcli_py
copying srvcli_py/__init__.py -> /home/user/ros2_ws/build/srvcli_py/build/lib/srvcli_py
copying srvcli_py/server.py -> /home/user/ros2_ws/build/srvcli_py/build/lib/srvcli_py
running install
running install_lib
creating /home/user/ros2_ws/install/srvcli_py/lib/python3.10/site-packages/srvcli_py
copying /home/user/ros2_ws/build/srvcli_py/build/lib/srvcli_py/client.py -> /home/user/ros2_ws/install/srvcli_py/lib/python3.10/site-packages/srvcli_py
copying /home/user/ros2_ws/build/srvcli_py/build/lib/srvcli_py/__init__.py -> /home/user/ros2_ws/install/srvcli_py/lib/python3.10/site-packages/srvcli_py
copying /home/user/ros2_ws/build/srvcli_py/build/lib/srvcli_py/server.py -> /home/user/ros2_ws/install/srvcli_py/lib/python3.10/site-packages/srvcli_py
byte-compiling /home/user/ros2_ws/install/srvcli_py/lib/python3.10/site-packages/srvcli_py/client.py to client.cpython-310.pyc
byte-compiling /home/user/ros2_ws/install/srvcli_py/lib/python3.10/site-packages/srvcli_py/__init__.py to __init__.cpython-310.pyc
byte-compiling /home/user/ros2_ws/install/srvcli_py/lib/python3.10/site-packages/srvcli_py/server.py to server.cpython-310.pyc
running install_data
creating /home/user/ros2_ws/install/srvcli_py/share/ament_index
creating /home/user/ros2_ws/install/srvcli_py/share/ament_index/resource_index
creating /home/user/ros2_ws/install/srvcli_py/share/ament_index/resource_index/packages
copying resource/srvcli_py -> /home/user/ros2_ws/install/srvcli_py/share/ament_index/resource_index/packages
copying package.xml -> /home/user/ros2_ws/install/srvcli_py/share/srvcli_py
running install_egg_info
Copying ../../build/srvcli_py/srvcli_py.egg-info to /home/user/ros2_ws/install/srvcli_py/lib/python3.10/site-packages/srvcli_py-0.0.0-py3.10.egg-info
running install_scripts
Installing joint_conversion_client script to /home/user/ros2_ws/install/srvcli_py/lib/srvcli_py
Installing joint_conversion_server script to /home/user/ros2_ws/install/srvcli_py/lib/srvcli_py
writing list of installed files to '/home/user/ros2_ws/build/srvcli_py/install.log'
