[0.897s] Invoking command in '/home/hafizulazwan/ros2_learn_ws/src/minimal_pkg': PYTHONPATH=/home/hafizulazwan/ros2_learn_ws/build/minimal_pkg/prefix_override:/usr/lib/python3/dist-packages/colcon_core/task/python/colcon_distutils_commands:/home/hafizulazwan/ros2_learn_ws/install/minimal_pkg/lib/python3.10/site-packages:${PYTHONPATH} /usr/bin/python3 -W ignore:setup.py install is deprecated -W ignore:easy_install command is deprecated setup.py egg_info --egg-base ../../build/minimal_pkg build --build-base /home/hafizulazwan/ros2_learn_ws/build/minimal_pkg/build install --record /home/hafizulazwan/ros2_learn_ws/build/minimal_pkg/install.log --single-version-externally-managed install_data
[1.120s] running egg_info
[1.120s] writing ../../build/minimal_pkg/minimal_pkg.egg-info/PKG-INFO
[1.121s] writing dependency_links to ../../build/minimal_pkg/minimal_pkg.egg-info/dependency_links.txt
[1.121s] writing entry points to ../../build/minimal_pkg/minimal_pkg.egg-info/entry_points.txt
[1.121s] writing requirements to ../../build/minimal_pkg/minimal_pkg.egg-info/requires.txt
[1.121s] writing top-level names to ../../build/minimal_pkg/minimal_pkg.egg-info/top_level.txt
[1.123s] reading manifest file '../../build/minimal_pkg/minimal_pkg.egg-info/SOURCES.txt'
[1.124s] writing manifest file '../../build/minimal_pkg/minimal_pkg.egg-info/SOURCES.txt'
[1.124s] running build
[1.124s] running build_py
[1.125s] running install
[1.125s] running install_lib
[1.127s] running install_data
[1.127s] running install_egg_info
[1.128s] removing '/home/hafizulazwan/ros2_learn_ws/install/minimal_pkg/lib/python3.10/site-packages/minimal_pkg-0.0.0-py3.10.egg-info' (and everything under it)
[1.129s] Copying ../../build/minimal_pkg/minimal_pkg.egg-info to /home/hafizulazwan/ros2_learn_ws/install/minimal_pkg/lib/python3.10/site-packages/minimal_pkg-0.0.0-py3.10.egg-info
[1.129s] running install_scripts
[1.150s] Installing minimal_node script to /home/hafizulazwan/ros2_learn_ws/install/minimal_pkg/lib/minimal_pkg
[1.150s] writing list of installed files to '/home/hafizulazwan/ros2_learn_ws/build/minimal_pkg/install.log'
[1.177s] Invoked command in '/home/hafizulazwan/ros2_learn_ws/src/minimal_pkg' returned '0': PYTHONPATH=/home/hafizulazwan/ros2_learn_ws/build/minimal_pkg/prefix_override:/usr/lib/python3/dist-packages/colcon_core/task/python/colcon_distutils_commands:/home/hafizulazwan/ros2_learn_ws/install/minimal_pkg/lib/python3.10/site-packages:${PYTHONPATH} /usr/bin/python3 -W ignore:setup.py install is deprecated -W ignore:easy_install command is deprecated setup.py egg_info --egg-base ../../build/minimal_pkg build --build-base /home/hafizulazwan/ros2_learn_ws/build/minimal_pkg/build install --record /home/hafizulazwan/ros2_learn_ws/build/minimal_pkg/install.log --single-version-externally-managed install_data
