[0.661s] Invoking command in '/home/hafizulazwan/ros2_learn_ws/src/pubsub_py': PYTHONPATH=/home/hafizulazwan/ros2_learn_ws/build/pubsub_py/prefix_override:/usr/lib/python3/dist-packages/colcon_core/task/python/colcon_distutils_commands:/home/hafizulazwan/ros2_learn_ws/install/pubsub_py/lib/python3.10/site-packages: /usr/bin/python3 -W ignore:setup.py install is deprecated -W ignore:easy_install command is deprecated setup.py egg_info --egg-base ../../build/pubsub_py build --build-base /home/hafizulazwan/ros2_learn_ws/build/pubsub_py/build install --record /home/hafizulazwan/ros2_learn_ws/build/pubsub_py/install.log --single-version-externally-managed install_data
[0.833s] running egg_info
[0.833s] writing ../../build/pubsub_py/pubsub_py.egg-info/PKG-INFO
[0.834s] writing dependency_links to ../../build/pubsub_py/pubsub_py.egg-info/dependency_links.txt
[0.834s] writing entry points to ../../build/pubsub_py/pubsub_py.egg-info/entry_points.txt
[0.835s] writing requirements to ../../build/pubsub_py/pubsub_py.egg-info/requires.txt
[0.835s] writing top-level names to ../../build/pubsub_py/pubsub_py.egg-info/top_level.txt
[0.836s] reading manifest file '../../build/pubsub_py/pubsub_py.egg-info/SOURCES.txt'
[0.837s] writing manifest file '../../build/pubsub_py/pubsub_py.egg-info/SOURCES.txt'
[0.838s] running build
[0.838s] running build_py
[0.838s] copying pubsub_py/sine_wave_subscriber.py -> /home/hafizulazwan/ros2_learn_ws/build/pubsub_py/build/lib/pubsub_py
[0.838s] copying pubsub_py/sine_wave_publisher.py -> /home/hafizulazwan/ros2_learn_ws/build/pubsub_py/build/lib/pubsub_py
[0.838s] running install
[0.838s] running install_lib
[0.838s] copying /home/hafizulazwan/ros2_learn_ws/build/pubsub_py/build/lib/pubsub_py/sine_wave_subscriber.py -> /home/hafizulazwan/ros2_learn_ws/install/pubsub_py/lib/python3.10/site-packages/pubsub_py
[0.839s] copying /home/hafizulazwan/ros2_learn_ws/build/pubsub_py/build/lib/pubsub_py/sine_wave_publisher.py -> /home/hafizulazwan/ros2_learn_ws/install/pubsub_py/lib/python3.10/site-packages/pubsub_py
[0.839s] byte-compiling /home/hafizulazwan/ros2_learn_ws/install/pubsub_py/lib/python3.10/site-packages/pubsub_py/sine_wave_subscriber.py to sine_wave_subscriber.cpython-310.pyc
[0.840s] byte-compiling /home/hafizulazwan/ros2_learn_ws/install/pubsub_py/lib/python3.10/site-packages/pubsub_py/sine_wave_publisher.py to sine_wave_publisher.cpython-310.pyc
[0.840s] running install_data
[0.840s] running install_egg_info
[0.842s] removing '/home/hafizulazwan/ros2_learn_ws/install/pubsub_py/lib/python3.10/site-packages/pubsub_py-0.0.0-py3.10.egg-info' (and everything under it)
[0.842s] Copying ../../build/pubsub_py/pubsub_py.egg-info to /home/hafizulazwan/ros2_learn_ws/install/pubsub_py/lib/python3.10/site-packages/pubsub_py-0.0.0-py3.10.egg-info
[0.843s] running install_scripts
[0.861s] Installing sine_wave_publisher script to /home/hafizulazwan/ros2_learn_ws/install/pubsub_py/lib/pubsub_py
[0.861s] Installing sine_wave_subscriber script to /home/hafizulazwan/ros2_learn_ws/install/pubsub_py/lib/pubsub_py
[0.862s] writing list of installed files to '/home/hafizulazwan/ros2_learn_ws/build/pubsub_py/install.log'
[0.897s] Invoked command in '/home/hafizulazwan/ros2_learn_ws/src/pubsub_py' returned '0': PYTHONPATH=/home/hafizulazwan/ros2_learn_ws/build/pubsub_py/prefix_override:/usr/lib/python3/dist-packages/colcon_core/task/python/colcon_distutils_commands:/home/hafizulazwan/ros2_learn_ws/install/pubsub_py/lib/python3.10/site-packages: /usr/bin/python3 -W ignore:setup.py install is deprecated -W ignore:easy_install command is deprecated setup.py egg_info --egg-base ../../build/pubsub_py build --build-base /home/hafizulazwan/ros2_learn_ws/build/pubsub_py/build install --record /home/hafizulazwan/ros2_learn_ws/build/pubsub_py/install.log --single-version-externally-managed install_data
