[0.064s] DEBUG:colcon:Command line arguments: ['/usr/bin/colcon', 'build']
[0.064s] DEBUG:colcon:Parsed command line arguments: Namespace(log_base=None, log_level=None, verb_name='build', build_base='build', install_base='install', merge_install=False, symlink_install=False, test_result_base=None, continue_on_error=False, executor='parallel', parallel_workers=20, event_handlers=None, ignore_user_meta=False, metas=['./colcon.meta'], base_paths=['.'], packages_ignore=None, packages_ignore_regex=None, paths=None, packages_up_to=None, packages_up_to_regex=None, packages_above=None, packages_above_and_dependencies=None, packages_above_depth=None, packages_select_by_dep=None, packages_skip_by_dep=None, packages_skip_up_to=None, packages_select_build_failed=False, packages_skip_build_finished=False, packages_select_test_failures=False, packages_skip_test_passed=False, packages_select=None, packages_skip=None, packages_select_regex=None, packages_skip_regex=None, packages_start=None, packages_end=None, allow_overriding=[], cmake_args=None, cmake_target=None, cmake_target_skip_unavailable=False, cmake_clean_cache=False, cmake_clean_first=False, cmake_force_configure=False, ament_cmake_args=None, catkin_cmake_args=None, catkin_skip_building_tests=False, mixin_files=None, mixin=None, verb_parser=<colcon_mixin.mixin.mixin_argument.MixinArgumentDecorator object at 0x7fbe61846020>, verb_extension=<colcon_core.verb.build.BuildVerb object at 0x7fbe61805090>, main=<bound method BuildVerb.main of <colcon_core.verb.build.BuildVerb object at 0x7fbe61805090>>, mixin_verb=('build',))
[0.147s] Level 1:colcon.colcon_core.package_discovery:discover_packages(colcon_meta) check parameters
[0.148s] Level 1:colcon.colcon_core.package_discovery:discover_packages(recursive) check parameters
[0.148s] Level 1:colcon.colcon_core.package_discovery:discover_packages(ignore) check parameters
[0.148s] Level 1:colcon.colcon_core.package_discovery:discover_packages(path) check parameters
[0.148s] Level 1:colcon.colcon_core.package_discovery:discover_packages(colcon_meta) discover
[0.148s] Level 1:colcon.colcon_core.package_discovery:discover_packages(recursive) discover
[0.148s] INFO:colcon.colcon_core.package_discovery:Crawling recursively for packages in '/home/user/ros2_ws'
[0.148s] Level 1:colcon.colcon_core.package_identification:_identify(.) by extensions ['ignore', 'ignore_ament_install']
[0.148s] Level 1:colcon.colcon_core.package_identification:_identify(.) by extension 'ignore'
[0.148s] Level 1:colcon.colcon_core.package_identification:_identify(.) by extension 'ignore_ament_install'
[0.148s] Level 1:colcon.colcon_core.package_identification:_identify(.) by extensions ['colcon_pkg']
[0.148s] Level 1:colcon.colcon_core.package_identification:_identify(.) by extension 'colcon_pkg'
[0.148s] Level 1:colcon.colcon_core.package_identification:_identify(.) by extensions ['colcon_meta']
[0.148s] Level 1:colcon.colcon_core.package_identification:_identify(.) by extension 'colcon_meta'
[0.148s] Level 1:colcon.colcon_core.package_identification:_identify(.) by extensions ['ros']
[0.148s] Level 1:colcon.colcon_core.package_identification:_identify(.) by extension 'ros'
[0.158s] Level 1:colcon.colcon_core.package_identification:_identify(.) by extensions ['cmake', 'python']
[0.158s] Level 1:colcon.colcon_core.package_identification:_identify(.) by extension 'cmake'
[0.158s] Level 1:colcon.colcon_core.package_identification:_identify(.) by extension 'python'
[0.158s] Level 1:colcon.colcon_core.package_identification:_identify(.) by extensions ['python_setup_py']
[0.158s] Level 1:colcon.colcon_core.package_identification:_identify(.) by extension 'python_setup_py'
[0.158s] Level 1:colcon.colcon_core.package_identification:_identify(build) by extensions ['ignore', 'ignore_ament_install']
[0.158s] Level 1:colcon.colcon_core.package_identification:_identify(build) by extension 'ignore'
[0.158s] Level 1:colcon.colcon_core.package_identification:_identify(build) ignored
[0.158s] Level 1:colcon.colcon_core.package_identification:_identify(install) by extensions ['ignore', 'ignore_ament_install']
[0.158s] Level 1:colcon.colcon_core.package_identification:_identify(install) by extension 'ignore'
[0.158s] Level 1:colcon.colcon_core.package_identification:_identify(install) ignored
[0.158s] Level 1:colcon.colcon_core.package_identification:_identify(log) by extensions ['ignore', 'ignore_ament_install']
[0.158s] Level 1:colcon.colcon_core.package_identification:_identify(log) by extension 'ignore'
[0.158s] Level 1:colcon.colcon_core.package_identification:_identify(log) ignored
[0.158s] Level 1:colcon.colcon_core.package_identification:_identify(src) by extensions ['ignore', 'ignore_ament_install']
[0.158s] Level 1:colcon.colcon_core.package_identification:_identify(src) by extension 'ignore'
[0.158s] Level 1:colcon.colcon_core.package_identification:_identify(src) by extension 'ignore_ament_install'
[0.158s] Level 1:colcon.colcon_core.package_identification:_identify(src) by extensions ['colcon_pkg']
[0.158s] Level 1:colcon.colcon_core.package_identification:_identify(src) by extension 'colcon_pkg'
[0.158s] Level 1:colcon.colcon_core.package_identification:_identify(src) by extensions ['colcon_meta']
[0.158s] Level 1:colcon.colcon_core.package_identification:_identify(src) by extension 'colcon_meta'
[0.158s] Level 1:colcon.colcon_core.package_identification:_identify(src) by extensions ['ros']
[0.158s] Level 1:colcon.colcon_core.package_identification:_identify(src) by extension 'ros'
[0.159s] Level 1:colcon.colcon_core.package_identification:_identify(src) by extensions ['cmake', 'python']
[0.159s] Level 1:colcon.colcon_core.package_identification:_identify(src) by extension 'cmake'
[0.159s] Level 1:colcon.colcon_core.package_identification:_identify(src) by extension 'python'
[0.159s] Level 1:colcon.colcon_core.package_identification:_identify(src) by extensions ['python_setup_py']
[0.159s] Level 1:colcon.colcon_core.package_identification:_identify(src) by extension 'python_setup_py'
[0.159s] Level 1:colcon.colcon_core.package_identification:_identify(src/action_pkg) by extensions ['ignore', 'ignore_ament_install']
[0.159s] Level 1:colcon.colcon_core.package_identification:_identify(src/action_pkg) by extension 'ignore'
[0.159s] Level 1:colcon.colcon_core.package_identification:_identify(src/action_pkg) by extension 'ignore_ament_install'
[0.159s] Level 1:colcon.colcon_core.package_identification:_identify(src/action_pkg) by extensions ['colcon_pkg']
[0.159s] Level 1:colcon.colcon_core.package_identification:_identify(src/action_pkg) by extension 'colcon_pkg'
[0.159s] Level 1:colcon.colcon_core.package_identification:_identify(src/action_pkg) by extensions ['colcon_meta']
[0.159s] Level 1:colcon.colcon_core.package_identification:_identify(src/action_pkg) by extension 'colcon_meta'
[0.159s] Level 1:colcon.colcon_core.package_identification:_identify(src/action_pkg) by extensions ['ros']
[0.159s] Level 1:colcon.colcon_core.package_identification:_identify(src/action_pkg) by extension 'ros'
[0.160s] DEBUG:colcon.colcon_core.package_identification:Package 'src/action_pkg' with type 'ros.ament_cmake' and name 'action_pkg'
[0.160s] Level 1:colcon.colcon_core.package_identification:_identify(src/linear_motor_control_action) by extensions ['ignore', 'ignore_ament_install']
[0.160s] Level 1:colcon.colcon_core.package_identification:_identify(src/linear_motor_control_action) by extension 'ignore'
[0.160s] Level 1:colcon.colcon_core.package_identification:_identify(src/linear_motor_control_action) by extension 'ignore_ament_install'
[0.160s] Level 1:colcon.colcon_core.package_identification:_identify(src/linear_motor_control_action) by extensions ['colcon_pkg']
[0.160s] Level 1:colcon.colcon_core.package_identification:_identify(src/linear_motor_control_action) by extension 'colcon_pkg'
[0.160s] Level 1:colcon.colcon_core.package_identification:_identify(src/linear_motor_control_action) by extensions ['colcon_meta']
[0.160s] Level 1:colcon.colcon_core.package_identification:_identify(src/linear_motor_control_action) by extension 'colcon_meta'
[0.160s] Level 1:colcon.colcon_core.package_identification:_identify(src/linear_motor_control_action) by extensions ['ros']
[0.160s] Level 1:colcon.colcon_core.package_identification:_identify(src/linear_motor_control_action) by extension 'ros'
[0.161s] DEBUG:colcon.colcon_core.package_identification:Package 'src/linear_motor_control_action' with type 'ros.ament_python' and name 'linear_motor_control_action'
[0.161s] Level 1:colcon.colcon_core.package_identification:_identify(src/minimal_pkg) by extensions ['ignore', 'ignore_ament_install']
[0.161s] Level 1:colcon.colcon_core.package_identification:_identify(src/minimal_pkg) by extension 'ignore'
[0.161s] Level 1:colcon.colcon_core.package_identification:_identify(src/minimal_pkg) by extension 'ignore_ament_install'
[0.161s] Level 1:colcon.colcon_core.package_identification:_identify(src/minimal_pkg) by extensions ['colcon_pkg']
[0.161s] Level 1:colcon.colcon_core.package_identification:_identify(src/minimal_pkg) by extension 'colcon_pkg'
[0.161s] Level 1:colcon.colcon_core.package_identification:_identify(src/minimal_pkg) by extensions ['colcon_meta']
[0.161s] Level 1:colcon.colcon_core.package_identification:_identify(src/minimal_pkg) by extension 'colcon_meta'
[0.161s] Level 1:colcon.colcon_core.package_identification:_identify(src/minimal_pkg) by extensions ['ros']
[0.161s] Level 1:colcon.colcon_core.package_identification:_identify(src/minimal_pkg) by extension 'ros'
[0.161s] DEBUG:colcon.colcon_core.package_identification:Package 'src/minimal_pkg' with type 'ros.ament_python' and name 'minimal_pkg'
[0.161s] Level 1:colcon.colcon_core.package_identification:_identify(src/pubsub_py) by extensions ['ignore', 'ignore_ament_install']
[0.161s] Level 1:colcon.colcon_core.package_identification:_identify(src/pubsub_py) by extension 'ignore'
[0.161s] Level 1:colcon.colcon_core.package_identification:_identify(src/pubsub_py) by extension 'ignore_ament_install'
[0.161s] Level 1:colcon.colcon_core.package_identification:_identify(src/pubsub_py) by extensions ['colcon_pkg']
[0.161s] Level 1:colcon.colcon_core.package_identification:_identify(src/pubsub_py) by extension 'colcon_pkg'
[0.161s] Level 1:colcon.colcon_core.package_identification:_identify(src/pubsub_py) by extensions ['colcon_meta']
[0.161s] Level 1:colcon.colcon_core.package_identification:_identify(src/pubsub_py) by extension 'colcon_meta'
[0.161s] Level 1:colcon.colcon_core.package_identification:_identify(src/pubsub_py) by extensions ['ros']
[0.161s] Level 1:colcon.colcon_core.package_identification:_identify(src/pubsub_py) by extension 'ros'
[0.162s] DEBUG:colcon.colcon_core.package_identification:Package 'src/pubsub_py' with type 'ros.ament_python' and name 'pubsub_py'
[0.162s] Level 1:colcon.colcon_core.package_identification:_identify(src/srv_pkg) by extensions ['ignore', 'ignore_ament_install']
[0.162s] Level 1:colcon.colcon_core.package_identification:_identify(src/srv_pkg) by extension 'ignore'
[0.162s] Level 1:colcon.colcon_core.package_identification:_identify(src/srv_pkg) by extension 'ignore_ament_install'
[0.162s] Level 1:colcon.colcon_core.package_identification:_identify(src/srv_pkg) by extensions ['colcon_pkg']
[0.162s] Level 1:colcon.colcon_core.package_identification:_identify(src/srv_pkg) by extension 'colcon_pkg'
[0.162s] Level 1:colcon.colcon_core.package_identification:_identify(src/srv_pkg) by extensions ['colcon_meta']
[0.162s] Level 1:colcon.colcon_core.package_identification:_identify(src/srv_pkg) by extension 'colcon_meta'
[0.162s] Level 1:colcon.colcon_core.package_identification:_identify(src/srv_pkg) by extensions ['ros']
[0.162s] Level 1:colcon.colcon_core.package_identification:_identify(src/srv_pkg) by extension 'ros'
[0.162s] DEBUG:colcon.colcon_core.package_identification:Package 'src/srv_pkg' with type 'ros.ament_cmake' and name 'srv_pkg'
[0.162s] Level 1:colcon.colcon_core.package_identification:_identify(src/srvcli_py) by extensions ['ignore', 'ignore_ament_install']
[0.162s] Level 1:colcon.colcon_core.package_identification:_identify(src/srvcli_py) by extension 'ignore'
[0.162s] Level 1:colcon.colcon_core.package_identification:_identify(src/srvcli_py) by extension 'ignore_ament_install'
[0.162s] Level 1:colcon.colcon_core.package_identification:_identify(src/srvcli_py) by extensions ['colcon_pkg']
[0.162s] Level 1:colcon.colcon_core.package_identification:_identify(src/srvcli_py) by extension 'colcon_pkg'
[0.162s] Level 1:colcon.colcon_core.package_identification:_identify(src/srvcli_py) by extensions ['colcon_meta']
[0.162s] Level 1:colcon.colcon_core.package_identification:_identify(src/srvcli_py) by extension 'colcon_meta'
[0.162s] Level 1:colcon.colcon_core.package_identification:_identify(src/srvcli_py) by extensions ['ros']
[0.162s] Level 1:colcon.colcon_core.package_identification:_identify(src/srvcli_py) by extension 'ros'
[0.163s] DEBUG:colcon.colcon_core.package_identification:Package 'src/srvcli_py' with type 'ros.ament_python' and name 'srvcli_py'
[0.163s] Level 1:colcon.colcon_core.package_identification:_identify(src/turtle_ctrl) by extensions ['ignore', 'ignore_ament_install']
[0.163s] Level 1:colcon.colcon_core.package_identification:_identify(src/turtle_ctrl) by extension 'ignore'
[0.163s] Level 1:colcon.colcon_core.package_identification:_identify(src/turtle_ctrl) by extension 'ignore_ament_install'
[0.163s] Level 1:colcon.colcon_core.package_identification:_identify(src/turtle_ctrl) by extensions ['colcon_pkg']
[0.163s] Level 1:colcon.colcon_core.package_identification:_identify(src/turtle_ctrl) by extension 'colcon_pkg'
[0.163s] Level 1:colcon.colcon_core.package_identification:_identify(src/turtle_ctrl) by extensions ['colcon_meta']
[0.163s] Level 1:colcon.colcon_core.package_identification:_identify(src/turtle_ctrl) by extension 'colcon_meta'
[0.163s] Level 1:colcon.colcon_core.package_identification:_identify(src/turtle_ctrl) by extensions ['ros']
[0.163s] Level 1:colcon.colcon_core.package_identification:_identify(src/turtle_ctrl) by extension 'ros'
[0.163s] DEBUG:colcon.colcon_core.package_identification:Package 'src/turtle_ctrl' with type 'ros.ament_python' and name 'turtle_ctrl'
[0.163s] Level 1:colcon.colcon_core.package_identification:_identify(src/turtle_ctrl_launch) by extensions ['ignore', 'ignore_ament_install']
[0.163s] Level 1:colcon.colcon_core.package_identification:_identify(src/turtle_ctrl_launch) by extension 'ignore'
[0.163s] Level 1:colcon.colcon_core.package_identification:_identify(src/turtle_ctrl_launch) by extension 'ignore_ament_install'
[0.163s] Level 1:colcon.colcon_core.package_identification:_identify(src/turtle_ctrl_launch) by extensions ['colcon_pkg']
[0.163s] Level 1:colcon.colcon_core.package_identification:_identify(src/turtle_ctrl_launch) by extension 'colcon_pkg'
[0.163s] Level 1:colcon.colcon_core.package_identification:_identify(src/turtle_ctrl_launch) by extensions ['colcon_meta']
[0.163s] Level 1:colcon.colcon_core.package_identification:_identify(src/turtle_ctrl_launch) by extension 'colcon_meta'
[0.163s] Level 1:colcon.colcon_core.package_identification:_identify(src/turtle_ctrl_launch) by extensions ['ros']
[0.163s] Level 1:colcon.colcon_core.package_identification:_identify(src/turtle_ctrl_launch) by extension 'ros'
[0.164s] DEBUG:colcon.colcon_core.package_identification:Package 'src/turtle_ctrl_launch' with type 'ros.ament_python' and name 'turtle_ctrl_launch'
[0.164s] Level 1:colcon.colcon_core.package_discovery:discover_packages(recursive) using defaults
[0.164s] Level 1:colcon.colcon_core.package_discovery:discover_packages(ignore) discover
[0.164s] Level 1:colcon.colcon_core.package_discovery:discover_packages(ignore) using defaults
[0.164s] Level 1:colcon.colcon_core.package_discovery:discover_packages(path) discover
[0.164s] Level 1:colcon.colcon_core.package_discovery:discover_packages(path) using defaults
[0.175s] Level 1:colcon.colcon_core.package_discovery:discover_packages(prefix_path) check parameters
[0.175s] Level 1:colcon.colcon_core.package_discovery:discover_packages(prefix_path) discover
[0.176s] DEBUG:colcon.colcon_installed_package_information.package_discovery:Found 7 installed packages in /home/user/ros2_ws/install
[0.176s] DEBUG:colcon.colcon_installed_package_information.package_discovery:Found 438 installed packages in /opt/ros/humble
[0.177s] Level 1:colcon.colcon_core.package_discovery:discover_packages(prefix_path) using defaults
[0.203s] Level 5:colcon.colcon_core.verb:set package 'action_pkg' build argument 'cmake_args' from command line to 'None'
[0.203s] Level 5:colcon.colcon_core.verb:set package 'action_pkg' build argument 'cmake_target' from command line to 'None'
[0.203s] Level 5:colcon.colcon_core.verb:set package 'action_pkg' build argument 'cmake_target_skip_unavailable' from command line to 'False'
[0.203s] Level 5:colcon.colcon_core.verb:set package 'action_pkg' build argument 'cmake_clean_cache' from command line to 'False'
[0.203s] Level 5:colcon.colcon_core.verb:set package 'action_pkg' build argument 'cmake_clean_first' from command line to 'False'
[0.203s] Level 5:colcon.colcon_core.verb:set package 'action_pkg' build argument 'cmake_force_configure' from command line to 'False'
[0.203s] Level 5:colcon.colcon_core.verb:set package 'action_pkg' build argument 'ament_cmake_args' from command line to 'None'
[0.203s] Level 5:colcon.colcon_core.verb:set package 'action_pkg' build argument 'catkin_cmake_args' from command line to 'None'
[0.203s] Level 5:colcon.colcon_core.verb:set package 'action_pkg' build argument 'catkin_skip_building_tests' from command line to 'False'
[0.203s] DEBUG:colcon.colcon_core.verb:Building package 'action_pkg' with the following arguments: {'ament_cmake_args': None, 'build_base': '/home/user/ros2_ws/build/action_pkg', 'catkin_cmake_args': None, 'catkin_skip_building_tests': False, 'cmake_args': None, 'cmake_clean_cache': False, 'cmake_clean_first': False, 'cmake_force_configure': False, 'cmake_target': None, 'cmake_target_skip_unavailable': False, 'install_base': '/home/user/ros2_ws/install/action_pkg', 'merge_install': False, 'path': '/home/user/ros2_ws/src/action_pkg', 'symlink_install': False, 'test_result_base': None}
[0.203s] Level 5:colcon.colcon_core.verb:set package 'minimal_pkg' build argument 'cmake_args' from command line to 'None'
[0.203s] Level 5:colcon.colcon_core.verb:set package 'minimal_pkg' build argument 'cmake_target' from command line to 'None'
[0.203s] Level 5:colcon.colcon_core.verb:set package 'minimal_pkg' build argument 'cmake_target_skip_unavailable' from command line to 'False'
[0.203s] Level 5:colcon.colcon_core.verb:set package 'minimal_pkg' build argument 'cmake_clean_cache' from command line to 'False'
[0.203s] Level 5:colcon.colcon_core.verb:set package 'minimal_pkg' build argument 'cmake_clean_first' from command line to 'False'
[0.203s] Level 5:colcon.colcon_core.verb:set package 'minimal_pkg' build argument 'cmake_force_configure' from command line to 'False'
[0.203s] Level 5:colcon.colcon_core.verb:set package 'minimal_pkg' build argument 'ament_cmake_args' from command line to 'None'
[0.203s] Level 5:colcon.colcon_core.verb:set package 'minimal_pkg' build argument 'catkin_cmake_args' from command line to 'None'
[0.203s] Level 5:colcon.colcon_core.verb:set package 'minimal_pkg' build argument 'catkin_skip_building_tests' from command line to 'False'
[0.203s] DEBUG:colcon.colcon_core.verb:Building package 'minimal_pkg' with the following arguments: {'ament_cmake_args': None, 'build_base': '/home/user/ros2_ws/build/minimal_pkg', 'catkin_cmake_args': None, 'catkin_skip_building_tests': False, 'cmake_args': None, 'cmake_clean_cache': False, 'cmake_clean_first': False, 'cmake_force_configure': False, 'cmake_target': None, 'cmake_target_skip_unavailable': False, 'install_base': '/home/user/ros2_ws/install/minimal_pkg', 'merge_install': False, 'path': '/home/user/ros2_ws/src/minimal_pkg', 'symlink_install': False, 'test_result_base': None}
[0.203s] Level 5:colcon.colcon_core.verb:set package 'pubsub_py' build argument 'cmake_args' from command line to 'None'
[0.203s] Level 5:colcon.colcon_core.verb:set package 'pubsub_py' build argument 'cmake_target' from command line to 'None'
[0.203s] Level 5:colcon.colcon_core.verb:set package 'pubsub_py' build argument 'cmake_target_skip_unavailable' from command line to 'False'
[0.203s] Level 5:colcon.colcon_core.verb:set package 'pubsub_py' build argument 'cmake_clean_cache' from command line to 'False'
[0.203s] Level 5:colcon.colcon_core.verb:set package 'pubsub_py' build argument 'cmake_clean_first' from command line to 'False'
[0.203s] Level 5:colcon.colcon_core.verb:set package 'pubsub_py' build argument 'cmake_force_configure' from command line to 'False'
[0.203s] Level 5:colcon.colcon_core.verb:set package 'pubsub_py' build argument 'ament_cmake_args' from command line to 'None'
[0.203s] Level 5:colcon.colcon_core.verb:set package 'pubsub_py' build argument 'catkin_cmake_args' from command line to 'None'
[0.203s] Level 5:colcon.colcon_core.verb:set package 'pubsub_py' build argument 'catkin_skip_building_tests' from command line to 'False'
[0.203s] DEBUG:colcon.colcon_core.verb:Building package 'pubsub_py' with the following arguments: {'ament_cmake_args': None, 'build_base': '/home/user/ros2_ws/build/pubsub_py', 'catkin_cmake_args': None, 'catkin_skip_building_tests': False, 'cmake_args': None, 'cmake_clean_cache': False, 'cmake_clean_first': False, 'cmake_force_configure': False, 'cmake_target': None, 'cmake_target_skip_unavailable': False, 'install_base': '/home/user/ros2_ws/install/pubsub_py', 'merge_install': False, 'path': '/home/user/ros2_ws/src/pubsub_py', 'symlink_install': False, 'test_result_base': None}
[0.204s] Level 5:colcon.colcon_core.verb:set package 'srv_pkg' build argument 'cmake_args' from command line to 'None'
[0.204s] Level 5:colcon.colcon_core.verb:set package 'srv_pkg' build argument 'cmake_target' from command line to 'None'
[0.204s] Level 5:colcon.colcon_core.verb:set package 'srv_pkg' build argument 'cmake_target_skip_unavailable' from command line to 'False'
[0.204s] Level 5:colcon.colcon_core.verb:set package 'srv_pkg' build argument 'cmake_clean_cache' from command line to 'False'
[0.204s] Level 5:colcon.colcon_core.verb:set package 'srv_pkg' build argument 'cmake_clean_first' from command line to 'False'
[0.204s] Level 5:colcon.colcon_core.verb:set package 'srv_pkg' build argument 'cmake_force_configure' from command line to 'False'
[0.204s] Level 5:colcon.colcon_core.verb:set package 'srv_pkg' build argument 'ament_cmake_args' from command line to 'None'
[0.204s] Level 5:colcon.colcon_core.verb:set package 'srv_pkg' build argument 'catkin_cmake_args' from command line to 'None'
[0.204s] Level 5:colcon.colcon_core.verb:set package 'srv_pkg' build argument 'catkin_skip_building_tests' from command line to 'False'
[0.204s] DEBUG:colcon.colcon_core.verb:Building package 'srv_pkg' with the following arguments: {'ament_cmake_args': None, 'build_base': '/home/user/ros2_ws/build/srv_pkg', 'catkin_cmake_args': None, 'catkin_skip_building_tests': False, 'cmake_args': None, 'cmake_clean_cache': False, 'cmake_clean_first': False, 'cmake_force_configure': False, 'cmake_target': None, 'cmake_target_skip_unavailable': False, 'install_base': '/home/user/ros2_ws/install/srv_pkg', 'merge_install': False, 'path': '/home/user/ros2_ws/src/srv_pkg', 'symlink_install': False, 'test_result_base': None}
[0.204s] Level 5:colcon.colcon_core.verb:set package 'turtle_ctrl' build argument 'cmake_args' from command line to 'None'
[0.204s] Level 5:colcon.colcon_core.verb:set package 'turtle_ctrl' build argument 'cmake_target' from command line to 'None'
[0.204s] Level 5:colcon.colcon_core.verb:set package 'turtle_ctrl' build argument 'cmake_target_skip_unavailable' from command line to 'False'
[0.204s] Level 5:colcon.colcon_core.verb:set package 'turtle_ctrl' build argument 'cmake_clean_cache' from command line to 'False'
[0.204s] Level 5:colcon.colcon_core.verb:set package 'turtle_ctrl' build argument 'cmake_clean_first' from command line to 'False'
[0.204s] Level 5:colcon.colcon_core.verb:set package 'turtle_ctrl' build argument 'cmake_force_configure' from command line to 'False'
[0.204s] Level 5:colcon.colcon_core.verb:set package 'turtle_ctrl' build argument 'ament_cmake_args' from command line to 'None'
[0.204s] Level 5:colcon.colcon_core.verb:set package 'turtle_ctrl' build argument 'catkin_cmake_args' from command line to 'None'
[0.204s] Level 5:colcon.colcon_core.verb:set package 'turtle_ctrl' build argument 'catkin_skip_building_tests' from command line to 'False'
[0.204s] DEBUG:colcon.colcon_core.verb:Building package 'turtle_ctrl' with the following arguments: {'ament_cmake_args': None, 'build_base': '/home/user/ros2_ws/build/turtle_ctrl', 'catkin_cmake_args': None, 'catkin_skip_building_tests': False, 'cmake_args': None, 'cmake_clean_cache': False, 'cmake_clean_first': False, 'cmake_force_configure': False, 'cmake_target': None, 'cmake_target_skip_unavailable': False, 'install_base': '/home/user/ros2_ws/install/turtle_ctrl', 'merge_install': False, 'path': '/home/user/ros2_ws/src/turtle_ctrl', 'symlink_install': False, 'test_result_base': None}
[0.204s] Level 5:colcon.colcon_core.verb:set package 'turtle_ctrl_launch' build argument 'cmake_args' from command line to 'None'
[0.204s] Level 5:colcon.colcon_core.verb:set package 'turtle_ctrl_launch' build argument 'cmake_target' from command line to 'None'
[0.204s] Level 5:colcon.colcon_core.verb:set package 'turtle_ctrl_launch' build argument 'cmake_target_skip_unavailable' from command line to 'False'
[0.204s] Level 5:colcon.colcon_core.verb:set package 'turtle_ctrl_launch' build argument 'cmake_clean_cache' from command line to 'False'
[0.204s] Level 5:colcon.colcon_core.verb:set package 'turtle_ctrl_launch' build argument 'cmake_clean_first' from command line to 'False'
[0.204s] Level 5:colcon.colcon_core.verb:set package 'turtle_ctrl_launch' build argument 'cmake_force_configure' from command line to 'False'
[0.204s] Level 5:colcon.colcon_core.verb:set package 'turtle_ctrl_launch' build argument 'ament_cmake_args' from command line to 'None'
[0.204s] Level 5:colcon.colcon_core.verb:set package 'turtle_ctrl_launch' build argument 'catkin_cmake_args' from command line to 'None'
[0.204s] Level 5:colcon.colcon_core.verb:set package 'turtle_ctrl_launch' build argument 'catkin_skip_building_tests' from command line to 'False'
[0.204s] DEBUG:colcon.colcon_core.verb:Building package 'turtle_ctrl_launch' with the following arguments: {'ament_cmake_args': None, 'build_base': '/home/user/ros2_ws/build/turtle_ctrl_launch', 'catkin_cmake_args': None, 'catkin_skip_building_tests': False, 'cmake_args': None, 'cmake_clean_cache': False, 'cmake_clean_first': False, 'cmake_force_configure': False, 'cmake_target': None, 'cmake_target_skip_unavailable': False, 'install_base': '/home/user/ros2_ws/install/turtle_ctrl_launch', 'merge_install': False, 'path': '/home/user/ros2_ws/src/turtle_ctrl_launch', 'symlink_install': False, 'test_result_base': None}
[0.204s] Level 5:colcon.colcon_core.verb:set package 'linear_motor_control_action' build argument 'cmake_args' from command line to 'None'
[0.204s] Level 5:colcon.colcon_core.verb:set package 'linear_motor_control_action' build argument 'cmake_target' from command line to 'None'
[0.204s] Level 5:colcon.colcon_core.verb:set package 'linear_motor_control_action' build argument 'cmake_target_skip_unavailable' from command line to 'False'
[0.204s] Level 5:colcon.colcon_core.verb:set package 'linear_motor_control_action' build argument 'cmake_clean_cache' from command line to 'False'
[0.204s] Level 5:colcon.colcon_core.verb:set package 'linear_motor_control_action' build argument 'cmake_clean_first' from command line to 'False'
[0.204s] Level 5:colcon.colcon_core.verb:set package 'linear_motor_control_action' build argument 'cmake_force_configure' from command line to 'False'
[0.204s] Level 5:colcon.colcon_core.verb:set package 'linear_motor_control_action' build argument 'ament_cmake_args' from command line to 'None'
[0.205s] Level 5:colcon.colcon_core.verb:set package 'linear_motor_control_action' build argument 'catkin_cmake_args' from command line to 'None'
[0.205s] Level 5:colcon.colcon_core.verb:set package 'linear_motor_control_action' build argument 'catkin_skip_building_tests' from command line to 'False'
[0.205s] DEBUG:colcon.colcon_core.verb:Building package 'linear_motor_control_action' with the following arguments: {'ament_cmake_args': None, 'build_base': '/home/user/ros2_ws/build/linear_motor_control_action', 'catkin_cmake_args': None, 'catkin_skip_building_tests': False, 'cmake_args': None, 'cmake_clean_cache': False, 'cmake_clean_first': False, 'cmake_force_configure': False, 'cmake_target': None, 'cmake_target_skip_unavailable': False, 'install_base': '/home/user/ros2_ws/install/linear_motor_control_action', 'merge_install': False, 'path': '/home/user/ros2_ws/src/linear_motor_control_action', 'symlink_install': False, 'test_result_base': None}
[0.205s] Level 5:colcon.colcon_core.verb:set package 'srvcli_py' build argument 'cmake_args' from command line to 'None'
[0.205s] Level 5:colcon.colcon_core.verb:set package 'srvcli_py' build argument 'cmake_target' from command line to 'None'
[0.205s] Level 5:colcon.colcon_core.verb:set package 'srvcli_py' build argument 'cmake_target_skip_unavailable' from command line to 'False'
[0.205s] Level 5:colcon.colcon_core.verb:set package 'srvcli_py' build argument 'cmake_clean_cache' from command line to 'False'
[0.205s] Level 5:colcon.colcon_core.verb:set package 'srvcli_py' build argument 'cmake_clean_first' from command line to 'False'
[0.205s] Level 5:colcon.colcon_core.verb:set package 'srvcli_py' build argument 'cmake_force_configure' from command line to 'False'
[0.205s] Level 5:colcon.colcon_core.verb:set package 'srvcli_py' build argument 'ament_cmake_args' from command line to 'None'
[0.205s] Level 5:colcon.colcon_core.verb:set package 'srvcli_py' build argument 'catkin_cmake_args' from command line to 'None'
[0.205s] Level 5:colcon.colcon_core.verb:set package 'srvcli_py' build argument 'catkin_skip_building_tests' from command line to 'False'
[0.205s] DEBUG:colcon.colcon_core.verb:Building package 'srvcli_py' with the following arguments: {'ament_cmake_args': None, 'build_base': '/home/user/ros2_ws/build/srvcli_py', 'catkin_cmake_args': None, 'catkin_skip_building_tests': False, 'cmake_args': None, 'cmake_clean_cache': False, 'cmake_clean_first': False, 'cmake_force_configure': False, 'cmake_target': None, 'cmake_target_skip_unavailable': False, 'install_base': '/home/user/ros2_ws/install/srvcli_py', 'merge_install': False, 'path': '/home/user/ros2_ws/src/srvcli_py', 'symlink_install': False, 'test_result_base': None}
[0.205s] INFO:colcon.colcon_core.executor:Executing jobs using 'parallel' executor
[0.205s] DEBUG:colcon.colcon_parallel_executor.executor.parallel:run_until_complete
[0.206s] INFO:colcon.colcon_ros.task.ament_cmake.build:Building ROS package in '/home/user/ros2_ws/src/action_pkg' with build type 'ament_cmake'
[0.206s] INFO:colcon.colcon_cmake.task.cmake.build:Building CMake package in '/home/user/ros2_ws/src/action_pkg'
[0.207s] INFO:colcon.colcon_core.plugin_system:Skipping extension 'colcon_core.shell.bat': Not used on non-Windows systems
[0.207s] INFO:colcon.colcon_core.shell:Skip shell extension 'powershell' for command environment: Not usable outside of PowerShell
[0.207s] DEBUG:colcon.colcon_core.shell:Skip shell extension 'dsv' for command environment
[0.209s] INFO:colcon.colcon_ros.task.ament_cmake.build:Building ROS package in '/home/user/ros2_ws/src/srv_pkg' with build type 'ament_cmake'
[0.210s] INFO:colcon.colcon_cmake.task.cmake.build:Building CMake package in '/home/user/ros2_ws/src/srv_pkg'
[0.210s] INFO:colcon.colcon_core.shell:Skip shell extension 'powershell' for command environment: Not usable outside of PowerShell
[0.210s] DEBUG:colcon.colcon_core.shell:Skip shell extension 'dsv' for command environment
[0.212s] INFO:colcon.colcon_ros.task.ament_python.build:Building ROS package in '/home/user/ros2_ws/src/minimal_pkg' with build type 'ament_python'
[0.212s] Level 1:colcon.colcon_core.shell:create_environment_hook('minimal_pkg', 'ament_prefix_path')
[0.212s] INFO:colcon.colcon_core.shell:Creating environment hook '/home/user/ros2_ws/install/minimal_pkg/share/minimal_pkg/hook/ament_prefix_path.ps1'
[0.212s] INFO:colcon.colcon_core.shell:Creating environment descriptor '/home/user/ros2_ws/install/minimal_pkg/share/minimal_pkg/hook/ament_prefix_path.dsv'
[0.213s] INFO:colcon.colcon_core.shell:Creating environment hook '/home/user/ros2_ws/install/minimal_pkg/share/minimal_pkg/hook/ament_prefix_path.sh'
[0.213s] INFO:colcon.colcon_core.shell:Skip shell extension 'powershell' for command environment: Not usable outside of PowerShell
[0.213s] DEBUG:colcon.colcon_core.shell:Skip shell extension 'dsv' for command environment
[0.215s] INFO:colcon.colcon_ros.task.ament_python.build:Building ROS package in '/home/user/ros2_ws/src/pubsub_py' with build type 'ament_python'
[0.215s] Level 1:colcon.colcon_core.shell:create_environment_hook('pubsub_py', 'ament_prefix_path')
[0.215s] INFO:colcon.colcon_core.shell:Creating environment hook '/home/user/ros2_ws/install/pubsub_py/share/pubsub_py/hook/ament_prefix_path.ps1'
[0.216s] INFO:colcon.colcon_core.shell:Creating environment descriptor '/home/user/ros2_ws/install/pubsub_py/share/pubsub_py/hook/ament_prefix_path.dsv'
[0.216s] INFO:colcon.colcon_core.shell:Creating environment hook '/home/user/ros2_ws/install/pubsub_py/share/pubsub_py/hook/ament_prefix_path.sh'
[0.216s] INFO:colcon.colcon_core.shell:Skip shell extension 'powershell' for command environment: Not usable outside of PowerShell
[0.216s] DEBUG:colcon.colcon_core.shell:Skip shell extension 'dsv' for command environment
[0.218s] INFO:colcon.colcon_ros.task.ament_python.build:Building ROS package in '/home/user/ros2_ws/src/turtle_ctrl' with build type 'ament_python'
[0.218s] Level 1:colcon.colcon_core.shell:create_environment_hook('turtle_ctrl', 'ament_prefix_path')
[0.218s] INFO:colcon.colcon_core.shell:Creating environment hook '/home/user/ros2_ws/install/turtle_ctrl/share/turtle_ctrl/hook/ament_prefix_path.ps1'
[0.219s] INFO:colcon.colcon_core.shell:Creating environment descriptor '/home/user/ros2_ws/install/turtle_ctrl/share/turtle_ctrl/hook/ament_prefix_path.dsv'
[0.219s] INFO:colcon.colcon_core.shell:Creating environment hook '/home/user/ros2_ws/install/turtle_ctrl/share/turtle_ctrl/hook/ament_prefix_path.sh'
[0.219s] INFO:colcon.colcon_core.shell:Skip shell extension 'powershell' for command environment: Not usable outside of PowerShell
[0.219s] DEBUG:colcon.colcon_core.shell:Skip shell extension 'dsv' for command environment
[0.221s] INFO:colcon.colcon_ros.task.ament_python.build:Building ROS package in '/home/user/ros2_ws/src/turtle_ctrl_launch' with build type 'ament_python'
[0.221s] Level 1:colcon.colcon_core.shell:create_environment_hook('turtle_ctrl_launch', 'ament_prefix_path')
[0.221s] INFO:colcon.colcon_core.shell:Creating environment hook '/home/user/ros2_ws/install/turtle_ctrl_launch/share/turtle_ctrl_launch/hook/ament_prefix_path.ps1'
[0.222s] INFO:colcon.colcon_core.shell:Creating environment descriptor '/home/user/ros2_ws/install/turtle_ctrl_launch/share/turtle_ctrl_launch/hook/ament_prefix_path.dsv'
[0.222s] INFO:colcon.colcon_core.shell:Creating environment hook '/home/user/ros2_ws/install/turtle_ctrl_launch/share/turtle_ctrl_launch/hook/ament_prefix_path.sh'
[0.222s] INFO:colcon.colcon_core.shell:Skip shell extension 'powershell' for command environment: Not usable outside of PowerShell
[0.222s] DEBUG:colcon.colcon_core.shell:Skip shell extension 'dsv' for command environment
[0.226s] DEBUG:colcon.colcon_core.event_handler.log_command:Invoking command in '/home/user/ros2_ws/build/action_pkg': CMAKE_PREFIX_PATH=${CMAKE_PREFIX_PATH}:/home/user/ros2_ws/install/turtle_ctrl:/home/user/ros2_ws/install/srvcli_py:/home/user/ros2_ws/install/pubsub_py:/home/user/ros2_ws/install/minimal_pkg:/home/user/ros2_ws/install/linear_motor_control_action:/opt/ros/humble /usr/bin/cmake --build /home/user/ros2_ws/build/action_pkg -- -j20 -l20
[0.228s] DEBUG:colcon.colcon_core.event_handler.log_command:Invoking command in '/home/user/ros2_ws/build/srv_pkg': CMAKE_PREFIX_PATH=${CMAKE_PREFIX_PATH}:/home/user/ros2_ws/install/turtle_ctrl:/home/user/ros2_ws/install/srvcli_py:/home/user/ros2_ws/install/pubsub_py:/home/user/ros2_ws/install/minimal_pkg:/home/user/ros2_ws/install/linear_motor_control_action:/opt/ros/humble /usr/bin/cmake --build /home/user/ros2_ws/build/srv_pkg -- -j20 -l20
[0.385s] INFO:colcon.colcon_core.task.python.build:Building Python package in '/home/user/ros2_ws/src/minimal_pkg'
[0.385s] INFO:colcon.colcon_core.shell:Skip shell extension 'powershell' for command environment: Not usable outside of PowerShell
[0.385s] DEBUG:colcon.colcon_core.shell:Skip shell extension 'dsv' for command environment
[0.524s] INFO:colcon.colcon_core.task.python.build:Building Python package in '/home/user/ros2_ws/src/pubsub_py'
[0.525s] INFO:colcon.colcon_core.shell:Skip shell extension 'powershell' for command environment: Not usable outside of PowerShell
[0.525s] DEBUG:colcon.colcon_core.shell:Skip shell extension 'dsv' for command environment
[0.662s] INFO:colcon.colcon_core.task.python.build:Building Python package in '/home/user/ros2_ws/src/turtle_ctrl'
[0.662s] INFO:colcon.colcon_core.shell:Skip shell extension 'powershell' for command environment: Not usable outside of PowerShell
[0.662s] DEBUG:colcon.colcon_core.shell:Skip shell extension 'dsv' for command environment
[0.804s] INFO:colcon.colcon_core.task.python.build:Building Python package in '/home/user/ros2_ws/src/turtle_ctrl_launch'
[0.804s] INFO:colcon.colcon_core.shell:Skip shell extension 'powershell' for command environment: Not usable outside of PowerShell
[0.804s] DEBUG:colcon.colcon_core.shell:Skip shell extension 'dsv' for command environment
[0.807s] DEBUG:colcon.colcon_core.event_handler.log_command:Invoked command in '/home/user/ros2_ws/build/srv_pkg' returned '0': CMAKE_PREFIX_PATH=${CMAKE_PREFIX_PATH}:/home/user/ros2_ws/install/turtle_ctrl:/home/user/ros2_ws/install/srvcli_py:/home/user/ros2_ws/install/pubsub_py:/home/user/ros2_ws/install/minimal_pkg:/home/user/ros2_ws/install/linear_motor_control_action:/opt/ros/humble /usr/bin/cmake --build /home/user/ros2_ws/build/srv_pkg -- -j20 -l20
[0.812s] DEBUG:colcon.colcon_core.event_handler.log_command:Invoking command in '/home/user/ros2_ws/build/srv_pkg': CMAKE_PREFIX_PATH=${CMAKE_PREFIX_PATH}:/home/user/ros2_ws/install/turtle_ctrl:/home/user/ros2_ws/install/srvcli_py:/home/user/ros2_ws/install/pubsub_py:/home/user/ros2_ws/install/minimal_pkg:/home/user/ros2_ws/install/linear_motor_control_action:/opt/ros/humble /usr/bin/cmake --install /home/user/ros2_ws/build/srv_pkg
[0.813s] DEBUG:colcon.colcon_core.event_handler.log_command:Invoked command in '/home/user/ros2_ws/build/action_pkg' returned '0': CMAKE_PREFIX_PATH=${CMAKE_PREFIX_PATH}:/home/user/ros2_ws/install/turtle_ctrl:/home/user/ros2_ws/install/srvcli_py:/home/user/ros2_ws/install/pubsub_py:/home/user/ros2_ws/install/minimal_pkg:/home/user/ros2_ws/install/linear_motor_control_action:/opt/ros/humble /usr/bin/cmake --build /home/user/ros2_ws/build/action_pkg -- -j20 -l20
[0.814s] DEBUG:colcon.colcon_core.event_handler.log_command:Invoking command in '/home/user/ros2_ws/build/action_pkg': CMAKE_PREFIX_PATH=${CMAKE_PREFIX_PATH}:/home/user/ros2_ws/install/turtle_ctrl:/home/user/ros2_ws/install/srvcli_py:/home/user/ros2_ws/install/pubsub_py:/home/user/ros2_ws/install/minimal_pkg:/home/user/ros2_ws/install/linear_motor_control_action:/opt/ros/humble /usr/bin/cmake --install /home/user/ros2_ws/build/action_pkg
[0.846s] Level 1:colcon.colcon_core.environment:create_environment_scripts_only(srv_pkg)
[0.847s] DEBUG:colcon.colcon_core.event_handler.log_command:Invoked command in '/home/user/ros2_ws/build/srv_pkg' returned '0': CMAKE_PREFIX_PATH=${CMAKE_PREFIX_PATH}:/home/user/ros2_ws/install/turtle_ctrl:/home/user/ros2_ws/install/srvcli_py:/home/user/ros2_ws/install/pubsub_py:/home/user/ros2_ws/install/minimal_pkg:/home/user/ros2_ws/install/linear_motor_control_action:/opt/ros/humble /usr/bin/cmake --install /home/user/ros2_ws/build/srv_pkg
[0.849s] Level 1:colcon.colcon_core.environment:checking '/home/user/ros2_ws/install/srv_pkg' for CMake module files
[0.850s] Level 1:colcon.colcon_core.environment:checking '/home/user/ros2_ws/install/srv_pkg' for CMake config files
[0.850s] Level 1:colcon.colcon_core.shell:create_environment_hook('srv_pkg', 'cmake_prefix_path')
[0.851s] INFO:colcon.colcon_core.shell:Creating environment hook '/home/user/ros2_ws/install/srv_pkg/share/srv_pkg/hook/cmake_prefix_path.ps1'
[0.851s] INFO:colcon.colcon_core.shell:Creating environment descriptor '/home/user/ros2_ws/install/srv_pkg/share/srv_pkg/hook/cmake_prefix_path.dsv'
[0.851s] INFO:colcon.colcon_core.shell:Creating environment hook '/home/user/ros2_ws/install/srv_pkg/share/srv_pkg/hook/cmake_prefix_path.sh'
[0.852s] Level 1:colcon.colcon_core.environment:checking '/home/user/ros2_ws/install/srv_pkg/lib'
[0.852s] Level 1:colcon.colcon_core.shell:create_environment_hook('srv_pkg', 'ld_library_path_lib')
[0.853s] INFO:colcon.colcon_core.shell:Creating environment hook '/home/user/ros2_ws/install/srv_pkg/share/srv_pkg/hook/ld_library_path_lib.ps1'
[0.853s] INFO:colcon.colcon_core.shell:Creating environment descriptor '/home/user/ros2_ws/install/srv_pkg/share/srv_pkg/hook/ld_library_path_lib.dsv'
[0.853s] INFO:colcon.colcon_core.shell:Creating environment hook '/home/user/ros2_ws/install/srv_pkg/share/srv_pkg/hook/ld_library_path_lib.sh'
[0.854s] Level 1:colcon.colcon_core.environment:checking '/home/user/ros2_ws/install/srv_pkg/bin'
[0.854s] Level 1:colcon.colcon_core.environment:checking '/home/user/ros2_ws/install/srv_pkg/lib/pkgconfig/srv_pkg.pc'
[0.854s] Level 1:colcon.colcon_core.environment:checking '/home/user/ros2_ws/install/srv_pkg/lib/python3.10/site-packages'
[0.854s] Level 1:colcon.colcon_core.environment:checking '/home/user/ros2_ws/install/srv_pkg/bin'
[0.855s] INFO:colcon.colcon_core.shell:Creating package script '/home/user/ros2_ws/install/srv_pkg/share/srv_pkg/package.ps1'
[0.855s] INFO:colcon.colcon_core.shell:Creating package descriptor '/home/user/ros2_ws/install/srv_pkg/share/srv_pkg/package.dsv'
[0.856s] INFO:colcon.colcon_core.shell:Creating package script '/home/user/ros2_ws/install/srv_pkg/share/srv_pkg/package.sh'
[0.857s] INFO:colcon.colcon_core.shell:Creating package script '/home/user/ros2_ws/install/srv_pkg/share/srv_pkg/package.bash'
[0.857s] INFO:colcon.colcon_core.shell:Creating package script '/home/user/ros2_ws/install/srv_pkg/share/srv_pkg/package.zsh'
[0.858s] Level 1:colcon.colcon_core.environment:create_file_with_runtime_dependencies(/home/user/ros2_ws/install/srv_pkg/share/colcon-core/packages/srv_pkg)
[0.859s] Level 1:colcon.colcon_core.environment:create_environment_scripts_only(srv_pkg)
[0.859s] Level 1:colcon.colcon_core.environment:checking '/home/user/ros2_ws/install/srv_pkg' for CMake module files
[0.860s] Level 1:colcon.colcon_core.environment:checking '/home/user/ros2_ws/install/srv_pkg' for CMake config files
[0.861s] Level 1:colcon.colcon_core.shell:create_environment_hook('srv_pkg', 'cmake_prefix_path')
[0.861s] INFO:colcon.colcon_core.shell:Creating environment hook '/home/user/ros2_ws/install/srv_pkg/share/srv_pkg/hook/cmake_prefix_path.ps1'
[0.861s] INFO:colcon.colcon_core.shell:Creating environment descriptor '/home/user/ros2_ws/install/srv_pkg/share/srv_pkg/hook/cmake_prefix_path.dsv'
[0.862s] INFO:colcon.colcon_core.shell:Creating environment hook '/home/user/ros2_ws/install/srv_pkg/share/srv_pkg/hook/cmake_prefix_path.sh'
[0.862s] Level 1:colcon.colcon_core.environment:checking '/home/user/ros2_ws/install/srv_pkg/lib'
[0.862s] Level 1:colcon.colcon_core.shell:create_environment_hook('srv_pkg', 'ld_library_path_lib')
[0.863s] INFO:colcon.colcon_core.shell:Creating environment hook '/home/user/ros2_ws/install/srv_pkg/share/srv_pkg/hook/ld_library_path_lib.ps1'
[0.863s] INFO:colcon.colcon_core.shell:Creating environment descriptor '/home/user/ros2_ws/install/srv_pkg/share/srv_pkg/hook/ld_library_path_lib.dsv'
[0.863s] INFO:colcon.colcon_core.shell:Creating environment hook '/home/user/ros2_ws/install/srv_pkg/share/srv_pkg/hook/ld_library_path_lib.sh'
[0.864s] Level 1:colcon.colcon_core.environment:checking '/home/user/ros2_ws/install/srv_pkg/bin'
[0.864s] Level 1:colcon.colcon_core.environment:checking '/home/user/ros2_ws/install/srv_pkg/lib/pkgconfig/srv_pkg.pc'
[0.864s] Level 1:colcon.colcon_core.environment:checking '/home/user/ros2_ws/install/srv_pkg/lib/python3.10/site-packages'
[0.864s] Level 1:colcon.colcon_core.environment:checking '/home/user/ros2_ws/install/srv_pkg/bin'
[0.865s] INFO:colcon.colcon_core.shell:Creating package script '/home/user/ros2_ws/install/srv_pkg/share/srv_pkg/package.ps1'
[0.865s] INFO:colcon.colcon_core.shell:Creating package descriptor '/home/user/ros2_ws/install/srv_pkg/share/srv_pkg/package.dsv'
[0.866s] INFO:colcon.colcon_core.shell:Creating package script '/home/user/ros2_ws/install/srv_pkg/share/srv_pkg/package.sh'
[0.866s] INFO:colcon.colcon_core.shell:Creating package script '/home/user/ros2_ws/install/srv_pkg/share/srv_pkg/package.bash'
[0.866s] INFO:colcon.colcon_core.shell:Creating package script '/home/user/ros2_ws/install/srv_pkg/share/srv_pkg/package.zsh'
[0.867s] Level 1:colcon.colcon_core.environment:create_file_with_runtime_dependencies(/home/user/ros2_ws/install/srv_pkg/share/colcon-core/packages/srv_pkg)
[0.867s] Level 1:colcon.colcon_core.environment:create_environment_scripts_only(action_pkg)
[0.867s] Level 1:colcon.colcon_core.environment:checking '/home/user/ros2_ws/install/action_pkg' for CMake module files
[0.868s] DEBUG:colcon.colcon_core.event_handler.log_command:Invoked command in '/home/user/ros2_ws/build/action_pkg' returned '0': CMAKE_PREFIX_PATH=${CMAKE_PREFIX_PATH}:/home/user/ros2_ws/install/turtle_ctrl:/home/user/ros2_ws/install/srvcli_py:/home/user/ros2_ws/install/pubsub_py:/home/user/ros2_ws/install/minimal_pkg:/home/user/ros2_ws/install/linear_motor_control_action:/opt/ros/humble /usr/bin/cmake --install /home/user/ros2_ws/build/action_pkg
[0.869s] Level 1:colcon.colcon_core.environment:checking '/home/user/ros2_ws/install/action_pkg' for CMake config files
[0.869s] Level 1:colcon.colcon_core.shell:create_environment_hook('action_pkg', 'cmake_prefix_path')
[0.870s] INFO:colcon.colcon_core.shell:Creating environment hook '/home/user/ros2_ws/install/action_pkg/share/action_pkg/hook/cmake_prefix_path.ps1'
[0.870s] INFO:colcon.colcon_core.shell:Creating environment descriptor '/home/user/ros2_ws/install/action_pkg/share/action_pkg/hook/cmake_prefix_path.dsv'
[0.870s] INFO:colcon.colcon_core.shell:Creating environment hook '/home/user/ros2_ws/install/action_pkg/share/action_pkg/hook/cmake_prefix_path.sh'
[0.871s] Level 1:colcon.colcon_core.environment:checking '/home/user/ros2_ws/install/action_pkg/lib'
[0.871s] Level 1:colcon.colcon_core.shell:create_environment_hook('action_pkg', 'ld_library_path_lib')
[0.871s] INFO:colcon.colcon_core.shell:Creating environment hook '/home/user/ros2_ws/install/action_pkg/share/action_pkg/hook/ld_library_path_lib.ps1'
[0.872s] INFO:colcon.colcon_core.shell:Creating environment descriptor '/home/user/ros2_ws/install/action_pkg/share/action_pkg/hook/ld_library_path_lib.dsv'
[0.872s] INFO:colcon.colcon_core.shell:Creating environment hook '/home/user/ros2_ws/install/action_pkg/share/action_pkg/hook/ld_library_path_lib.sh'
[0.872s] Level 1:colcon.colcon_core.environment:checking '/home/user/ros2_ws/install/action_pkg/bin'
[0.872s] Level 1:colcon.colcon_core.environment:checking '/home/user/ros2_ws/install/action_pkg/lib/pkgconfig/action_pkg.pc'
[0.873s] Level 1:colcon.colcon_core.environment:checking '/home/user/ros2_ws/install/action_pkg/lib/python3.10/site-packages'
[0.873s] Level 1:colcon.colcon_core.environment:checking '/home/user/ros2_ws/install/action_pkg/bin'
[0.873s] INFO:colcon.colcon_core.shell:Creating package script '/home/user/ros2_ws/install/action_pkg/share/action_pkg/package.ps1'
[0.874s] INFO:colcon.colcon_core.shell:Creating package descriptor '/home/user/ros2_ws/install/action_pkg/share/action_pkg/package.dsv'
[0.874s] INFO:colcon.colcon_core.shell:Creating package script '/home/user/ros2_ws/install/action_pkg/share/action_pkg/package.sh'
[0.875s] INFO:colcon.colcon_core.shell:Creating package script '/home/user/ros2_ws/install/action_pkg/share/action_pkg/package.bash'
[0.875s] INFO:colcon.colcon_core.shell:Creating package script '/home/user/ros2_ws/install/action_pkg/share/action_pkg/package.zsh'
[0.875s] Level 1:colcon.colcon_core.environment:create_file_with_runtime_dependencies(/home/user/ros2_ws/install/action_pkg/share/colcon-core/packages/action_pkg)
[0.876s] Level 1:colcon.colcon_core.environment:create_environment_scripts_only(action_pkg)
[0.876s] Level 1:colcon.colcon_core.environment:checking '/home/user/ros2_ws/install/action_pkg' for CMake module files
[0.877s] Level 1:colcon.colcon_core.environment:checking '/home/user/ros2_ws/install/action_pkg' for CMake config files
[0.877s] Level 1:colcon.colcon_core.shell:create_environment_hook('action_pkg', 'cmake_prefix_path')
[0.878s] INFO:colcon.colcon_core.shell:Creating environment hook '/home/user/ros2_ws/install/action_pkg/share/action_pkg/hook/cmake_prefix_path.ps1'
[0.878s] INFO:colcon.colcon_core.shell:Creating environment descriptor '/home/user/ros2_ws/install/action_pkg/share/action_pkg/hook/cmake_prefix_path.dsv'
[0.878s] INFO:colcon.colcon_core.shell:Creating environment hook '/home/user/ros2_ws/install/action_pkg/share/action_pkg/hook/cmake_prefix_path.sh'
[0.879s] Level 1:colcon.colcon_core.environment:checking '/home/user/ros2_ws/install/action_pkg/lib'
[0.879s] Level 1:colcon.colcon_core.shell:create_environment_hook('action_pkg', 'ld_library_path_lib')
[0.879s] INFO:colcon.colcon_core.shell:Creating environment hook '/home/user/ros2_ws/install/action_pkg/share/action_pkg/hook/ld_library_path_lib.ps1'
[0.880s] INFO:colcon.colcon_core.shell:Creating environment descriptor '/home/user/ros2_ws/install/action_pkg/share/action_pkg/hook/ld_library_path_lib.dsv'
[0.880s] INFO:colcon.colcon_core.shell:Creating environment hook '/home/user/ros2_ws/install/action_pkg/share/action_pkg/hook/ld_library_path_lib.sh'
[0.881s] Level 1:colcon.colcon_core.environment:checking '/home/user/ros2_ws/install/action_pkg/bin'
[0.881s] Level 1:colcon.colcon_core.environment:checking '/home/user/ros2_ws/install/action_pkg/lib/pkgconfig/action_pkg.pc'
[0.881s] Level 1:colcon.colcon_core.environment:checking '/home/user/ros2_ws/install/action_pkg/lib/python3.10/site-packages'
[0.881s] Level 1:colcon.colcon_core.environment:checking '/home/user/ros2_ws/install/action_pkg/bin'
[0.882s] INFO:colcon.colcon_core.shell:Creating package script '/home/user/ros2_ws/install/action_pkg/share/action_pkg/package.ps1'
[0.882s] INFO:colcon.colcon_core.shell:Creating package descriptor '/home/user/ros2_ws/install/action_pkg/share/action_pkg/package.dsv'
[0.883s] INFO:colcon.colcon_core.shell:Creating package script '/home/user/ros2_ws/install/action_pkg/share/action_pkg/package.sh'
[0.883s] INFO:colcon.colcon_core.shell:Creating package script '/home/user/ros2_ws/install/action_pkg/share/action_pkg/package.bash'
[0.883s] INFO:colcon.colcon_core.shell:Creating package script '/home/user/ros2_ws/install/action_pkg/share/action_pkg/package.zsh'
[0.884s] Level 1:colcon.colcon_core.environment:create_file_with_runtime_dependencies(/home/user/ros2_ws/install/action_pkg/share/colcon-core/packages/action_pkg)
[0.884s] INFO:colcon.colcon_ros.task.ament_python.build:Building ROS package in '/home/user/ros2_ws/src/linear_motor_control_action' with build type 'ament_python'
[0.884s] Level 1:colcon.colcon_core.shell:create_environment_hook('linear_motor_control_action', 'ament_prefix_path')
[0.885s] INFO:colcon.colcon_core.shell:Creating environment hook '/home/user/ros2_ws/install/linear_motor_control_action/share/linear_motor_control_action/hook/ament_prefix_path.ps1'
[0.885s] INFO:colcon.colcon_core.shell:Creating environment descriptor '/home/user/ros2_ws/install/linear_motor_control_action/share/linear_motor_control_action/hook/ament_prefix_path.dsv'
[0.886s] INFO:colcon.colcon_core.shell:Creating environment hook '/home/user/ros2_ws/install/linear_motor_control_action/share/linear_motor_control_action/hook/ament_prefix_path.sh'
[0.886s] INFO:colcon.colcon_core.shell:Skip shell extension 'powershell' for command environment: Not usable outside of PowerShell
[0.886s] DEBUG:colcon.colcon_core.shell:Skip shell extension 'dsv' for command environment
[0.891s] INFO:colcon.colcon_ros.task.ament_python.build:Building ROS package in '/home/user/ros2_ws/src/srvcli_py' with build type 'ament_python'
[0.891s] Level 1:colcon.colcon_core.shell:create_environment_hook('srvcli_py', 'ament_prefix_path')
[0.891s] INFO:colcon.colcon_core.shell:Creating environment hook '/home/user/ros2_ws/install/srvcli_py/share/srvcli_py/hook/ament_prefix_path.ps1'
[0.892s] INFO:colcon.colcon_core.shell:Creating environment descriptor '/home/user/ros2_ws/install/srvcli_py/share/srvcli_py/hook/ament_prefix_path.dsv'
[0.892s] INFO:colcon.colcon_core.shell:Creating environment hook '/home/user/ros2_ws/install/srvcli_py/share/srvcli_py/hook/ament_prefix_path.sh'
[0.893s] INFO:colcon.colcon_core.shell:Skip shell extension 'powershell' for command environment: Not usable outside of PowerShell
[0.893s] DEBUG:colcon.colcon_core.shell:Skip shell extension 'dsv' for command environment
[1.076s] INFO:colcon.colcon_core.task.python.build:Building Python package in '/home/user/ros2_ws/src/linear_motor_control_action'
[1.076s] INFO:colcon.colcon_core.shell:Skip shell extension 'powershell' for command environment: Not usable outside of PowerShell
[1.076s] DEBUG:colcon.colcon_core.shell:Skip shell extension 'dsv' for command environment
[1.221s] INFO:colcon.colcon_core.task.python.build:Building Python package in '/home/user/ros2_ws/src/srvcli_py'
[1.222s] INFO:colcon.colcon_core.shell:Skip shell extension 'powershell' for command environment: Not usable outside of PowerShell
[1.222s] DEBUG:colcon.colcon_core.shell:Skip shell extension 'dsv' for command environment
[1.227s] DEBUG:colcon.colcon_core.event_handler.log_command:Invoking command in '/home/user/ros2_ws/src/pubsub_py': PYTHONPATH=/home/user/ros2_ws/build/pubsub_py/prefix_override:/usr/lib/python3/dist-packages/colcon_core/task/python/colcon_distutils_commands:/home/user/ros2_ws/install/pubsub_py/lib/python3.10/site-packages:${PYTHONPATH} /usr/bin/python3 -W ignore:setup.py install is deprecated -W ignore:easy_install command is deprecated setup.py egg_info --egg-base ../../build/pubsub_py build --build-base /home/user/ros2_ws/build/pubsub_py/build install --record /home/user/ros2_ws/build/pubsub_py/install.log --single-version-externally-managed install_data
[1.229s] DEBUG:colcon.colcon_core.event_handler.log_command:Invoking command in '/home/user/ros2_ws/src/turtle_ctrl': PYTHONPATH=/home/user/ros2_ws/build/turtle_ctrl/prefix_override:/usr/lib/python3/dist-packages/colcon_core/task/python/colcon_distutils_commands:/home/user/ros2_ws/install/turtle_ctrl/lib/python3.10/site-packages:${PYTHONPATH} /usr/bin/python3 -W ignore:setup.py install is deprecated -W ignore:easy_install command is deprecated setup.py egg_info --egg-base ../../build/turtle_ctrl build --build-base /home/user/ros2_ws/build/turtle_ctrl/build install --record /home/user/ros2_ws/build/turtle_ctrl/install.log --single-version-externally-managed install_data
[1.231s] DEBUG:colcon.colcon_core.event_handler.log_command:Invoking command in '/home/user/ros2_ws/src/turtle_ctrl_launch': PYTHONPATH=/home/user/ros2_ws/build/turtle_ctrl_launch/prefix_override:/usr/lib/python3/dist-packages/colcon_core/task/python/colcon_distutils_commands:/home/user/ros2_ws/install/turtle_ctrl_launch/lib/python3.10/site-packages:${PYTHONPATH} /usr/bin/python3 -W ignore:setup.py install is deprecated -W ignore:easy_install command is deprecated setup.py egg_info --egg-base ../../build/turtle_ctrl_launch build --build-base /home/user/ros2_ws/build/turtle_ctrl_launch/build install --record /home/user/ros2_ws/build/turtle_ctrl_launch/install.log --single-version-externally-managed install_data
[1.232s] DEBUG:colcon.colcon_core.event_handler.log_command:Invoking command in '/home/user/ros2_ws/src/minimal_pkg': PYTHONPATH=/home/user/ros2_ws/build/minimal_pkg/prefix_override:/usr/lib/python3/dist-packages/colcon_core/task/python/colcon_distutils_commands:/home/user/ros2_ws/install/minimal_pkg/lib/python3.10/site-packages:${PYTHONPATH} /usr/bin/python3 -W ignore:setup.py install is deprecated -W ignore:easy_install command is deprecated setup.py egg_info --egg-base ../../build/minimal_pkg build --build-base /home/user/ros2_ws/build/minimal_pkg/build install --record /home/user/ros2_ws/build/minimal_pkg/install.log --single-version-externally-managed install_data
[1.410s] Level 1:colcon.colcon_core.environment:checking '/home/user/ros2_ws/install/turtle_ctrl' for CMake module files
[1.410s] DEBUG:colcon.colcon_core.event_handler.log_command:Invoked command in '/home/user/ros2_ws/src/turtle_ctrl' returned '0': PYTHONPATH=/home/user/ros2_ws/build/turtle_ctrl/prefix_override:/usr/lib/python3/dist-packages/colcon_core/task/python/colcon_distutils_commands:/home/user/ros2_ws/install/turtle_ctrl/lib/python3.10/site-packages:${PYTHONPATH} /usr/bin/python3 -W ignore:setup.py install is deprecated -W ignore:easy_install command is deprecated setup.py egg_info --egg-base ../../build/turtle_ctrl build --build-base /home/user/ros2_ws/build/turtle_ctrl/build install --record /home/user/ros2_ws/build/turtle_ctrl/install.log --single-version-externally-managed install_data
[1.410s] Level 1:colcon.colcon_core.environment:checking '/home/user/ros2_ws/install/turtle_ctrl' for CMake config files
[1.411s] Level 1:colcon.colcon_core.environment:checking '/home/user/ros2_ws/install/turtle_ctrl/lib'
[1.411s] Level 1:colcon.colcon_core.environment:checking '/home/user/ros2_ws/install/turtle_ctrl/bin'
[1.411s] Level 1:colcon.colcon_core.environment:checking '/home/user/ros2_ws/install/turtle_ctrl/lib/pkgconfig/turtle_ctrl.pc'
[1.412s] Level 1:colcon.colcon_core.environment:checking '/home/user/ros2_ws/install/turtle_ctrl/lib/python3.10/site-packages'
[1.412s] Level 1:colcon.colcon_core.shell:create_environment_hook('turtle_ctrl', 'pythonpath')
[1.412s] INFO:colcon.colcon_core.shell:Creating environment hook '/home/user/ros2_ws/install/turtle_ctrl/share/turtle_ctrl/hook/pythonpath.ps1'
[1.412s] INFO:colcon.colcon_core.shell:Creating environment descriptor '/home/user/ros2_ws/install/turtle_ctrl/share/turtle_ctrl/hook/pythonpath.dsv'
[1.412s] INFO:colcon.colcon_core.shell:Creating environment hook '/home/user/ros2_ws/install/turtle_ctrl/share/turtle_ctrl/hook/pythonpath.sh'
[1.413s] Level 1:colcon.colcon_core.environment:checking '/home/user/ros2_ws/install/turtle_ctrl/bin'
[1.413s] Level 1:colcon.colcon_core.environment:create_environment_scripts_only(turtle_ctrl)
[1.413s] INFO:colcon.colcon_core.shell:Creating package script '/home/user/ros2_ws/install/turtle_ctrl/share/turtle_ctrl/package.ps1'
[1.413s] INFO:colcon.colcon_core.shell:Creating package descriptor '/home/user/ros2_ws/install/turtle_ctrl/share/turtle_ctrl/package.dsv'
[1.413s] INFO:colcon.colcon_core.shell:Creating package script '/home/user/ros2_ws/install/turtle_ctrl/share/turtle_ctrl/package.sh'
[1.413s] INFO:colcon.colcon_core.shell:Creating package script '/home/user/ros2_ws/install/turtle_ctrl/share/turtle_ctrl/package.bash'
[1.414s] INFO:colcon.colcon_core.shell:Creating package script '/home/user/ros2_ws/install/turtle_ctrl/share/turtle_ctrl/package.zsh'
[1.414s] Level 1:colcon.colcon_core.environment:create_file_with_runtime_dependencies(/home/user/ros2_ws/install/turtle_ctrl/share/colcon-core/packages/turtle_ctrl)
[1.415s] Level 1:colcon.colcon_core.environment:checking '/home/user/ros2_ws/install/minimal_pkg' for CMake module files
[1.415s] DEBUG:colcon.colcon_core.event_handler.log_command:Invoked command in '/home/user/ros2_ws/src/minimal_pkg' returned '0': PYTHONPATH=/home/user/ros2_ws/build/minimal_pkg/prefix_override:/usr/lib/python3/dist-packages/colcon_core/task/python/colcon_distutils_commands:/home/user/ros2_ws/install/minimal_pkg/lib/python3.10/site-packages:${PYTHONPATH} /usr/bin/python3 -W ignore:setup.py install is deprecated -W ignore:easy_install command is deprecated setup.py egg_info --egg-base ../../build/minimal_pkg build --build-base /home/user/ros2_ws/build/minimal_pkg/build install --record /home/user/ros2_ws/build/minimal_pkg/install.log --single-version-externally-managed install_data
[1.415s] Level 1:colcon.colcon_core.environment:checking '/home/user/ros2_ws/install/minimal_pkg' for CMake config files
[1.416s] Level 1:colcon.colcon_core.environment:checking '/home/user/ros2_ws/install/minimal_pkg/lib'
[1.416s] Level 1:colcon.colcon_core.environment:checking '/home/user/ros2_ws/install/minimal_pkg/bin'
[1.416s] Level 1:colcon.colcon_core.environment:checking '/home/user/ros2_ws/install/minimal_pkg/lib/pkgconfig/minimal_pkg.pc'
[1.416s] Level 1:colcon.colcon_core.environment:checking '/home/user/ros2_ws/install/minimal_pkg/lib/python3.10/site-packages'
[1.416s] Level 1:colcon.colcon_core.shell:create_environment_hook('minimal_pkg', 'pythonpath')
[1.416s] INFO:colcon.colcon_core.shell:Creating environment hook '/home/user/ros2_ws/install/minimal_pkg/share/minimal_pkg/hook/pythonpath.ps1'
[1.417s] INFO:colcon.colcon_core.shell:Creating environment descriptor '/home/user/ros2_ws/install/minimal_pkg/share/minimal_pkg/hook/pythonpath.dsv'
[1.417s] INFO:colcon.colcon_core.shell:Creating environment hook '/home/user/ros2_ws/install/minimal_pkg/share/minimal_pkg/hook/pythonpath.sh'
[1.417s] Level 1:colcon.colcon_core.environment:checking '/home/user/ros2_ws/install/minimal_pkg/bin'
[1.417s] Level 1:colcon.colcon_core.environment:create_environment_scripts_only(minimal_pkg)
[1.417s] INFO:colcon.colcon_core.shell:Creating package script '/home/user/ros2_ws/install/minimal_pkg/share/minimal_pkg/package.ps1'
[1.418s] INFO:colcon.colcon_core.shell:Creating package descriptor '/home/user/ros2_ws/install/minimal_pkg/share/minimal_pkg/package.dsv'
[1.418s] INFO:colcon.colcon_core.shell:Creating package script '/home/user/ros2_ws/install/minimal_pkg/share/minimal_pkg/package.sh'
[1.418s] INFO:colcon.colcon_core.shell:Creating package script '/home/user/ros2_ws/install/minimal_pkg/share/minimal_pkg/package.bash'
[1.418s] INFO:colcon.colcon_core.shell:Creating package script '/home/user/ros2_ws/install/minimal_pkg/share/minimal_pkg/package.zsh'
[1.418s] Level 1:colcon.colcon_core.environment:create_file_with_runtime_dependencies(/home/user/ros2_ws/install/minimal_pkg/share/colcon-core/packages/minimal_pkg)
[1.419s] Level 1:colcon.colcon_core.environment:checking '/home/user/ros2_ws/install/turtle_ctrl_launch' for CMake module files
[1.419s] Level 1:colcon.colcon_core.environment:checking '/home/user/ros2_ws/install/turtle_ctrl_launch' for CMake config files
[1.420s] DEBUG:colcon.colcon_core.event_handler.log_command:Invoked command in '/home/user/ros2_ws/src/turtle_ctrl_launch' returned '0': PYTHONPATH=/home/user/ros2_ws/build/turtle_ctrl_launch/prefix_override:/usr/lib/python3/dist-packages/colcon_core/task/python/colcon_distutils_commands:/home/user/ros2_ws/install/turtle_ctrl_launch/lib/python3.10/site-packages:${PYTHONPATH} /usr/bin/python3 -W ignore:setup.py install is deprecated -W ignore:easy_install command is deprecated setup.py egg_info --egg-base ../../build/turtle_ctrl_launch build --build-base /home/user/ros2_ws/build/turtle_ctrl_launch/build install --record /home/user/ros2_ws/build/turtle_ctrl_launch/install.log --single-version-externally-managed install_data
[1.420s] Level 1:colcon.colcon_core.environment:checking '/home/user/ros2_ws/install/turtle_ctrl_launch/lib'
[1.420s] Level 1:colcon.colcon_core.environment:checking '/home/user/ros2_ws/install/turtle_ctrl_launch/bin'
[1.420s] Level 1:colcon.colcon_core.environment:checking '/home/user/ros2_ws/install/turtle_ctrl_launch/lib/pkgconfig/turtle_ctrl_launch.pc'
[1.420s] Level 1:colcon.colcon_core.environment:checking '/home/user/ros2_ws/install/turtle_ctrl_launch/lib/python3.10/site-packages'
[1.420s] Level 1:colcon.colcon_core.shell:create_environment_hook('turtle_ctrl_launch', 'pythonpath')
[1.420s] INFO:colcon.colcon_core.shell:Creating environment hook '/home/user/ros2_ws/install/turtle_ctrl_launch/share/turtle_ctrl_launch/hook/pythonpath.ps1'
[1.420s] INFO:colcon.colcon_core.shell:Creating environment descriptor '/home/user/ros2_ws/install/turtle_ctrl_launch/share/turtle_ctrl_launch/hook/pythonpath.dsv'
[1.421s] INFO:colcon.colcon_core.shell:Creating environment hook '/home/user/ros2_ws/install/turtle_ctrl_launch/share/turtle_ctrl_launch/hook/pythonpath.sh'
[1.421s] Level 1:colcon.colcon_core.environment:checking '/home/user/ros2_ws/install/turtle_ctrl_launch/bin'
[1.421s] Level 1:colcon.colcon_core.environment:create_environment_scripts_only(turtle_ctrl_launch)
[1.421s] INFO:colcon.colcon_core.shell:Creating package script '/home/user/ros2_ws/install/turtle_ctrl_launch/share/turtle_ctrl_launch/package.ps1'
[1.421s] INFO:colcon.colcon_core.shell:Creating package descriptor '/home/user/ros2_ws/install/turtle_ctrl_launch/share/turtle_ctrl_launch/package.dsv'
[1.422s] INFO:colcon.colcon_core.shell:Creating package script '/home/user/ros2_ws/install/turtle_ctrl_launch/share/turtle_ctrl_launch/package.sh'
[1.422s] INFO:colcon.colcon_core.shell:Creating package script '/home/user/ros2_ws/install/turtle_ctrl_launch/share/turtle_ctrl_launch/package.bash'
[1.422s] INFO:colcon.colcon_core.shell:Creating package script '/home/user/ros2_ws/install/turtle_ctrl_launch/share/turtle_ctrl_launch/package.zsh'
[1.422s] Level 1:colcon.colcon_core.environment:create_file_with_runtime_dependencies(/home/user/ros2_ws/install/turtle_ctrl_launch/share/colcon-core/packages/turtle_ctrl_launch)
[1.432s] Level 1:colcon.colcon_core.environment:checking '/home/user/ros2_ws/install/pubsub_py' for CMake module files
[1.433s] DEBUG:colcon.colcon_core.event_handler.log_command:Invoked command in '/home/user/ros2_ws/src/pubsub_py' returned '0': PYTHONPATH=/home/user/ros2_ws/build/pubsub_py/prefix_override:/usr/lib/python3/dist-packages/colcon_core/task/python/colcon_distutils_commands:/home/user/ros2_ws/install/pubsub_py/lib/python3.10/site-packages:${PYTHONPATH} /usr/bin/python3 -W ignore:setup.py install is deprecated -W ignore:easy_install command is deprecated setup.py egg_info --egg-base ../../build/pubsub_py build --build-base /home/user/ros2_ws/build/pubsub_py/build install --record /home/user/ros2_ws/build/pubsub_py/install.log --single-version-externally-managed install_data
[1.433s] Level 1:colcon.colcon_core.environment:checking '/home/user/ros2_ws/install/pubsub_py' for CMake config files
[1.434s] Level 1:colcon.colcon_core.environment:checking '/home/user/ros2_ws/install/pubsub_py/lib'
[1.434s] Level 1:colcon.colcon_core.environment:checking '/home/user/ros2_ws/install/pubsub_py/bin'
[1.434s] Level 1:colcon.colcon_core.environment:checking '/home/user/ros2_ws/install/pubsub_py/lib/pkgconfig/pubsub_py.pc'
[1.434s] Level 1:colcon.colcon_core.environment:checking '/home/user/ros2_ws/install/pubsub_py/lib/python3.10/site-packages'
[1.434s] Level 1:colcon.colcon_core.shell:create_environment_hook('pubsub_py', 'pythonpath')
[1.434s] INFO:colcon.colcon_core.shell:Creating environment hook '/home/user/ros2_ws/install/pubsub_py/share/pubsub_py/hook/pythonpath.ps1'
[1.435s] INFO:colcon.colcon_core.shell:Creating environment descriptor '/home/user/ros2_ws/install/pubsub_py/share/pubsub_py/hook/pythonpath.dsv'
[1.435s] INFO:colcon.colcon_core.shell:Creating environment hook '/home/user/ros2_ws/install/pubsub_py/share/pubsub_py/hook/pythonpath.sh'
[1.436s] Level 1:colcon.colcon_core.environment:checking '/home/user/ros2_ws/install/pubsub_py/bin'
[1.436s] Level 1:colcon.colcon_core.environment:create_environment_scripts_only(pubsub_py)
[1.436s] INFO:colcon.colcon_core.shell:Creating package script '/home/user/ros2_ws/install/pubsub_py/share/pubsub_py/package.ps1'
[1.436s] INFO:colcon.colcon_core.shell:Creating package descriptor '/home/user/ros2_ws/install/pubsub_py/share/pubsub_py/package.dsv'
[1.437s] INFO:colcon.colcon_core.shell:Creating package script '/home/user/ros2_ws/install/pubsub_py/share/pubsub_py/package.sh'
[1.437s] INFO:colcon.colcon_core.shell:Creating package script '/home/user/ros2_ws/install/pubsub_py/share/pubsub_py/package.bash'
[1.437s] INFO:colcon.colcon_core.shell:Creating package script '/home/user/ros2_ws/install/pubsub_py/share/pubsub_py/package.zsh'
[1.437s] Level 1:colcon.colcon_core.environment:create_file_with_runtime_dependencies(/home/user/ros2_ws/install/pubsub_py/share/colcon-core/packages/pubsub_py)
[1.454s] DEBUG:colcon.colcon_core.event_handler.log_command:Invoking command in '/home/user/ros2_ws/src/linear_motor_control_action': CMAKE_PREFIX_PATH=/home/user/ros2_ws/install/action_pkg:/home/user/ros2_ws/install/srv_pkg LD_LIBRARY_PATH=/home/user/ros2_ws/install/action_pkg/lib:/home/user/ros2_ws/install/srv_pkg/lib:/usr/lib/x86_64-linux-gnu/gazebo-11/plugins:/opt/ros/humble/opt/rviz_ogre_vendor/lib:/opt/ros/humble/lib/x86_64-linux-gnu:/opt/ros/humble/lib PYTHONPATH=/home/user/ros2_ws/build/linear_motor_control_action/prefix_override:/usr/lib/python3/dist-packages/colcon_core/task/python/colcon_distutils_commands:/home/user/ros2_ws/install/linear_motor_control_action/lib/python3.10/site-packages:${PYTHONPATH} /usr/bin/python3 -W ignore:setup.py install is deprecated -W ignore:easy_install command is deprecated setup.py egg_info --egg-base ../../build/linear_motor_control_action build --build-base /home/user/ros2_ws/build/linear_motor_control_action/build install --record /home/user/ros2_ws/build/linear_motor_control_action/install.log --single-version-externally-managed install_data
[1.456s] DEBUG:colcon.colcon_core.event_handler.log_command:Invoking command in '/home/user/ros2_ws/src/srvcli_py': PYTHONPATH=/home/user/ros2_ws/build/srvcli_py/prefix_override:/usr/lib/python3/dist-packages/colcon_core/task/python/colcon_distutils_commands:/home/user/ros2_ws/install/srvcli_py/lib/python3.10/site-packages:${PYTHONPATH} /usr/bin/python3 -W ignore:setup.py install is deprecated -W ignore:easy_install command is deprecated setup.py egg_info --egg-base ../../build/srvcli_py build --build-base /home/user/ros2_ws/build/srvcli_py/build install --record /home/user/ros2_ws/build/srvcli_py/install.log --single-version-externally-managed install_data
[1.621s] Level 1:colcon.colcon_core.environment:checking '/home/user/ros2_ws/install/srvcli_py' for CMake module files
[1.622s] DEBUG:colcon.colcon_core.event_handler.log_command:Invoked command in '/home/user/ros2_ws/src/srvcli_py' returned '0': PYTHONPATH=/home/user/ros2_ws/build/srvcli_py/prefix_override:/usr/lib/python3/dist-packages/colcon_core/task/python/colcon_distutils_commands:/home/user/ros2_ws/install/srvcli_py/lib/python3.10/site-packages:${PYTHONPATH} /usr/bin/python3 -W ignore:setup.py install is deprecated -W ignore:easy_install command is deprecated setup.py egg_info --egg-base ../../build/srvcli_py build --build-base /home/user/ros2_ws/build/srvcli_py/build install --record /home/user/ros2_ws/build/srvcli_py/install.log --single-version-externally-managed install_data
[1.622s] Level 1:colcon.colcon_core.environment:checking '/home/user/ros2_ws/install/srvcli_py' for CMake config files
[1.622s] Level 1:colcon.colcon_core.environment:checking '/home/user/ros2_ws/install/srvcli_py/lib'
[1.622s] Level 1:colcon.colcon_core.environment:checking '/home/user/ros2_ws/install/srvcli_py/bin'
[1.622s] Level 1:colcon.colcon_core.environment:checking '/home/user/ros2_ws/install/srvcli_py/lib/pkgconfig/srvcli_py.pc'
[1.623s] Level 1:colcon.colcon_core.environment:checking '/home/user/ros2_ws/install/srvcli_py/lib/python3.10/site-packages'
[1.623s] Level 1:colcon.colcon_core.shell:create_environment_hook('srvcli_py', 'pythonpath')
[1.623s] INFO:colcon.colcon_core.shell:Creating environment hook '/home/user/ros2_ws/install/srvcli_py/share/srvcli_py/hook/pythonpath.ps1'
[1.623s] INFO:colcon.colcon_core.shell:Creating environment descriptor '/home/user/ros2_ws/install/srvcli_py/share/srvcli_py/hook/pythonpath.dsv'
[1.624s] INFO:colcon.colcon_core.shell:Creating environment hook '/home/user/ros2_ws/install/srvcli_py/share/srvcli_py/hook/pythonpath.sh'
[1.624s] Level 1:colcon.colcon_core.environment:checking '/home/user/ros2_ws/install/srvcli_py/bin'
[1.624s] Level 1:colcon.colcon_core.environment:create_environment_scripts_only(srvcli_py)
[1.624s] INFO:colcon.colcon_core.shell:Creating package script '/home/user/ros2_ws/install/srvcli_py/share/srvcli_py/package.ps1'
[1.624s] INFO:colcon.colcon_core.shell:Creating package descriptor '/home/user/ros2_ws/install/srvcli_py/share/srvcli_py/package.dsv'
[1.625s] INFO:colcon.colcon_core.shell:Creating package script '/home/user/ros2_ws/install/srvcli_py/share/srvcli_py/package.sh'
[1.625s] INFO:colcon.colcon_core.shell:Creating package script '/home/user/ros2_ws/install/srvcli_py/share/srvcli_py/package.bash'
[1.625s] INFO:colcon.colcon_core.shell:Creating package script '/home/user/ros2_ws/install/srvcli_py/share/srvcli_py/package.zsh'
[1.625s] Level 1:colcon.colcon_core.environment:create_file_with_runtime_dependencies(/home/user/ros2_ws/install/srvcli_py/share/colcon-core/packages/srvcli_py)
[1.625s] Level 1:colcon.colcon_core.environment:checking '/home/user/ros2_ws/install/linear_motor_control_action' for CMake module files
[1.626s] Level 1:colcon.colcon_core.environment:checking '/home/user/ros2_ws/install/linear_motor_control_action' for CMake config files
[1.626s] DEBUG:colcon.colcon_core.event_handler.log_command:Invoked command in '/home/user/ros2_ws/src/linear_motor_control_action' returned '0': CMAKE_PREFIX_PATH=/home/user/ros2_ws/install/action_pkg:/home/user/ros2_ws/install/srv_pkg LD_LIBRARY_PATH=/home/user/ros2_ws/install/action_pkg/lib:/home/user/ros2_ws/install/srv_pkg/lib:/usr/lib/x86_64-linux-gnu/gazebo-11/plugins:/opt/ros/humble/opt/rviz_ogre_vendor/lib:/opt/ros/humble/lib/x86_64-linux-gnu:/opt/ros/humble/lib PYTHONPATH=/home/user/ros2_ws/build/linear_motor_control_action/prefix_override:/usr/lib/python3/dist-packages/colcon_core/task/python/colcon_distutils_commands:/home/user/ros2_ws/install/linear_motor_control_action/lib/python3.10/site-packages:${PYTHONPATH} /usr/bin/python3 -W ignore:setup.py install is deprecated -W ignore:easy_install command is deprecated setup.py egg_info --egg-base ../../build/linear_motor_control_action build --build-base /home/user/ros2_ws/build/linear_motor_control_action/build install --record /home/user/ros2_ws/build/linear_motor_control_action/install.log --single-version-externally-managed install_data
[1.626s] Level 1:colcon.colcon_core.environment:checking '/home/user/ros2_ws/install/linear_motor_control_action/lib'
[1.626s] Level 1:colcon.colcon_core.environment:checking '/home/user/ros2_ws/install/linear_motor_control_action/bin'
[1.626s] Level 1:colcon.colcon_core.environment:checking '/home/user/ros2_ws/install/linear_motor_control_action/lib/pkgconfig/linear_motor_control_action.pc'
[1.626s] Level 1:colcon.colcon_core.environment:checking '/home/user/ros2_ws/install/linear_motor_control_action/lib/python3.10/site-packages'
[1.626s] Level 1:colcon.colcon_core.shell:create_environment_hook('linear_motor_control_action', 'pythonpath')
[1.626s] INFO:colcon.colcon_core.shell:Creating environment hook '/home/user/ros2_ws/install/linear_motor_control_action/share/linear_motor_control_action/hook/pythonpath.ps1'
[1.627s] INFO:colcon.colcon_core.shell:Creating environment descriptor '/home/user/ros2_ws/install/linear_motor_control_action/share/linear_motor_control_action/hook/pythonpath.dsv'
[1.627s] INFO:colcon.colcon_core.shell:Creating environment hook '/home/user/ros2_ws/install/linear_motor_control_action/share/linear_motor_control_action/hook/pythonpath.sh'
[1.627s] Level 1:colcon.colcon_core.environment:checking '/home/user/ros2_ws/install/linear_motor_control_action/bin'
[1.627s] Level 1:colcon.colcon_core.environment:create_environment_scripts_only(linear_motor_control_action)
[1.627s] INFO:colcon.colcon_core.shell:Creating package script '/home/user/ros2_ws/install/linear_motor_control_action/share/linear_motor_control_action/package.ps1'
[1.628s] INFO:colcon.colcon_core.shell:Creating package descriptor '/home/user/ros2_ws/install/linear_motor_control_action/share/linear_motor_control_action/package.dsv'
[1.628s] INFO:colcon.colcon_core.shell:Creating package script '/home/user/ros2_ws/install/linear_motor_control_action/share/linear_motor_control_action/package.sh'
[1.628s] INFO:colcon.colcon_core.shell:Creating package script '/home/user/ros2_ws/install/linear_motor_control_action/share/linear_motor_control_action/package.bash'
[1.628s] INFO:colcon.colcon_core.shell:Creating package script '/home/user/ros2_ws/install/linear_motor_control_action/share/linear_motor_control_action/package.zsh'
[1.628s] Level 1:colcon.colcon_core.environment:create_file_with_runtime_dependencies(/home/user/ros2_ws/install/linear_motor_control_action/share/colcon-core/packages/linear_motor_control_action)
[1.628s] DEBUG:colcon.colcon_parallel_executor.executor.parallel:closing loop
[1.629s] DEBUG:colcon.colcon_parallel_executor.executor.parallel:loop closed
[1.629s] DEBUG:colcon.colcon_parallel_executor.executor.parallel:run_until_complete finished with '0'
[1.629s] DEBUG:colcon.colcon_core.event_reactor:joining thread
[1.632s] INFO:colcon.colcon_core.plugin_system:Skipping extension 'colcon_notification.desktop_notification.notify_send': Could not find 'notify-send'
[1.632s] INFO:colcon.colcon_core.plugin_system:Skipping extension 'colcon_notification.desktop_notification.terminal_notifier': Not used on non-Darwin systems
[1.632s] INFO:colcon.colcon_core.plugin_system:Skipping extension 'colcon_notification.desktop_notification.win32': Not used on non-Windows systems
[1.632s] INFO:colcon.colcon_notification.desktop_notification:Sending desktop notification using 'notify2'
[1.633s] DEBUG:colcon.colcon_notification.desktop_notification.notify2:Failed to initialize notify2: org.freedesktop.DBus.Error.Spawn.ExecFailed: /usr/bin/dbus-launch terminated abnormally without any error message
[1.633s] DEBUG:colcon.colcon_core.event_reactor:joined thread
[1.634s] INFO:colcon.colcon_core.shell:Creating prefix script '/home/user/ros2_ws/install/local_setup.ps1'
[1.634s] INFO:colcon.colcon_core.shell:Creating prefix util module '/home/user/ros2_ws/install/_local_setup_util_ps1.py'
[1.635s] INFO:colcon.colcon_core.shell:Creating prefix chain script '/home/user/ros2_ws/install/setup.ps1'
[1.636s] INFO:colcon.colcon_core.shell:Creating prefix script '/home/user/ros2_ws/install/local_setup.sh'
[1.636s] INFO:colcon.colcon_core.shell:Creating prefix util module '/home/user/ros2_ws/install/_local_setup_util_sh.py'
[1.636s] INFO:colcon.colcon_core.shell:Creating prefix chain script '/home/user/ros2_ws/install/setup.sh'
[1.637s] INFO:colcon.colcon_core.shell:Creating prefix script '/home/user/ros2_ws/install/local_setup.bash'
[1.637s] INFO:colcon.colcon_core.shell:Creating prefix chain script '/home/user/ros2_ws/install/setup.bash'
[1.637s] INFO:colcon.colcon_core.shell:Creating prefix script '/home/user/ros2_ws/install/local_setup.zsh'
[1.638s] INFO:colcon.colcon_core.shell:Creating prefix chain script '/home/user/ros2_ws/install/setup.zsh'
