[0.812s] Invoking command in '/home/hafizulazwan/ros2_learn_ws/src/pubsub_py': PYTHONPATH=/home/hafizulazwan/ros2_learn_ws/build/pubsub_py/prefix_override:/usr/lib/python3/dist-packages/colcon_core/task/python/colcon_distutils_commands:/home/hafizulazwan/ros2_learn_ws/install/pubsub_py/lib/python3.10/site-packages:${PYTHONPATH} /usr/bin/python3 -W ignore:setup.py install is deprecated -W ignore:easy_install command is deprecated setup.py egg_info --egg-base ../../build/pubsub_py build --build-base /home/hafizulazwan/ros2_learn_ws/build/pubsub_py/build install --record /home/hafizulazwan/ros2_learn_ws/build/pubsub_py/install.log --single-version-externally-managed install_data
[1.033s] running egg_info
[1.034s] creating ../../build/pubsub_py/pubsub_py.egg-info
[1.034s] writing ../../build/pubsub_py/pubsub_py.egg-info/PKG-INFO
[1.035s] writing dependency_links to ../../build/pubsub_py/pubsub_py.egg-info/dependency_links.txt
[1.035s] writing entry points to ../../build/pubsub_py/pubsub_py.egg-info/entry_points.txt
[1.035s] writing requirements to ../../build/pubsub_py/pubsub_py.egg-info/requires.txt
[1.035s] writing top-level names to ../../build/pubsub_py/pubsub_py.egg-info/top_level.txt
[1.035s] writing manifest file '../../build/pubsub_py/pubsub_py.egg-info/SOURCES.txt'
[1.037s] reading manifest file '../../build/pubsub_py/pubsub_py.egg-info/SOURCES.txt'
[1.037s] writing manifest file '../../build/pubsub_py/pubsub_py.egg-info/SOURCES.txt'
[1.038s] running build
[1.038s] running build_py
[1.038s] creating /home/hafizulazwan/ros2_learn_ws/build/pubsub_py/build
[1.038s] creating /home/hafizulazwan/ros2_learn_ws/build/pubsub_py/build/lib
[1.038s] creating /home/hafizulazwan/ros2_learn_ws/build/pubsub_py/build/lib/pubsub_py
[1.038s] copying pubsub_py/__init__.py -> /home/hafizulazwan/ros2_learn_ws/build/pubsub_py/build/lib/pubsub_py
[1.038s] copying pubsub_py/sine_wave_subscriber.py -> /home/hafizulazwan/ros2_learn_ws/build/pubsub_py/build/lib/pubsub_py
[1.038s] copying pubsub_py/sine_wave_publisher.py -> /home/hafizulazwan/ros2_learn_ws/build/pubsub_py/build/lib/pubsub_py
[1.038s] running install
[1.039s] running install_lib
[1.040s] creating /home/hafizulazwan/ros2_learn_ws/install/pubsub_py/lib/python3.10/site-packages/pubsub_py
[1.040s] copying /home/hafizulazwan/ros2_learn_ws/build/pubsub_py/build/lib/pubsub_py/__init__.py -> /home/hafizulazwan/ros2_learn_ws/install/pubsub_py/lib/python3.10/site-packages/pubsub_py
[1.040s] copying /home/hafizulazwan/ros2_learn_ws/build/pubsub_py/build/lib/pubsub_py/sine_wave_subscriber.py -> /home/hafizulazwan/ros2_learn_ws/install/pubsub_py/lib/python3.10/site-packages/pubsub_py
[1.040s] copying /home/hafizulazwan/ros2_learn_ws/build/pubsub_py/build/lib/pubsub_py/sine_wave_publisher.py -> /home/hafizulazwan/ros2_learn_ws/install/pubsub_py/lib/python3.10/site-packages/pubsub_py
[1.041s] byte-compiling /home/hafizulazwan/ros2_learn_ws/install/pubsub_py/lib/python3.10/site-packages/pubsub_py/__init__.py to __init__.cpython-310.pyc
[1.041s] byte-compiling /home/hafizulazwan/ros2_learn_ws/install/pubsub_py/lib/python3.10/site-packages/pubsub_py/sine_wave_subscriber.py to sine_wave_subscriber.cpython-310.pyc
[1.041s] byte-compiling /home/hafizulazwan/ros2_learn_ws/install/pubsub_py/lib/python3.10/site-packages/pubsub_py/sine_wave_publisher.py to sine_wave_publisher.cpython-310.pyc
[1.042s] running install_data
[1.042s] creating /home/hafizulazwan/ros2_learn_ws/install/pubsub_py/share/ament_index
[1.042s] creating /home/hafizulazwan/ros2_learn_ws/install/pubsub_py/share/ament_index/resource_index
[1.042s] creating /home/hafizulazwan/ros2_learn_ws/install/pubsub_py/share/ament_index/resource_index/packages
[1.042s] copying resource/pubsub_py -> /home/hafizulazwan/ros2_learn_ws/install/pubsub_py/share/ament_index/resource_index/packages
[1.042s] copying package.xml -> /home/hafizulazwan/ros2_learn_ws/install/pubsub_py/share/pubsub_py
[1.043s] running install_egg_info
[1.044s] Copying ../../build/pubsub_py/pubsub_py.egg-info to /home/hafizulazwan/ros2_learn_ws/install/pubsub_py/lib/python3.10/site-packages/pubsub_py-0.0.0-py3.10.egg-info
[1.045s] running install_scripts
[1.065s] Installing sine_wave_publisher script to /home/hafizulazwan/ros2_learn_ws/install/pubsub_py/lib/pubsub_py
[1.065s] Installing sine_wave_subscriber script to /home/hafizulazwan/ros2_learn_ws/install/pubsub_py/lib/pubsub_py
[1.065s] writing list of installed files to '/home/hafizulazwan/ros2_learn_ws/build/pubsub_py/install.log'
[1.092s] Invoked command in '/home/hafizulazwan/ros2_learn_ws/src/pubsub_py' returned '0': PYTHONPATH=/home/hafizulazwan/ros2_learn_ws/build/pubsub_py/prefix_override:/usr/lib/python3/dist-packages/colcon_core/task/python/colcon_distutils_commands:/home/hafizulazwan/ros2_learn_ws/install/pubsub_py/lib/python3.10/site-packages:${PYTHONPATH} /usr/bin/python3 -W ignore:setup.py install is deprecated -W ignore:easy_install command is deprecated setup.py egg_info --egg-base ../../build/pubsub_py build --build-base /home/hafizulazwan/ros2_learn_ws/build/pubsub_py/build install --record /home/hafizulazwan/ros2_learn_ws/build/pubsub_py/install.log --single-version-externally-managed install_data
