[0.591s] Invoking command in '/home/user/ros2_ws/src/pubsub_py': PYTHONPATH=/home/user/ros2_ws/build/pubsub_py/prefix_override:/usr/lib/python3/dist-packages/colcon_core/task/python/colcon_distutils_commands:/home/user/ros2_ws/install/pubsub_py/lib/python3.10/site-packages:${PYTHONPATH} /usr/bin/python3 -W ignore:setup.py install is deprecated -W ignore:easy_install command is deprecated setup.py egg_info --egg-base ../../build/pubsub_py build --build-base /home/user/ros2_ws/build/pubsub_py/build install --record /home/user/ros2_ws/build/pubsub_py/install.log --single-version-externally-managed install_data
[0.758s] running egg_info
[0.758s] creating ../../build/pubsub_py/pubsub_py.egg-info
[0.758s] writing ../../build/pubsub_py/pubsub_py.egg-info/PKG-INFO
[0.758s] writing dependency_links to ../../build/pubsub_py/pubsub_py.egg-info/dependency_links.txt
[0.758s] writing entry points to ../../build/pubsub_py/pubsub_py.egg-info/entry_points.txt
[0.758s] writing requirements to ../../build/pubsub_py/pubsub_py.egg-info/requires.txt
[0.758s] writing top-level names to ../../build/pubsub_py/pubsub_py.egg-info/top_level.txt
[0.759s] writing manifest file '../../build/pubsub_py/pubsub_py.egg-info/SOURCES.txt'
[0.760s] reading manifest file '../../build/pubsub_py/pubsub_py.egg-info/SOURCES.txt'
[0.760s] writing manifest file '../../build/pubsub_py/pubsub_py.egg-info/SOURCES.txt'
[0.760s] running build
[0.760s] running build_py
[0.760s] creating /home/user/ros2_ws/build/pubsub_py/build
[0.761s] creating /home/user/ros2_ws/build/pubsub_py/build/lib
[0.761s] creating /home/user/ros2_ws/build/pubsub_py/build/lib/pubsub_py
[0.761s] copying pubsub_py/sine_wave_publisher.py -> /home/user/ros2_ws/build/pubsub_py/build/lib/pubsub_py
[0.761s] copying pubsub_py/__init__.py -> /home/user/ros2_ws/build/pubsub_py/build/lib/pubsub_py
[0.761s] copying pubsub_py/sine_wave_subscriber.py -> /home/user/ros2_ws/build/pubsub_py/build/lib/pubsub_py
[0.761s] running install
[0.762s] running install_lib
[0.762s] creating /home/user/ros2_ws/install/pubsub_py/lib/python3.10/site-packages/pubsub_py
[0.762s] copying /home/user/ros2_ws/build/pubsub_py/build/lib/pubsub_py/sine_wave_publisher.py -> /home/user/ros2_ws/install/pubsub_py/lib/python3.10/site-packages/pubsub_py
[0.762s] copying /home/user/ros2_ws/build/pubsub_py/build/lib/pubsub_py/__init__.py -> /home/user/ros2_ws/install/pubsub_py/lib/python3.10/site-packages/pubsub_py
[0.762s] copying /home/user/ros2_ws/build/pubsub_py/build/lib/pubsub_py/sine_wave_subscriber.py -> /home/user/ros2_ws/install/pubsub_py/lib/python3.10/site-packages/pubsub_py
[0.762s] byte-compiling /home/user/ros2_ws/install/pubsub_py/lib/python3.10/site-packages/pubsub_py/sine_wave_publisher.py to sine_wave_publisher.cpython-310.pyc
[0.763s] byte-compiling /home/user/ros2_ws/install/pubsub_py/lib/python3.10/site-packages/pubsub_py/__init__.py to __init__.cpython-310.pyc
[0.763s] byte-compiling /home/user/ros2_ws/install/pubsub_py/lib/python3.10/site-packages/pubsub_py/sine_wave_subscriber.py to sine_wave_subscriber.cpython-310.pyc
[0.763s] running install_data
[0.763s] creating /home/user/ros2_ws/install/pubsub_py/share/ament_index
[0.764s] creating /home/user/ros2_ws/install/pubsub_py/share/ament_index/resource_index
[0.764s] creating /home/user/ros2_ws/install/pubsub_py/share/ament_index/resource_index/packages
[0.764s] copying resource/pubsub_py -> /home/user/ros2_ws/install/pubsub_py/share/ament_index/resource_index/packages
[0.764s] copying package.xml -> /home/user/ros2_ws/install/pubsub_py/share/pubsub_py
[0.764s] running install_egg_info
[0.765s] Copying ../../build/pubsub_py/pubsub_py.egg-info to /home/user/ros2_ws/install/pubsub_py/lib/python3.10/site-packages/pubsub_py-0.0.0-py3.10.egg-info
[0.765s] running install_scripts
[0.781s] Installing sine_wave_publisher script to /home/user/ros2_ws/install/pubsub_py/lib/pubsub_py
[0.781s] Installing sine_wave_subscriber script to /home/user/ros2_ws/install/pubsub_py/lib/pubsub_py
[0.781s] writing list of installed files to '/home/user/ros2_ws/build/pubsub_py/install.log'
[0.799s] Invoked command in '/home/user/ros2_ws/src/pubsub_py' returned '0': PYTHONPATH=/home/user/ros2_ws/build/pubsub_py/prefix_override:/usr/lib/python3/dist-packages/colcon_core/task/python/colcon_distutils_commands:/home/user/ros2_ws/install/pubsub_py/lib/python3.10/site-packages:${PYTHONPATH} /usr/bin/python3 -W ignore:setup.py install is deprecated -W ignore:easy_install command is deprecated setup.py egg_info --egg-base ../../build/pubsub_py build --build-base /home/user/ros2_ws/build/pubsub_py/build install --record /home/user/ros2_ws/build/pubsub_py/install.log --single-version-externally-managed install_data
