[0.823s] Invoking command in '/home/user/ros2_ws/src/pubsub_py': PYTHONPATH=/home/user/ros2_ws/build/pubsub_py/prefix_override:/usr/lib/python3/dist-packages/colcon_core/task/python/colcon_distutils_commands:/home/user/ros2_ws/install/pubsub_py/lib/python3.10/site-packages:${PYTHONPATH} /usr/bin/python3 -W ignore:setup.py install is deprecated -W ignore:easy_install command is deprecated setup.py egg_info --egg-base ../../build/pubsub_py build --build-base /home/user/ros2_ws/build/pubsub_py/build install --record /home/user/ros2_ws/build/pubsub_py/install.log --single-version-externally-managed install_data
[0.966s] running egg_info
[0.967s] writing ../../build/pubsub_py/pubsub_py.egg-info/PKG-INFO
[0.967s] writing dependency_links to ../../build/pubsub_py/pubsub_py.egg-info/dependency_links.txt
[0.967s] writing entry points to ../../build/pubsub_py/pubsub_py.egg-info/entry_points.txt
[0.967s] writing requirements to ../../build/pubsub_py/pubsub_py.egg-info/requires.txt
[0.968s] writing top-level names to ../../build/pubsub_py/pubsub_py.egg-info/top_level.txt
[0.968s] reading manifest file '../../build/pubsub_py/pubsub_py.egg-info/SOURCES.txt'
[0.969s] writing manifest file '../../build/pubsub_py/pubsub_py.egg-info/SOURCES.txt'
[0.969s] running build
[0.969s] running build_py
[0.969s] running install
[0.969s] running install_lib
[0.970s] running install_data
[0.970s] running install_egg_info
[0.970s] removing '/home/user/ros2_ws/install/pubsub_py/lib/python3.10/site-packages/pubsub_py-0.0.0-py3.10.egg-info' (and everything under it)
[0.970s] Copying ../../build/pubsub_py/pubsub_py.egg-info to /home/user/ros2_ws/install/pubsub_py/lib/python3.10/site-packages/pubsub_py-0.0.0-py3.10.egg-info
[0.971s] running install_scripts
[0.984s] Installing sine_wave_publisher script to /home/user/ros2_ws/install/pubsub_py/lib/pubsub_py
[0.984s] Installing sine_wave_subscriber script to /home/user/ros2_ws/install/pubsub_py/lib/pubsub_py
[0.984s] writing list of installed files to '/home/user/ros2_ws/build/pubsub_py/install.log'
[1.007s] Invoked command in '/home/user/ros2_ws/src/pubsub_py' returned '0': PYTHONPATH=/home/user/ros2_ws/build/pubsub_py/prefix_override:/usr/lib/python3/dist-packages/colcon_core/task/python/colcon_distutils_commands:/home/user/ros2_ws/install/pubsub_py/lib/python3.10/site-packages:${PYTHONPATH} /usr/bin/python3 -W ignore:setup.py install is deprecated -W ignore:easy_install command is deprecated setup.py egg_info --egg-base ../../build/pubsub_py build --build-base /home/user/ros2_ws/build/pubsub_py/build install --record /home/user/ros2_ws/build/pubsub_py/install.log --single-version-externally-managed install_data
