-- The C compiler identification is GNU 11.4.0
-- The CXX compiler identification is GNU 11.4.0
-- Detecting C compiler ABI info
-- Detecting C compiler ABI info - done
-- Check for working C compiler: /usr/bin/cc - skipped
-- Detecting C compile features
-- Detecting C compile features - done
-- Detecting CXX compiler ABI info
-- Detecting CXX compiler ABI info - done
-- Check for working CXX compiler: /usr/bin/c++ - skipped
-- Detecting CXX compile features
-- Detecting CXX compile features - done
-- Found ament_cmake: 1.3.11 (/opt/ros/humble/share/ament_cmake/cmake)
-- Found Python3: /usr/bin/python3 (found version "3.10.12") found components: Interpreter 
-- Found rosidl_default_generators: 1.2.0 (/opt/ros/humble/share/rosidl_default_generators/cmake)
-- Using all available rosidl_typesupport_c: rosidl_typesupport_fastrtps_c;rosidl_typesupport_introspection_c
-- Found rosidl_adapter: 3.1.6 (/opt/ros/humble/share/rosidl_adapter/cmake)
-- Using all available rosidl_typesupport_cpp: rosidl_typesupport_fastrtps_cpp;rosidl_typesupport_introspection_cpp
-- Found ament_lint_auto: 0.12.11 (/opt/ros/humble/share/ament_lint_auto/cmake)
-- Found ament_cmake_ros: 0.10.0 (/opt/ros/humble/share/ament_cmake_ros/cmake)
-- Using all available rosidl_typesupport_c: rosidl_typesupport_fastrtps_c;rosidl_typesupport_introspection_c
-- Using all available rosidl_typesupport_cpp: rosidl_typesupport_fastrtps_cpp;rosidl_typesupport_introspection_cpp
-- Found PythonInterp: /usr/bin/python3 (found suitable version "3.10.12", minimum required is "3.6") 
-- Found python_cmake_module: 0.10.0 (/opt/ros/humble/share/python_cmake_module/cmake)
-- Found PythonLibs: /usr/lib/x86_64-linux-gnu/libpython3.10.so (found suitable version "3.10.12", minimum required is "3.5") 
-- Using PYTHON_EXECUTABLE: /usr/bin/python3
-- Using PYTHON_INCLUDE_DIRS: /usr/include/python3.10
-- Using PYTHON_LIBRARIES: /usr/lib/x86_64-linux-gnu/libpython3.10.so
-- Found PythonExtra: .so  
-- Added test 'lint_cmake' to check CMake code style
-- Added test 'xmllint' to check XML markup files
-- Configuring done
-- Generating done
-- Build files have been written to: /home/hafizulazwan/ros2_learn_ws/build/action_pkg
[  3%] [34m[1mGenerating C code for ROS interfaces[0m
[  6%] [34m[1mGenerating C++ code for ROS interfaces[0m
[  6%] Built target ament_cmake_python_copy_action_pkg
running egg_info
creating action_pkg.egg-info
writing action_pkg.egg-info/PKG-INFO
writing dependency_links to action_pkg.egg-info/dependency_links.txt
writing top-level names to action_pkg.egg-info/top_level.txt
writing manifest file 'action_pkg.egg-info/SOURCES.txt'
reading manifest file 'action_pkg.egg-info/SOURCES.txt'
writing manifest file 'action_pkg.egg-info/SOURCES.txt'
[  6%] Built target ament_cmake_python_build_action_pkg_egg
[  6%] Built target action_pkg__cpp
[  9%] [32mBuilding C object CMakeFiles/action_pkg__rosidl_generator_c.dir/rosidl_generator_c/action_pkg/action/detail/linear_control__functions.c.o[0m
[ 19%] [34m[1mGenerating C++ type support for eProsima Fast-RTPS[0m
[ 19%] [34m[1mGenerating C++ type support dispatch for ROS interfaces[0m
[ 19%] [34m[1mGenerating C++ introspection for ROS interfaces[0m
[ 22%] [32m[1mLinking C shared library libaction_pkg__rosidl_generator_c.so[0m
[ 22%] Built target action_pkg__rosidl_generator_c
[ 25%] [34m[1mGenerating C type support for eProsima Fast-RTPS[0m
[ 32%] [34m[1mGenerating C introspection for ROS interfaces[0m
[ 32%] [34m[1mGenerating C type support dispatch for ROS interfaces[0m
[ 35%] [32mBuilding CXX object CMakeFiles/action_pkg__rosidl_typesupport_cpp.dir/rosidl_typesupport_cpp/action_pkg/action/linear_control__type_support.cpp.o[0m
[ 38%] [32mBuilding CXX object CMakeFiles/action_pkg__rosidl_typesupport_fastrtps_cpp.dir/rosidl_typesupport_fastrtps_cpp/action_pkg/action/detail/dds_fastrtps/linear_control__type_support.cpp.o[0m
[ 41%] [32mBuilding CXX object CMakeFiles/action_pkg__rosidl_typesupport_introspection_cpp.dir/rosidl_typesupport_introspection_cpp/action_pkg/action/detail/linear_control__type_support.cpp.o[0m
[ 45%] [32mBuilding CXX object CMakeFiles/action_pkg__rosidl_typesupport_c.dir/rosidl_typesupport_c/action_pkg/action/linear_control__type_support.cpp.o[0m
[ 48%] [32m[1mLinking CXX shared library libaction_pkg__rosidl_typesupport_c.so[0m
[ 51%] [32mBuilding CXX object CMakeFiles/action_pkg__rosidl_typesupport_fastrtps_c.dir/rosidl_typesupport_fastrtps_c/action_pkg/action/detail/linear_control__type_support_c.cpp.o[0m
[ 54%] [32mBuilding C object CMakeFiles/action_pkg__rosidl_typesupport_introspection_c.dir/rosidl_typesupport_introspection_c/action_pkg/action/detail/linear_control__type_support.c.o[0m
[ 54%] Built target action_pkg__rosidl_typesupport_c
[ 58%] [32m[1mLinking CXX shared library libaction_pkg__rosidl_typesupport_cpp.so[0m
[ 61%] [32m[1mLinking C shared library libaction_pkg__rosidl_typesupport_introspection_c.so[0m
[ 61%] Built target action_pkg__rosidl_typesupport_cpp
[ 61%] Built target action_pkg__rosidl_typesupport_introspection_c
[ 64%] [32m[1mLinking CXX shared library libaction_pkg__rosidl_typesupport_fastrtps_cpp.so[0m
[ 64%] Built target action_pkg__rosidl_typesupport_fastrtps_cpp
[ 67%] [32m[1mLinking CXX shared library libaction_pkg__rosidl_typesupport_introspection_cpp.so[0m
[ 70%] [32m[1mLinking CXX shared library libaction_pkg__rosidl_typesupport_fastrtps_c.so[0m
[ 70%] Built target action_pkg__rosidl_typesupport_introspection_cpp
[ 70%] Built target action_pkg__rosidl_typesupport_fastrtps_c
[ 70%] Built target action_pkg
[ 74%] [34m[1mGenerating Python code for ROS interfaces[0m
[ 74%] Built target action_pkg__py
[ 77%] [32mBuilding C object CMakeFiles/action_pkg__rosidl_generator_py.dir/rosidl_generator_py/action_pkg/action/_linear_control_s.c.o[0m
[ 80%] [32m[1mLinking C shared library rosidl_generator_py/action_pkg/libaction_pkg__rosidl_generator_py.so[0m
[ 80%] Built target action_pkg__rosidl_generator_py
[ 83%] [32mBuilding C object CMakeFiles/action_pkg__rosidl_typesupport_introspection_c__pyext.dir/rosidl_generator_py/action_pkg/_action_pkg_s.ep.rosidl_typesupport_introspection_c.c.o[0m
[ 90%] [32mBuilding C object CMakeFiles/action_pkg__rosidl_typesupport_fastrtps_c__pyext.dir/rosidl_generator_py/action_pkg/_action_pkg_s.ep.rosidl_typesupport_fastrtps_c.c.o[0m
[ 90%] [32mBuilding C object CMakeFiles/action_pkg__rosidl_typesupport_c__pyext.dir/rosidl_generator_py/action_pkg/_action_pkg_s.ep.rosidl_typesupport_c.c.o[0m
[100%] [32m[1mLinking C shared library rosidl_generator_py/action_pkg/action_pkg_s__rosidl_typesupport_c.cpython-310-x86_64-linux-gnu.so[0m
[100%] [32m[1mLinking C shared library rosidl_generator_py/action_pkg/action_pkg_s__rosidl_typesupport_fastrtps_c.cpython-310-x86_64-linux-gnu.so[0m
[100%] [32m[1mLinking C shared library rosidl_generator_py/action_pkg/action_pkg_s__rosidl_typesupport_introspection_c.cpython-310-x86_64-linux-gnu.so[0m
[100%] Built target action_pkg__rosidl_typesupport_c__pyext
[100%] Built target action_pkg__rosidl_typesupport_fastrtps_c__pyext
[100%] Built target action_pkg__rosidl_typesupport_introspection_c__pyext
-- Install configuration: ""
-- Installing: /home/hafizulazwan/ros2_learn_ws/install/action_pkg/share/ament_index/resource_index/rosidl_interfaces/action_pkg
-- Installing: /home/hafizulazwan/ros2_learn_ws/install/action_pkg/include/action_pkg/action_pkg
-- Installing: /home/hafizulazwan/ros2_learn_ws/install/action_pkg/include/action_pkg/action_pkg/msg
-- Installing: /home/hafizulazwan/ros2_learn_ws/install/action_pkg/include/action_pkg/action_pkg/msg/rosidl_generator_c__visibility_control.h
-- Installing: /home/hafizulazwan/ros2_learn_ws/install/action_pkg/include/action_pkg/action_pkg/action
-- Installing: /home/hafizulazwan/ros2_learn_ws/install/action_pkg/include/action_pkg/action_pkg/action/linear_control.h
-- Installing: /home/hafizulazwan/ros2_learn_ws/install/action_pkg/include/action_pkg/action_pkg/action/detail
-- Installing: /home/hafizulazwan/ros2_learn_ws/install/action_pkg/include/action_pkg/action_pkg/action/detail/linear_control__functions.h
-- Installing: /home/hafizulazwan/ros2_learn_ws/install/action_pkg/include/action_pkg/action_pkg/action/detail/linear_control__functions.c
-- Installing: /home/hafizulazwan/ros2_learn_ws/install/action_pkg/include/action_pkg/action_pkg/action/detail/linear_control__struct.h
-- Installing: /home/hafizulazwan/ros2_learn_ws/install/action_pkg/include/action_pkg/action_pkg/action/detail/linear_control__type_support.h
-- Installing: /home/hafizulazwan/ros2_learn_ws/install/action_pkg/share/action_pkg/environment/library_path.sh
-- Installing: /home/hafizulazwan/ros2_learn_ws/install/action_pkg/share/action_pkg/environment/library_path.dsv
-- Installing: /home/hafizulazwan/ros2_learn_ws/install/action_pkg/lib/libaction_pkg__rosidl_generator_c.so
-- Set runtime path of "/home/hafizulazwan/ros2_learn_ws/install/action_pkg/lib/libaction_pkg__rosidl_generator_c.so" to ""
-- Up-to-date: /home/hafizulazwan/ros2_learn_ws/install/action_pkg/include/action_pkg/action_pkg
-- Up-to-date: /home/hafizulazwan/ros2_learn_ws/install/action_pkg/include/action_pkg/action_pkg/msg
-- Installing: /home/hafizulazwan/ros2_learn_ws/install/action_pkg/include/action_pkg/action_pkg/msg/rosidl_typesupport_fastrtps_c__visibility_control.h
-- Up-to-date: /home/hafizulazwan/ros2_learn_ws/install/action_pkg/include/action_pkg/action_pkg/action
-- Up-to-date: /home/hafizulazwan/ros2_learn_ws/install/action_pkg/include/action_pkg/action_pkg/action/detail
-- Installing: /home/hafizulazwan/ros2_learn_ws/install/action_pkg/include/action_pkg/action_pkg/action/detail/linear_control__rosidl_typesupport_fastrtps_c.h
-- Installing: /home/hafizulazwan/ros2_learn_ws/install/action_pkg/lib/libaction_pkg__rosidl_typesupport_fastrtps_c.so
-- Set runtime path of "/home/hafizulazwan/ros2_learn_ws/install/action_pkg/lib/libaction_pkg__rosidl_typesupport_fastrtps_c.so" to ""
-- Up-to-date: /home/hafizulazwan/ros2_learn_ws/install/action_pkg/include/action_pkg/action_pkg
-- Up-to-date: /home/hafizulazwan/ros2_learn_ws/install/action_pkg/include/action_pkg/action_pkg/msg
-- Installing: /home/hafizulazwan/ros2_learn_ws/install/action_pkg/include/action_pkg/action_pkg/msg/rosidl_typesupport_introspection_c__visibility_control.h
-- Up-to-date: /home/hafizulazwan/ros2_learn_ws/install/action_pkg/include/action_pkg/action_pkg/action
-- Up-to-date: /home/hafizulazwan/ros2_learn_ws/install/action_pkg/include/action_pkg/action_pkg/action/detail
-- Installing: /home/hafizulazwan/ros2_learn_ws/install/action_pkg/include/action_pkg/action_pkg/action/detail/linear_control__type_support.c
-- Installing: /home/hafizulazwan/ros2_learn_ws/install/action_pkg/include/action_pkg/action_pkg/action/detail/linear_control__rosidl_typesupport_introspection_c.h
-- Installing: /home/hafizulazwan/ros2_learn_ws/install/action_pkg/lib/libaction_pkg__rosidl_typesupport_introspection_c.so
-- Set runtime path of "/home/hafizulazwan/ros2_learn_ws/install/action_pkg/lib/libaction_pkg__rosidl_typesupport_introspection_c.so" to ""
-- Installing: /home/hafizulazwan/ros2_learn_ws/install/action_pkg/lib/libaction_pkg__rosidl_typesupport_c.so
-- Set runtime path of "/home/hafizulazwan/ros2_learn_ws/install/action_pkg/lib/libaction_pkg__rosidl_typesupport_c.so" to ""
-- Up-to-date: /home/hafizulazwan/ros2_learn_ws/install/action_pkg/include/action_pkg/action_pkg
-- Up-to-date: /home/hafizulazwan/ros2_learn_ws/install/action_pkg/include/action_pkg/action_pkg/msg
-- Installing: /home/hafizulazwan/ros2_learn_ws/install/action_pkg/include/action_pkg/action_pkg/msg/rosidl_generator_cpp__visibility_control.hpp
-- Up-to-date: /home/hafizulazwan/ros2_learn_ws/install/action_pkg/include/action_pkg/action_pkg/action
-- Installing: /home/hafizulazwan/ros2_learn_ws/install/action_pkg/include/action_pkg/action_pkg/action/linear_control.hpp
-- Up-to-date: /home/hafizulazwan/ros2_learn_ws/install/action_pkg/include/action_pkg/action_pkg/action/detail
-- Installing: /home/hafizulazwan/ros2_learn_ws/install/action_pkg/include/action_pkg/action_pkg/action/detail/linear_control__builder.hpp
-- Installing: /home/hafizulazwan/ros2_learn_ws/install/action_pkg/include/action_pkg/action_pkg/action/detail/linear_control__type_support.hpp
-- Installing: /home/hafizulazwan/ros2_learn_ws/install/action_pkg/include/action_pkg/action_pkg/action/detail/linear_control__traits.hpp
-- Installing: /home/hafizulazwan/ros2_learn_ws/install/action_pkg/include/action_pkg/action_pkg/action/detail/linear_control__struct.hpp
-- Up-to-date: /home/hafizulazwan/ros2_learn_ws/install/action_pkg/include/action_pkg/action_pkg
-- Up-to-date: /home/hafizulazwan/ros2_learn_ws/install/action_pkg/include/action_pkg/action_pkg/msg
-- Installing: /home/hafizulazwan/ros2_learn_ws/install/action_pkg/include/action_pkg/action_pkg/msg/rosidl_typesupport_fastrtps_cpp__visibility_control.h
-- Up-to-date: /home/hafizulazwan/ros2_learn_ws/install/action_pkg/include/action_pkg/action_pkg/action
-- Up-to-date: /home/hafizulazwan/ros2_learn_ws/install/action_pkg/include/action_pkg/action_pkg/action/detail
-- Installing: /home/hafizulazwan/ros2_learn_ws/install/action_pkg/include/action_pkg/action_pkg/action/detail/linear_control__rosidl_typesupport_fastrtps_cpp.hpp
-- Installing: /home/hafizulazwan/ros2_learn_ws/install/action_pkg/include/action_pkg/action_pkg/action/detail/dds_fastrtps
-- Installing: /home/hafizulazwan/ros2_learn_ws/install/action_pkg/lib/libaction_pkg__rosidl_typesupport_fastrtps_cpp.so
-- Set runtime path of "/home/hafizulazwan/ros2_learn_ws/install/action_pkg/lib/libaction_pkg__rosidl_typesupport_fastrtps_cpp.so" to ""
-- Up-to-date: /home/hafizulazwan/ros2_learn_ws/install/action_pkg/include/action_pkg/action_pkg
-- Up-to-date: /home/hafizulazwan/ros2_learn_ws/install/action_pkg/include/action_pkg/action_pkg/action
-- Up-to-date: /home/hafizulazwan/ros2_learn_ws/install/action_pkg/include/action_pkg/action_pkg/action/detail
-- Installing: /home/hafizulazwan/ros2_learn_ws/install/action_pkg/include/action_pkg/action_pkg/action/detail/linear_control__type_support.cpp
-- Installing: /home/hafizulazwan/ros2_learn_ws/install/action_pkg/include/action_pkg/action_pkg/action/detail/linear_control__rosidl_typesupport_introspection_cpp.hpp
-- Installing: /home/hafizulazwan/ros2_learn_ws/install/action_pkg/lib/libaction_pkg__rosidl_typesupport_introspection_cpp.so
-- Set runtime path of "/home/hafizulazwan/ros2_learn_ws/install/action_pkg/lib/libaction_pkg__rosidl_typesupport_introspection_cpp.so" to ""
-- Installing: /home/hafizulazwan/ros2_learn_ws/install/action_pkg/lib/libaction_pkg__rosidl_typesupport_cpp.so
-- Set runtime path of "/home/hafizulazwan/ros2_learn_ws/install/action_pkg/lib/libaction_pkg__rosidl_typesupport_cpp.so" to ""
-- Installing: /home/hafizulazwan/ros2_learn_ws/install/action_pkg/share/action_pkg/environment/pythonpath.sh
-- Installing: /home/hafizulazwan/ros2_learn_ws/install/action_pkg/share/action_pkg/environment/pythonpath.dsv
-- Installing: /home/hafizulazwan/ros2_learn_ws/install/action_pkg/local/lib/python3.10/dist-packages/action_pkg-0.0.0-py3.10.egg-info
-- Installing: /home/hafizulazwan/ros2_learn_ws/install/action_pkg/local/lib/python3.10/dist-packages/action_pkg-0.0.0-py3.10.egg-info/top_level.txt
-- Installing: /home/hafizulazwan/ros2_learn_ws/install/action_pkg/local/lib/python3.10/dist-packages/action_pkg-0.0.0-py3.10.egg-info/SOURCES.txt
-- Installing: /home/hafizulazwan/ros2_learn_ws/install/action_pkg/local/lib/python3.10/dist-packages/action_pkg-0.0.0-py3.10.egg-info/dependency_links.txt
-- Installing: /home/hafizulazwan/ros2_learn_ws/install/action_pkg/local/lib/python3.10/dist-packages/action_pkg-0.0.0-py3.10.egg-info/PKG-INFO
-- Installing: /home/hafizulazwan/ros2_learn_ws/install/action_pkg/local/lib/python3.10/dist-packages/action_pkg
-- Installing: /home/hafizulazwan/ros2_learn_ws/install/action_pkg/local/lib/python3.10/dist-packages/action_pkg/action_pkg_s__rosidl_typesupport_fastrtps_c.cpython-310-x86_64-linux-gnu.so
-- Installing: /home/hafizulazwan/ros2_learn_ws/install/action_pkg/local/lib/python3.10/dist-packages/action_pkg/action_pkg_s__rosidl_typesupport_introspection_c.cpython-310-x86_64-linux-gnu.so
-- Installing: /home/hafizulazwan/ros2_learn_ws/install/action_pkg/local/lib/python3.10/dist-packages/action_pkg/__init__.py
-- Installing: /home/hafizulazwan/ros2_learn_ws/install/action_pkg/local/lib/python3.10/dist-packages/action_pkg/_action_pkg_s.ep.rosidl_typesupport_c.c
-- Installing: /home/hafizulazwan/ros2_learn_ws/install/action_pkg/local/lib/python3.10/dist-packages/action_pkg/libaction_pkg__rosidl_generator_py.so
-- Installing: /home/hafizulazwan/ros2_learn_ws/install/action_pkg/local/lib/python3.10/dist-packages/action_pkg/action_pkg_s__rosidl_typesupport_c.cpython-310-x86_64-linux-gnu.so
-- Installing: /home/hafizulazwan/ros2_learn_ws/install/action_pkg/local/lib/python3.10/dist-packages/action_pkg/_action_pkg_s.ep.rosidl_typesupport_fastrtps_c.c
-- Installing: /home/hafizulazwan/ros2_learn_ws/install/action_pkg/local/lib/python3.10/dist-packages/action_pkg/action
-- Installing: /home/hafizulazwan/ros2_learn_ws/install/action_pkg/local/lib/python3.10/dist-packages/action_pkg/action/__init__.py
-- Installing: /home/hafizulazwan/ros2_learn_ws/install/action_pkg/local/lib/python3.10/dist-packages/action_pkg/action/_linear_control_s.c
-- Installing: /home/hafizulazwan/ros2_learn_ws/install/action_pkg/local/lib/python3.10/dist-packages/action_pkg/action/_linear_control.py
-- Installing: /home/hafizulazwan/ros2_learn_ws/install/action_pkg/local/lib/python3.10/dist-packages/action_pkg/_action_pkg_s.ep.rosidl_typesupport_introspection_c.c
Listing '/home/hafizulazwan/ros2_learn_ws/install/action_pkg/local/lib/python3.10/dist-packages/action_pkg'...
Compiling '/home/hafizulazwan/ros2_learn_ws/install/action_pkg/local/lib/python3.10/dist-packages/action_pkg/__init__.py'...
Listing '/home/hafizulazwan/ros2_learn_ws/install/action_pkg/local/lib/python3.10/dist-packages/action_pkg/action'...
Compiling '/home/hafizulazwan/ros2_learn_ws/install/action_pkg/local/lib/python3.10/dist-packages/action_pkg/action/__init__.py'...
Compiling '/home/hafizulazwan/ros2_learn_ws/install/action_pkg/local/lib/python3.10/dist-packages/action_pkg/action/_linear_control.py'...
-- Installing: /home/hafizulazwan/ros2_learn_ws/install/action_pkg/local/lib/python3.10/dist-packages/action_pkg/action_pkg_s__rosidl_typesupport_fastrtps_c.cpython-310-x86_64-linux-gnu.so
-- Set runtime path of "/home/hafizulazwan/ros2_learn_ws/install/action_pkg/local/lib/python3.10/dist-packages/action_pkg/action_pkg_s__rosidl_typesupport_fastrtps_c.cpython-310-x86_64-linux-gnu.so" to ""
-- Installing: /home/hafizulazwan/ros2_learn_ws/install/action_pkg/local/lib/python3.10/dist-packages/action_pkg/action_pkg_s__rosidl_typesupport_introspection_c.cpython-310-x86_64-linux-gnu.so
-- Set runtime path of "/home/hafizulazwan/ros2_learn_ws/install/action_pkg/local/lib/python3.10/dist-packages/action_pkg/action_pkg_s__rosidl_typesupport_introspection_c.cpython-310-x86_64-linux-gnu.so" to ""
-- Installing: /home/hafizulazwan/ros2_learn_ws/install/action_pkg/local/lib/python3.10/dist-packages/action_pkg/action_pkg_s__rosidl_typesupport_c.cpython-310-x86_64-linux-gnu.so
-- Set runtime path of "/home/hafizulazwan/ros2_learn_ws/install/action_pkg/local/lib/python3.10/dist-packages/action_pkg/action_pkg_s__rosidl_typesupport_c.cpython-310-x86_64-linux-gnu.so" to ""
-- Installing: /home/hafizulazwan/ros2_learn_ws/install/action_pkg/lib/libaction_pkg__rosidl_generator_py.so
-- Set runtime path of "/home/hafizulazwan/ros2_learn_ws/install/action_pkg/lib/libaction_pkg__rosidl_generator_py.so" to ""
-- Installing: /home/hafizulazwan/ros2_learn_ws/install/action_pkg/share/action_pkg/action/LinearControl.idl
-- Installing: /home/hafizulazwan/ros2_learn_ws/install/action_pkg/share/action_pkg/action/LinearControl.action
-- Installing: /home/hafizulazwan/ros2_learn_ws/install/action_pkg/share/ament_index/resource_index/package_run_dependencies/action_pkg
-- Installing: /home/hafizulazwan/ros2_learn_ws/install/action_pkg/share/ament_index/resource_index/parent_prefix_path/action_pkg
-- Installing: /home/hafizulazwan/ros2_learn_ws/install/action_pkg/share/action_pkg/environment/ament_prefix_path.sh
-- Installing: /home/hafizulazwan/ros2_learn_ws/install/action_pkg/share/action_pkg/environment/ament_prefix_path.dsv
-- Installing: /home/hafizulazwan/ros2_learn_ws/install/action_pkg/share/action_pkg/environment/path.sh
-- Installing: /home/hafizulazwan/ros2_learn_ws/install/action_pkg/share/action_pkg/environment/path.dsv
-- Installing: /home/hafizulazwan/ros2_learn_ws/install/action_pkg/share/action_pkg/local_setup.bash
-- Installing: /home/hafizulazwan/ros2_learn_ws/install/action_pkg/share/action_pkg/local_setup.sh
-- Installing: /home/hafizulazwan/ros2_learn_ws/install/action_pkg/share/action_pkg/local_setup.zsh
-- Installing: /home/hafizulazwan/ros2_learn_ws/install/action_pkg/share/action_pkg/local_setup.dsv
-- Installing: /home/hafizulazwan/ros2_learn_ws/install/action_pkg/share/action_pkg/package.dsv
-- Installing: /home/hafizulazwan/ros2_learn_ws/install/action_pkg/share/ament_index/resource_index/packages/action_pkg
-- Installing: /home/hafizulazwan/ros2_learn_ws/install/action_pkg/share/action_pkg/cmake/export_action_pkg__rosidl_generator_cExport.cmake
-- Installing: /home/hafizulazwan/ros2_learn_ws/install/action_pkg/share/action_pkg/cmake/export_action_pkg__rosidl_generator_cExport-noconfig.cmake
-- Installing: /home/hafizulazwan/ros2_learn_ws/install/action_pkg/share/action_pkg/cmake/export_action_pkg__rosidl_typesupport_fastrtps_cExport.cmake
-- Installing: /home/hafizulazwan/ros2_learn_ws/install/action_pkg/share/action_pkg/cmake/export_action_pkg__rosidl_typesupport_fastrtps_cExport-noconfig.cmake
-- Installing: /home/hafizulazwan/ros2_learn_ws/install/action_pkg/share/action_pkg/cmake/action_pkg__rosidl_typesupport_introspection_cExport.cmake
-- Installing: /home/hafizulazwan/ros2_learn_ws/install/action_pkg/share/action_pkg/cmake/action_pkg__rosidl_typesupport_introspection_cExport-noconfig.cmake
-- Installing: /home/hafizulazwan/ros2_learn_ws/install/action_pkg/share/action_pkg/cmake/action_pkg__rosidl_typesupport_cExport.cmake
-- Installing: /home/hafizulazwan/ros2_learn_ws/install/action_pkg/share/action_pkg/cmake/action_pkg__rosidl_typesupport_cExport-noconfig.cmake
-- Installing: /home/hafizulazwan/ros2_learn_ws/install/action_pkg/share/action_pkg/cmake/export_action_pkg__rosidl_generator_cppExport.cmake
-- Installing: /home/hafizulazwan/ros2_learn_ws/install/action_pkg/share/action_pkg/cmake/export_action_pkg__rosidl_typesupport_fastrtps_cppExport.cmake
-- Installing: /home/hafizulazwan/ros2_learn_ws/install/action_pkg/share/action_pkg/cmake/export_action_pkg__rosidl_typesupport_fastrtps_cppExport-noconfig.cmake
-- Installing: /home/hafizulazwan/ros2_learn_ws/install/action_pkg/share/action_pkg/cmake/action_pkg__rosidl_typesupport_introspection_cppExport.cmake
-- Installing: /home/hafizulazwan/ros2_learn_ws/install/action_pkg/share/action_pkg/cmake/action_pkg__rosidl_typesupport_introspection_cppExport-noconfig.cmake
-- Installing: /home/hafizulazwan/ros2_learn_ws/install/action_pkg/share/action_pkg/cmake/action_pkg__rosidl_typesupport_cppExport.cmake
-- Installing: /home/hafizulazwan/ros2_learn_ws/install/action_pkg/share/action_pkg/cmake/action_pkg__rosidl_typesupport_cppExport-noconfig.cmake
-- Installing: /home/hafizulazwan/ros2_learn_ws/install/action_pkg/share/action_pkg/cmake/export_action_pkg__rosidl_generator_pyExport.cmake
-- Installing: /home/hafizulazwan/ros2_learn_ws/install/action_pkg/share/action_pkg/cmake/export_action_pkg__rosidl_generator_pyExport-noconfig.cmake
-- Installing: /home/hafizulazwan/ros2_learn_ws/install/action_pkg/share/action_pkg/cmake/rosidl_cmake-extras.cmake
-- Installing: /home/hafizulazwan/ros2_learn_ws/install/action_pkg/share/action_pkg/cmake/ament_cmake_export_dependencies-extras.cmake
-- Installing: /home/hafizulazwan/ros2_learn_ws/install/action_pkg/share/action_pkg/cmake/ament_cmake_export_include_directories-extras.cmake
-- Installing: /home/hafizulazwan/ros2_learn_ws/install/action_pkg/share/action_pkg/cmake/ament_cmake_export_libraries-extras.cmake
-- Installing: /home/hafizulazwan/ros2_learn_ws/install/action_pkg/share/action_pkg/cmake/ament_cmake_export_targets-extras.cmake
-- Installing: /home/hafizulazwan/ros2_learn_ws/install/action_pkg/share/action_pkg/cmake/rosidl_cmake_export_typesupport_targets-extras.cmake
-- Installing: /home/hafizulazwan/ros2_learn_ws/install/action_pkg/share/action_pkg/cmake/rosidl_cmake_export_typesupport_libraries-extras.cmake
-- Installing: /home/hafizulazwan/ros2_learn_ws/install/action_pkg/share/action_pkg/cmake/action_pkgConfig.cmake
-- Installing: /home/hafizulazwan/ros2_learn_ws/install/action_pkg/share/action_pkg/cmake/action_pkgConfig-version.cmake
-- Installing: /home/hafizulazwan/ros2_learn_ws/install/action_pkg/share/action_pkg/package.xml
