[0.026s] Invoking command in '/home/hafizulazwan/ros2_learn_ws/build/action_pkg': CMAKE_PREFIX_PATH=${CMAKE_PREFIX_PATH}:/home/hafizulazwan/ros2_learn_ws/install/srvcli_py:/home/hafizulazwan/ros2_learn_ws/install/pubsub_py:/home/hafizulazwan/ros2_learn_ws/install/minimal_pkg:/opt/ros/humble /usr/bin/cmake /home/hafizulazwan/ros2_learn_ws/src/action_pkg -DCMAKE_INSTALL_PREFIX=/home/hafizulazwan/ros2_learn_ws/install/action_pkg
[0.347s] -- The C compiler identification is GNU 11.4.0
[0.347s] -- The CXX compiler identification is GNU 11.4.0
[0.347s] -- Detecting C compiler ABI info
[0.347s] -- Detecting C compiler ABI info - done
[0.347s] -- Check for working C compiler: /usr/bin/cc - skipped
[0.347s] -- Detecting C compile features
[0.348s] -- Detecting C compile features - done
[0.348s] -- Detecting CXX compiler ABI info
[0.366s] -- Detecting CXX compiler ABI info - done
[0.373s] -- Check for working CXX compiler: /usr/bin/c++ - skipped
[0.373s] -- Detecting CXX compile features
[0.374s] -- Detecting CXX compile features - done
[0.378s] -- Found ament_cmake: 1.3.11 (/opt/ros/humble/share/ament_cmake/cmake)
[0.532s] -- Found Python3: /usr/bin/python3 (found version "3.10.12") found components: Interpreter 
[0.642s] -- Found rosidl_default_generators: 1.2.0 (/opt/ros/humble/share/rosidl_default_generators/cmake)
[0.646s] -- Using all available rosidl_typesupport_c: rosidl_typesupport_fastrtps_c;rosidl_typesupport_introspection_c
[0.655s] -- Found rosidl_adapter: 3.1.6 (/opt/ros/humble/share/rosidl_adapter/cmake)
[0.708s] -- Using all available rosidl_typesupport_cpp: rosidl_typesupport_fastrtps_cpp;rosidl_typesupport_introspection_cpp
[0.771s] -- Found ament_lint_auto: 0.12.11 (/opt/ros/humble/share/ament_lint_auto/cmake)
[1.115s] -- Found ament_cmake_ros: 0.10.0 (/opt/ros/humble/share/ament_cmake_ros/cmake)
[1.330s] -- Using all available rosidl_typesupport_c: rosidl_typesupport_fastrtps_c;rosidl_typesupport_introspection_c
[1.573s] -- Using all available rosidl_typesupport_cpp: rosidl_typesupport_fastrtps_cpp;rosidl_typesupport_introspection_cpp
[1.597s] -- Found PythonInterp: /usr/bin/python3 (found suitable version "3.10.12", minimum required is "3.6") 
[1.599s] -- Found python_cmake_module: 0.10.0 (/opt/ros/humble/share/python_cmake_module/cmake)
[1.627s] -- Found PythonLibs: /usr/lib/x86_64-linux-gnu/libpython3.10.so (found suitable version "3.10.12", minimum required is "3.5") 
[1.628s] -- Using PYTHON_EXECUTABLE: /usr/bin/python3
[1.628s] -- Using PYTHON_INCLUDE_DIRS: /usr/include/python3.10
[1.628s] -- Using PYTHON_LIBRARIES: /usr/lib/x86_64-linux-gnu/libpython3.10.so
[1.648s] -- Found PythonExtra: .so  
[1.689s] -- Added test 'lint_cmake' to check CMake code style
[1.691s] -- Added test 'xmllint' to check XML markup files
[1.699s] -- Configuring done
[1.738s] -- Generating done
[1.750s] -- Build files have been written to: /home/hafizulazwan/ros2_learn_ws/build/action_pkg
[1.757s] Invoked command in '/home/hafizulazwan/ros2_learn_ws/build/action_pkg' returned '0': CMAKE_PREFIX_PATH=${CMAKE_PREFIX_PATH}:/home/hafizulazwan/ros2_learn_ws/install/srvcli_py:/home/hafizulazwan/ros2_learn_ws/install/pubsub_py:/home/hafizulazwan/ros2_learn_ws/install/minimal_pkg:/opt/ros/humble /usr/bin/cmake /home/hafizulazwan/ros2_learn_ws/src/action_pkg -DCMAKE_INSTALL_PREFIX=/home/hafizulazwan/ros2_learn_ws/install/action_pkg
[1.758s] Invoking command in '/home/hafizulazwan/ros2_learn_ws/build/action_pkg': CMAKE_PREFIX_PATH=${CMAKE_PREFIX_PATH}:/home/hafizulazwan/ros2_learn_ws/install/srvcli_py:/home/hafizulazwan/ros2_learn_ws/install/pubsub_py:/home/hafizulazwan/ros2_learn_ws/install/minimal_pkg:/opt/ros/humble /usr/bin/cmake --build /home/hafizulazwan/ros2_learn_ws/build/action_pkg -- -j8 -l8
[1.791s] [  3%] [34m[1mGenerating C code for ROS interfaces[0m
[1.798s] [  6%] [34m[1mGenerating C++ code for ROS interfaces[0m
[1.807s] [  6%] Built target ament_cmake_python_copy_action_pkg
[2.054s] running egg_info
[2.055s] creating action_pkg.egg-info
[2.055s] writing action_pkg.egg-info/PKG-INFO
[2.055s] writing dependency_links to action_pkg.egg-info/dependency_links.txt
[2.055s] writing top-level names to action_pkg.egg-info/top_level.txt
[2.055s] writing manifest file 'action_pkg.egg-info/SOURCES.txt'
[2.057s] reading manifest file 'action_pkg.egg-info/SOURCES.txt'
[2.058s] writing manifest file 'action_pkg.egg-info/SOURCES.txt'
[2.082s] [  6%] Built target ament_cmake_python_build_action_pkg_egg
[2.240s] [  6%] Built target action_pkg__cpp
[2.241s] [  9%] [32mBuilding C object CMakeFiles/action_pkg__rosidl_generator_c.dir/rosidl_generator_c/action_pkg/action/detail/linear_control__functions.c.o[0m
[2.248s] [ 19%] [34m[1mGenerating C++ type support for eProsima Fast-RTPS[0m
[2.248s] [ 19%] [34m[1mGenerating C++ type support dispatch for ROS interfaces[0m
[2.249s] [ 19%] [34m[1mGenerating C++ introspection for ROS interfaces[0m
[2.426s] [ 22%] [32m[1mLinking C shared library libaction_pkg__rosidl_generator_c.so[0m
[2.459s] [ 22%] Built target action_pkg__rosidl_generator_c
[2.467s] [ 25%] [34m[1mGenerating C type support for eProsima Fast-RTPS[0m
[2.470s] [ 32%] [34m[1mGenerating C introspection for ROS interfaces[0m
[2.470s] [ 32%] [34m[1mGenerating C type support dispatch for ROS interfaces[0m
[2.530s] [ 35%] [32mBuilding CXX object CMakeFiles/action_pkg__rosidl_typesupport_cpp.dir/rosidl_typesupport_cpp/action_pkg/action/linear_control__type_support.cpp.o[0m
[2.634s] [ 38%] [32mBuilding CXX object CMakeFiles/action_pkg__rosidl_typesupport_fastrtps_cpp.dir/rosidl_typesupport_fastrtps_cpp/action_pkg/action/detail/dds_fastrtps/linear_control__type_support.cpp.o[0m
[2.739s] [ 41%] [32mBuilding CXX object CMakeFiles/action_pkg__rosidl_typesupport_introspection_cpp.dir/rosidl_typesupport_introspection_cpp/action_pkg/action/detail/linear_control__type_support.cpp.o[0m
[2.946s] [ 45%] [32mBuilding CXX object CMakeFiles/action_pkg__rosidl_typesupport_c.dir/rosidl_typesupport_c/action_pkg/action/linear_control__type_support.cpp.o[0m
[3.019s] [ 48%] [32m[1mLinking CXX shared library libaction_pkg__rosidl_typesupport_c.so[0m
[3.062s] [ 51%] [32mBuilding CXX object CMakeFiles/action_pkg__rosidl_typesupport_fastrtps_c.dir/rosidl_typesupport_fastrtps_c/action_pkg/action/detail/linear_control__type_support_c.cpp.o[0m
[3.071s] [ 54%] [32mBuilding C object CMakeFiles/action_pkg__rosidl_typesupport_introspection_c.dir/rosidl_typesupport_introspection_c/action_pkg/action/detail/linear_control__type_support.c.o[0m
[3.081s] [ 54%] Built target action_pkg__rosidl_typesupport_c
[3.106s] [ 58%] [32m[1mLinking CXX shared library libaction_pkg__rosidl_typesupport_cpp.so[0m
[3.128s] [ 61%] [32m[1mLinking C shared library libaction_pkg__rosidl_typesupport_introspection_c.so[0m
[3.154s] [ 61%] Built target action_pkg__rosidl_typesupport_cpp
[3.156s] [ 61%] Built target action_pkg__rosidl_typesupport_introspection_c
[3.278s] [ 64%] [32m[1mLinking CXX shared library libaction_pkg__rosidl_typesupport_fastrtps_cpp.so[0m
[3.356s] [ 64%] Built target action_pkg__rosidl_typesupport_fastrtps_cpp
[3.432s] [ 67%] [32m[1mLinking CXX shared library libaction_pkg__rosidl_typesupport_introspection_cpp.so[0m
[3.457s] [ 70%] [32m[1mLinking CXX shared library libaction_pkg__rosidl_typesupport_fastrtps_c.so[0m
[3.499s] [ 70%] Built target action_pkg__rosidl_typesupport_introspection_cpp
[3.530s] [ 70%] Built target action_pkg__rosidl_typesupport_fastrtps_c
[3.547s] [ 70%] Built target action_pkg
[3.564s] [ 74%] [34m[1mGenerating Python code for ROS interfaces[0m
[4.215s] [ 74%] Built target action_pkg__py
[4.232s] [ 77%] [32mBuilding C object CMakeFiles/action_pkg__rosidl_generator_py.dir/rosidl_generator_py/action_pkg/action/_linear_control_s.c.o[0m
[4.364s] [ 80%] [32m[1mLinking C shared library rosidl_generator_py/action_pkg/libaction_pkg__rosidl_generator_py.so[0m
[4.403s] [ 80%] Built target action_pkg__rosidl_generator_py
[4.422s] [ 83%] [32mBuilding C object CMakeFiles/action_pkg__rosidl_typesupport_introspection_c__pyext.dir/rosidl_generator_py/action_pkg/_action_pkg_s.ep.rosidl_typesupport_introspection_c.c.o[0m
[4.424s] [ 90%] [32mBuilding C object CMakeFiles/action_pkg__rosidl_typesupport_fastrtps_c__pyext.dir/rosidl_generator_py/action_pkg/_action_pkg_s.ep.rosidl_typesupport_fastrtps_c.c.o[0m
[4.424s] [ 90%] [32mBuilding C object CMakeFiles/action_pkg__rosidl_typesupport_c__pyext.dir/rosidl_generator_py/action_pkg/_action_pkg_s.ep.rosidl_typesupport_c.c.o[0m
[4.526s] [100%] [32m[1mLinking C shared library rosidl_generator_py/action_pkg/action_pkg_s__rosidl_typesupport_c.cpython-310-x86_64-linux-gnu.so[0m
[4.527s] [100%] [32m[1mLinking C shared library rosidl_generator_py/action_pkg/action_pkg_s__rosidl_typesupport_fastrtps_c.cpython-310-x86_64-linux-gnu.so[0m
[4.527s] [100%] [32m[1mLinking C shared library rosidl_generator_py/action_pkg/action_pkg_s__rosidl_typesupport_introspection_c.cpython-310-x86_64-linux-gnu.so[0m
[4.561s] [100%] Built target action_pkg__rosidl_typesupport_c__pyext
[4.562s] [100%] Built target action_pkg__rosidl_typesupport_fastrtps_c__pyext
[4.562s] [100%] Built target action_pkg__rosidl_typesupport_introspection_c__pyext
[4.572s] Invoked command in '/home/hafizulazwan/ros2_learn_ws/build/action_pkg' returned '0': CMAKE_PREFIX_PATH=${CMAKE_PREFIX_PATH}:/home/hafizulazwan/ros2_learn_ws/install/srvcli_py:/home/hafizulazwan/ros2_learn_ws/install/pubsub_py:/home/hafizulazwan/ros2_learn_ws/install/minimal_pkg:/opt/ros/humble /usr/bin/cmake --build /home/hafizulazwan/ros2_learn_ws/build/action_pkg -- -j8 -l8
[4.573s] Invoking command in '/home/hafizulazwan/ros2_learn_ws/build/action_pkg': CMAKE_PREFIX_PATH=${CMAKE_PREFIX_PATH}:/home/hafizulazwan/ros2_learn_ws/install/srvcli_py:/home/hafizulazwan/ros2_learn_ws/install/pubsub_py:/home/hafizulazwan/ros2_learn_ws/install/minimal_pkg:/opt/ros/humble /usr/bin/cmake --install /home/hafizulazwan/ros2_learn_ws/build/action_pkg
[4.580s] -- Install configuration: ""
[4.580s] -- Installing: /home/hafizulazwan/ros2_learn_ws/install/action_pkg/share/ament_index/resource_index/rosidl_interfaces/action_pkg
[4.580s] -- Installing: /home/hafizulazwan/ros2_learn_ws/install/action_pkg/include/action_pkg/action_pkg
[4.580s] -- Installing: /home/hafizulazwan/ros2_learn_ws/install/action_pkg/include/action_pkg/action_pkg/msg
[4.580s] -- Installing: /home/hafizulazwan/ros2_learn_ws/install/action_pkg/include/action_pkg/action_pkg/msg/rosidl_generator_c__visibility_control.h
[4.580s] -- Installing: /home/hafizulazwan/ros2_learn_ws/install/action_pkg/include/action_pkg/action_pkg/action
[4.580s] -- Installing: /home/hafizulazwan/ros2_learn_ws/install/action_pkg/include/action_pkg/action_pkg/action/linear_control.h
[4.580s] -- Installing: /home/hafizulazwan/ros2_learn_ws/install/action_pkg/include/action_pkg/action_pkg/action/detail
[4.580s] -- Installing: /home/hafizulazwan/ros2_learn_ws/install/action_pkg/include/action_pkg/action_pkg/action/detail/linear_control__functions.h
[4.580s] -- Installing: /home/hafizulazwan/ros2_learn_ws/install/action_pkg/include/action_pkg/action_pkg/action/detail/linear_control__functions.c
[4.580s] -- Installing: /home/hafizulazwan/ros2_learn_ws/install/action_pkg/include/action_pkg/action_pkg/action/detail/linear_control__struct.h
[4.580s] -- Installing: /home/hafizulazwan/ros2_learn_ws/install/action_pkg/include/action_pkg/action_pkg/action/detail/linear_control__type_support.h
[4.581s] -- Installing: /home/hafizulazwan/ros2_learn_ws/install/action_pkg/share/action_pkg/environment/library_path.sh
[4.581s] -- Installing: /home/hafizulazwan/ros2_learn_ws/install/action_pkg/share/action_pkg/environment/library_path.dsv
[4.581s] -- Installing: /home/hafizulazwan/ros2_learn_ws/install/action_pkg/lib/libaction_pkg__rosidl_generator_c.so
[4.581s] -- Set runtime path of "/home/hafizulazwan/ros2_learn_ws/install/action_pkg/lib/libaction_pkg__rosidl_generator_c.so" to ""
[4.581s] -- Up-to-date: /home/hafizulazwan/ros2_learn_ws/install/action_pkg/include/action_pkg/action_pkg
[4.581s] -- Up-to-date: /home/hafizulazwan/ros2_learn_ws/install/action_pkg/include/action_pkg/action_pkg/msg
[4.581s] -- Installing: /home/hafizulazwan/ros2_learn_ws/install/action_pkg/include/action_pkg/action_pkg/msg/rosidl_typesupport_fastrtps_c__visibility_control.h
[4.581s] -- Up-to-date: /home/hafizulazwan/ros2_learn_ws/install/action_pkg/include/action_pkg/action_pkg/action
[4.581s] -- Up-to-date: /home/hafizulazwan/ros2_learn_ws/install/action_pkg/include/action_pkg/action_pkg/action/detail
[4.581s] -- Installing: /home/hafizulazwan/ros2_learn_ws/install/action_pkg/include/action_pkg/action_pkg/action/detail/linear_control__rosidl_typesupport_fastrtps_c.h
[4.582s] -- Installing: /home/hafizulazwan/ros2_learn_ws/install/action_pkg/lib/libaction_pkg__rosidl_typesupport_fastrtps_c.so
[4.582s] -- Set runtime path of "/home/hafizulazwan/ros2_learn_ws/install/action_pkg/lib/libaction_pkg__rosidl_typesupport_fastrtps_c.so" to ""
[4.582s] -- Up-to-date: /home/hafizulazwan/ros2_learn_ws/install/action_pkg/include/action_pkg/action_pkg
[4.582s] -- Up-to-date: /home/hafizulazwan/ros2_learn_ws/install/action_pkg/include/action_pkg/action_pkg/msg
[4.582s] -- Installing: /home/hafizulazwan/ros2_learn_ws/install/action_pkg/include/action_pkg/action_pkg/msg/rosidl_typesupport_introspection_c__visibility_control.h
[4.582s] -- Up-to-date: /home/hafizulazwan/ros2_learn_ws/install/action_pkg/include/action_pkg/action_pkg/action
[4.582s] -- Up-to-date: /home/hafizulazwan/ros2_learn_ws/install/action_pkg/include/action_pkg/action_pkg/action/detail
[4.582s] -- Installing: /home/hafizulazwan/ros2_learn_ws/install/action_pkg/include/action_pkg/action_pkg/action/detail/linear_control__type_support.c
[4.582s] -- Installing: /home/hafizulazwan/ros2_learn_ws/install/action_pkg/include/action_pkg/action_pkg/action/detail/linear_control__rosidl_typesupport_introspection_c.h
[4.582s] -- Installing: /home/hafizulazwan/ros2_learn_ws/install/action_pkg/lib/libaction_pkg__rosidl_typesupport_introspection_c.so
[4.582s] -- Set runtime path of "/home/hafizulazwan/ros2_learn_ws/install/action_pkg/lib/libaction_pkg__rosidl_typesupport_introspection_c.so" to ""
[4.582s] -- Installing: /home/hafizulazwan/ros2_learn_ws/install/action_pkg/lib/libaction_pkg__rosidl_typesupport_c.so
[4.582s] -- Set runtime path of "/home/hafizulazwan/ros2_learn_ws/install/action_pkg/lib/libaction_pkg__rosidl_typesupport_c.so" to ""
[4.583s] -- Up-to-date: /home/hafizulazwan/ros2_learn_ws/install/action_pkg/include/action_pkg/action_pkg
[4.583s] -- Up-to-date: /home/hafizulazwan/ros2_learn_ws/install/action_pkg/include/action_pkg/action_pkg/msg
[4.583s] -- Installing: /home/hafizulazwan/ros2_learn_ws/install/action_pkg/include/action_pkg/action_pkg/msg/rosidl_generator_cpp__visibility_control.hpp
[4.583s] -- Up-to-date: /home/hafizulazwan/ros2_learn_ws/install/action_pkg/include/action_pkg/action_pkg/action
[4.583s] -- Installing: /home/hafizulazwan/ros2_learn_ws/install/action_pkg/include/action_pkg/action_pkg/action/linear_control.hpp
[4.583s] -- Up-to-date: /home/hafizulazwan/ros2_learn_ws/install/action_pkg/include/action_pkg/action_pkg/action/detail
[4.583s] -- Installing: /home/hafizulazwan/ros2_learn_ws/install/action_pkg/include/action_pkg/action_pkg/action/detail/linear_control__builder.hpp
[4.583s] -- Installing: /home/hafizulazwan/ros2_learn_ws/install/action_pkg/include/action_pkg/action_pkg/action/detail/linear_control__type_support.hpp
[4.583s] -- Installing: /home/hafizulazwan/ros2_learn_ws/install/action_pkg/include/action_pkg/action_pkg/action/detail/linear_control__traits.hpp
[4.583s] -- Installing: /home/hafizulazwan/ros2_learn_ws/install/action_pkg/include/action_pkg/action_pkg/action/detail/linear_control__struct.hpp
[4.583s] -- Up-to-date: /home/hafizulazwan/ros2_learn_ws/install/action_pkg/include/action_pkg/action_pkg
[4.583s] -- Up-to-date: /home/hafizulazwan/ros2_learn_ws/install/action_pkg/include/action_pkg/action_pkg/msg
[4.583s] -- Installing: /home/hafizulazwan/ros2_learn_ws/install/action_pkg/include/action_pkg/action_pkg/msg/rosidl_typesupport_fastrtps_cpp__visibility_control.h
[4.583s] -- Up-to-date: /home/hafizulazwan/ros2_learn_ws/install/action_pkg/include/action_pkg/action_pkg/action
[4.583s] -- Up-to-date: /home/hafizulazwan/ros2_learn_ws/install/action_pkg/include/action_pkg/action_pkg/action/detail
[4.584s] -- Installing: /home/hafizulazwan/ros2_learn_ws/install/action_pkg/include/action_pkg/action_pkg/action/detail/linear_control__rosidl_typesupport_fastrtps_cpp.hpp
[4.584s] -- Installing: /home/hafizulazwan/ros2_learn_ws/install/action_pkg/include/action_pkg/action_pkg/action/detail/dds_fastrtps
[4.584s] -- Installing: /home/hafizulazwan/ros2_learn_ws/install/action_pkg/lib/libaction_pkg__rosidl_typesupport_fastrtps_cpp.so
[4.584s] -- Set runtime path of "/home/hafizulazwan/ros2_learn_ws/install/action_pkg/lib/libaction_pkg__rosidl_typesupport_fastrtps_cpp.so" to ""
[4.584s] -- Up-to-date: /home/hafizulazwan/ros2_learn_ws/install/action_pkg/include/action_pkg/action_pkg
[4.584s] -- Up-to-date: /home/hafizulazwan/ros2_learn_ws/install/action_pkg/include/action_pkg/action_pkg/action
[4.584s] -- Up-to-date: /home/hafizulazwan/ros2_learn_ws/install/action_pkg/include/action_pkg/action_pkg/action/detail
[4.584s] -- Installing: /home/hafizulazwan/ros2_learn_ws/install/action_pkg/include/action_pkg/action_pkg/action/detail/linear_control__type_support.cpp
[4.584s] -- Installing: /home/hafizulazwan/ros2_learn_ws/install/action_pkg/include/action_pkg/action_pkg/action/detail/linear_control__rosidl_typesupport_introspection_cpp.hpp
[4.584s] -- Installing: /home/hafizulazwan/ros2_learn_ws/install/action_pkg/lib/libaction_pkg__rosidl_typesupport_introspection_cpp.so
[4.584s] -- Set runtime path of "/home/hafizulazwan/ros2_learn_ws/install/action_pkg/lib/libaction_pkg__rosidl_typesupport_introspection_cpp.so" to ""
[4.584s] -- Installing: /home/hafizulazwan/ros2_learn_ws/install/action_pkg/lib/libaction_pkg__rosidl_typesupport_cpp.so
[4.585s] -- Set runtime path of "/home/hafizulazwan/ros2_learn_ws/install/action_pkg/lib/libaction_pkg__rosidl_typesupport_cpp.so" to ""
[4.585s] -- Installing: /home/hafizulazwan/ros2_learn_ws/install/action_pkg/share/action_pkg/environment/pythonpath.sh
[4.585s] -- Installing: /home/hafizulazwan/ros2_learn_ws/install/action_pkg/share/action_pkg/environment/pythonpath.dsv
[4.585s] -- Installing: /home/hafizulazwan/ros2_learn_ws/install/action_pkg/local/lib/python3.10/dist-packages/action_pkg-0.0.0-py3.10.egg-info
[4.585s] -- Installing: /home/hafizulazwan/ros2_learn_ws/install/action_pkg/local/lib/python3.10/dist-packages/action_pkg-0.0.0-py3.10.egg-info/top_level.txt
[4.585s] -- Installing: /home/hafizulazwan/ros2_learn_ws/install/action_pkg/local/lib/python3.10/dist-packages/action_pkg-0.0.0-py3.10.egg-info/SOURCES.txt
[4.585s] -- Installing: /home/hafizulazwan/ros2_learn_ws/install/action_pkg/local/lib/python3.10/dist-packages/action_pkg-0.0.0-py3.10.egg-info/dependency_links.txt
[4.585s] -- Installing: /home/hafizulazwan/ros2_learn_ws/install/action_pkg/local/lib/python3.10/dist-packages/action_pkg-0.0.0-py3.10.egg-info/PKG-INFO
[4.585s] -- Installing: /home/hafizulazwan/ros2_learn_ws/install/action_pkg/local/lib/python3.10/dist-packages/action_pkg
[4.585s] -- Installing: /home/hafizulazwan/ros2_learn_ws/install/action_pkg/local/lib/python3.10/dist-packages/action_pkg/action_pkg_s__rosidl_typesupport_fastrtps_c.cpython-310-x86_64-linux-gnu.so
[4.585s] -- Installing: /home/hafizulazwan/ros2_learn_ws/install/action_pkg/local/lib/python3.10/dist-packages/action_pkg/action_pkg_s__rosidl_typesupport_introspection_c.cpython-310-x86_64-linux-gnu.so
[4.585s] -- Installing: /home/hafizulazwan/ros2_learn_ws/install/action_pkg/local/lib/python3.10/dist-packages/action_pkg/__init__.py
[4.585s] -- Installing: /home/hafizulazwan/ros2_learn_ws/install/action_pkg/local/lib/python3.10/dist-packages/action_pkg/_action_pkg_s.ep.rosidl_typesupport_c.c
[4.585s] -- Installing: /home/hafizulazwan/ros2_learn_ws/install/action_pkg/local/lib/python3.10/dist-packages/action_pkg/libaction_pkg__rosidl_generator_py.so
[4.586s] -- Installing: /home/hafizulazwan/ros2_learn_ws/install/action_pkg/local/lib/python3.10/dist-packages/action_pkg/action_pkg_s__rosidl_typesupport_c.cpython-310-x86_64-linux-gnu.so
[4.586s] -- Installing: /home/hafizulazwan/ros2_learn_ws/install/action_pkg/local/lib/python3.10/dist-packages/action_pkg/_action_pkg_s.ep.rosidl_typesupport_fastrtps_c.c
[4.586s] -- Installing: /home/hafizulazwan/ros2_learn_ws/install/action_pkg/local/lib/python3.10/dist-packages/action_pkg/action
[4.586s] -- Installing: /home/hafizulazwan/ros2_learn_ws/install/action_pkg/local/lib/python3.10/dist-packages/action_pkg/action/__init__.py
[4.586s] -- Installing: /home/hafizulazwan/ros2_learn_ws/install/action_pkg/local/lib/python3.10/dist-packages/action_pkg/action/_linear_control_s.c
[4.586s] -- Installing: /home/hafizulazwan/ros2_learn_ws/install/action_pkg/local/lib/python3.10/dist-packages/action_pkg/action/_linear_control.py
[4.586s] -- Installing: /home/hafizulazwan/ros2_learn_ws/install/action_pkg/local/lib/python3.10/dist-packages/action_pkg/_action_pkg_s.ep.rosidl_typesupport_introspection_c.c
[4.626s] Listing '/home/hafizulazwan/ros2_learn_ws/install/action_pkg/local/lib/python3.10/dist-packages/action_pkg'...
[4.626s] Compiling '/home/hafizulazwan/ros2_learn_ws/install/action_pkg/local/lib/python3.10/dist-packages/action_pkg/__init__.py'...
[4.626s] Listing '/home/hafizulazwan/ros2_learn_ws/install/action_pkg/local/lib/python3.10/dist-packages/action_pkg/action'...
[4.626s] Compiling '/home/hafizulazwan/ros2_learn_ws/install/action_pkg/local/lib/python3.10/dist-packages/action_pkg/action/__init__.py'...
[4.626s] Compiling '/home/hafizulazwan/ros2_learn_ws/install/action_pkg/local/lib/python3.10/dist-packages/action_pkg/action/_linear_control.py'...
[4.631s] -- Installing: /home/hafizulazwan/ros2_learn_ws/install/action_pkg/local/lib/python3.10/dist-packages/action_pkg/action_pkg_s__rosidl_typesupport_fastrtps_c.cpython-310-x86_64-linux-gnu.so
[4.631s] -- Set runtime path of "/home/hafizulazwan/ros2_learn_ws/install/action_pkg/local/lib/python3.10/dist-packages/action_pkg/action_pkg_s__rosidl_typesupport_fastrtps_c.cpython-310-x86_64-linux-gnu.so" to ""
[4.631s] -- Installing: /home/hafizulazwan/ros2_learn_ws/install/action_pkg/local/lib/python3.10/dist-packages/action_pkg/action_pkg_s__rosidl_typesupport_introspection_c.cpython-310-x86_64-linux-gnu.so
[4.631s] -- Set runtime path of "/home/hafizulazwan/ros2_learn_ws/install/action_pkg/local/lib/python3.10/dist-packages/action_pkg/action_pkg_s__rosidl_typesupport_introspection_c.cpython-310-x86_64-linux-gnu.so" to ""
[4.631s] -- Installing: /home/hafizulazwan/ros2_learn_ws/install/action_pkg/local/lib/python3.10/dist-packages/action_pkg/action_pkg_s__rosidl_typesupport_c.cpython-310-x86_64-linux-gnu.so
[4.632s] -- Set runtime path of "/home/hafizulazwan/ros2_learn_ws/install/action_pkg/local/lib/python3.10/dist-packages/action_pkg/action_pkg_s__rosidl_typesupport_c.cpython-310-x86_64-linux-gnu.so" to ""
[4.632s] -- Installing: /home/hafizulazwan/ros2_learn_ws/install/action_pkg/lib/libaction_pkg__rosidl_generator_py.so
[4.632s] -- Set runtime path of "/home/hafizulazwan/ros2_learn_ws/install/action_pkg/lib/libaction_pkg__rosidl_generator_py.so" to ""
[4.632s] -- Installing: /home/hafizulazwan/ros2_learn_ws/install/action_pkg/share/action_pkg/action/LinearControl.idl
[4.632s] -- Installing: /home/hafizulazwan/ros2_learn_ws/install/action_pkg/share/action_pkg/action/LinearControl.action
[4.632s] -- Installing: /home/hafizulazwan/ros2_learn_ws/install/action_pkg/share/ament_index/resource_index/package_run_dependencies/action_pkg
[4.632s] -- Installing: /home/hafizulazwan/ros2_learn_ws/install/action_pkg/share/ament_index/resource_index/parent_prefix_path/action_pkg
[4.632s] -- Installing: /home/hafizulazwan/ros2_learn_ws/install/action_pkg/share/action_pkg/environment/ament_prefix_path.sh
[4.632s] -- Installing: /home/hafizulazwan/ros2_learn_ws/install/action_pkg/share/action_pkg/environment/ament_prefix_path.dsv
[4.633s] -- Installing: /home/hafizulazwan/ros2_learn_ws/install/action_pkg/share/action_pkg/environment/path.sh
[4.633s] -- Installing: /home/hafizulazwan/ros2_learn_ws/install/action_pkg/share/action_pkg/environment/path.dsv
[4.633s] -- Installing: /home/hafizulazwan/ros2_learn_ws/install/action_pkg/share/action_pkg/local_setup.bash
[4.633s] -- Installing: /home/hafizulazwan/ros2_learn_ws/install/action_pkg/share/action_pkg/local_setup.sh
[4.633s] -- Installing: /home/hafizulazwan/ros2_learn_ws/install/action_pkg/share/action_pkg/local_setup.zsh
[4.633s] -- Installing: /home/hafizulazwan/ros2_learn_ws/install/action_pkg/share/action_pkg/local_setup.dsv
[4.633s] -- Installing: /home/hafizulazwan/ros2_learn_ws/install/action_pkg/share/action_pkg/package.dsv
[4.633s] -- Installing: /home/hafizulazwan/ros2_learn_ws/install/action_pkg/share/ament_index/resource_index/packages/action_pkg
[4.633s] -- Installing: /home/hafizulazwan/ros2_learn_ws/install/action_pkg/share/action_pkg/cmake/export_action_pkg__rosidl_generator_cExport.cmake
[4.633s] -- Installing: /home/hafizulazwan/ros2_learn_ws/install/action_pkg/share/action_pkg/cmake/export_action_pkg__rosidl_generator_cExport-noconfig.cmake
[4.633s] -- Installing: /home/hafizulazwan/ros2_learn_ws/install/action_pkg/share/action_pkg/cmake/export_action_pkg__rosidl_typesupport_fastrtps_cExport.cmake
[4.634s] -- Installing: /home/hafizulazwan/ros2_learn_ws/install/action_pkg/share/action_pkg/cmake/export_action_pkg__rosidl_typesupport_fastrtps_cExport-noconfig.cmake
[4.634s] -- Installing: /home/hafizulazwan/ros2_learn_ws/install/action_pkg/share/action_pkg/cmake/action_pkg__rosidl_typesupport_introspection_cExport.cmake
[4.634s] -- Installing: /home/hafizulazwan/ros2_learn_ws/install/action_pkg/share/action_pkg/cmake/action_pkg__rosidl_typesupport_introspection_cExport-noconfig.cmake
[4.634s] -- Installing: /home/hafizulazwan/ros2_learn_ws/install/action_pkg/share/action_pkg/cmake/action_pkg__rosidl_typesupport_cExport.cmake
[4.634s] -- Installing: /home/hafizulazwan/ros2_learn_ws/install/action_pkg/share/action_pkg/cmake/action_pkg__rosidl_typesupport_cExport-noconfig.cmake
[4.634s] -- Installing: /home/hafizulazwan/ros2_learn_ws/install/action_pkg/share/action_pkg/cmake/export_action_pkg__rosidl_generator_cppExport.cmake
[4.634s] -- Installing: /home/hafizulazwan/ros2_learn_ws/install/action_pkg/share/action_pkg/cmake/export_action_pkg__rosidl_typesupport_fastrtps_cppExport.cmake
[4.634s] -- Installing: /home/hafizulazwan/ros2_learn_ws/install/action_pkg/share/action_pkg/cmake/export_action_pkg__rosidl_typesupport_fastrtps_cppExport-noconfig.cmake
[4.634s] -- Installing: /home/hafizulazwan/ros2_learn_ws/install/action_pkg/share/action_pkg/cmake/action_pkg__rosidl_typesupport_introspection_cppExport.cmake
[4.634s] -- Installing: /home/hafizulazwan/ros2_learn_ws/install/action_pkg/share/action_pkg/cmake/action_pkg__rosidl_typesupport_introspection_cppExport-noconfig.cmake
[4.634s] -- Installing: /home/hafizulazwan/ros2_learn_ws/install/action_pkg/share/action_pkg/cmake/action_pkg__rosidl_typesupport_cppExport.cmake
[4.634s] -- Installing: /home/hafizulazwan/ros2_learn_ws/install/action_pkg/share/action_pkg/cmake/action_pkg__rosidl_typesupport_cppExport-noconfig.cmake
[4.635s] -- Installing: /home/hafizulazwan/ros2_learn_ws/install/action_pkg/share/action_pkg/cmake/export_action_pkg__rosidl_generator_pyExport.cmake
[4.635s] -- Installing: /home/hafizulazwan/ros2_learn_ws/install/action_pkg/share/action_pkg/cmake/export_action_pkg__rosidl_generator_pyExport-noconfig.cmake
[4.635s] -- Installing: /home/hafizulazwan/ros2_learn_ws/install/action_pkg/share/action_pkg/cmake/rosidl_cmake-extras.cmake
[4.635s] -- Installing: /home/hafizulazwan/ros2_learn_ws/install/action_pkg/share/action_pkg/cmake/ament_cmake_export_dependencies-extras.cmake
[4.635s] -- Installing: /home/hafizulazwan/ros2_learn_ws/install/action_pkg/share/action_pkg/cmake/ament_cmake_export_include_directories-extras.cmake
[4.635s] -- Installing: /home/hafizulazwan/ros2_learn_ws/install/action_pkg/share/action_pkg/cmake/ament_cmake_export_libraries-extras.cmake
[4.635s] -- Installing: /home/hafizulazwan/ros2_learn_ws/install/action_pkg/share/action_pkg/cmake/ament_cmake_export_targets-extras.cmake
[4.635s] -- Installing: /home/hafizulazwan/ros2_learn_ws/install/action_pkg/share/action_pkg/cmake/rosidl_cmake_export_typesupport_targets-extras.cmake
[4.635s] -- Installing: /home/hafizulazwan/ros2_learn_ws/install/action_pkg/share/action_pkg/cmake/rosidl_cmake_export_typesupport_libraries-extras.cmake
[4.635s] -- Installing: /home/hafizulazwan/ros2_learn_ws/install/action_pkg/share/action_pkg/cmake/action_pkgConfig.cmake
[4.636s] -- Installing: /home/hafizulazwan/ros2_learn_ws/install/action_pkg/share/action_pkg/cmake/action_pkgConfig-version.cmake
[4.636s] -- Installing: /home/hafizulazwan/ros2_learn_ws/install/action_pkg/share/action_pkg/package.xml
[4.638s] Invoked command in '/home/hafizulazwan/ros2_learn_ws/build/action_pkg' returned '0': CMAKE_PREFIX_PATH=${CMAKE_PREFIX_PATH}:/home/hafizulazwan/ros2_learn_ws/install/srvcli_py:/home/hafizulazwan/ros2_learn_ws/install/pubsub_py:/home/hafizulazwan/ros2_learn_ws/install/minimal_pkg:/opt/ros/humble /usr/bin/cmake --install /home/hafizulazwan/ros2_learn_ws/build/action_pkg
