[0.528s] Invoking command in '/home/user/ros2_ws/src/srvcli_py': PYTHONPATH=/home/user/ros2_ws/build/srvcli_py/prefix_override:/usr/lib/python3/dist-packages/colcon_core/task/python/colcon_distutils_commands:/home/user/ros2_ws/install/srvcli_py/lib/python3.10/site-packages:${PYTHONPATH} /usr/bin/python3 -W ignore:setup.py install is deprecated -W ignore:easy_install command is deprecated setup.py egg_info --egg-base ../../build/srvcli_py build --build-base /home/user/ros2_ws/build/srvcli_py/build install --record /home/user/ros2_ws/build/srvcli_py/install.log --single-version-externally-managed install_data
[0.670s] running egg_info
[0.671s] writing ../../build/srvcli_py/srvcli_py.egg-info/PKG-INFO
[0.671s] writing dependency_links to ../../build/srvcli_py/srvcli_py.egg-info/dependency_links.txt
[0.671s] writing entry points to ../../build/srvcli_py/srvcli_py.egg-info/entry_points.txt
[0.671s] writing requirements to ../../build/srvcli_py/srvcli_py.egg-info/requires.txt
[0.672s] writing top-level names to ../../build/srvcli_py/srvcli_py.egg-info/top_level.txt
[0.672s] reading manifest file '../../build/srvcli_py/srvcli_py.egg-info/SOURCES.txt'
[0.672s] writing manifest file '../../build/srvcli_py/srvcli_py.egg-info/SOURCES.txt'
[0.672s] running build
[0.672s] running build_py
[0.673s] running install
[0.673s] running install_lib
[0.673s] running install_data
[0.674s] running install_egg_info
[0.675s] removing '/home/user/ros2_ws/install/srvcli_py/lib/python3.10/site-packages/srvcli_py-0.0.0-py3.10.egg-info' (and everything under it)
[0.675s] Copying ../../build/srvcli_py/srvcli_py.egg-info to /home/user/ros2_ws/install/srvcli_py/lib/python3.10/site-packages/srvcli_py-0.0.0-py3.10.egg-info
[0.675s] running install_scripts
[0.687s] Installing joint_conversion_client script to /home/user/ros2_ws/install/srvcli_py/lib/srvcli_py
[0.687s] Installing joint_conversion_server script to /home/user/ros2_ws/install/srvcli_py/lib/srvcli_py
[0.687s] writing list of installed files to '/home/user/ros2_ws/build/srvcli_py/install.log'
[0.706s] Invoked command in '/home/user/ros2_ws/src/srvcli_py' returned '0': PYTHONPATH=/home/user/ros2_ws/build/srvcli_py/prefix_override:/usr/lib/python3/dist-packages/colcon_core/task/python/colcon_distutils_commands:/home/user/ros2_ws/install/srvcli_py/lib/python3.10/site-packages:${PYTHONPATH} /usr/bin/python3 -W ignore:setup.py install is deprecated -W ignore:easy_install command is deprecated setup.py egg_info --egg-base ../../build/srvcli_py build --build-base /home/user/ros2_ws/build/srvcli_py/build install --record /home/user/ros2_ws/build/srvcli_py/install.log --single-version-externally-managed install_data
