[0.115s] DEBUG:colcon:Command line arguments: ['/usr/bin/colcon', 'build']
[0.115s] DEBUG:colcon:Parsed command line arguments: Namespace(log_base=None, log_level=None, verb_name='build', build_base='build', install_base='install', merge_install=False, symlink_install=False, test_result_base=None, continue_on_error=False, executor='parallel', parallel_workers=8, event_handlers=None, ignore_user_meta=False, metas=['./colcon.meta'], base_paths=['.'], packages_ignore=None, packages_ignore_regex=None, paths=None, packages_up_to=None, packages_up_to_regex=None, packages_above=None, packages_above_and_dependencies=None, packages_above_depth=None, packages_select_by_dep=None, packages_skip_by_dep=None, packages_skip_up_to=None, packages_select_build_failed=False, packages_skip_build_finished=False, packages_select_test_failures=False, packages_skip_test_passed=False, packages_select=None, packages_skip=None, packages_select_regex=None, packages_skip_regex=None, packages_start=None, packages_end=None, allow_overriding=[], cmake_args=None, cmake_target=None, cmake_target_skip_unavailable=False, cmake_clean_cache=False, cmake_clean_first=False, cmake_force_configure=False, ament_cmake_args=None, catkin_cmake_args=None, catkin_skip_building_tests=False, mixin_files=None, mixin=None, verb_parser=<colcon_mixin.mixin.mixin_argument.MixinArgumentDecorator object at 0x746b78765c60>, verb_extension=<colcon_core.verb.build.BuildVerb object at 0x746b787656c0>, main=<bound method BuildVerb.main of <colcon_core.verb.build.BuildVerb object at 0x746b787656c0>>, mixin_verb=('build',))
[0.329s] Level 1:colcon.colcon_core.package_discovery:discover_packages(colcon_meta) check parameters
[0.329s] Level 1:colcon.colcon_core.package_discovery:discover_packages(recursive) check parameters
[0.330s] Level 1:colcon.colcon_core.package_discovery:discover_packages(ignore) check parameters
[0.330s] Level 1:colcon.colcon_core.package_discovery:discover_packages(path) check parameters
[0.330s] Level 1:colcon.colcon_core.package_discovery:discover_packages(colcon_meta) discover
[0.330s] Level 1:colcon.colcon_core.package_discovery:discover_packages(recursive) discover
[0.330s] INFO:colcon.colcon_core.package_discovery:Crawling recursively for packages in '/home/hafizulazwan/ros2_learn_ws'
[0.330s] Level 1:colcon.colcon_core.package_identification:_identify(.) by extensions ['ignore', 'ignore_ament_install']
[0.330s] Level 1:colcon.colcon_core.package_identification:_identify(.) by extension 'ignore'
[0.330s] Level 1:colcon.colcon_core.package_identification:_identify(.) by extension 'ignore_ament_install'
[0.330s] Level 1:colcon.colcon_core.package_identification:_identify(.) by extensions ['colcon_pkg']
[0.330s] Level 1:colcon.colcon_core.package_identification:_identify(.) by extension 'colcon_pkg'
[0.330s] Level 1:colcon.colcon_core.package_identification:_identify(.) by extensions ['colcon_meta']
[0.330s] Level 1:colcon.colcon_core.package_identification:_identify(.) by extension 'colcon_meta'
[0.330s] Level 1:colcon.colcon_core.package_identification:_identify(.) by extensions ['ros']
[0.330s] Level 1:colcon.colcon_core.package_identification:_identify(.) by extension 'ros'
[0.339s] Level 1:colcon.colcon_core.package_identification:_identify(.) by extensions ['cmake', 'python']
[0.339s] Level 1:colcon.colcon_core.package_identification:_identify(.) by extension 'cmake'
[0.339s] Level 1:colcon.colcon_core.package_identification:_identify(.) by extension 'python'
[0.339s] Level 1:colcon.colcon_core.package_identification:_identify(.) by extensions ['python_setup_py']
[0.339s] Level 1:colcon.colcon_core.package_identification:_identify(.) by extension 'python_setup_py'
[0.340s] Level 1:colcon.colcon_core.package_identification:_identify(build) by extensions ['ignore', 'ignore_ament_install']
[0.340s] Level 1:colcon.colcon_core.package_identification:_identify(build) by extension 'ignore'
[0.340s] Level 1:colcon.colcon_core.package_identification:_identify(build) ignored
[0.340s] Level 1:colcon.colcon_core.package_identification:_identify(install) by extensions ['ignore', 'ignore_ament_install']
[0.340s] Level 1:colcon.colcon_core.package_identification:_identify(install) by extension 'ignore'
[0.340s] Level 1:colcon.colcon_core.package_identification:_identify(install) ignored
[0.340s] Level 1:colcon.colcon_core.package_identification:_identify(log) by extensions ['ignore', 'ignore_ament_install']
[0.341s] Level 1:colcon.colcon_core.package_identification:_identify(log) by extension 'ignore'
[0.341s] Level 1:colcon.colcon_core.package_identification:_identify(log) ignored
[0.341s] Level 1:colcon.colcon_core.package_identification:_identify(src) by extensions ['ignore', 'ignore_ament_install']
[0.341s] Level 1:colcon.colcon_core.package_identification:_identify(src) by extension 'ignore'
[0.341s] Level 1:colcon.colcon_core.package_identification:_identify(src) by extension 'ignore_ament_install'
[0.341s] Level 1:colcon.colcon_core.package_identification:_identify(src) by extensions ['colcon_pkg']
[0.341s] Level 1:colcon.colcon_core.package_identification:_identify(src) by extension 'colcon_pkg'
[0.341s] Level 1:colcon.colcon_core.package_identification:_identify(src) by extensions ['colcon_meta']
[0.341s] Level 1:colcon.colcon_core.package_identification:_identify(src) by extension 'colcon_meta'
[0.341s] Level 1:colcon.colcon_core.package_identification:_identify(src) by extensions ['ros']
[0.341s] Level 1:colcon.colcon_core.package_identification:_identify(src) by extension 'ros'
[0.341s] Level 1:colcon.colcon_core.package_identification:_identify(src) by extensions ['cmake', 'python']
[0.341s] Level 1:colcon.colcon_core.package_identification:_identify(src) by extension 'cmake'
[0.341s] Level 1:colcon.colcon_core.package_identification:_identify(src) by extension 'python'
[0.341s] Level 1:colcon.colcon_core.package_identification:_identify(src) by extensions ['python_setup_py']
[0.341s] Level 1:colcon.colcon_core.package_identification:_identify(src) by extension 'python_setup_py'
[0.341s] Level 1:colcon.colcon_core.package_identification:_identify(src/action_pkg) by extensions ['ignore', 'ignore_ament_install']
[0.342s] Level 1:colcon.colcon_core.package_identification:_identify(src/action_pkg) by extension 'ignore'
[0.342s] Level 1:colcon.colcon_core.package_identification:_identify(src/action_pkg) by extension 'ignore_ament_install'
[0.342s] Level 1:colcon.colcon_core.package_identification:_identify(src/action_pkg) by extensions ['colcon_pkg']
[0.342s] Level 1:colcon.colcon_core.package_identification:_identify(src/action_pkg) by extension 'colcon_pkg'
[0.342s] Level 1:colcon.colcon_core.package_identification:_identify(src/action_pkg) by extensions ['colcon_meta']
[0.342s] Level 1:colcon.colcon_core.package_identification:_identify(src/action_pkg) by extension 'colcon_meta'
[0.342s] Level 1:colcon.colcon_core.package_identification:_identify(src/action_pkg) by extensions ['ros']
[0.342s] Level 1:colcon.colcon_core.package_identification:_identify(src/action_pkg) by extension 'ros'
[0.344s] DEBUG:colcon.colcon_core.package_identification:Package 'src/action_pkg' with type 'ros.ament_cmake' and name 'action_pkg'
[0.344s] Level 1:colcon.colcon_core.package_identification:_identify(src/minimal_pkg) by extensions ['ignore', 'ignore_ament_install']
[0.345s] Level 1:colcon.colcon_core.package_identification:_identify(src/minimal_pkg) by extension 'ignore'
[0.345s] Level 1:colcon.colcon_core.package_identification:_identify(src/minimal_pkg) by extension 'ignore_ament_install'
[0.345s] Level 1:colcon.colcon_core.package_identification:_identify(src/minimal_pkg) by extensions ['colcon_pkg']
[0.345s] Level 1:colcon.colcon_core.package_identification:_identify(src/minimal_pkg) by extension 'colcon_pkg'
[0.345s] Level 1:colcon.colcon_core.package_identification:_identify(src/minimal_pkg) by extensions ['colcon_meta']
[0.345s] Level 1:colcon.colcon_core.package_identification:_identify(src/minimal_pkg) by extension 'colcon_meta'
[0.345s] Level 1:colcon.colcon_core.package_identification:_identify(src/minimal_pkg) by extensions ['ros']
[0.345s] Level 1:colcon.colcon_core.package_identification:_identify(src/minimal_pkg) by extension 'ros'
[0.346s] DEBUG:colcon.colcon_core.package_identification:Package 'src/minimal_pkg' with type 'ros.ament_python' and name 'minimal_pkg'
[0.346s] Level 1:colcon.colcon_core.package_identification:_identify(src/pubsub_py) by extensions ['ignore', 'ignore_ament_install']
[0.346s] Level 1:colcon.colcon_core.package_identification:_identify(src/pubsub_py) by extension 'ignore'
[0.346s] Level 1:colcon.colcon_core.package_identification:_identify(src/pubsub_py) by extension 'ignore_ament_install'
[0.346s] Level 1:colcon.colcon_core.package_identification:_identify(src/pubsub_py) by extensions ['colcon_pkg']
[0.346s] Level 1:colcon.colcon_core.package_identification:_identify(src/pubsub_py) by extension 'colcon_pkg'
[0.346s] Level 1:colcon.colcon_core.package_identification:_identify(src/pubsub_py) by extensions ['colcon_meta']
[0.346s] Level 1:colcon.colcon_core.package_identification:_identify(src/pubsub_py) by extension 'colcon_meta'
[0.346s] Level 1:colcon.colcon_core.package_identification:_identify(src/pubsub_py) by extensions ['ros']
[0.346s] Level 1:colcon.colcon_core.package_identification:_identify(src/pubsub_py) by extension 'ros'
[0.346s] DEBUG:colcon.colcon_core.package_identification:Package 'src/pubsub_py' with type 'ros.ament_python' and name 'pubsub_py'
[0.347s] Level 1:colcon.colcon_core.package_identification:_identify(src/srv_pkg) by extensions ['ignore', 'ignore_ament_install']
[0.347s] Level 1:colcon.colcon_core.package_identification:_identify(src/srv_pkg) by extension 'ignore'
[0.347s] Level 1:colcon.colcon_core.package_identification:_identify(src/srv_pkg) by extension 'ignore_ament_install'
[0.347s] Level 1:colcon.colcon_core.package_identification:_identify(src/srv_pkg) by extensions ['colcon_pkg']
[0.347s] Level 1:colcon.colcon_core.package_identification:_identify(src/srv_pkg) by extension 'colcon_pkg'
[0.347s] Level 1:colcon.colcon_core.package_identification:_identify(src/srv_pkg) by extensions ['colcon_meta']
[0.347s] Level 1:colcon.colcon_core.package_identification:_identify(src/srv_pkg) by extension 'colcon_meta'
[0.347s] Level 1:colcon.colcon_core.package_identification:_identify(src/srv_pkg) by extensions ['ros']
[0.347s] Level 1:colcon.colcon_core.package_identification:_identify(src/srv_pkg) by extension 'ros'
[0.347s] DEBUG:colcon.colcon_core.package_identification:Package 'src/srv_pkg' with type 'ros.ament_cmake' and name 'srv_pkg'
[0.348s] Level 1:colcon.colcon_core.package_identification:_identify(src/srvcli_py) by extensions ['ignore', 'ignore_ament_install']
[0.348s] Level 1:colcon.colcon_core.package_identification:_identify(src/srvcli_py) by extension 'ignore'
[0.348s] Level 1:colcon.colcon_core.package_identification:_identify(src/srvcli_py) by extension 'ignore_ament_install'
[0.348s] Level 1:colcon.colcon_core.package_identification:_identify(src/srvcli_py) by extensions ['colcon_pkg']
[0.348s] Level 1:colcon.colcon_core.package_identification:_identify(src/srvcli_py) by extension 'colcon_pkg'
[0.348s] Level 1:colcon.colcon_core.package_identification:_identify(src/srvcli_py) by extensions ['colcon_meta']
[0.348s] Level 1:colcon.colcon_core.package_identification:_identify(src/srvcli_py) by extension 'colcon_meta'
[0.348s] Level 1:colcon.colcon_core.package_identification:_identify(src/srvcli_py) by extensions ['ros']
[0.348s] Level 1:colcon.colcon_core.package_identification:_identify(src/srvcli_py) by extension 'ros'
[0.348s] DEBUG:colcon.colcon_core.package_identification:Package 'src/srvcli_py' with type 'ros.ament_python' and name 'srvcli_py'
[0.348s] Level 1:colcon.colcon_core.package_discovery:discover_packages(recursive) using defaults
[0.348s] Level 1:colcon.colcon_core.package_discovery:discover_packages(ignore) discover
[0.348s] Level 1:colcon.colcon_core.package_discovery:discover_packages(ignore) using defaults
[0.348s] Level 1:colcon.colcon_core.package_discovery:discover_packages(path) discover
[0.348s] Level 1:colcon.colcon_core.package_discovery:discover_packages(path) using defaults
[0.377s] Level 1:colcon.colcon_core.package_discovery:discover_packages(prefix_path) check parameters
[0.377s] Level 1:colcon.colcon_core.package_discovery:discover_packages(prefix_path) discover
[0.381s] DEBUG:colcon.colcon_installed_package_information.package_discovery:Found 4 installed packages in /home/hafizulazwan/ros2_learn_ws/install
[0.382s] DEBUG:colcon.colcon_installed_package_information.package_discovery:Found 270 installed packages in /opt/ros/humble
[0.383s] Level 1:colcon.colcon_core.package_discovery:discover_packages(prefix_path) using defaults
[0.415s] Level 5:colcon.colcon_core.verb:set package 'action_pkg' build argument 'cmake_args' from command line to 'None'
[0.415s] Level 5:colcon.colcon_core.verb:set package 'action_pkg' build argument 'cmake_target' from command line to 'None'
[0.415s] Level 5:colcon.colcon_core.verb:set package 'action_pkg' build argument 'cmake_target_skip_unavailable' from command line to 'False'
[0.415s] Level 5:colcon.colcon_core.verb:set package 'action_pkg' build argument 'cmake_clean_cache' from command line to 'False'
[0.415s] Level 5:colcon.colcon_core.verb:set package 'action_pkg' build argument 'cmake_clean_first' from command line to 'False'
[0.415s] Level 5:colcon.colcon_core.verb:set package 'action_pkg' build argument 'cmake_force_configure' from command line to 'False'
[0.415s] Level 5:colcon.colcon_core.verb:set package 'action_pkg' build argument 'ament_cmake_args' from command line to 'None'
[0.415s] Level 5:colcon.colcon_core.verb:set package 'action_pkg' build argument 'catkin_cmake_args' from command line to 'None'
[0.415s] Level 5:colcon.colcon_core.verb:set package 'action_pkg' build argument 'catkin_skip_building_tests' from command line to 'False'
[0.415s] DEBUG:colcon.colcon_core.verb:Building package 'action_pkg' with the following arguments: {'ament_cmake_args': None, 'build_base': '/home/hafizulazwan/ros2_learn_ws/build/action_pkg', 'catkin_cmake_args': None, 'catkin_skip_building_tests': False, 'cmake_args': None, 'cmake_clean_cache': False, 'cmake_clean_first': False, 'cmake_force_configure': False, 'cmake_target': None, 'cmake_target_skip_unavailable': False, 'install_base': '/home/hafizulazwan/ros2_learn_ws/install/action_pkg', 'merge_install': False, 'path': '/home/hafizulazwan/ros2_learn_ws/src/action_pkg', 'symlink_install': False, 'test_result_base': None}
[0.416s] Level 5:colcon.colcon_core.verb:set package 'minimal_pkg' build argument 'cmake_args' from command line to 'None'
[0.416s] Level 5:colcon.colcon_core.verb:set package 'minimal_pkg' build argument 'cmake_target' from command line to 'None'
[0.416s] Level 5:colcon.colcon_core.verb:set package 'minimal_pkg' build argument 'cmake_target_skip_unavailable' from command line to 'False'
[0.416s] Level 5:colcon.colcon_core.verb:set package 'minimal_pkg' build argument 'cmake_clean_cache' from command line to 'False'
[0.416s] Level 5:colcon.colcon_core.verb:set package 'minimal_pkg' build argument 'cmake_clean_first' from command line to 'False'
[0.416s] Level 5:colcon.colcon_core.verb:set package 'minimal_pkg' build argument 'cmake_force_configure' from command line to 'False'
[0.416s] Level 5:colcon.colcon_core.verb:set package 'minimal_pkg' build argument 'ament_cmake_args' from command line to 'None'
[0.416s] Level 5:colcon.colcon_core.verb:set package 'minimal_pkg' build argument 'catkin_cmake_args' from command line to 'None'
[0.416s] Level 5:colcon.colcon_core.verb:set package 'minimal_pkg' build argument 'catkin_skip_building_tests' from command line to 'False'
[0.416s] DEBUG:colcon.colcon_core.verb:Building package 'minimal_pkg' with the following arguments: {'ament_cmake_args': None, 'build_base': '/home/hafizulazwan/ros2_learn_ws/build/minimal_pkg', 'catkin_cmake_args': None, 'catkin_skip_building_tests': False, 'cmake_args': None, 'cmake_clean_cache': False, 'cmake_clean_first': False, 'cmake_force_configure': False, 'cmake_target': None, 'cmake_target_skip_unavailable': False, 'install_base': '/home/hafizulazwan/ros2_learn_ws/install/minimal_pkg', 'merge_install': False, 'path': '/home/hafizulazwan/ros2_learn_ws/src/minimal_pkg', 'symlink_install': False, 'test_result_base': None}
[0.416s] Level 5:colcon.colcon_core.verb:set package 'pubsub_py' build argument 'cmake_args' from command line to 'None'
[0.416s] Level 5:colcon.colcon_core.verb:set package 'pubsub_py' build argument 'cmake_target' from command line to 'None'
[0.416s] Level 5:colcon.colcon_core.verb:set package 'pubsub_py' build argument 'cmake_target_skip_unavailable' from command line to 'False'
[0.416s] Level 5:colcon.colcon_core.verb:set package 'pubsub_py' build argument 'cmake_clean_cache' from command line to 'False'
[0.416s] Level 5:colcon.colcon_core.verb:set package 'pubsub_py' build argument 'cmake_clean_first' from command line to 'False'
[0.416s] Level 5:colcon.colcon_core.verb:set package 'pubsub_py' build argument 'cmake_force_configure' from command line to 'False'
[0.416s] Level 5:colcon.colcon_core.verb:set package 'pubsub_py' build argument 'ament_cmake_args' from command line to 'None'
[0.417s] Level 5:colcon.colcon_core.verb:set package 'pubsub_py' build argument 'catkin_cmake_args' from command line to 'None'
[0.417s] Level 5:colcon.colcon_core.verb:set package 'pubsub_py' build argument 'catkin_skip_building_tests' from command line to 'False'
[0.417s] DEBUG:colcon.colcon_core.verb:Building package 'pubsub_py' with the following arguments: {'ament_cmake_args': None, 'build_base': '/home/hafizulazwan/ros2_learn_ws/build/pubsub_py', 'catkin_cmake_args': None, 'catkin_skip_building_tests': False, 'cmake_args': None, 'cmake_clean_cache': False, 'cmake_clean_first': False, 'cmake_force_configure': False, 'cmake_target': None, 'cmake_target_skip_unavailable': False, 'install_base': '/home/hafizulazwan/ros2_learn_ws/install/pubsub_py', 'merge_install': False, 'path': '/home/hafizulazwan/ros2_learn_ws/src/pubsub_py', 'symlink_install': False, 'test_result_base': None}
[0.417s] Level 5:colcon.colcon_core.verb:set package 'srv_pkg' build argument 'cmake_args' from command line to 'None'
[0.417s] Level 5:colcon.colcon_core.verb:set package 'srv_pkg' build argument 'cmake_target' from command line to 'None'
[0.417s] Level 5:colcon.colcon_core.verb:set package 'srv_pkg' build argument 'cmake_target_skip_unavailable' from command line to 'False'
[0.417s] Level 5:colcon.colcon_core.verb:set package 'srv_pkg' build argument 'cmake_clean_cache' from command line to 'False'
[0.417s] Level 5:colcon.colcon_core.verb:set package 'srv_pkg' build argument 'cmake_clean_first' from command line to 'False'
[0.417s] Level 5:colcon.colcon_core.verb:set package 'srv_pkg' build argument 'cmake_force_configure' from command line to 'False'
[0.417s] Level 5:colcon.colcon_core.verb:set package 'srv_pkg' build argument 'ament_cmake_args' from command line to 'None'
[0.417s] Level 5:colcon.colcon_core.verb:set package 'srv_pkg' build argument 'catkin_cmake_args' from command line to 'None'
[0.417s] Level 5:colcon.colcon_core.verb:set package 'srv_pkg' build argument 'catkin_skip_building_tests' from command line to 'False'
[0.417s] DEBUG:colcon.colcon_core.verb:Building package 'srv_pkg' with the following arguments: {'ament_cmake_args': None, 'build_base': '/home/hafizulazwan/ros2_learn_ws/build/srv_pkg', 'catkin_cmake_args': None, 'catkin_skip_building_tests': False, 'cmake_args': None, 'cmake_clean_cache': False, 'cmake_clean_first': False, 'cmake_force_configure': False, 'cmake_target': None, 'cmake_target_skip_unavailable': False, 'install_base': '/home/hafizulazwan/ros2_learn_ws/install/srv_pkg', 'merge_install': False, 'path': '/home/hafizulazwan/ros2_learn_ws/src/srv_pkg', 'symlink_install': False, 'test_result_base': None}
[0.417s] Level 5:colcon.colcon_core.verb:set package 'srvcli_py' build argument 'cmake_args' from command line to 'None'
[0.417s] Level 5:colcon.colcon_core.verb:set package 'srvcli_py' build argument 'cmake_target' from command line to 'None'
[0.418s] Level 5:colcon.colcon_core.verb:set package 'srvcli_py' build argument 'cmake_target_skip_unavailable' from command line to 'False'
[0.418s] Level 5:colcon.colcon_core.verb:set package 'srvcli_py' build argument 'cmake_clean_cache' from command line to 'False'
[0.418s] Level 5:colcon.colcon_core.verb:set package 'srvcli_py' build argument 'cmake_clean_first' from command line to 'False'
[0.418s] Level 5:colcon.colcon_core.verb:set package 'srvcli_py' build argument 'cmake_force_configure' from command line to 'False'
[0.418s] Level 5:colcon.colcon_core.verb:set package 'srvcli_py' build argument 'ament_cmake_args' from command line to 'None'
[0.418s] Level 5:colcon.colcon_core.verb:set package 'srvcli_py' build argument 'catkin_cmake_args' from command line to 'None'
[0.418s] Level 5:colcon.colcon_core.verb:set package 'srvcli_py' build argument 'catkin_skip_building_tests' from command line to 'False'
[0.418s] DEBUG:colcon.colcon_core.verb:Building package 'srvcli_py' with the following arguments: {'ament_cmake_args': None, 'build_base': '/home/hafizulazwan/ros2_learn_ws/build/srvcli_py', 'catkin_cmake_args': None, 'catkin_skip_building_tests': False, 'cmake_args': None, 'cmake_clean_cache': False, 'cmake_clean_first': False, 'cmake_force_configure': False, 'cmake_target': None, 'cmake_target_skip_unavailable': False, 'install_base': '/home/hafizulazwan/ros2_learn_ws/install/srvcli_py', 'merge_install': False, 'path': '/home/hafizulazwan/ros2_learn_ws/src/srvcli_py', 'symlink_install': False, 'test_result_base': None}
[0.418s] INFO:colcon.colcon_core.executor:Executing jobs using 'parallel' executor
[0.419s] DEBUG:colcon.colcon_parallel_executor.executor.parallel:run_until_complete
[0.419s] INFO:colcon.colcon_ros.task.ament_cmake.build:Building ROS package in '/home/hafizulazwan/ros2_learn_ws/src/srv_pkg' with build type 'ament_cmake'
[0.419s] INFO:colcon.colcon_cmake.task.cmake.build:Building CMake package in '/home/hafizulazwan/ros2_learn_ws/src/srv_pkg'
[0.423s] INFO:colcon.colcon_core.plugin_system:Skipping extension 'colcon_core.shell.bat': Not used on non-Windows systems
[0.423s] INFO:colcon.colcon_core.shell:Skip shell extension 'powershell' for command environment: Not usable outside of PowerShell
[0.423s] DEBUG:colcon.colcon_core.shell:Skip shell extension 'dsv' for command environment
[0.427s] INFO:colcon.colcon_ros.task.ament_cmake.build:Building ROS package in '/home/hafizulazwan/ros2_learn_ws/src/action_pkg' with build type 'ament_cmake'
[0.427s] INFO:colcon.colcon_cmake.task.cmake.build:Building CMake package in '/home/hafizulazwan/ros2_learn_ws/src/action_pkg'
[0.427s] INFO:colcon.colcon_core.shell:Skip shell extension 'powershell' for command environment: Not usable outside of PowerShell
[0.427s] DEBUG:colcon.colcon_core.shell:Skip shell extension 'dsv' for command environment
[0.430s] INFO:colcon.colcon_ros.task.ament_python.build:Building ROS package in '/home/hafizulazwan/ros2_learn_ws/src/minimal_pkg' with build type 'ament_python'
[0.430s] Level 1:colcon.colcon_core.shell:create_environment_hook('minimal_pkg', 'ament_prefix_path')
[0.431s] INFO:colcon.colcon_core.shell:Creating environment hook '/home/hafizulazwan/ros2_learn_ws/install/minimal_pkg/share/minimal_pkg/hook/ament_prefix_path.ps1'
[0.432s] INFO:colcon.colcon_core.shell:Creating environment descriptor '/home/hafizulazwan/ros2_learn_ws/install/minimal_pkg/share/minimal_pkg/hook/ament_prefix_path.dsv'
[0.433s] INFO:colcon.colcon_core.shell:Creating environment hook '/home/hafizulazwan/ros2_learn_ws/install/minimal_pkg/share/minimal_pkg/hook/ament_prefix_path.sh'
[0.435s] INFO:colcon.colcon_core.shell:Skip shell extension 'powershell' for command environment: Not usable outside of PowerShell
[0.435s] DEBUG:colcon.colcon_core.shell:Skip shell extension 'dsv' for command environment
[0.438s] INFO:colcon.colcon_ros.task.ament_python.build:Building ROS package in '/home/hafizulazwan/ros2_learn_ws/src/pubsub_py' with build type 'ament_python'
[0.438s] Level 1:colcon.colcon_core.shell:create_environment_hook('pubsub_py', 'ament_prefix_path')
[0.439s] INFO:colcon.colcon_core.shell:Creating environment hook '/home/hafizulazwan/ros2_learn_ws/install/pubsub_py/share/pubsub_py/hook/ament_prefix_path.ps1'
[0.439s] INFO:colcon.colcon_core.shell:Creating environment descriptor '/home/hafizulazwan/ros2_learn_ws/install/pubsub_py/share/pubsub_py/hook/ament_prefix_path.dsv'
[0.440s] INFO:colcon.colcon_core.shell:Creating environment hook '/home/hafizulazwan/ros2_learn_ws/install/pubsub_py/share/pubsub_py/hook/ament_prefix_path.sh'
[0.440s] INFO:colcon.colcon_core.shell:Skip shell extension 'powershell' for command environment: Not usable outside of PowerShell
[0.440s] DEBUG:colcon.colcon_core.shell:Skip shell extension 'dsv' for command environment
[0.450s] DEBUG:colcon.colcon_core.event_handler.log_command:Invoking command in '/home/hafizulazwan/ros2_learn_ws/build/srv_pkg': CMAKE_PREFIX_PATH=${CMAKE_PREFIX_PATH}:/home/hafizulazwan/ros2_learn_ws/install/srvcli_py:/home/hafizulazwan/ros2_learn_ws/install/pubsub_py:/home/hafizulazwan/ros2_learn_ws/install/minimal_pkg:/opt/ros/humble /usr/bin/cmake --build /home/hafizulazwan/ros2_learn_ws/build/srv_pkg -- -j8 -l8
[0.454s] DEBUG:colcon.colcon_core.event_handler.log_command:Invoking command in '/home/hafizulazwan/ros2_learn_ws/build/action_pkg': CMAKE_PREFIX_PATH=${CMAKE_PREFIX_PATH}:/home/hafizulazwan/ros2_learn_ws/install/srvcli_py:/home/hafizulazwan/ros2_learn_ws/install/pubsub_py:/home/hafizulazwan/ros2_learn_ws/install/minimal_pkg:/opt/ros/humble /usr/bin/cmake /home/hafizulazwan/ros2_learn_ws/src/action_pkg -DCMAKE_INSTALL_PREFIX=/home/hafizulazwan/ros2_learn_ws/install/action_pkg
[0.768s] INFO:colcon.colcon_core.task.python.build:Building Python package in '/home/hafizulazwan/ros2_learn_ws/src/minimal_pkg'
[0.768s] INFO:colcon.colcon_core.shell:Skip shell extension 'powershell' for command environment: Not usable outside of PowerShell
[0.768s] DEBUG:colcon.colcon_core.shell:Skip shell extension 'dsv' for command environment
[1.023s] INFO:colcon.colcon_core.task.python.build:Building Python package in '/home/hafizulazwan/ros2_learn_ws/src/pubsub_py'
[1.023s] INFO:colcon.colcon_core.shell:Skip shell extension 'powershell' for command environment: Not usable outside of PowerShell
[1.023s] DEBUG:colcon.colcon_core.shell:Skip shell extension 'dsv' for command environment
[1.031s] DEBUG:colcon.colcon_core.event_handler.log_command:Invoked command in '/home/hafizulazwan/ros2_learn_ws/build/srv_pkg' returned '0': CMAKE_PREFIX_PATH=${CMAKE_PREFIX_PATH}:/home/hafizulazwan/ros2_learn_ws/install/srvcli_py:/home/hafizulazwan/ros2_learn_ws/install/pubsub_py:/home/hafizulazwan/ros2_learn_ws/install/minimal_pkg:/opt/ros/humble /usr/bin/cmake --build /home/hafizulazwan/ros2_learn_ws/build/srv_pkg -- -j8 -l8
[1.043s] DEBUG:colcon.colcon_core.event_handler.log_command:Invoking command in '/home/hafizulazwan/ros2_learn_ws/build/srv_pkg': CMAKE_PREFIX_PATH=${CMAKE_PREFIX_PATH}:/home/hafizulazwan/ros2_learn_ws/install/srvcli_py:/home/hafizulazwan/ros2_learn_ws/install/pubsub_py:/home/hafizulazwan/ros2_learn_ws/install/minimal_pkg:/opt/ros/humble /usr/bin/cmake --install /home/hafizulazwan/ros2_learn_ws/build/srv_pkg
[1.102s] Level 1:colcon.colcon_core.environment:create_environment_scripts_only(srv_pkg)
[1.103s] DEBUG:colcon.colcon_core.event_handler.log_command:Invoked command in '/home/hafizulazwan/ros2_learn_ws/build/srv_pkg' returned '0': CMAKE_PREFIX_PATH=${CMAKE_PREFIX_PATH}:/home/hafizulazwan/ros2_learn_ws/install/srvcli_py:/home/hafizulazwan/ros2_learn_ws/install/pubsub_py:/home/hafizulazwan/ros2_learn_ws/install/minimal_pkg:/opt/ros/humble /usr/bin/cmake --install /home/hafizulazwan/ros2_learn_ws/build/srv_pkg
[1.108s] Level 1:colcon.colcon_core.environment:checking '/home/hafizulazwan/ros2_learn_ws/install/srv_pkg' for CMake module files
[1.109s] Level 1:colcon.colcon_core.environment:checking '/home/hafizulazwan/ros2_learn_ws/install/srv_pkg' for CMake config files
[1.110s] Level 1:colcon.colcon_core.shell:create_environment_hook('srv_pkg', 'cmake_prefix_path')
[1.110s] INFO:colcon.colcon_core.shell:Creating environment hook '/home/hafizulazwan/ros2_learn_ws/install/srv_pkg/share/srv_pkg/hook/cmake_prefix_path.ps1'
[1.111s] INFO:colcon.colcon_core.shell:Creating environment descriptor '/home/hafizulazwan/ros2_learn_ws/install/srv_pkg/share/srv_pkg/hook/cmake_prefix_path.dsv'
[1.111s] INFO:colcon.colcon_core.shell:Creating environment hook '/home/hafizulazwan/ros2_learn_ws/install/srv_pkg/share/srv_pkg/hook/cmake_prefix_path.sh'
[1.112s] Level 1:colcon.colcon_core.environment:checking '/home/hafizulazwan/ros2_learn_ws/install/srv_pkg/lib'
[1.112s] Level 1:colcon.colcon_core.shell:create_environment_hook('srv_pkg', 'ld_library_path_lib')
[1.113s] INFO:colcon.colcon_core.shell:Creating environment hook '/home/hafizulazwan/ros2_learn_ws/install/srv_pkg/share/srv_pkg/hook/ld_library_path_lib.ps1'
[1.113s] INFO:colcon.colcon_core.shell:Creating environment descriptor '/home/hafizulazwan/ros2_learn_ws/install/srv_pkg/share/srv_pkg/hook/ld_library_path_lib.dsv'
[1.114s] INFO:colcon.colcon_core.shell:Creating environment hook '/home/hafizulazwan/ros2_learn_ws/install/srv_pkg/share/srv_pkg/hook/ld_library_path_lib.sh'
[1.114s] Level 1:colcon.colcon_core.environment:checking '/home/hafizulazwan/ros2_learn_ws/install/srv_pkg/bin'
[1.114s] Level 1:colcon.colcon_core.environment:checking '/home/hafizulazwan/ros2_learn_ws/install/srv_pkg/lib/pkgconfig/srv_pkg.pc'
[1.115s] Level 1:colcon.colcon_core.environment:checking '/home/hafizulazwan/ros2_learn_ws/install/srv_pkg/lib/python3.10/site-packages'
[1.115s] Level 1:colcon.colcon_core.environment:checking '/home/hafizulazwan/ros2_learn_ws/install/srv_pkg/bin'
[1.115s] INFO:colcon.colcon_core.shell:Creating package script '/home/hafizulazwan/ros2_learn_ws/install/srv_pkg/share/srv_pkg/package.ps1'
[1.117s] INFO:colcon.colcon_core.shell:Creating package descriptor '/home/hafizulazwan/ros2_learn_ws/install/srv_pkg/share/srv_pkg/package.dsv'
[1.118s] INFO:colcon.colcon_core.shell:Creating package script '/home/hafizulazwan/ros2_learn_ws/install/srv_pkg/share/srv_pkg/package.sh'
[1.119s] INFO:colcon.colcon_core.shell:Creating package script '/home/hafizulazwan/ros2_learn_ws/install/srv_pkg/share/srv_pkg/package.bash'
[1.121s] INFO:colcon.colcon_core.shell:Creating package script '/home/hafizulazwan/ros2_learn_ws/install/srv_pkg/share/srv_pkg/package.zsh'
[1.122s] Level 1:colcon.colcon_core.environment:create_file_with_runtime_dependencies(/home/hafizulazwan/ros2_learn_ws/install/srv_pkg/share/colcon-core/packages/srv_pkg)
[1.123s] Level 1:colcon.colcon_core.environment:create_environment_scripts_only(srv_pkg)
[1.124s] Level 1:colcon.colcon_core.environment:checking '/home/hafizulazwan/ros2_learn_ws/install/srv_pkg' for CMake module files
[1.124s] Level 1:colcon.colcon_core.environment:checking '/home/hafizulazwan/ros2_learn_ws/install/srv_pkg' for CMake config files
[1.125s] Level 1:colcon.colcon_core.shell:create_environment_hook('srv_pkg', 'cmake_prefix_path')
[1.125s] INFO:colcon.colcon_core.shell:Creating environment hook '/home/hafizulazwan/ros2_learn_ws/install/srv_pkg/share/srv_pkg/hook/cmake_prefix_path.ps1'
[1.126s] INFO:colcon.colcon_core.shell:Creating environment descriptor '/home/hafizulazwan/ros2_learn_ws/install/srv_pkg/share/srv_pkg/hook/cmake_prefix_path.dsv'
[1.127s] INFO:colcon.colcon_core.shell:Creating environment hook '/home/hafizulazwan/ros2_learn_ws/install/srv_pkg/share/srv_pkg/hook/cmake_prefix_path.sh'
[1.128s] Level 1:colcon.colcon_core.environment:checking '/home/hafizulazwan/ros2_learn_ws/install/srv_pkg/lib'
[1.128s] Level 1:colcon.colcon_core.shell:create_environment_hook('srv_pkg', 'ld_library_path_lib')
[1.128s] INFO:colcon.colcon_core.shell:Creating environment hook '/home/hafizulazwan/ros2_learn_ws/install/srv_pkg/share/srv_pkg/hook/ld_library_path_lib.ps1'
[1.129s] INFO:colcon.colcon_core.shell:Creating environment descriptor '/home/hafizulazwan/ros2_learn_ws/install/srv_pkg/share/srv_pkg/hook/ld_library_path_lib.dsv'
[1.129s] INFO:colcon.colcon_core.shell:Creating environment hook '/home/hafizulazwan/ros2_learn_ws/install/srv_pkg/share/srv_pkg/hook/ld_library_path_lib.sh'
[1.130s] Level 1:colcon.colcon_core.environment:checking '/home/hafizulazwan/ros2_learn_ws/install/srv_pkg/bin'
[1.130s] Level 1:colcon.colcon_core.environment:checking '/home/hafizulazwan/ros2_learn_ws/install/srv_pkg/lib/pkgconfig/srv_pkg.pc'
[1.131s] Level 1:colcon.colcon_core.environment:checking '/home/hafizulazwan/ros2_learn_ws/install/srv_pkg/lib/python3.10/site-packages'
[1.131s] Level 1:colcon.colcon_core.environment:checking '/home/hafizulazwan/ros2_learn_ws/install/srv_pkg/bin'
[1.132s] INFO:colcon.colcon_core.shell:Creating package script '/home/hafizulazwan/ros2_learn_ws/install/srv_pkg/share/srv_pkg/package.ps1'
[1.133s] INFO:colcon.colcon_core.shell:Creating package descriptor '/home/hafizulazwan/ros2_learn_ws/install/srv_pkg/share/srv_pkg/package.dsv'
[1.133s] INFO:colcon.colcon_core.shell:Creating package script '/home/hafizulazwan/ros2_learn_ws/install/srv_pkg/share/srv_pkg/package.sh'
[1.134s] INFO:colcon.colcon_core.shell:Creating package script '/home/hafizulazwan/ros2_learn_ws/install/srv_pkg/share/srv_pkg/package.bash'
[1.135s] INFO:colcon.colcon_core.shell:Creating package script '/home/hafizulazwan/ros2_learn_ws/install/srv_pkg/share/srv_pkg/package.zsh'
[1.135s] Level 1:colcon.colcon_core.environment:create_file_with_runtime_dependencies(/home/hafizulazwan/ros2_learn_ws/install/srv_pkg/share/colcon-core/packages/srv_pkg)
[1.136s] INFO:colcon.colcon_ros.task.ament_python.build:Building ROS package in '/home/hafizulazwan/ros2_learn_ws/src/srvcli_py' with build type 'ament_python'
[1.137s] Level 1:colcon.colcon_core.shell:create_environment_hook('srvcli_py', 'ament_prefix_path')
[1.137s] INFO:colcon.colcon_core.shell:Creating environment hook '/home/hafizulazwan/ros2_learn_ws/install/srvcli_py/share/srvcli_py/hook/ament_prefix_path.ps1'
[1.138s] INFO:colcon.colcon_core.shell:Creating environment descriptor '/home/hafizulazwan/ros2_learn_ws/install/srvcli_py/share/srvcli_py/hook/ament_prefix_path.dsv'
[1.139s] INFO:colcon.colcon_core.shell:Creating environment hook '/home/hafizulazwan/ros2_learn_ws/install/srvcli_py/share/srvcli_py/hook/ament_prefix_path.sh'
[1.140s] INFO:colcon.colcon_core.shell:Skip shell extension 'powershell' for command environment: Not usable outside of PowerShell
[1.140s] DEBUG:colcon.colcon_core.shell:Skip shell extension 'dsv' for command environment
[1.397s] INFO:colcon.colcon_core.task.python.build:Building Python package in '/home/hafizulazwan/ros2_learn_ws/src/srvcli_py'
[1.398s] INFO:colcon.colcon_core.shell:Skip shell extension 'powershell' for command environment: Not usable outside of PowerShell
[1.398s] DEBUG:colcon.colcon_core.shell:Skip shell extension 'dsv' for command environment
[1.453s] DEBUG:colcon.colcon_core.event_handler.log_command:Invoking command in '/home/hafizulazwan/ros2_learn_ws/src/pubsub_py': PYTHONPATH=/home/hafizulazwan/ros2_learn_ws/build/pubsub_py/prefix_override:/usr/lib/python3/dist-packages/colcon_core/task/python/colcon_distutils_commands:/home/hafizulazwan/ros2_learn_ws/install/pubsub_py/lib/python3.10/site-packages:${PYTHONPATH} /usr/bin/python3 -W ignore:setup.py install is deprecated -W ignore:easy_install command is deprecated setup.py egg_info --egg-base ../../build/pubsub_py build --build-base /home/hafizulazwan/ros2_learn_ws/build/pubsub_py/build install --record /home/hafizulazwan/ros2_learn_ws/build/pubsub_py/install.log --single-version-externally-managed install_data
[1.453s] DEBUG:colcon.colcon_core.event_handler.log_command:Invoking command in '/home/hafizulazwan/ros2_learn_ws/src/minimal_pkg': PYTHONPATH=/home/hafizulazwan/ros2_learn_ws/build/minimal_pkg/prefix_override:/usr/lib/python3/dist-packages/colcon_core/task/python/colcon_distutils_commands:/home/hafizulazwan/ros2_learn_ws/install/minimal_pkg/lib/python3.10/site-packages:${PYTHONPATH} /usr/bin/python3 -W ignore:setup.py install is deprecated -W ignore:easy_install command is deprecated setup.py egg_info --egg-base ../../build/minimal_pkg build --build-base /home/hafizulazwan/ros2_learn_ws/build/minimal_pkg/build install --record /home/hafizulazwan/ros2_learn_ws/build/minimal_pkg/install.log --single-version-externally-managed install_data
[1.741s] DEBUG:colcon.colcon_core.event_handler.log_command:Invoking command in '/home/hafizulazwan/ros2_learn_ws/src/srvcli_py': PYTHONPATH=/home/hafizulazwan/ros2_learn_ws/build/srvcli_py/prefix_override:/usr/lib/python3/dist-packages/colcon_core/task/python/colcon_distutils_commands:/home/hafizulazwan/ros2_learn_ws/install/srvcli_py/lib/python3.10/site-packages:${PYTHONPATH} /usr/bin/python3 -W ignore:setup.py install is deprecated -W ignore:easy_install command is deprecated setup.py egg_info --egg-base ../../build/srvcli_py build --build-base /home/hafizulazwan/ros2_learn_ws/build/srvcli_py/build install --record /home/hafizulazwan/ros2_learn_ws/build/srvcli_py/install.log --single-version-externally-managed install_data
[1.741s] Level 1:colcon.colcon_core.environment:checking '/home/hafizulazwan/ros2_learn_ws/install/minimal_pkg' for CMake module files
[1.742s] DEBUG:colcon.colcon_core.event_handler.log_command:Invoked command in '/home/hafizulazwan/ros2_learn_ws/src/minimal_pkg' returned '0': PYTHONPATH=/home/hafizulazwan/ros2_learn_ws/build/minimal_pkg/prefix_override:/usr/lib/python3/dist-packages/colcon_core/task/python/colcon_distutils_commands:/home/hafizulazwan/ros2_learn_ws/install/minimal_pkg/lib/python3.10/site-packages:${PYTHONPATH} /usr/bin/python3 -W ignore:setup.py install is deprecated -W ignore:easy_install command is deprecated setup.py egg_info --egg-base ../../build/minimal_pkg build --build-base /home/hafizulazwan/ros2_learn_ws/build/minimal_pkg/build install --record /home/hafizulazwan/ros2_learn_ws/build/minimal_pkg/install.log --single-version-externally-managed install_data
[1.742s] Level 1:colcon.colcon_core.environment:checking '/home/hafizulazwan/ros2_learn_ws/install/minimal_pkg' for CMake config files
[1.743s] Level 1:colcon.colcon_core.environment:checking '/home/hafizulazwan/ros2_learn_ws/install/minimal_pkg/lib'
[1.743s] Level 1:colcon.colcon_core.environment:checking '/home/hafizulazwan/ros2_learn_ws/install/minimal_pkg/bin'
[1.743s] Level 1:colcon.colcon_core.environment:checking '/home/hafizulazwan/ros2_learn_ws/install/minimal_pkg/lib/pkgconfig/minimal_pkg.pc'
[1.743s] Level 1:colcon.colcon_core.environment:checking '/home/hafizulazwan/ros2_learn_ws/install/minimal_pkg/lib/python3.10/site-packages'
[1.744s] Level 1:colcon.colcon_core.shell:create_environment_hook('minimal_pkg', 'pythonpath')
[1.744s] INFO:colcon.colcon_core.shell:Creating environment hook '/home/hafizulazwan/ros2_learn_ws/install/minimal_pkg/share/minimal_pkg/hook/pythonpath.ps1'
[1.744s] INFO:colcon.colcon_core.shell:Creating environment descriptor '/home/hafizulazwan/ros2_learn_ws/install/minimal_pkg/share/minimal_pkg/hook/pythonpath.dsv'
[1.745s] INFO:colcon.colcon_core.shell:Creating environment hook '/home/hafizulazwan/ros2_learn_ws/install/minimal_pkg/share/minimal_pkg/hook/pythonpath.sh'
[1.746s] Level 1:colcon.colcon_core.environment:checking '/home/hafizulazwan/ros2_learn_ws/install/minimal_pkg/bin'
[1.746s] Level 1:colcon.colcon_core.environment:create_environment_scripts_only(minimal_pkg)
[1.746s] INFO:colcon.colcon_core.shell:Creating package script '/home/hafizulazwan/ros2_learn_ws/install/minimal_pkg/share/minimal_pkg/package.ps1'
[1.747s] INFO:colcon.colcon_core.shell:Creating package descriptor '/home/hafizulazwan/ros2_learn_ws/install/minimal_pkg/share/minimal_pkg/package.dsv'
[1.747s] INFO:colcon.colcon_core.shell:Creating package script '/home/hafizulazwan/ros2_learn_ws/install/minimal_pkg/share/minimal_pkg/package.sh'
[1.748s] INFO:colcon.colcon_core.shell:Creating package script '/home/hafizulazwan/ros2_learn_ws/install/minimal_pkg/share/minimal_pkg/package.bash'
[1.748s] INFO:colcon.colcon_core.shell:Creating package script '/home/hafizulazwan/ros2_learn_ws/install/minimal_pkg/share/minimal_pkg/package.zsh'
[1.749s] Level 1:colcon.colcon_core.environment:create_file_with_runtime_dependencies(/home/hafizulazwan/ros2_learn_ws/install/minimal_pkg/share/colcon-core/packages/minimal_pkg)
[1.754s] Level 1:colcon.colcon_core.environment:checking '/home/hafizulazwan/ros2_learn_ws/install/pubsub_py' for CMake module files
[1.755s] DEBUG:colcon.colcon_core.event_handler.log_command:Invoked command in '/home/hafizulazwan/ros2_learn_ws/src/pubsub_py' returned '0': PYTHONPATH=/home/hafizulazwan/ros2_learn_ws/build/pubsub_py/prefix_override:/usr/lib/python3/dist-packages/colcon_core/task/python/colcon_distutils_commands:/home/hafizulazwan/ros2_learn_ws/install/pubsub_py/lib/python3.10/site-packages:${PYTHONPATH} /usr/bin/python3 -W ignore:setup.py install is deprecated -W ignore:easy_install command is deprecated setup.py egg_info --egg-base ../../build/pubsub_py build --build-base /home/hafizulazwan/ros2_learn_ws/build/pubsub_py/build install --record /home/hafizulazwan/ros2_learn_ws/build/pubsub_py/install.log --single-version-externally-managed install_data
[1.755s] Level 1:colcon.colcon_core.environment:checking '/home/hafizulazwan/ros2_learn_ws/install/pubsub_py' for CMake config files
[1.756s] Level 1:colcon.colcon_core.environment:checking '/home/hafizulazwan/ros2_learn_ws/install/pubsub_py/lib'
[1.756s] Level 1:colcon.colcon_core.environment:checking '/home/hafizulazwan/ros2_learn_ws/install/pubsub_py/bin'
[1.756s] Level 1:colcon.colcon_core.environment:checking '/home/hafizulazwan/ros2_learn_ws/install/pubsub_py/lib/pkgconfig/pubsub_py.pc'
[1.757s] Level 1:colcon.colcon_core.environment:checking '/home/hafizulazwan/ros2_learn_ws/install/pubsub_py/lib/python3.10/site-packages'
[1.757s] Level 1:colcon.colcon_core.shell:create_environment_hook('pubsub_py', 'pythonpath')
[1.757s] INFO:colcon.colcon_core.shell:Creating environment hook '/home/hafizulazwan/ros2_learn_ws/install/pubsub_py/share/pubsub_py/hook/pythonpath.ps1'
[1.758s] INFO:colcon.colcon_core.shell:Creating environment descriptor '/home/hafizulazwan/ros2_learn_ws/install/pubsub_py/share/pubsub_py/hook/pythonpath.dsv'
[1.758s] INFO:colcon.colcon_core.shell:Creating environment hook '/home/hafizulazwan/ros2_learn_ws/install/pubsub_py/share/pubsub_py/hook/pythonpath.sh'
[1.759s] Level 1:colcon.colcon_core.environment:checking '/home/hafizulazwan/ros2_learn_ws/install/pubsub_py/bin'
[1.759s] Level 1:colcon.colcon_core.environment:create_environment_scripts_only(pubsub_py)
[1.760s] INFO:colcon.colcon_core.shell:Creating package script '/home/hafizulazwan/ros2_learn_ws/install/pubsub_py/share/pubsub_py/package.ps1'
[1.761s] INFO:colcon.colcon_core.shell:Creating package descriptor '/home/hafizulazwan/ros2_learn_ws/install/pubsub_py/share/pubsub_py/package.dsv'
[1.762s] INFO:colcon.colcon_core.shell:Creating package script '/home/hafizulazwan/ros2_learn_ws/install/pubsub_py/share/pubsub_py/package.sh'
[1.762s] INFO:colcon.colcon_core.shell:Creating package script '/home/hafizulazwan/ros2_learn_ws/install/pubsub_py/share/pubsub_py/package.bash'
[1.763s] INFO:colcon.colcon_core.shell:Creating package script '/home/hafizulazwan/ros2_learn_ws/install/pubsub_py/share/pubsub_py/package.zsh'
[1.763s] Level 1:colcon.colcon_core.environment:create_file_with_runtime_dependencies(/home/hafizulazwan/ros2_learn_ws/install/pubsub_py/share/colcon-core/packages/pubsub_py)
[2.022s] Level 1:colcon.colcon_core.environment:checking '/home/hafizulazwan/ros2_learn_ws/install/srvcli_py' for CMake module files
[2.022s] DEBUG:colcon.colcon_core.event_handler.log_command:Invoked command in '/home/hafizulazwan/ros2_learn_ws/src/srvcli_py' returned '0': PYTHONPATH=/home/hafizulazwan/ros2_learn_ws/build/srvcli_py/prefix_override:/usr/lib/python3/dist-packages/colcon_core/task/python/colcon_distutils_commands:/home/hafizulazwan/ros2_learn_ws/install/srvcli_py/lib/python3.10/site-packages:${PYTHONPATH} /usr/bin/python3 -W ignore:setup.py install is deprecated -W ignore:easy_install command is deprecated setup.py egg_info --egg-base ../../build/srvcli_py build --build-base /home/hafizulazwan/ros2_learn_ws/build/srvcli_py/build install --record /home/hafizulazwan/ros2_learn_ws/build/srvcli_py/install.log --single-version-externally-managed install_data
[2.023s] Level 1:colcon.colcon_core.environment:checking '/home/hafizulazwan/ros2_learn_ws/install/srvcli_py' for CMake config files
[2.023s] Level 1:colcon.colcon_core.environment:checking '/home/hafizulazwan/ros2_learn_ws/install/srvcli_py/lib'
[2.023s] Level 1:colcon.colcon_core.environment:checking '/home/hafizulazwan/ros2_learn_ws/install/srvcli_py/bin'
[2.023s] Level 1:colcon.colcon_core.environment:checking '/home/hafizulazwan/ros2_learn_ws/install/srvcli_py/lib/pkgconfig/srvcli_py.pc'
[2.024s] Level 1:colcon.colcon_core.environment:checking '/home/hafizulazwan/ros2_learn_ws/install/srvcli_py/lib/python3.10/site-packages'
[2.024s] Level 1:colcon.colcon_core.shell:create_environment_hook('srvcli_py', 'pythonpath')
[2.024s] INFO:colcon.colcon_core.shell:Creating environment hook '/home/hafizulazwan/ros2_learn_ws/install/srvcli_py/share/srvcli_py/hook/pythonpath.ps1'
[2.024s] INFO:colcon.colcon_core.shell:Creating environment descriptor '/home/hafizulazwan/ros2_learn_ws/install/srvcli_py/share/srvcli_py/hook/pythonpath.dsv'
[2.025s] INFO:colcon.colcon_core.shell:Creating environment hook '/home/hafizulazwan/ros2_learn_ws/install/srvcli_py/share/srvcli_py/hook/pythonpath.sh'
[2.025s] Level 1:colcon.colcon_core.environment:checking '/home/hafizulazwan/ros2_learn_ws/install/srvcli_py/bin'
[2.025s] Level 1:colcon.colcon_core.environment:create_environment_scripts_only(srvcli_py)
[2.026s] INFO:colcon.colcon_core.shell:Creating package script '/home/hafizulazwan/ros2_learn_ws/install/srvcli_py/share/srvcli_py/package.ps1'
[2.026s] INFO:colcon.colcon_core.shell:Creating package descriptor '/home/hafizulazwan/ros2_learn_ws/install/srvcli_py/share/srvcli_py/package.dsv'
[2.026s] INFO:colcon.colcon_core.shell:Creating package script '/home/hafizulazwan/ros2_learn_ws/install/srvcli_py/share/srvcli_py/package.sh'
[2.027s] INFO:colcon.colcon_core.shell:Creating package script '/home/hafizulazwan/ros2_learn_ws/install/srvcli_py/share/srvcli_py/package.bash'
[2.027s] INFO:colcon.colcon_core.shell:Creating package script '/home/hafizulazwan/ros2_learn_ws/install/srvcli_py/share/srvcli_py/package.zsh'
[2.027s] Level 1:colcon.colcon_core.environment:create_file_with_runtime_dependencies(/home/hafizulazwan/ros2_learn_ws/install/srvcli_py/share/colcon-core/packages/srvcli_py)
[2.185s] DEBUG:colcon.colcon_core.event_handler.log_command:Invoked command in '/home/hafizulazwan/ros2_learn_ws/build/action_pkg' returned '0': CMAKE_PREFIX_PATH=${CMAKE_PREFIX_PATH}:/home/hafizulazwan/ros2_learn_ws/install/srvcli_py:/home/hafizulazwan/ros2_learn_ws/install/pubsub_py:/home/hafizulazwan/ros2_learn_ws/install/minimal_pkg:/opt/ros/humble /usr/bin/cmake /home/hafizulazwan/ros2_learn_ws/src/action_pkg -DCMAKE_INSTALL_PREFIX=/home/hafizulazwan/ros2_learn_ws/install/action_pkg
[2.186s] DEBUG:colcon.colcon_core.event_handler.log_command:Invoking command in '/home/hafizulazwan/ros2_learn_ws/build/action_pkg': CMAKE_PREFIX_PATH=${CMAKE_PREFIX_PATH}:/home/hafizulazwan/ros2_learn_ws/install/srvcli_py:/home/hafizulazwan/ros2_learn_ws/install/pubsub_py:/home/hafizulazwan/ros2_learn_ws/install/minimal_pkg:/opt/ros/humble /usr/bin/cmake --build /home/hafizulazwan/ros2_learn_ws/build/action_pkg -- -j8 -l8
[4.999s] DEBUG:colcon.colcon_core.event_handler.log_command:Invoked command in '/home/hafizulazwan/ros2_learn_ws/build/action_pkg' returned '0': CMAKE_PREFIX_PATH=${CMAKE_PREFIX_PATH}:/home/hafizulazwan/ros2_learn_ws/install/srvcli_py:/home/hafizulazwan/ros2_learn_ws/install/pubsub_py:/home/hafizulazwan/ros2_learn_ws/install/minimal_pkg:/opt/ros/humble /usr/bin/cmake --build /home/hafizulazwan/ros2_learn_ws/build/action_pkg -- -j8 -l8
[5.001s] DEBUG:colcon.colcon_core.event_handler.log_command:Invoking command in '/home/hafizulazwan/ros2_learn_ws/build/action_pkg': CMAKE_PREFIX_PATH=${CMAKE_PREFIX_PATH}:/home/hafizulazwan/ros2_learn_ws/install/srvcli_py:/home/hafizulazwan/ros2_learn_ws/install/pubsub_py:/home/hafizulazwan/ros2_learn_ws/install/minimal_pkg:/opt/ros/humble /usr/bin/cmake --install /home/hafizulazwan/ros2_learn_ws/build/action_pkg
[5.065s] Level 1:colcon.colcon_core.environment:create_environment_scripts_only(action_pkg)
[5.065s] Level 1:colcon.colcon_core.environment:checking '/home/hafizulazwan/ros2_learn_ws/install/action_pkg' for CMake module files
[5.066s] DEBUG:colcon.colcon_core.event_handler.log_command:Invoked command in '/home/hafizulazwan/ros2_learn_ws/build/action_pkg' returned '0': CMAKE_PREFIX_PATH=${CMAKE_PREFIX_PATH}:/home/hafizulazwan/ros2_learn_ws/install/srvcli_py:/home/hafizulazwan/ros2_learn_ws/install/pubsub_py:/home/hafizulazwan/ros2_learn_ws/install/minimal_pkg:/opt/ros/humble /usr/bin/cmake --install /home/hafizulazwan/ros2_learn_ws/build/action_pkg
[5.066s] Level 1:colcon.colcon_core.environment:checking '/home/hafizulazwan/ros2_learn_ws/install/action_pkg' for CMake config files
[5.066s] Level 1:colcon.colcon_core.shell:create_environment_hook('action_pkg', 'cmake_prefix_path')
[5.067s] INFO:colcon.colcon_core.shell:Creating environment hook '/home/hafizulazwan/ros2_learn_ws/install/action_pkg/share/action_pkg/hook/cmake_prefix_path.ps1'
[5.067s] INFO:colcon.colcon_core.shell:Creating environment descriptor '/home/hafizulazwan/ros2_learn_ws/install/action_pkg/share/action_pkg/hook/cmake_prefix_path.dsv'
[5.067s] INFO:colcon.colcon_core.shell:Creating environment hook '/home/hafizulazwan/ros2_learn_ws/install/action_pkg/share/action_pkg/hook/cmake_prefix_path.sh'
[5.068s] Level 1:colcon.colcon_core.environment:checking '/home/hafizulazwan/ros2_learn_ws/install/action_pkg/lib'
[5.068s] Level 1:colcon.colcon_core.shell:create_environment_hook('action_pkg', 'ld_library_path_lib')
[5.068s] INFO:colcon.colcon_core.shell:Creating environment hook '/home/hafizulazwan/ros2_learn_ws/install/action_pkg/share/action_pkg/hook/ld_library_path_lib.ps1'
[5.068s] INFO:colcon.colcon_core.shell:Creating environment descriptor '/home/hafizulazwan/ros2_learn_ws/install/action_pkg/share/action_pkg/hook/ld_library_path_lib.dsv'
[5.069s] INFO:colcon.colcon_core.shell:Creating environment hook '/home/hafizulazwan/ros2_learn_ws/install/action_pkg/share/action_pkg/hook/ld_library_path_lib.sh'
[5.069s] Level 1:colcon.colcon_core.environment:checking '/home/hafizulazwan/ros2_learn_ws/install/action_pkg/bin'
[5.069s] Level 1:colcon.colcon_core.environment:checking '/home/hafizulazwan/ros2_learn_ws/install/action_pkg/lib/pkgconfig/action_pkg.pc'
[5.069s] Level 1:colcon.colcon_core.environment:checking '/home/hafizulazwan/ros2_learn_ws/install/action_pkg/lib/python3.10/site-packages'
[5.070s] Level 1:colcon.colcon_core.environment:checking '/home/hafizulazwan/ros2_learn_ws/install/action_pkg/bin'
[5.070s] INFO:colcon.colcon_core.shell:Creating package script '/home/hafizulazwan/ros2_learn_ws/install/action_pkg/share/action_pkg/package.ps1'
[5.070s] INFO:colcon.colcon_core.shell:Creating package descriptor '/home/hafizulazwan/ros2_learn_ws/install/action_pkg/share/action_pkg/package.dsv'
[5.071s] INFO:colcon.colcon_core.shell:Creating package script '/home/hafizulazwan/ros2_learn_ws/install/action_pkg/share/action_pkg/package.sh'
[5.071s] INFO:colcon.colcon_core.shell:Creating package script '/home/hafizulazwan/ros2_learn_ws/install/action_pkg/share/action_pkg/package.bash'
[5.071s] INFO:colcon.colcon_core.shell:Creating package script '/home/hafizulazwan/ros2_learn_ws/install/action_pkg/share/action_pkg/package.zsh'
[5.071s] Level 1:colcon.colcon_core.environment:create_file_with_runtime_dependencies(/home/hafizulazwan/ros2_learn_ws/install/action_pkg/share/colcon-core/packages/action_pkg)
[5.072s] Level 1:colcon.colcon_core.environment:create_environment_scripts_only(action_pkg)
[5.072s] Level 1:colcon.colcon_core.environment:checking '/home/hafizulazwan/ros2_learn_ws/install/action_pkg' for CMake module files
[5.073s] Level 1:colcon.colcon_core.environment:checking '/home/hafizulazwan/ros2_learn_ws/install/action_pkg' for CMake config files
[5.073s] Level 1:colcon.colcon_core.shell:create_environment_hook('action_pkg', 'cmake_prefix_path')
[5.073s] INFO:colcon.colcon_core.shell:Creating environment hook '/home/hafizulazwan/ros2_learn_ws/install/action_pkg/share/action_pkg/hook/cmake_prefix_path.ps1'
[5.073s] INFO:colcon.colcon_core.shell:Creating environment descriptor '/home/hafizulazwan/ros2_learn_ws/install/action_pkg/share/action_pkg/hook/cmake_prefix_path.dsv'
[5.074s] INFO:colcon.colcon_core.shell:Creating environment hook '/home/hafizulazwan/ros2_learn_ws/install/action_pkg/share/action_pkg/hook/cmake_prefix_path.sh'
[5.074s] Level 1:colcon.colcon_core.environment:checking '/home/hafizulazwan/ros2_learn_ws/install/action_pkg/lib'
[5.074s] Level 1:colcon.colcon_core.shell:create_environment_hook('action_pkg', 'ld_library_path_lib')
[5.074s] INFO:colcon.colcon_core.shell:Creating environment hook '/home/hafizulazwan/ros2_learn_ws/install/action_pkg/share/action_pkg/hook/ld_library_path_lib.ps1'
[5.075s] INFO:colcon.colcon_core.shell:Creating environment descriptor '/home/hafizulazwan/ros2_learn_ws/install/action_pkg/share/action_pkg/hook/ld_library_path_lib.dsv'
[5.075s] INFO:colcon.colcon_core.shell:Creating environment hook '/home/hafizulazwan/ros2_learn_ws/install/action_pkg/share/action_pkg/hook/ld_library_path_lib.sh'
[5.075s] Level 1:colcon.colcon_core.environment:checking '/home/hafizulazwan/ros2_learn_ws/install/action_pkg/bin'
[5.075s] Level 1:colcon.colcon_core.environment:checking '/home/hafizulazwan/ros2_learn_ws/install/action_pkg/lib/pkgconfig/action_pkg.pc'
[5.076s] Level 1:colcon.colcon_core.environment:checking '/home/hafizulazwan/ros2_learn_ws/install/action_pkg/lib/python3.10/site-packages'
[5.076s] Level 1:colcon.colcon_core.environment:checking '/home/hafizulazwan/ros2_learn_ws/install/action_pkg/bin'
[5.076s] INFO:colcon.colcon_core.shell:Creating package script '/home/hafizulazwan/ros2_learn_ws/install/action_pkg/share/action_pkg/package.ps1'
[5.076s] INFO:colcon.colcon_core.shell:Creating package descriptor '/home/hafizulazwan/ros2_learn_ws/install/action_pkg/share/action_pkg/package.dsv'
[5.077s] INFO:colcon.colcon_core.shell:Creating package script '/home/hafizulazwan/ros2_learn_ws/install/action_pkg/share/action_pkg/package.sh'
[5.077s] INFO:colcon.colcon_core.shell:Creating package script '/home/hafizulazwan/ros2_learn_ws/install/action_pkg/share/action_pkg/package.bash'
[5.078s] INFO:colcon.colcon_core.shell:Creating package script '/home/hafizulazwan/ros2_learn_ws/install/action_pkg/share/action_pkg/package.zsh'
[5.078s] Level 1:colcon.colcon_core.environment:create_file_with_runtime_dependencies(/home/hafizulazwan/ros2_learn_ws/install/action_pkg/share/colcon-core/packages/action_pkg)
[5.078s] DEBUG:colcon.colcon_parallel_executor.executor.parallel:closing loop
[5.078s] DEBUG:colcon.colcon_parallel_executor.executor.parallel:loop closed
[5.079s] DEBUG:colcon.colcon_parallel_executor.executor.parallel:run_until_complete finished with '0'
[5.079s] DEBUG:colcon.colcon_core.event_reactor:joining thread
[5.085s] INFO:colcon.colcon_core.plugin_system:Skipping extension 'colcon_notification.desktop_notification.terminal_notifier': Not used on non-Darwin systems
[5.086s] INFO:colcon.colcon_core.plugin_system:Skipping extension 'colcon_notification.desktop_notification.win32': Not used on non-Windows systems
[5.086s] INFO:colcon.colcon_notification.desktop_notification:Sending desktop notification using 'notify2'
[5.103s] DEBUG:colcon.colcon_core.event_reactor:joined thread
[5.103s] INFO:colcon.colcon_core.shell:Creating prefix script '/home/hafizulazwan/ros2_learn_ws/install/local_setup.ps1'
[5.105s] INFO:colcon.colcon_core.shell:Creating prefix util module '/home/hafizulazwan/ros2_learn_ws/install/_local_setup_util_ps1.py'
[5.107s] INFO:colcon.colcon_core.shell:Creating prefix chain script '/home/hafizulazwan/ros2_learn_ws/install/setup.ps1'
[5.109s] INFO:colcon.colcon_core.shell:Creating prefix script '/home/hafizulazwan/ros2_learn_ws/install/local_setup.sh'
[5.110s] INFO:colcon.colcon_core.shell:Creating prefix util module '/home/hafizulazwan/ros2_learn_ws/install/_local_setup_util_sh.py'
[5.110s] INFO:colcon.colcon_core.shell:Creating prefix chain script '/home/hafizulazwan/ros2_learn_ws/install/setup.sh'
[5.112s] INFO:colcon.colcon_core.shell:Creating prefix script '/home/hafizulazwan/ros2_learn_ws/install/local_setup.bash'
[5.113s] INFO:colcon.colcon_core.shell:Creating prefix chain script '/home/hafizulazwan/ros2_learn_ws/install/setup.bash'
[5.115s] INFO:colcon.colcon_core.shell:Creating prefix script '/home/hafizulazwan/ros2_learn_ws/install/local_setup.zsh'
[5.116s] INFO:colcon.colcon_core.shell:Creating prefix chain script '/home/hafizulazwan/ros2_learn_ws/install/setup.zsh'
