running egg_info
creating ../../build/turtle_ctrl/turtle_ctrl.egg-info
writing ../../build/turtle_ctrl/turtle_ctrl.egg-info/PKG-INFO
writing dependency_links to ../../build/turtle_ctrl/turtle_ctrl.egg-info/dependency_links.txt
writing entry points to ../../build/turtle_ctrl/turtle_ctrl.egg-info/entry_points.txt
writing requirements to ../../build/turtle_ctrl/turtle_ctrl.egg-info/requires.txt
writing top-level names to ../../build/turtle_ctrl/turtle_ctrl.egg-info/top_level.txt
writing manifest file '../../build/turtle_ctrl/turtle_ctrl.egg-info/SOURCES.txt'
reading manifest file '../../build/turtle_ctrl/turtle_ctrl.egg-info/SOURCES.txt'
writing manifest file '../../build/turtle_ctrl/turtle_ctrl.egg-info/SOURCES.txt'
running build
running build_py
creating /home/user/ros2_ws/build/turtle_ctrl/build
creating /home/user/ros2_ws/build/turtle_ctrl/build/lib
creating /home/user/ros2_ws/build/turtle_ctrl/build/lib/turtle_ctrl
copying turtle_ctrl/control_with_param.py -> /home/user/ros2_ws/build/turtle_ctrl/build/lib/turtle_ctrl
copying turtle_ctrl/__init__.py -> /home/user/ros2_ws/build/turtle_ctrl/build/lib/turtle_ctrl
running install
running install_lib
creating /home/user/ros2_ws/install/turtle_ctrl/lib/python3.10/site-packages/turtle_ctrl
copying /home/user/ros2_ws/build/turtle_ctrl/build/lib/turtle_ctrl/control_with_param.py -> /home/user/ros2_ws/install/turtle_ctrl/lib/python3.10/site-packages/turtle_ctrl
copying /home/user/ros2_ws/build/turtle_ctrl/build/lib/turtle_ctrl/__init__.py -> /home/user/ros2_ws/install/turtle_ctrl/lib/python3.10/site-packages/turtle_ctrl
byte-compiling /home/user/ros2_ws/install/turtle_ctrl/lib/python3.10/site-packages/turtle_ctrl/control_with_param.py to control_with_param.cpython-310.pyc
byte-compiling /home/user/ros2_ws/install/turtle_ctrl/lib/python3.10/site-packages/turtle_ctrl/__init__.py to __init__.cpython-310.pyc
running install_data
creating /home/user/ros2_ws/install/turtle_ctrl/share/ament_index
creating /home/user/ros2_ws/install/turtle_ctrl/share/ament_index/resource_index
creating /home/user/ros2_ws/install/turtle_ctrl/share/ament_index/resource_index/packages
copying resource/turtle_ctrl -> /home/user/ros2_ws/install/turtle_ctrl/share/ament_index/resource_index/packages
copying package.xml -> /home/user/ros2_ws/install/turtle_ctrl/share/turtle_ctrl
running install_egg_info
Copying ../../build/turtle_ctrl/turtle_ctrl.egg-info to /home/user/ros2_ws/install/turtle_ctrl/lib/python3.10/site-packages/turtle_ctrl-0.0.0-py3.10.egg-info
running install_scripts
writing list of installed files to '/home/user/ros2_ws/build/turtle_ctrl/install.log'
