[0.954s] Invoking command in '/home/user/ros2_ws/src/turtle_ctrl': PYTHONPATH=/home/user/ros2_ws/build/turtle_ctrl/prefix_override:/usr/lib/python3/dist-packages/colcon_core/task/python/colcon_distutils_commands:/home/user/ros2_ws/install/turtle_ctrl/lib/python3.10/site-packages:${PYTHONPATH} /usr/bin/python3 -W ignore:setup.py install is deprecated -W ignore:easy_install command is deprecated setup.py egg_info --egg-base ../../build/turtle_ctrl build --build-base /home/user/ros2_ws/build/turtle_ctrl/build install --record /home/user/ros2_ws/build/turtle_ctrl/install.log --single-version-externally-managed install_data
[1.099s] running egg_info
[1.099s] creating ../../build/turtle_ctrl/turtle_ctrl.egg-info
[1.100s] writing ../../build/turtle_ctrl/turtle_ctrl.egg-info/PKG-INFO
[1.100s] writing dependency_links to ../../build/turtle_ctrl/turtle_ctrl.egg-info/dependency_links.txt
[1.100s] writing entry points to ../../build/turtle_ctrl/turtle_ctrl.egg-info/entry_points.txt
[1.100s] writing requirements to ../../build/turtle_ctrl/turtle_ctrl.egg-info/requires.txt
[1.100s] writing top-level names to ../../build/turtle_ctrl/turtle_ctrl.egg-info/top_level.txt
[1.100s] writing manifest file '../../build/turtle_ctrl/turtle_ctrl.egg-info/SOURCES.txt'
[1.101s] reading manifest file '../../build/turtle_ctrl/turtle_ctrl.egg-info/SOURCES.txt'
[1.101s] writing manifest file '../../build/turtle_ctrl/turtle_ctrl.egg-info/SOURCES.txt'
[1.101s] running build
[1.101s] running build_py
[1.102s] creating /home/user/ros2_ws/build/turtle_ctrl/build
[1.102s] creating /home/user/ros2_ws/build/turtle_ctrl/build/lib
[1.102s] creating /home/user/ros2_ws/build/turtle_ctrl/build/lib/turtle_ctrl
[1.102s] copying turtle_ctrl/control_with_param.py -> /home/user/ros2_ws/build/turtle_ctrl/build/lib/turtle_ctrl
[1.102s] copying turtle_ctrl/__init__.py -> /home/user/ros2_ws/build/turtle_ctrl/build/lib/turtle_ctrl
[1.102s] running install
[1.102s] running install_lib
[1.102s] creating /home/user/ros2_ws/install/turtle_ctrl/lib/python3.10/site-packages/turtle_ctrl
[1.103s] copying /home/user/ros2_ws/build/turtle_ctrl/build/lib/turtle_ctrl/control_with_param.py -> /home/user/ros2_ws/install/turtle_ctrl/lib/python3.10/site-packages/turtle_ctrl
[1.103s] copying /home/user/ros2_ws/build/turtle_ctrl/build/lib/turtle_ctrl/__init__.py -> /home/user/ros2_ws/install/turtle_ctrl/lib/python3.10/site-packages/turtle_ctrl
[1.103s] byte-compiling /home/user/ros2_ws/install/turtle_ctrl/lib/python3.10/site-packages/turtle_ctrl/control_with_param.py to control_with_param.cpython-310.pyc
[1.103s] byte-compiling /home/user/ros2_ws/install/turtle_ctrl/lib/python3.10/site-packages/turtle_ctrl/__init__.py to __init__.cpython-310.pyc
[1.103s] running install_data
[1.103s] creating /home/user/ros2_ws/install/turtle_ctrl/share/ament_index
[1.103s] creating /home/user/ros2_ws/install/turtle_ctrl/share/ament_index/resource_index
[1.103s] creating /home/user/ros2_ws/install/turtle_ctrl/share/ament_index/resource_index/packages
[1.103s] copying resource/turtle_ctrl -> /home/user/ros2_ws/install/turtle_ctrl/share/ament_index/resource_index/packages
[1.104s] copying package.xml -> /home/user/ros2_ws/install/turtle_ctrl/share/turtle_ctrl
[1.104s] running install_egg_info
[1.105s] Copying ../../build/turtle_ctrl/turtle_ctrl.egg-info to /home/user/ros2_ws/install/turtle_ctrl/lib/python3.10/site-packages/turtle_ctrl-0.0.0-py3.10.egg-info
[1.105s] running install_scripts
[1.118s] writing list of installed files to '/home/user/ros2_ws/build/turtle_ctrl/install.log'
[1.140s] Invoked command in '/home/user/ros2_ws/src/turtle_ctrl' returned '0': PYTHONPATH=/home/user/ros2_ws/build/turtle_ctrl/prefix_override:/usr/lib/python3/dist-packages/colcon_core/task/python/colcon_distutils_commands:/home/user/ros2_ws/install/turtle_ctrl/lib/python3.10/site-packages:${PYTHONPATH} /usr/bin/python3 -W ignore:setup.py install is deprecated -W ignore:easy_install command is deprecated setup.py egg_info --egg-base ../../build/turtle_ctrl build --build-base /home/user/ros2_ws/build/turtle_ctrl/build install --record /home/user/ros2_ws/build/turtle_ctrl/install.log --single-version-externally-managed install_data
