[0.019s] Invoking command in '/home/hafizulazwan/ros2_learn_ws/build/srv_pkg': CMAKE_PREFIX_PATH=/opt/ros/humble /usr/bin/cmake /home/hafizulazwan/ros2_learn_ws/src/srv_pkg -DCMAKE_INSTALL_PREFIX=/home/hafizulazwan/ros2_learn_ws/install/srv_pkg
[0.256s] -- Found ament_cmake: 1.3.11 (/opt/ros/humble/share/ament_cmake/cmake)
[0.257s] -- Found rosidl_default_generators: 1.2.0 (/opt/ros/humble/share/rosidl_default_generators/cmake)
[0.257s] -- Using all available rosidl_typesupport_c: rosidl_typesupport_fastrtps_c;rosidl_typesupport_introspection_c
[0.257s] -- Found rosidl_adapter: 3.1.6 (/opt/ros/humble/share/rosidl_adapter/cmake)
[0.257s] -- Using all available rosidl_typesupport_cpp: rosidl_typesupport_fastrtps_cpp;rosidl_typesupport_introspection_cpp
[0.257s] -- Found std_msgs: 4.2.4 (/opt/ros/humble/share/std_msgs/cmake)
[0.480s] -- Found ament_cmake_ros: 0.10.0 (/opt/ros/humble/share/ament_cmake_ros/cmake)
[0.714s] -- Using all available rosidl_typesupport_c: rosidl_typesupport_fastrtps_c;rosidl_typesupport_introspection_c
[1.005s] -- Using all available rosidl_typesupport_cpp: rosidl_typesupport_fastrtps_cpp;rosidl_typesupport_introspection_cpp
[1.030s] -- Found PythonInterp: /usr/bin/python3 (found suitable version "3.10.12", minimum required is "3.6") 
[1.032s] -- Found python_cmake_module: 0.10.0 (/opt/ros/humble/share/python_cmake_module/cmake)
[1.064s] -- Found PythonLibs: /usr/lib/x86_64-linux-gnu/libpython3.10.so (found suitable version "3.10.12", minimum required is "3.5") 
[1.064s] -- Using PYTHON_EXECUTABLE: /usr/bin/python3
[1.064s] -- Using PYTHON_INCLUDE_DIRS: /usr/include/python3.10
[1.064s] -- Using PYTHON_LIBRARIES: /usr/lib/x86_64-linux-gnu/libpython3.10.so
[1.084s] -- Found PythonExtra: .so  
[1.143s] -- Found ament_lint_auto: 0.12.11 (/opt/ros/humble/share/ament_lint_auto/cmake)
[1.172s] -- Added test 'lint_cmake' to check CMake code style
[1.173s] -- Added test 'xmllint' to check XML markup files
[1.176s] -- Configuring done
[1.205s] -- Generating done
[1.216s] -- Build files have been written to: /home/hafizulazwan/ros2_learn_ws/build/srv_pkg
[1.223s] Invoked command in '/home/hafizulazwan/ros2_learn_ws/build/srv_pkg' returned '0': CMAKE_PREFIX_PATH=/opt/ros/humble /usr/bin/cmake /home/hafizulazwan/ros2_learn_ws/src/srv_pkg -DCMAKE_INSTALL_PREFIX=/home/hafizulazwan/ros2_learn_ws/install/srv_pkg
[1.224s] Invoking command in '/home/hafizulazwan/ros2_learn_ws/build/srv_pkg': CMAKE_PREFIX_PATH=/opt/ros/humble /usr/bin/cmake --build /home/hafizulazwan/ros2_learn_ws/build/srv_pkg -- -j8 -l8
[1.256s] [  3%] [34m[1mGenerating C code for ROS interfaces[0m
[1.263s] [  6%] [34m[1mGenerating C++ code for ROS interfaces[0m
[1.270s] [  6%] Built target ament_cmake_python_copy_srv_pkg
[1.491s] running egg_info
[1.491s] creating srv_pkg.egg-info
[1.491s] writing srv_pkg.egg-info/PKG-INFO
[1.492s] writing dependency_links to srv_pkg.egg-info/dependency_links.txt
[1.492s] writing top-level names to srv_pkg.egg-info/top_level.txt
[1.492s] writing manifest file 'srv_pkg.egg-info/SOURCES.txt'
[1.494s] reading manifest file 'srv_pkg.egg-info/SOURCES.txt'
[1.495s] writing manifest file 'srv_pkg.egg-info/SOURCES.txt'
[1.529s] [  6%] Built target ament_cmake_python_build_srv_pkg_egg
[1.547s] [  9%] [32mBuilding C object CMakeFiles/srv_pkg__rosidl_generator_c.dir/rosidl_generator_c/srv_pkg/srv/detail/joint_conversion__functions.c.o[0m
[1.547s] [  9%] Built target srv_pkg__cpp
[1.555s] [ 19%] [34m[1mGenerating C++ type support for eProsima Fast-RTPS[0m
[1.555s] [ 19%] [34m[1mGenerating C++ type support dispatch for ROS interfaces[0m
[1.555s] [ 19%] [34m[1mGenerating C++ introspection for ROS interfaces[0m
[1.624s] [ 22%] [32m[1mLinking C shared library libsrv_pkg__rosidl_generator_c.so[0m
[1.658s] [ 22%] Built target srv_pkg__rosidl_generator_c
[1.670s] [ 29%] [34m[1mGenerating C type support for eProsima Fast-RTPS[0m
[1.670s] [ 29%] [34m[1mGenerating C introspection for ROS interfaces[0m
[1.670s] [ 32%] [34m[1mGenerating C type support dispatch for ROS interfaces[0m
[1.833s] [ 35%] [32mBuilding CXX object CMakeFiles/srv_pkg__rosidl_typesupport_introspection_cpp.dir/rosidl_typesupport_introspection_cpp/srv_pkg/srv/detail/joint_conversion__type_support.cpp.o[0m
[1.879s] [ 38%] [32mBuilding CXX object CMakeFiles/srv_pkg__rosidl_typesupport_cpp.dir/rosidl_typesupport_cpp/srv_pkg/srv/joint_conversion__type_support.cpp.o[0m
[1.957s] [ 41%] [32mBuilding CXX object CMakeFiles/srv_pkg__rosidl_typesupport_fastrtps_cpp.dir/rosidl_typesupport_fastrtps_cpp/srv_pkg/srv/detail/dds_fastrtps/joint_conversion__type_support.cpp.o[0m
[1.973s] [ 45%] [32mBuilding C object CMakeFiles/srv_pkg__rosidl_typesupport_introspection_c.dir/rosidl_typesupport_introspection_c/srv_pkg/srv/detail/joint_conversion__type_support.c.o[0m
[1.996s] [ 48%] [32mBuilding CXX object CMakeFiles/srv_pkg__rosidl_typesupport_c.dir/rosidl_typesupport_c/srv_pkg/srv/joint_conversion__type_support.cpp.o[0m
[2.022s] [ 51%] [32m[1mLinking C shared library libsrv_pkg__rosidl_typesupport_introspection_c.so[0m
[2.029s] [ 54%] [32m[1mLinking CXX shared library libsrv_pkg__rosidl_typesupport_c.so[0m
[2.057s] [ 54%] Built target srv_pkg__rosidl_typesupport_introspection_c
[2.068s] [ 54%] Built target srv_pkg__rosidl_typesupport_c
[2.097s] [ 58%] [32mBuilding CXX object CMakeFiles/srv_pkg__rosidl_typesupport_fastrtps_c.dir/rosidl_typesupport_fastrtps_c/srv_pkg/srv/detail/joint_conversion__type_support_c.cpp.o[0m
[2.239s] [ 61%] [32m[1mLinking CXX shared library libsrv_pkg__rosidl_typesupport_cpp.so[0m
[2.277s] [ 61%] Built target srv_pkg__rosidl_typesupport_cpp
[2.310s] [ 64%] [32m[1mLinking CXX shared library libsrv_pkg__rosidl_typesupport_introspection_cpp.so[0m
[2.382s] [ 64%] Built target srv_pkg__rosidl_typesupport_introspection_cpp
[2.418s] [ 67%] [32m[1mLinking CXX shared library libsrv_pkg__rosidl_typesupport_fastrtps_c.so[0m
[2.423s] [ 70%] [32m[1mLinking CXX shared library libsrv_pkg__rosidl_typesupport_fastrtps_cpp.so[0m
[2.493s] [ 70%] Built target srv_pkg__rosidl_typesupport_fastrtps_c
[2.497s] [ 70%] Built target srv_pkg__rosidl_typesupport_fastrtps_cpp
[2.513s] [ 70%] Built target srv_pkg
[2.531s] [ 74%] [34m[1mGenerating Python code for ROS interfaces[0m
[2.871s] [ 74%] Built target srv_pkg__py
[2.888s] [ 77%] [32mBuilding C object CMakeFiles/srv_pkg__rosidl_generator_py.dir/rosidl_generator_py/srv_pkg/srv/_joint_conversion_s.c.o[0m
[3.017s] [ 80%] [32m[1mLinking C shared library rosidl_generator_py/srv_pkg/libsrv_pkg__rosidl_generator_py.so[0m
[3.054s] [ 80%] Built target srv_pkg__rosidl_generator_py
[3.070s] [ 90%] [32mBuilding C object CMakeFiles/srv_pkg__rosidl_typesupport_c__pyext.dir/rosidl_generator_py/srv_pkg/_srv_pkg_s.ep.rosidl_typesupport_c.c.o[0m
[3.070s] [ 90%] [32mBuilding C object CMakeFiles/srv_pkg__rosidl_typesupport_introspection_c__pyext.dir/rosidl_generator_py/srv_pkg/_srv_pkg_s.ep.rosidl_typesupport_introspection_c.c.o[0m
[3.070s] [ 90%] [32mBuilding C object CMakeFiles/srv_pkg__rosidl_typesupport_fastrtps_c__pyext.dir/rosidl_generator_py/srv_pkg/_srv_pkg_s.ep.rosidl_typesupport_fastrtps_c.c.o[0m
[3.156s] [100%] [32m[1mLinking C shared library rosidl_generator_py/srv_pkg/srv_pkg_s__rosidl_typesupport_c.cpython-310-x86_64-linux-gnu.so[0m
[3.156s] [100%] [32m[1mLinking C shared library rosidl_generator_py/srv_pkg/srv_pkg_s__rosidl_typesupport_fastrtps_c.cpython-310-x86_64-linux-gnu.so[0m
[3.156s] [100%] [32m[1mLinking C shared library rosidl_generator_py/srv_pkg/srv_pkg_s__rosidl_typesupport_introspection_c.cpython-310-x86_64-linux-gnu.so[0m
[3.189s] [100%] Built target srv_pkg__rosidl_typesupport_introspection_c__pyext
[3.190s] [100%] Built target srv_pkg__rosidl_typesupport_fastrtps_c__pyext
[3.190s] [100%] Built target srv_pkg__rosidl_typesupport_c__pyext
[3.199s] Invoked command in '/home/hafizulazwan/ros2_learn_ws/build/srv_pkg' returned '0': CMAKE_PREFIX_PATH=/opt/ros/humble /usr/bin/cmake --build /home/hafizulazwan/ros2_learn_ws/build/srv_pkg -- -j8 -l8
[3.207s] Invoking command in '/home/hafizulazwan/ros2_learn_ws/build/srv_pkg': CMAKE_PREFIX_PATH=/opt/ros/humble /usr/bin/cmake --install /home/hafizulazwan/ros2_learn_ws/build/srv_pkg
[3.214s] -- Install configuration: ""
[3.214s] -- Installing: /home/hafizulazwan/ros2_learn_ws/install/srv_pkg/share/ament_index/resource_index/rosidl_interfaces/srv_pkg
[3.214s] -- Installing: /home/hafizulazwan/ros2_learn_ws/install/srv_pkg/include/srv_pkg/srv_pkg
[3.214s] -- Installing: /home/hafizulazwan/ros2_learn_ws/install/srv_pkg/include/srv_pkg/srv_pkg/msg
[3.215s] -- Installing: /home/hafizulazwan/ros2_learn_ws/install/srv_pkg/include/srv_pkg/srv_pkg/msg/rosidl_generator_c__visibility_control.h
[3.215s] -- Installing: /home/hafizulazwan/ros2_learn_ws/install/srv_pkg/include/srv_pkg/srv_pkg/srv
[3.215s] -- Installing: /home/hafizulazwan/ros2_learn_ws/install/srv_pkg/include/srv_pkg/srv_pkg/srv/joint_conversion.h
[3.215s] -- Installing: /home/hafizulazwan/ros2_learn_ws/install/srv_pkg/include/srv_pkg/srv_pkg/srv/detail
[3.215s] -- Installing: /home/hafizulazwan/ros2_learn_ws/install/srv_pkg/include/srv_pkg/srv_pkg/srv/detail/joint_conversion__struct.h
[3.215s] -- Installing: /home/hafizulazwan/ros2_learn_ws/install/srv_pkg/include/srv_pkg/srv_pkg/srv/detail/joint_conversion__functions.c
[3.215s] -- Installing: /home/hafizulazwan/ros2_learn_ws/install/srv_pkg/include/srv_pkg/srv_pkg/srv/detail/joint_conversion__functions.h
[3.215s] -- Installing: /home/hafizulazwan/ros2_learn_ws/install/srv_pkg/include/srv_pkg/srv_pkg/srv/detail/joint_conversion__type_support.h
[3.215s] -- Installing: /home/hafizulazwan/ros2_learn_ws/install/srv_pkg/share/srv_pkg/environment/library_path.sh
[3.215s] -- Installing: /home/hafizulazwan/ros2_learn_ws/install/srv_pkg/share/srv_pkg/environment/library_path.dsv
[3.215s] -- Installing: /home/hafizulazwan/ros2_learn_ws/install/srv_pkg/lib/libsrv_pkg__rosidl_generator_c.so
[3.216s] -- Set runtime path of "/home/hafizulazwan/ros2_learn_ws/install/srv_pkg/lib/libsrv_pkg__rosidl_generator_c.so" to ""
[3.216s] -- Up-to-date: /home/hafizulazwan/ros2_learn_ws/install/srv_pkg/include/srv_pkg/srv_pkg
[3.216s] -- Up-to-date: /home/hafizulazwan/ros2_learn_ws/install/srv_pkg/include/srv_pkg/srv_pkg/msg
[3.216s] -- Installing: /home/hafizulazwan/ros2_learn_ws/install/srv_pkg/include/srv_pkg/srv_pkg/msg/rosidl_typesupport_fastrtps_c__visibility_control.h
[3.216s] -- Up-to-date: /home/hafizulazwan/ros2_learn_ws/install/srv_pkg/include/srv_pkg/srv_pkg/srv
[3.216s] -- Up-to-date: /home/hafizulazwan/ros2_learn_ws/install/srv_pkg/include/srv_pkg/srv_pkg/srv/detail
[3.216s] -- Installing: /home/hafizulazwan/ros2_learn_ws/install/srv_pkg/include/srv_pkg/srv_pkg/srv/detail/joint_conversion__rosidl_typesupport_fastrtps_c.h
[3.216s] -- Installing: /home/hafizulazwan/ros2_learn_ws/install/srv_pkg/lib/libsrv_pkg__rosidl_typesupport_fastrtps_c.so
[3.216s] -- Set runtime path of "/home/hafizulazwan/ros2_learn_ws/install/srv_pkg/lib/libsrv_pkg__rosidl_typesupport_fastrtps_c.so" to ""
[3.216s] -- Up-to-date: /home/hafizulazwan/ros2_learn_ws/install/srv_pkg/include/srv_pkg/srv_pkg
[3.217s] -- Up-to-date: /home/hafizulazwan/ros2_learn_ws/install/srv_pkg/include/srv_pkg/srv_pkg/msg
[3.217s] -- Installing: /home/hafizulazwan/ros2_learn_ws/install/srv_pkg/include/srv_pkg/srv_pkg/msg/rosidl_typesupport_introspection_c__visibility_control.h
[3.217s] -- Up-to-date: /home/hafizulazwan/ros2_learn_ws/install/srv_pkg/include/srv_pkg/srv_pkg/srv
[3.217s] -- Up-to-date: /home/hafizulazwan/ros2_learn_ws/install/srv_pkg/include/srv_pkg/srv_pkg/srv/detail
[3.217s] -- Installing: /home/hafizulazwan/ros2_learn_ws/install/srv_pkg/include/srv_pkg/srv_pkg/srv/detail/joint_conversion__rosidl_typesupport_introspection_c.h
[3.217s] -- Installing: /home/hafizulazwan/ros2_learn_ws/install/srv_pkg/include/srv_pkg/srv_pkg/srv/detail/joint_conversion__type_support.c
[3.217s] -- Installing: /home/hafizulazwan/ros2_learn_ws/install/srv_pkg/lib/libsrv_pkg__rosidl_typesupport_introspection_c.so
[3.217s] -- Set runtime path of "/home/hafizulazwan/ros2_learn_ws/install/srv_pkg/lib/libsrv_pkg__rosidl_typesupport_introspection_c.so" to ""
[3.217s] -- Installing: /home/hafizulazwan/ros2_learn_ws/install/srv_pkg/lib/libsrv_pkg__rosidl_typesupport_c.so
[3.217s] -- Set runtime path of "/home/hafizulazwan/ros2_learn_ws/install/srv_pkg/lib/libsrv_pkg__rosidl_typesupport_c.so" to ""
[3.217s] -- Up-to-date: /home/hafizulazwan/ros2_learn_ws/install/srv_pkg/include/srv_pkg/srv_pkg
[3.217s] -- Up-to-date: /home/hafizulazwan/ros2_learn_ws/install/srv_pkg/include/srv_pkg/srv_pkg/msg
[3.217s] -- Installing: /home/hafizulazwan/ros2_learn_ws/install/srv_pkg/include/srv_pkg/srv_pkg/msg/rosidl_generator_cpp__visibility_control.hpp
[3.217s] -- Up-to-date: /home/hafizulazwan/ros2_learn_ws/install/srv_pkg/include/srv_pkg/srv_pkg/srv
[3.218s] -- Up-to-date: /home/hafizulazwan/ros2_learn_ws/install/srv_pkg/include/srv_pkg/srv_pkg/srv/detail
[3.218s] -- Installing: /home/hafizulazwan/ros2_learn_ws/install/srv_pkg/include/srv_pkg/srv_pkg/srv/detail/joint_conversion__builder.hpp
[3.218s] -- Installing: /home/hafizulazwan/ros2_learn_ws/install/srv_pkg/include/srv_pkg/srv_pkg/srv/detail/joint_conversion__traits.hpp
[3.218s] -- Installing: /home/hafizulazwan/ros2_learn_ws/install/srv_pkg/include/srv_pkg/srv_pkg/srv/detail/joint_conversion__struct.hpp
[3.218s] -- Installing: /home/hafizulazwan/ros2_learn_ws/install/srv_pkg/include/srv_pkg/srv_pkg/srv/detail/joint_conversion__type_support.hpp
[3.218s] -- Installing: /home/hafizulazwan/ros2_learn_ws/install/srv_pkg/include/srv_pkg/srv_pkg/srv/joint_conversion.hpp
[3.218s] -- Up-to-date: /home/hafizulazwan/ros2_learn_ws/install/srv_pkg/include/srv_pkg/srv_pkg
[3.218s] -- Up-to-date: /home/hafizulazwan/ros2_learn_ws/install/srv_pkg/include/srv_pkg/srv_pkg/msg
[3.218s] -- Installing: /home/hafizulazwan/ros2_learn_ws/install/srv_pkg/include/srv_pkg/srv_pkg/msg/rosidl_typesupport_fastrtps_cpp__visibility_control.h
[3.218s] -- Up-to-date: /home/hafizulazwan/ros2_learn_ws/install/srv_pkg/include/srv_pkg/srv_pkg/srv
[3.218s] -- Up-to-date: /home/hafizulazwan/ros2_learn_ws/install/srv_pkg/include/srv_pkg/srv_pkg/srv/detail
[3.218s] -- Installing: /home/hafizulazwan/ros2_learn_ws/install/srv_pkg/include/srv_pkg/srv_pkg/srv/detail/joint_conversion__rosidl_typesupport_fastrtps_cpp.hpp
[3.218s] -- Installing: /home/hafizulazwan/ros2_learn_ws/install/srv_pkg/include/srv_pkg/srv_pkg/srv/detail/dds_fastrtps
[3.218s] -- Installing: /home/hafizulazwan/ros2_learn_ws/install/srv_pkg/lib/libsrv_pkg__rosidl_typesupport_fastrtps_cpp.so
[3.218s] -- Set runtime path of "/home/hafizulazwan/ros2_learn_ws/install/srv_pkg/lib/libsrv_pkg__rosidl_typesupport_fastrtps_cpp.so" to ""
[3.219s] -- Up-to-date: /home/hafizulazwan/ros2_learn_ws/install/srv_pkg/include/srv_pkg/srv_pkg
[3.219s] -- Up-to-date: /home/hafizulazwan/ros2_learn_ws/install/srv_pkg/include/srv_pkg/srv_pkg/srv
[3.219s] -- Up-to-date: /home/hafizulazwan/ros2_learn_ws/install/srv_pkg/include/srv_pkg/srv_pkg/srv/detail
[3.219s] -- Installing: /home/hafizulazwan/ros2_learn_ws/install/srv_pkg/include/srv_pkg/srv_pkg/srv/detail/joint_conversion__rosidl_typesupport_introspection_cpp.hpp
[3.219s] -- Installing: /home/hafizulazwan/ros2_learn_ws/install/srv_pkg/include/srv_pkg/srv_pkg/srv/detail/joint_conversion__type_support.cpp
[3.219s] -- Installing: /home/hafizulazwan/ros2_learn_ws/install/srv_pkg/lib/libsrv_pkg__rosidl_typesupport_introspection_cpp.so
[3.219s] -- Set runtime path of "/home/hafizulazwan/ros2_learn_ws/install/srv_pkg/lib/libsrv_pkg__rosidl_typesupport_introspection_cpp.so" to ""
[3.219s] -- Installing: /home/hafizulazwan/ros2_learn_ws/install/srv_pkg/lib/libsrv_pkg__rosidl_typesupport_cpp.so
[3.219s] -- Set runtime path of "/home/hafizulazwan/ros2_learn_ws/install/srv_pkg/lib/libsrv_pkg__rosidl_typesupport_cpp.so" to ""
[3.219s] -- Installing: /home/hafizulazwan/ros2_learn_ws/install/srv_pkg/share/srv_pkg/environment/pythonpath.sh
[3.219s] -- Installing: /home/hafizulazwan/ros2_learn_ws/install/srv_pkg/share/srv_pkg/environment/pythonpath.dsv
[3.219s] -- Installing: /home/hafizulazwan/ros2_learn_ws/install/srv_pkg/local/lib/python3.10/dist-packages/srv_pkg-0.0.0-py3.10.egg-info
[3.219s] -- Installing: /home/hafizulazwan/ros2_learn_ws/install/srv_pkg/local/lib/python3.10/dist-packages/srv_pkg-0.0.0-py3.10.egg-info/top_level.txt
[3.220s] -- Installing: /home/hafizulazwan/ros2_learn_ws/install/srv_pkg/local/lib/python3.10/dist-packages/srv_pkg-0.0.0-py3.10.egg-info/SOURCES.txt
[3.220s] -- Installing: /home/hafizulazwan/ros2_learn_ws/install/srv_pkg/local/lib/python3.10/dist-packages/srv_pkg-0.0.0-py3.10.egg-info/dependency_links.txt
[3.220s] -- Installing: /home/hafizulazwan/ros2_learn_ws/install/srv_pkg/local/lib/python3.10/dist-packages/srv_pkg-0.0.0-py3.10.egg-info/PKG-INFO
[3.220s] -- Installing: /home/hafizulazwan/ros2_learn_ws/install/srv_pkg/local/lib/python3.10/dist-packages/srv_pkg
[3.220s] -- Installing: /home/hafizulazwan/ros2_learn_ws/install/srv_pkg/local/lib/python3.10/dist-packages/srv_pkg/srv_pkg_s__rosidl_typesupport_c.cpython-310-x86_64-linux-gnu.so
[3.220s] -- Installing: /home/hafizulazwan/ros2_learn_ws/install/srv_pkg/local/lib/python3.10/dist-packages/srv_pkg/__init__.py
[3.220s] -- Installing: /home/hafizulazwan/ros2_learn_ws/install/srv_pkg/local/lib/python3.10/dist-packages/srv_pkg/libsrv_pkg__rosidl_generator_py.so
[3.220s] -- Installing: /home/hafizulazwan/ros2_learn_ws/install/srv_pkg/local/lib/python3.10/dist-packages/srv_pkg/_srv_pkg_s.ep.rosidl_typesupport_introspection_c.c
[3.220s] -- Installing: /home/hafizulazwan/ros2_learn_ws/install/srv_pkg/local/lib/python3.10/dist-packages/srv_pkg/srv_pkg_s__rosidl_typesupport_fastrtps_c.cpython-310-x86_64-linux-gnu.so
[3.220s] -- Installing: /home/hafizulazwan/ros2_learn_ws/install/srv_pkg/local/lib/python3.10/dist-packages/srv_pkg/_srv_pkg_s.ep.rosidl_typesupport_fastrtps_c.c
[3.220s] -- Installing: /home/hafizulazwan/ros2_learn_ws/install/srv_pkg/local/lib/python3.10/dist-packages/srv_pkg/srv_pkg_s__rosidl_typesupport_introspection_c.cpython-310-x86_64-linux-gnu.so
[3.220s] -- Installing: /home/hafizulazwan/ros2_learn_ws/install/srv_pkg/local/lib/python3.10/dist-packages/srv_pkg/srv
[3.220s] -- Installing: /home/hafizulazwan/ros2_learn_ws/install/srv_pkg/local/lib/python3.10/dist-packages/srv_pkg/srv/__init__.py
[3.221s] -- Installing: /home/hafizulazwan/ros2_learn_ws/install/srv_pkg/local/lib/python3.10/dist-packages/srv_pkg/srv/_joint_conversion_s.c
[3.221s] -- Installing: /home/hafizulazwan/ros2_learn_ws/install/srv_pkg/local/lib/python3.10/dist-packages/srv_pkg/srv/_joint_conversion.py
[3.221s] -- Installing: /home/hafizulazwan/ros2_learn_ws/install/srv_pkg/local/lib/python3.10/dist-packages/srv_pkg/_srv_pkg_s.ep.rosidl_typesupport_c.c
[3.251s] Listing '/home/hafizulazwan/ros2_learn_ws/install/srv_pkg/local/lib/python3.10/dist-packages/srv_pkg'...
[3.251s] Compiling '/home/hafizulazwan/ros2_learn_ws/install/srv_pkg/local/lib/python3.10/dist-packages/srv_pkg/__init__.py'...
[3.251s] Listing '/home/hafizulazwan/ros2_learn_ws/install/srv_pkg/local/lib/python3.10/dist-packages/srv_pkg/srv'...
[3.251s] Compiling '/home/hafizulazwan/ros2_learn_ws/install/srv_pkg/local/lib/python3.10/dist-packages/srv_pkg/srv/__init__.py'...
[3.251s] Compiling '/home/hafizulazwan/ros2_learn_ws/install/srv_pkg/local/lib/python3.10/dist-packages/srv_pkg/srv/_joint_conversion.py'...
[3.255s] -- Installing: /home/hafizulazwan/ros2_learn_ws/install/srv_pkg/local/lib/python3.10/dist-packages/srv_pkg/srv_pkg_s__rosidl_typesupport_fastrtps_c.cpython-310-x86_64-linux-gnu.so
[3.255s] -- Set runtime path of "/home/hafizulazwan/ros2_learn_ws/install/srv_pkg/local/lib/python3.10/dist-packages/srv_pkg/srv_pkg_s__rosidl_typesupport_fastrtps_c.cpython-310-x86_64-linux-gnu.so" to ""
[3.255s] -- Installing: /home/hafizulazwan/ros2_learn_ws/install/srv_pkg/local/lib/python3.10/dist-packages/srv_pkg/srv_pkg_s__rosidl_typesupport_introspection_c.cpython-310-x86_64-linux-gnu.so
[3.256s] -- Set runtime path of "/home/hafizulazwan/ros2_learn_ws/install/srv_pkg/local/lib/python3.10/dist-packages/srv_pkg/srv_pkg_s__rosidl_typesupport_introspection_c.cpython-310-x86_64-linux-gnu.so" to ""
[3.256s] -- Installing: /home/hafizulazwan/ros2_learn_ws/install/srv_pkg/local/lib/python3.10/dist-packages/srv_pkg/srv_pkg_s__rosidl_typesupport_c.cpython-310-x86_64-linux-gnu.so
[3.256s] -- Set runtime path of "/home/hafizulazwan/ros2_learn_ws/install/srv_pkg/local/lib/python3.10/dist-packages/srv_pkg/srv_pkg_s__rosidl_typesupport_c.cpython-310-x86_64-linux-gnu.so" to ""
[3.256s] -- Installing: /home/hafizulazwan/ros2_learn_ws/install/srv_pkg/lib/libsrv_pkg__rosidl_generator_py.so
[3.256s] -- Set runtime path of "/home/hafizulazwan/ros2_learn_ws/install/srv_pkg/lib/libsrv_pkg__rosidl_generator_py.so" to ""
[3.256s] -- Installing: /home/hafizulazwan/ros2_learn_ws/install/srv_pkg/share/srv_pkg/srv/JointConversion.idl
[3.256s] -- Installing: /home/hafizulazwan/ros2_learn_ws/install/srv_pkg/share/srv_pkg/srv/JointConversion.srv
[3.256s] -- Installing: /home/hafizulazwan/ros2_learn_ws/install/srv_pkg/share/srv_pkg/srv/JointConversion_Request.msg
[3.256s] -- Installing: /home/hafizulazwan/ros2_learn_ws/install/srv_pkg/share/srv_pkg/srv/JointConversion_Response.msg
[3.257s] -- Installing: /home/hafizulazwan/ros2_learn_ws/install/srv_pkg/share/ament_index/resource_index/package_run_dependencies/srv_pkg
[3.257s] -- Installing: /home/hafizulazwan/ros2_learn_ws/install/srv_pkg/share/ament_index/resource_index/parent_prefix_path/srv_pkg
[3.257s] -- Installing: /home/hafizulazwan/ros2_learn_ws/install/srv_pkg/share/srv_pkg/environment/ament_prefix_path.sh
[3.257s] -- Installing: /home/hafizulazwan/ros2_learn_ws/install/srv_pkg/share/srv_pkg/environment/ament_prefix_path.dsv
[3.257s] -- Installing: /home/hafizulazwan/ros2_learn_ws/install/srv_pkg/share/srv_pkg/environment/path.sh
[3.257s] -- Installing: /home/hafizulazwan/ros2_learn_ws/install/srv_pkg/share/srv_pkg/environment/path.dsv
[3.257s] -- Installing: /home/hafizulazwan/ros2_learn_ws/install/srv_pkg/share/srv_pkg/local_setup.bash
[3.257s] -- Installing: /home/hafizulazwan/ros2_learn_ws/install/srv_pkg/share/srv_pkg/local_setup.sh
[3.257s] -- Installing: /home/hafizulazwan/ros2_learn_ws/install/srv_pkg/share/srv_pkg/local_setup.zsh
[3.257s] -- Installing: /home/hafizulazwan/ros2_learn_ws/install/srv_pkg/share/srv_pkg/local_setup.dsv
[3.257s] -- Installing: /home/hafizulazwan/ros2_learn_ws/install/srv_pkg/share/srv_pkg/package.dsv
[3.258s] -- Installing: /home/hafizulazwan/ros2_learn_ws/install/srv_pkg/share/ament_index/resource_index/packages/srv_pkg
[3.258s] -- Installing: /home/hafizulazwan/ros2_learn_ws/install/srv_pkg/share/srv_pkg/cmake/export_srv_pkg__rosidl_generator_cExport.cmake
[3.258s] -- Installing: /home/hafizulazwan/ros2_learn_ws/install/srv_pkg/share/srv_pkg/cmake/export_srv_pkg__rosidl_generator_cExport-noconfig.cmake
[3.258s] -- Installing: /home/hafizulazwan/ros2_learn_ws/install/srv_pkg/share/srv_pkg/cmake/export_srv_pkg__rosidl_typesupport_fastrtps_cExport.cmake
[3.258s] -- Installing: /home/hafizulazwan/ros2_learn_ws/install/srv_pkg/share/srv_pkg/cmake/export_srv_pkg__rosidl_typesupport_fastrtps_cExport-noconfig.cmake
[3.258s] -- Installing: /home/hafizulazwan/ros2_learn_ws/install/srv_pkg/share/srv_pkg/cmake/srv_pkg__rosidl_typesupport_introspection_cExport.cmake
[3.258s] -- Installing: /home/hafizulazwan/ros2_learn_ws/install/srv_pkg/share/srv_pkg/cmake/srv_pkg__rosidl_typesupport_introspection_cExport-noconfig.cmake
[3.258s] -- Installing: /home/hafizulazwan/ros2_learn_ws/install/srv_pkg/share/srv_pkg/cmake/srv_pkg__rosidl_typesupport_cExport.cmake
[3.258s] -- Installing: /home/hafizulazwan/ros2_learn_ws/install/srv_pkg/share/srv_pkg/cmake/srv_pkg__rosidl_typesupport_cExport-noconfig.cmake
[3.258s] -- Installing: /home/hafizulazwan/ros2_learn_ws/install/srv_pkg/share/srv_pkg/cmake/export_srv_pkg__rosidl_generator_cppExport.cmake
[3.259s] -- Installing: /home/hafizulazwan/ros2_learn_ws/install/srv_pkg/share/srv_pkg/cmake/export_srv_pkg__rosidl_typesupport_fastrtps_cppExport.cmake
[3.259s] -- Installing: /home/hafizulazwan/ros2_learn_ws/install/srv_pkg/share/srv_pkg/cmake/export_srv_pkg__rosidl_typesupport_fastrtps_cppExport-noconfig.cmake
[3.259s] -- Installing: /home/hafizulazwan/ros2_learn_ws/install/srv_pkg/share/srv_pkg/cmake/srv_pkg__rosidl_typesupport_introspection_cppExport.cmake
[3.259s] -- Installing: /home/hafizulazwan/ros2_learn_ws/install/srv_pkg/share/srv_pkg/cmake/srv_pkg__rosidl_typesupport_introspection_cppExport-noconfig.cmake
[3.259s] -- Installing: /home/hafizulazwan/ros2_learn_ws/install/srv_pkg/share/srv_pkg/cmake/srv_pkg__rosidl_typesupport_cppExport.cmake
[3.259s] -- Installing: /home/hafizulazwan/ros2_learn_ws/install/srv_pkg/share/srv_pkg/cmake/srv_pkg__rosidl_typesupport_cppExport-noconfig.cmake
[3.259s] -- Installing: /home/hafizulazwan/ros2_learn_ws/install/srv_pkg/share/srv_pkg/cmake/export_srv_pkg__rosidl_generator_pyExport.cmake
[3.259s] -- Installing: /home/hafizulazwan/ros2_learn_ws/install/srv_pkg/share/srv_pkg/cmake/export_srv_pkg__rosidl_generator_pyExport-noconfig.cmake
[3.259s] -- Installing: /home/hafizulazwan/ros2_learn_ws/install/srv_pkg/share/srv_pkg/cmake/rosidl_cmake-extras.cmake
[3.259s] -- Installing: /home/hafizulazwan/ros2_learn_ws/install/srv_pkg/share/srv_pkg/cmake/ament_cmake_export_dependencies-extras.cmake
[3.260s] -- Installing: /home/hafizulazwan/ros2_learn_ws/install/srv_pkg/share/srv_pkg/cmake/ament_cmake_export_include_directories-extras.cmake
[3.260s] -- Installing: /home/hafizulazwan/ros2_learn_ws/install/srv_pkg/share/srv_pkg/cmake/ament_cmake_export_libraries-extras.cmake
[3.260s] -- Installing: /home/hafizulazwan/ros2_learn_ws/install/srv_pkg/share/srv_pkg/cmake/ament_cmake_export_targets-extras.cmake
[3.260s] -- Installing: /home/hafizulazwan/ros2_learn_ws/install/srv_pkg/share/srv_pkg/cmake/rosidl_cmake_export_typesupport_targets-extras.cmake
[3.260s] -- Installing: /home/hafizulazwan/ros2_learn_ws/install/srv_pkg/share/srv_pkg/cmake/rosidl_cmake_export_typesupport_libraries-extras.cmake
[3.260s] -- Installing: /home/hafizulazwan/ros2_learn_ws/install/srv_pkg/share/srv_pkg/cmake/srv_pkgConfig.cmake
[3.260s] -- Installing: /home/hafizulazwan/ros2_learn_ws/install/srv_pkg/share/srv_pkg/cmake/srv_pkgConfig-version.cmake
[3.260s] -- Installing: /home/hafizulazwan/ros2_learn_ws/install/srv_pkg/share/srv_pkg/package.xml
[3.263s] Invoked command in '/home/hafizulazwan/ros2_learn_ws/build/srv_pkg' returned '0': CMAKE_PREFIX_PATH=/opt/ros/humble /usr/bin/cmake --install /home/hafizulazwan/ros2_learn_ws/build/srv_pkg
