[0.597s] Invoking command in '/home/user/ros2_ws/src/minimal_pkg': PYTHONPATH=/home/user/ros2_ws/build/minimal_pkg/prefix_override:/usr/lib/python3/dist-packages/colcon_core/task/python/colcon_distutils_commands:/home/user/ros2_ws/install/minimal_pkg/lib/python3.10/site-packages:${PYTHONPATH} /usr/bin/python3 -W ignore:setup.py install is deprecated -W ignore:easy_install command is deprecated setup.py egg_info --egg-base ../../build/minimal_pkg build --build-base /home/user/ros2_ws/build/minimal_pkg/build install --record /home/user/ros2_ws/build/minimal_pkg/install.log --single-version-externally-managed install_data
[0.763s] running egg_info
[0.764s] creating ../../build/minimal_pkg/minimal_pkg.egg-info
[0.764s] writing ../../build/minimal_pkg/minimal_pkg.egg-info/PKG-INFO
[0.764s] writing dependency_links to ../../build/minimal_pkg/minimal_pkg.egg-info/dependency_links.txt
[0.764s] writing entry points to ../../build/minimal_pkg/minimal_pkg.egg-info/entry_points.txt
[0.764s] writing requirements to ../../build/minimal_pkg/minimal_pkg.egg-info/requires.txt
[0.764s] writing top-level names to ../../build/minimal_pkg/minimal_pkg.egg-info/top_level.txt
[0.764s] writing manifest file '../../build/minimal_pkg/minimal_pkg.egg-info/SOURCES.txt'
[0.765s] reading manifest file '../../build/minimal_pkg/minimal_pkg.egg-info/SOURCES.txt'
[0.765s] writing manifest file '../../build/minimal_pkg/minimal_pkg.egg-info/SOURCES.txt'
[0.765s] running build
[0.765s] running build_py
[0.765s] creating /home/user/ros2_ws/build/minimal_pkg/build
[0.765s] creating /home/user/ros2_ws/build/minimal_pkg/build/lib
[0.765s] creating /home/user/ros2_ws/build/minimal_pkg/build/lib/minimal_pkg
[0.765s] copying minimal_pkg/__init__.py -> /home/user/ros2_ws/build/minimal_pkg/build/lib/minimal_pkg
[0.765s] copying minimal_pkg/minimal_node.py -> /home/user/ros2_ws/build/minimal_pkg/build/lib/minimal_pkg
[0.766s] running install
[0.766s] running install_lib
[0.766s] creating /home/user/ros2_ws/install/minimal_pkg/lib/python3.10/site-packages/minimal_pkg
[0.766s] copying /home/user/ros2_ws/build/minimal_pkg/build/lib/minimal_pkg/__init__.py -> /home/user/ros2_ws/install/minimal_pkg/lib/python3.10/site-packages/minimal_pkg
[0.766s] copying /home/user/ros2_ws/build/minimal_pkg/build/lib/minimal_pkg/minimal_node.py -> /home/user/ros2_ws/install/minimal_pkg/lib/python3.10/site-packages/minimal_pkg
[0.767s] byte-compiling /home/user/ros2_ws/install/minimal_pkg/lib/python3.10/site-packages/minimal_pkg/__init__.py to __init__.cpython-310.pyc
[0.767s] byte-compiling /home/user/ros2_ws/install/minimal_pkg/lib/python3.10/site-packages/minimal_pkg/minimal_node.py to minimal_node.cpython-310.pyc
[0.768s] running install_data
[0.768s] creating /home/user/ros2_ws/install/minimal_pkg/share/ament_index
[0.768s] creating /home/user/ros2_ws/install/minimal_pkg/share/ament_index/resource_index
[0.768s] creating /home/user/ros2_ws/install/minimal_pkg/share/ament_index/resource_index/packages
[0.768s] copying resource/minimal_pkg -> /home/user/ros2_ws/install/minimal_pkg/share/ament_index/resource_index/packages
[0.768s] copying package.xml -> /home/user/ros2_ws/install/minimal_pkg/share/minimal_pkg
[0.768s] running install_egg_info
[0.769s] Copying ../../build/minimal_pkg/minimal_pkg.egg-info to /home/user/ros2_ws/install/minimal_pkg/lib/python3.10/site-packages/minimal_pkg-0.0.0-py3.10.egg-info
[0.770s] running install_scripts
[0.786s] Installing minimal_node script to /home/user/ros2_ws/install/minimal_pkg/lib/minimal_pkg
[0.786s] writing list of installed files to '/home/user/ros2_ws/build/minimal_pkg/install.log'
[0.811s] Invoked command in '/home/user/ros2_ws/src/minimal_pkg' returned '0': PYTHONPATH=/home/user/ros2_ws/build/minimal_pkg/prefix_override:/usr/lib/python3/dist-packages/colcon_core/task/python/colcon_distutils_commands:/home/user/ros2_ws/install/minimal_pkg/lib/python3.10/site-packages:${PYTHONPATH} /usr/bin/python3 -W ignore:setup.py install is deprecated -W ignore:easy_install command is deprecated setup.py egg_info --egg-base ../../build/minimal_pkg build --build-base /home/user/ros2_ws/build/minimal_pkg/build install --record /home/user/ros2_ws/build/minimal_pkg/install.log --single-version-externally-managed install_data
