[0.098s] DEBUG:colcon:Command line arguments: ['/usr/bin/colcon', 'build']
[0.098s] DEBUG:colcon:Parsed command line arguments: Namespace(log_base=None, log_level=None, verb_name='build', build_base='build', install_base='install', merge_install=False, symlink_install=False, test_result_base=None, continue_on_error=False, executor='parallel', parallel_workers=8, event_handlers=None, ignore_user_meta=False, metas=['./colcon.meta'], base_paths=['.'], packages_ignore=None, packages_ignore_regex=None, paths=None, packages_up_to=None, packages_up_to_regex=None, packages_above=None, packages_above_and_dependencies=None, packages_above_depth=None, packages_select_by_dep=None, packages_skip_by_dep=None, packages_skip_up_to=None, packages_select_build_failed=False, packages_skip_build_finished=False, packages_select_test_failures=False, packages_skip_test_passed=False, packages_select=None, packages_skip=None, packages_select_regex=None, packages_skip_regex=None, packages_start=None, packages_end=None, allow_overriding=[], cmake_args=None, cmake_target=None, cmake_target_skip_unavailable=False, cmake_clean_cache=False, cmake_clean_first=False, cmake_force_configure=False, ament_cmake_args=None, catkin_cmake_args=None, catkin_skip_building_tests=False, mixin_files=None, mixin=None, verb_parser=<colcon_mixin.mixin.mixin_argument.MixinArgumentDecorator object at 0x7a25745e6200>, verb_extension=<colcon_core.verb.build.BuildVerb object at 0x7a25745e5c60>, main=<bound method BuildVerb.main of <colcon_core.verb.build.BuildVerb object at 0x7a25745e5c60>>, mixin_verb=('build',))
[0.224s] Level 1:colcon.colcon_core.package_discovery:discover_packages(colcon_meta) check parameters
[0.224s] Level 1:colcon.colcon_core.package_discovery:discover_packages(recursive) check parameters
[0.224s] Level 1:colcon.colcon_core.package_discovery:discover_packages(ignore) check parameters
[0.224s] Level 1:colcon.colcon_core.package_discovery:discover_packages(path) check parameters
[0.224s] Level 1:colcon.colcon_core.package_discovery:discover_packages(colcon_meta) discover
[0.224s] Level 1:colcon.colcon_core.package_discovery:discover_packages(recursive) discover
[0.224s] INFO:colcon.colcon_core.package_discovery:Crawling recursively for packages in '/home/hafizulazwan/ros2_learn_ws'
[0.224s] Level 1:colcon.colcon_core.package_identification:_identify(.) by extensions ['ignore', 'ignore_ament_install']
[0.224s] Level 1:colcon.colcon_core.package_identification:_identify(.) by extension 'ignore'
[0.224s] Level 1:colcon.colcon_core.package_identification:_identify(.) by extension 'ignore_ament_install'
[0.224s] Level 1:colcon.colcon_core.package_identification:_identify(.) by extensions ['colcon_pkg']
[0.224s] Level 1:colcon.colcon_core.package_identification:_identify(.) by extension 'colcon_pkg'
[0.224s] Level 1:colcon.colcon_core.package_identification:_identify(.) by extensions ['colcon_meta']
[0.225s] Level 1:colcon.colcon_core.package_identification:_identify(.) by extension 'colcon_meta'
[0.225s] Level 1:colcon.colcon_core.package_identification:_identify(.) by extensions ['ros']
[0.225s] Level 1:colcon.colcon_core.package_identification:_identify(.) by extension 'ros'
[0.233s] Level 1:colcon.colcon_core.package_identification:_identify(.) by extensions ['cmake', 'python']
[0.234s] Level 1:colcon.colcon_core.package_identification:_identify(.) by extension 'cmake'
[0.234s] Level 1:colcon.colcon_core.package_identification:_identify(.) by extension 'python'
[0.234s] Level 1:colcon.colcon_core.package_identification:_identify(.) by extensions ['python_setup_py']
[0.234s] Level 1:colcon.colcon_core.package_identification:_identify(.) by extension 'python_setup_py'
[0.234s] Level 1:colcon.colcon_core.package_identification:_identify(build) by extensions ['ignore', 'ignore_ament_install']
[0.234s] Level 1:colcon.colcon_core.package_identification:_identify(build) by extension 'ignore'
[0.234s] Level 1:colcon.colcon_core.package_identification:_identify(build) ignored
[0.234s] Level 1:colcon.colcon_core.package_identification:_identify(install) by extensions ['ignore', 'ignore_ament_install']
[0.234s] Level 1:colcon.colcon_core.package_identification:_identify(install) by extension 'ignore'
[0.234s] Level 1:colcon.colcon_core.package_identification:_identify(install) ignored
[0.234s] Level 1:colcon.colcon_core.package_identification:_identify(log) by extensions ['ignore', 'ignore_ament_install']
[0.234s] Level 1:colcon.colcon_core.package_identification:_identify(log) by extension 'ignore'
[0.234s] Level 1:colcon.colcon_core.package_identification:_identify(log) ignored
[0.235s] Level 1:colcon.colcon_core.package_identification:_identify(src) by extensions ['ignore', 'ignore_ament_install']
[0.235s] Level 1:colcon.colcon_core.package_identification:_identify(src) by extension 'ignore'
[0.235s] Level 1:colcon.colcon_core.package_identification:_identify(src) by extension 'ignore_ament_install'
[0.235s] Level 1:colcon.colcon_core.package_identification:_identify(src) by extensions ['colcon_pkg']
[0.235s] Level 1:colcon.colcon_core.package_identification:_identify(src) by extension 'colcon_pkg'
[0.235s] Level 1:colcon.colcon_core.package_identification:_identify(src) by extensions ['colcon_meta']
[0.235s] Level 1:colcon.colcon_core.package_identification:_identify(src) by extension 'colcon_meta'
[0.235s] Level 1:colcon.colcon_core.package_identification:_identify(src) by extensions ['ros']
[0.235s] Level 1:colcon.colcon_core.package_identification:_identify(src) by extension 'ros'
[0.235s] Level 1:colcon.colcon_core.package_identification:_identify(src) by extensions ['cmake', 'python']
[0.235s] Level 1:colcon.colcon_core.package_identification:_identify(src) by extension 'cmake'
[0.235s] Level 1:colcon.colcon_core.package_identification:_identify(src) by extension 'python'
[0.235s] Level 1:colcon.colcon_core.package_identification:_identify(src) by extensions ['python_setup_py']
[0.235s] Level 1:colcon.colcon_core.package_identification:_identify(src) by extension 'python_setup_py'
[0.235s] Level 1:colcon.colcon_core.package_identification:_identify(src/minimal_pkg) by extensions ['ignore', 'ignore_ament_install']
[0.235s] Level 1:colcon.colcon_core.package_identification:_identify(src/minimal_pkg) by extension 'ignore'
[0.235s] Level 1:colcon.colcon_core.package_identification:_identify(src/minimal_pkg) by extension 'ignore_ament_install'
[0.235s] Level 1:colcon.colcon_core.package_identification:_identify(src/minimal_pkg) by extensions ['colcon_pkg']
[0.235s] Level 1:colcon.colcon_core.package_identification:_identify(src/minimal_pkg) by extension 'colcon_pkg'
[0.235s] Level 1:colcon.colcon_core.package_identification:_identify(src/minimal_pkg) by extensions ['colcon_meta']
[0.235s] Level 1:colcon.colcon_core.package_identification:_identify(src/minimal_pkg) by extension 'colcon_meta'
[0.235s] Level 1:colcon.colcon_core.package_identification:_identify(src/minimal_pkg) by extensions ['ros']
[0.235s] Level 1:colcon.colcon_core.package_identification:_identify(src/minimal_pkg) by extension 'ros'
[0.237s] DEBUG:colcon.colcon_core.package_identification:Package 'src/minimal_pkg' with type 'ros.ament_python' and name 'minimal_pkg'
[0.237s] Level 1:colcon.colcon_core.package_identification:_identify(src/pubsub_py) by extensions ['ignore', 'ignore_ament_install']
[0.238s] Level 1:colcon.colcon_core.package_identification:_identify(src/pubsub_py) by extension 'ignore'
[0.238s] Level 1:colcon.colcon_core.package_identification:_identify(src/pubsub_py) by extension 'ignore_ament_install'
[0.238s] Level 1:colcon.colcon_core.package_identification:_identify(src/pubsub_py) by extensions ['colcon_pkg']
[0.238s] Level 1:colcon.colcon_core.package_identification:_identify(src/pubsub_py) by extension 'colcon_pkg'
[0.238s] Level 1:colcon.colcon_core.package_identification:_identify(src/pubsub_py) by extensions ['colcon_meta']
[0.238s] Level 1:colcon.colcon_core.package_identification:_identify(src/pubsub_py) by extension 'colcon_meta'
[0.238s] Level 1:colcon.colcon_core.package_identification:_identify(src/pubsub_py) by extensions ['ros']
[0.238s] Level 1:colcon.colcon_core.package_identification:_identify(src/pubsub_py) by extension 'ros'
[0.239s] DEBUG:colcon.colcon_core.package_identification:Package 'src/pubsub_py' with type 'ros.ament_python' and name 'pubsub_py'
[0.239s] Level 1:colcon.colcon_core.package_identification:_identify(src/srv_pkg) by extensions ['ignore', 'ignore_ament_install']
[0.239s] Level 1:colcon.colcon_core.package_identification:_identify(src/srv_pkg) by extension 'ignore'
[0.239s] Level 1:colcon.colcon_core.package_identification:_identify(src/srv_pkg) by extension 'ignore_ament_install'
[0.239s] Level 1:colcon.colcon_core.package_identification:_identify(src/srv_pkg) by extensions ['colcon_pkg']
[0.239s] Level 1:colcon.colcon_core.package_identification:_identify(src/srv_pkg) by extension 'colcon_pkg'
[0.239s] Level 1:colcon.colcon_core.package_identification:_identify(src/srv_pkg) by extensions ['colcon_meta']
[0.239s] Level 1:colcon.colcon_core.package_identification:_identify(src/srv_pkg) by extension 'colcon_meta'
[0.239s] Level 1:colcon.colcon_core.package_identification:_identify(src/srv_pkg) by extensions ['ros']
[0.239s] Level 1:colcon.colcon_core.package_identification:_identify(src/srv_pkg) by extension 'ros'
[0.240s] DEBUG:colcon.colcon_core.package_identification:Package 'src/srv_pkg' with type 'ros.ament_cmake' and name 'srv_pkg'
[0.240s] Level 1:colcon.colcon_core.package_identification:_identify(src/srvcli_py) by extensions ['ignore', 'ignore_ament_install']
[0.240s] Level 1:colcon.colcon_core.package_identification:_identify(src/srvcli_py) by extension 'ignore'
[0.240s] Level 1:colcon.colcon_core.package_identification:_identify(src/srvcli_py) by extension 'ignore_ament_install'
[0.240s] Level 1:colcon.colcon_core.package_identification:_identify(src/srvcli_py) by extensions ['colcon_pkg']
[0.241s] Level 1:colcon.colcon_core.package_identification:_identify(src/srvcli_py) by extension 'colcon_pkg'
[0.241s] Level 1:colcon.colcon_core.package_identification:_identify(src/srvcli_py) by extensions ['colcon_meta']
[0.241s] Level 1:colcon.colcon_core.package_identification:_identify(src/srvcli_py) by extension 'colcon_meta'
[0.241s] Level 1:colcon.colcon_core.package_identification:_identify(src/srvcli_py) by extensions ['ros']
[0.241s] Level 1:colcon.colcon_core.package_identification:_identify(src/srvcli_py) by extension 'ros'
[0.241s] DEBUG:colcon.colcon_core.package_identification:Package 'src/srvcli_py' with type 'ros.ament_python' and name 'srvcli_py'
[0.241s] Level 1:colcon.colcon_core.package_discovery:discover_packages(recursive) using defaults
[0.241s] Level 1:colcon.colcon_core.package_discovery:discover_packages(ignore) discover
[0.241s] Level 1:colcon.colcon_core.package_discovery:discover_packages(ignore) using defaults
[0.241s] Level 1:colcon.colcon_core.package_discovery:discover_packages(path) discover
[0.241s] Level 1:colcon.colcon_core.package_discovery:discover_packages(path) using defaults
[0.268s] Level 1:colcon.colcon_core.package_discovery:discover_packages(prefix_path) check parameters
[0.268s] Level 1:colcon.colcon_core.package_discovery:discover_packages(prefix_path) discover
[0.270s] DEBUG:colcon.colcon_installed_package_information.package_discovery:Found 4 installed packages in /home/hafizulazwan/ros2_learn_ws/install
[0.271s] DEBUG:colcon.colcon_installed_package_information.package_discovery:Found 270 installed packages in /opt/ros/humble
[0.272s] Level 1:colcon.colcon_core.package_discovery:discover_packages(prefix_path) using defaults
[0.298s] Level 5:colcon.colcon_core.verb:set package 'minimal_pkg' build argument 'cmake_args' from command line to 'None'
[0.298s] Level 5:colcon.colcon_core.verb:set package 'minimal_pkg' build argument 'cmake_target' from command line to 'None'
[0.298s] Level 5:colcon.colcon_core.verb:set package 'minimal_pkg' build argument 'cmake_target_skip_unavailable' from command line to 'False'
[0.298s] Level 5:colcon.colcon_core.verb:set package 'minimal_pkg' build argument 'cmake_clean_cache' from command line to 'False'
[0.298s] Level 5:colcon.colcon_core.verb:set package 'minimal_pkg' build argument 'cmake_clean_first' from command line to 'False'
[0.298s] Level 5:colcon.colcon_core.verb:set package 'minimal_pkg' build argument 'cmake_force_configure' from command line to 'False'
[0.298s] Level 5:colcon.colcon_core.verb:set package 'minimal_pkg' build argument 'ament_cmake_args' from command line to 'None'
[0.298s] Level 5:colcon.colcon_core.verb:set package 'minimal_pkg' build argument 'catkin_cmake_args' from command line to 'None'
[0.298s] Level 5:colcon.colcon_core.verb:set package 'minimal_pkg' build argument 'catkin_skip_building_tests' from command line to 'False'
[0.298s] DEBUG:colcon.colcon_core.verb:Building package 'minimal_pkg' with the following arguments: {'ament_cmake_args': None, 'build_base': '/home/hafizulazwan/ros2_learn_ws/build/minimal_pkg', 'catkin_cmake_args': None, 'catkin_skip_building_tests': False, 'cmake_args': None, 'cmake_clean_cache': False, 'cmake_clean_first': False, 'cmake_force_configure': False, 'cmake_target': None, 'cmake_target_skip_unavailable': False, 'install_base': '/home/hafizulazwan/ros2_learn_ws/install/minimal_pkg', 'merge_install': False, 'path': '/home/hafizulazwan/ros2_learn_ws/src/minimal_pkg', 'symlink_install': False, 'test_result_base': None}
[0.299s] Level 5:colcon.colcon_core.verb:set package 'pubsub_py' build argument 'cmake_args' from command line to 'None'
[0.299s] Level 5:colcon.colcon_core.verb:set package 'pubsub_py' build argument 'cmake_target' from command line to 'None'
[0.299s] Level 5:colcon.colcon_core.verb:set package 'pubsub_py' build argument 'cmake_target_skip_unavailable' from command line to 'False'
[0.299s] Level 5:colcon.colcon_core.verb:set package 'pubsub_py' build argument 'cmake_clean_cache' from command line to 'False'
[0.299s] Level 5:colcon.colcon_core.verb:set package 'pubsub_py' build argument 'cmake_clean_first' from command line to 'False'
[0.299s] Level 5:colcon.colcon_core.verb:set package 'pubsub_py' build argument 'cmake_force_configure' from command line to 'False'
[0.299s] Level 5:colcon.colcon_core.verb:set package 'pubsub_py' build argument 'ament_cmake_args' from command line to 'None'
[0.299s] Level 5:colcon.colcon_core.verb:set package 'pubsub_py' build argument 'catkin_cmake_args' from command line to 'None'
[0.299s] Level 5:colcon.colcon_core.verb:set package 'pubsub_py' build argument 'catkin_skip_building_tests' from command line to 'False'
[0.299s] DEBUG:colcon.colcon_core.verb:Building package 'pubsub_py' with the following arguments: {'ament_cmake_args': None, 'build_base': '/home/hafizulazwan/ros2_learn_ws/build/pubsub_py', 'catkin_cmake_args': None, 'catkin_skip_building_tests': False, 'cmake_args': None, 'cmake_clean_cache': False, 'cmake_clean_first': False, 'cmake_force_configure': False, 'cmake_target': None, 'cmake_target_skip_unavailable': False, 'install_base': '/home/hafizulazwan/ros2_learn_ws/install/pubsub_py', 'merge_install': False, 'path': '/home/hafizulazwan/ros2_learn_ws/src/pubsub_py', 'symlink_install': False, 'test_result_base': None}
[0.299s] Level 5:colcon.colcon_core.verb:set package 'srv_pkg' build argument 'cmake_args' from command line to 'None'
[0.299s] Level 5:colcon.colcon_core.verb:set package 'srv_pkg' build argument 'cmake_target' from command line to 'None'
[0.299s] Level 5:colcon.colcon_core.verb:set package 'srv_pkg' build argument 'cmake_target_skip_unavailable' from command line to 'False'
[0.299s] Level 5:colcon.colcon_core.verb:set package 'srv_pkg' build argument 'cmake_clean_cache' from command line to 'False'
[0.299s] Level 5:colcon.colcon_core.verb:set package 'srv_pkg' build argument 'cmake_clean_first' from command line to 'False'
[0.299s] Level 5:colcon.colcon_core.verb:set package 'srv_pkg' build argument 'cmake_force_configure' from command line to 'False'
[0.299s] Level 5:colcon.colcon_core.verb:set package 'srv_pkg' build argument 'ament_cmake_args' from command line to 'None'
[0.299s] Level 5:colcon.colcon_core.verb:set package 'srv_pkg' build argument 'catkin_cmake_args' from command line to 'None'
[0.300s] Level 5:colcon.colcon_core.verb:set package 'srv_pkg' build argument 'catkin_skip_building_tests' from command line to 'False'
[0.300s] DEBUG:colcon.colcon_core.verb:Building package 'srv_pkg' with the following arguments: {'ament_cmake_args': None, 'build_base': '/home/hafizulazwan/ros2_learn_ws/build/srv_pkg', 'catkin_cmake_args': None, 'catkin_skip_building_tests': False, 'cmake_args': None, 'cmake_clean_cache': False, 'cmake_clean_first': False, 'cmake_force_configure': False, 'cmake_target': None, 'cmake_target_skip_unavailable': False, 'install_base': '/home/hafizulazwan/ros2_learn_ws/install/srv_pkg', 'merge_install': False, 'path': '/home/hafizulazwan/ros2_learn_ws/src/srv_pkg', 'symlink_install': False, 'test_result_base': None}
[0.300s] Level 5:colcon.colcon_core.verb:set package 'srvcli_py' build argument 'cmake_args' from command line to 'None'
[0.300s] Level 5:colcon.colcon_core.verb:set package 'srvcli_py' build argument 'cmake_target' from command line to 'None'
[0.300s] Level 5:colcon.colcon_core.verb:set package 'srvcli_py' build argument 'cmake_target_skip_unavailable' from command line to 'False'
[0.300s] Level 5:colcon.colcon_core.verb:set package 'srvcli_py' build argument 'cmake_clean_cache' from command line to 'False'
[0.300s] Level 5:colcon.colcon_core.verb:set package 'srvcli_py' build argument 'cmake_clean_first' from command line to 'False'
[0.300s] Level 5:colcon.colcon_core.verb:set package 'srvcli_py' build argument 'cmake_force_configure' from command line to 'False'
[0.300s] Level 5:colcon.colcon_core.verb:set package 'srvcli_py' build argument 'ament_cmake_args' from command line to 'None'
[0.300s] Level 5:colcon.colcon_core.verb:set package 'srvcli_py' build argument 'catkin_cmake_args' from command line to 'None'
[0.300s] Level 5:colcon.colcon_core.verb:set package 'srvcli_py' build argument 'catkin_skip_building_tests' from command line to 'False'
[0.300s] DEBUG:colcon.colcon_core.verb:Building package 'srvcli_py' with the following arguments: {'ament_cmake_args': None, 'build_base': '/home/hafizulazwan/ros2_learn_ws/build/srvcli_py', 'catkin_cmake_args': None, 'catkin_skip_building_tests': False, 'cmake_args': None, 'cmake_clean_cache': False, 'cmake_clean_first': False, 'cmake_force_configure': False, 'cmake_target': None, 'cmake_target_skip_unavailable': False, 'install_base': '/home/hafizulazwan/ros2_learn_ws/install/srvcli_py', 'merge_install': False, 'path': '/home/hafizulazwan/ros2_learn_ws/src/srvcli_py', 'symlink_install': False, 'test_result_base': None}
[0.300s] INFO:colcon.colcon_core.executor:Executing jobs using 'parallel' executor
[0.301s] DEBUG:colcon.colcon_parallel_executor.executor.parallel:run_until_complete
[0.302s] INFO:colcon.colcon_ros.task.ament_cmake.build:Building ROS package in '/home/hafizulazwan/ros2_learn_ws/src/srv_pkg' with build type 'ament_cmake'
[0.302s] INFO:colcon.colcon_cmake.task.cmake.build:Building CMake package in '/home/hafizulazwan/ros2_learn_ws/src/srv_pkg'
[0.304s] INFO:colcon.colcon_core.plugin_system:Skipping extension 'colcon_core.shell.bat': Not used on non-Windows systems
[0.304s] INFO:colcon.colcon_core.shell:Skip shell extension 'powershell' for command environment: Not usable outside of PowerShell
[0.304s] DEBUG:colcon.colcon_core.shell:Skip shell extension 'dsv' for command environment
[0.307s] INFO:colcon.colcon_ros.task.ament_python.build:Building ROS package in '/home/hafizulazwan/ros2_learn_ws/src/minimal_pkg' with build type 'ament_python'
[0.307s] Level 1:colcon.colcon_core.shell:create_environment_hook('minimal_pkg', 'ament_prefix_path')
[0.308s] INFO:colcon.colcon_core.shell:Creating environment hook '/home/hafizulazwan/ros2_learn_ws/install/minimal_pkg/share/minimal_pkg/hook/ament_prefix_path.ps1'
[0.308s] INFO:colcon.colcon_core.shell:Creating environment descriptor '/home/hafizulazwan/ros2_learn_ws/install/minimal_pkg/share/minimal_pkg/hook/ament_prefix_path.dsv'
[0.309s] INFO:colcon.colcon_core.shell:Creating environment hook '/home/hafizulazwan/ros2_learn_ws/install/minimal_pkg/share/minimal_pkg/hook/ament_prefix_path.sh'
[0.310s] INFO:colcon.colcon_core.shell:Skip shell extension 'powershell' for command environment: Not usable outside of PowerShell
[0.310s] DEBUG:colcon.colcon_core.shell:Skip shell extension 'dsv' for command environment
[0.312s] INFO:colcon.colcon_ros.task.ament_python.build:Building ROS package in '/home/hafizulazwan/ros2_learn_ws/src/pubsub_py' with build type 'ament_python'
[0.312s] Level 1:colcon.colcon_core.shell:create_environment_hook('pubsub_py', 'ament_prefix_path')
[0.313s] INFO:colcon.colcon_core.shell:Creating environment hook '/home/hafizulazwan/ros2_learn_ws/install/pubsub_py/share/pubsub_py/hook/ament_prefix_path.ps1'
[0.314s] INFO:colcon.colcon_core.shell:Creating environment descriptor '/home/hafizulazwan/ros2_learn_ws/install/pubsub_py/share/pubsub_py/hook/ament_prefix_path.dsv'
[0.314s] INFO:colcon.colcon_core.shell:Creating environment hook '/home/hafizulazwan/ros2_learn_ws/install/pubsub_py/share/pubsub_py/hook/ament_prefix_path.sh'
[0.316s] INFO:colcon.colcon_core.shell:Skip shell extension 'powershell' for command environment: Not usable outside of PowerShell
[0.316s] DEBUG:colcon.colcon_core.shell:Skip shell extension 'dsv' for command environment
[0.326s] DEBUG:colcon.colcon_core.event_handler.log_command:Invoking command in '/home/hafizulazwan/ros2_learn_ws/build/srv_pkg': CMAKE_PREFIX_PATH=${CMAKE_PREFIX_PATH}:/home/hafizulazwan/ros2_learn_ws/install/srvcli_py:/home/hafizulazwan/ros2_learn_ws/install/pubsub_py:/home/hafizulazwan/ros2_learn_ws/install/minimal_pkg:/opt/ros/humble /usr/bin/cmake --build /home/hafizulazwan/ros2_learn_ws/build/srv_pkg -- -j8 -l8
[0.584s] INFO:colcon.colcon_core.task.python.build:Building Python package in '/home/hafizulazwan/ros2_learn_ws/src/minimal_pkg'
[0.585s] INFO:colcon.colcon_core.shell:Skip shell extension 'powershell' for command environment: Not usable outside of PowerShell
[0.585s] DEBUG:colcon.colcon_core.shell:Skip shell extension 'dsv' for command environment
[0.824s] INFO:colcon.colcon_core.task.python.build:Building Python package in '/home/hafizulazwan/ros2_learn_ws/src/pubsub_py'
[0.824s] INFO:colcon.colcon_core.shell:Skip shell extension 'powershell' for command environment: Not usable outside of PowerShell
[0.824s] DEBUG:colcon.colcon_core.shell:Skip shell extension 'dsv' for command environment
[0.831s] DEBUG:colcon.colcon_core.event_handler.log_command:Invoked command in '/home/hafizulazwan/ros2_learn_ws/build/srv_pkg' returned '0': CMAKE_PREFIX_PATH=${CMAKE_PREFIX_PATH}:/home/hafizulazwan/ros2_learn_ws/install/srvcli_py:/home/hafizulazwan/ros2_learn_ws/install/pubsub_py:/home/hafizulazwan/ros2_learn_ws/install/minimal_pkg:/opt/ros/humble /usr/bin/cmake --build /home/hafizulazwan/ros2_learn_ws/build/srv_pkg -- -j8 -l8
[0.841s] DEBUG:colcon.colcon_core.event_handler.log_command:Invoking command in '/home/hafizulazwan/ros2_learn_ws/build/srv_pkg': CMAKE_PREFIX_PATH=${CMAKE_PREFIX_PATH}:/home/hafizulazwan/ros2_learn_ws/install/srvcli_py:/home/hafizulazwan/ros2_learn_ws/install/pubsub_py:/home/hafizulazwan/ros2_learn_ws/install/minimal_pkg:/opt/ros/humble /usr/bin/cmake --install /home/hafizulazwan/ros2_learn_ws/build/srv_pkg
[0.889s] Level 1:colcon.colcon_core.environment:create_environment_scripts_only(srv_pkg)
[0.890s] DEBUG:colcon.colcon_core.event_handler.log_command:Invoked command in '/home/hafizulazwan/ros2_learn_ws/build/srv_pkg' returned '0': CMAKE_PREFIX_PATH=${CMAKE_PREFIX_PATH}:/home/hafizulazwan/ros2_learn_ws/install/srvcli_py:/home/hafizulazwan/ros2_learn_ws/install/pubsub_py:/home/hafizulazwan/ros2_learn_ws/install/minimal_pkg:/opt/ros/humble /usr/bin/cmake --install /home/hafizulazwan/ros2_learn_ws/build/srv_pkg
[0.893s] Level 1:colcon.colcon_core.environment:checking '/home/hafizulazwan/ros2_learn_ws/install/srv_pkg' for CMake module files
[0.894s] Level 1:colcon.colcon_core.environment:checking '/home/hafizulazwan/ros2_learn_ws/install/srv_pkg' for CMake config files
[0.894s] Level 1:colcon.colcon_core.shell:create_environment_hook('srv_pkg', 'cmake_prefix_path')
[0.895s] INFO:colcon.colcon_core.shell:Creating environment hook '/home/hafizulazwan/ros2_learn_ws/install/srv_pkg/share/srv_pkg/hook/cmake_prefix_path.ps1'
[0.895s] INFO:colcon.colcon_core.shell:Creating environment descriptor '/home/hafizulazwan/ros2_learn_ws/install/srv_pkg/share/srv_pkg/hook/cmake_prefix_path.dsv'
[0.896s] INFO:colcon.colcon_core.shell:Creating environment hook '/home/hafizulazwan/ros2_learn_ws/install/srv_pkg/share/srv_pkg/hook/cmake_prefix_path.sh'
[0.896s] Level 1:colcon.colcon_core.environment:checking '/home/hafizulazwan/ros2_learn_ws/install/srv_pkg/lib'
[0.897s] Level 1:colcon.colcon_core.shell:create_environment_hook('srv_pkg', 'ld_library_path_lib')
[0.897s] INFO:colcon.colcon_core.shell:Creating environment hook '/home/hafizulazwan/ros2_learn_ws/install/srv_pkg/share/srv_pkg/hook/ld_library_path_lib.ps1'
[0.898s] INFO:colcon.colcon_core.shell:Creating environment descriptor '/home/hafizulazwan/ros2_learn_ws/install/srv_pkg/share/srv_pkg/hook/ld_library_path_lib.dsv'
[0.898s] INFO:colcon.colcon_core.shell:Creating environment hook '/home/hafizulazwan/ros2_learn_ws/install/srv_pkg/share/srv_pkg/hook/ld_library_path_lib.sh'
[0.898s] Level 1:colcon.colcon_core.environment:checking '/home/hafizulazwan/ros2_learn_ws/install/srv_pkg/bin'
[0.898s] Level 1:colcon.colcon_core.environment:checking '/home/hafizulazwan/ros2_learn_ws/install/srv_pkg/lib/pkgconfig/srv_pkg.pc'
[0.899s] Level 1:colcon.colcon_core.environment:checking '/home/hafizulazwan/ros2_learn_ws/install/srv_pkg/lib/python3.10/site-packages'
[0.899s] Level 1:colcon.colcon_core.environment:checking '/home/hafizulazwan/ros2_learn_ws/install/srv_pkg/bin'
[0.899s] INFO:colcon.colcon_core.shell:Creating package script '/home/hafizulazwan/ros2_learn_ws/install/srv_pkg/share/srv_pkg/package.ps1'
[0.900s] INFO:colcon.colcon_core.shell:Creating package descriptor '/home/hafizulazwan/ros2_learn_ws/install/srv_pkg/share/srv_pkg/package.dsv'
[0.901s] INFO:colcon.colcon_core.shell:Creating package script '/home/hafizulazwan/ros2_learn_ws/install/srv_pkg/share/srv_pkg/package.sh'
[0.901s] INFO:colcon.colcon_core.shell:Creating package script '/home/hafizulazwan/ros2_learn_ws/install/srv_pkg/share/srv_pkg/package.bash'
[0.902s] INFO:colcon.colcon_core.shell:Creating package script '/home/hafizulazwan/ros2_learn_ws/install/srv_pkg/share/srv_pkg/package.zsh'
[0.903s] Level 1:colcon.colcon_core.environment:create_file_with_runtime_dependencies(/home/hafizulazwan/ros2_learn_ws/install/srv_pkg/share/colcon-core/packages/srv_pkg)
[0.903s] Level 1:colcon.colcon_core.environment:create_environment_scripts_only(srv_pkg)
[0.904s] Level 1:colcon.colcon_core.environment:checking '/home/hafizulazwan/ros2_learn_ws/install/srv_pkg' for CMake module files
[0.904s] Level 1:colcon.colcon_core.environment:checking '/home/hafizulazwan/ros2_learn_ws/install/srv_pkg' for CMake config files
[0.905s] Level 1:colcon.colcon_core.shell:create_environment_hook('srv_pkg', 'cmake_prefix_path')
[0.905s] INFO:colcon.colcon_core.shell:Creating environment hook '/home/hafizulazwan/ros2_learn_ws/install/srv_pkg/share/srv_pkg/hook/cmake_prefix_path.ps1'
[0.905s] INFO:colcon.colcon_core.shell:Creating environment descriptor '/home/hafizulazwan/ros2_learn_ws/install/srv_pkg/share/srv_pkg/hook/cmake_prefix_path.dsv'
[0.906s] INFO:colcon.colcon_core.shell:Creating environment hook '/home/hafizulazwan/ros2_learn_ws/install/srv_pkg/share/srv_pkg/hook/cmake_prefix_path.sh'
[0.906s] Level 1:colcon.colcon_core.environment:checking '/home/hafizulazwan/ros2_learn_ws/install/srv_pkg/lib'
[0.906s] Level 1:colcon.colcon_core.shell:create_environment_hook('srv_pkg', 'ld_library_path_lib')
[0.907s] INFO:colcon.colcon_core.shell:Creating environment hook '/home/hafizulazwan/ros2_learn_ws/install/srv_pkg/share/srv_pkg/hook/ld_library_path_lib.ps1'
[0.907s] INFO:colcon.colcon_core.shell:Creating environment descriptor '/home/hafizulazwan/ros2_learn_ws/install/srv_pkg/share/srv_pkg/hook/ld_library_path_lib.dsv'
[0.907s] INFO:colcon.colcon_core.shell:Creating environment hook '/home/hafizulazwan/ros2_learn_ws/install/srv_pkg/share/srv_pkg/hook/ld_library_path_lib.sh'
[0.908s] Level 1:colcon.colcon_core.environment:checking '/home/hafizulazwan/ros2_learn_ws/install/srv_pkg/bin'
[0.908s] Level 1:colcon.colcon_core.environment:checking '/home/hafizulazwan/ros2_learn_ws/install/srv_pkg/lib/pkgconfig/srv_pkg.pc'
[0.908s] Level 1:colcon.colcon_core.environment:checking '/home/hafizulazwan/ros2_learn_ws/install/srv_pkg/lib/python3.10/site-packages'
[0.908s] Level 1:colcon.colcon_core.environment:checking '/home/hafizulazwan/ros2_learn_ws/install/srv_pkg/bin'
[0.909s] INFO:colcon.colcon_core.shell:Creating package script '/home/hafizulazwan/ros2_learn_ws/install/srv_pkg/share/srv_pkg/package.ps1'
[0.909s] INFO:colcon.colcon_core.shell:Creating package descriptor '/home/hafizulazwan/ros2_learn_ws/install/srv_pkg/share/srv_pkg/package.dsv'
[0.910s] INFO:colcon.colcon_core.shell:Creating package script '/home/hafizulazwan/ros2_learn_ws/install/srv_pkg/share/srv_pkg/package.sh'
[0.911s] INFO:colcon.colcon_core.shell:Creating package script '/home/hafizulazwan/ros2_learn_ws/install/srv_pkg/share/srv_pkg/package.bash'
[0.911s] INFO:colcon.colcon_core.shell:Creating package script '/home/hafizulazwan/ros2_learn_ws/install/srv_pkg/share/srv_pkg/package.zsh'
[0.912s] Level 1:colcon.colcon_core.environment:create_file_with_runtime_dependencies(/home/hafizulazwan/ros2_learn_ws/install/srv_pkg/share/colcon-core/packages/srv_pkg)
[0.912s] INFO:colcon.colcon_ros.task.ament_python.build:Building ROS package in '/home/hafizulazwan/ros2_learn_ws/src/srvcli_py' with build type 'ament_python'
[0.913s] Level 1:colcon.colcon_core.shell:create_environment_hook('srvcli_py', 'ament_prefix_path')
[0.913s] INFO:colcon.colcon_core.shell:Creating environment hook '/home/hafizulazwan/ros2_learn_ws/install/srvcli_py/share/srvcli_py/hook/ament_prefix_path.ps1'
[0.914s] INFO:colcon.colcon_core.shell:Creating environment descriptor '/home/hafizulazwan/ros2_learn_ws/install/srvcli_py/share/srvcli_py/hook/ament_prefix_path.dsv'
[0.914s] INFO:colcon.colcon_core.shell:Creating environment hook '/home/hafizulazwan/ros2_learn_ws/install/srvcli_py/share/srvcli_py/hook/ament_prefix_path.sh'
[0.915s] INFO:colcon.colcon_core.shell:Skip shell extension 'powershell' for command environment: Not usable outside of PowerShell
[0.915s] DEBUG:colcon.colcon_core.shell:Skip shell extension 'dsv' for command environment
[1.195s] INFO:colcon.colcon_core.task.python.build:Building Python package in '/home/hafizulazwan/ros2_learn_ws/src/srvcli_py'
[1.196s] INFO:colcon.colcon_core.shell:Skip shell extension 'powershell' for command environment: Not usable outside of PowerShell
[1.196s] DEBUG:colcon.colcon_core.shell:Skip shell extension 'dsv' for command environment
[1.205s] DEBUG:colcon.colcon_core.event_handler.log_command:Invoking command in '/home/hafizulazwan/ros2_learn_ws/src/minimal_pkg': PYTHONPATH=/home/hafizulazwan/ros2_learn_ws/build/minimal_pkg/prefix_override:/usr/lib/python3/dist-packages/colcon_core/task/python/colcon_distutils_commands:/home/hafizulazwan/ros2_learn_ws/install/minimal_pkg/lib/python3.10/site-packages:${PYTHONPATH} /usr/bin/python3 -W ignore:setup.py install is deprecated -W ignore:easy_install command is deprecated setup.py egg_info --egg-base ../../build/minimal_pkg build --build-base /home/hafizulazwan/ros2_learn_ws/build/minimal_pkg/build install --record /home/hafizulazwan/ros2_learn_ws/build/minimal_pkg/install.log --single-version-externally-managed install_data
[1.208s] DEBUG:colcon.colcon_core.event_handler.log_command:Invoking command in '/home/hafizulazwan/ros2_learn_ws/src/pubsub_py': PYTHONPATH=/home/hafizulazwan/ros2_learn_ws/build/pubsub_py/prefix_override:/usr/lib/python3/dist-packages/colcon_core/task/python/colcon_distutils_commands:/home/hafizulazwan/ros2_learn_ws/install/pubsub_py/lib/python3.10/site-packages:${PYTHONPATH} /usr/bin/python3 -W ignore:setup.py install is deprecated -W ignore:easy_install command is deprecated setup.py egg_info --egg-base ../../build/pubsub_py build --build-base /home/hafizulazwan/ros2_learn_ws/build/pubsub_py/build install --record /home/hafizulazwan/ros2_learn_ws/build/pubsub_py/install.log --single-version-externally-managed install_data
[1.484s] Level 1:colcon.colcon_core.environment:checking '/home/hafizulazwan/ros2_learn_ws/install/minimal_pkg' for CMake module files
[1.485s] DEBUG:colcon.colcon_core.event_handler.log_command:Invoked command in '/home/hafizulazwan/ros2_learn_ws/src/minimal_pkg' returned '0': PYTHONPATH=/home/hafizulazwan/ros2_learn_ws/build/minimal_pkg/prefix_override:/usr/lib/python3/dist-packages/colcon_core/task/python/colcon_distutils_commands:/home/hafizulazwan/ros2_learn_ws/install/minimal_pkg/lib/python3.10/site-packages:${PYTHONPATH} /usr/bin/python3 -W ignore:setup.py install is deprecated -W ignore:easy_install command is deprecated setup.py egg_info --egg-base ../../build/minimal_pkg build --build-base /home/hafizulazwan/ros2_learn_ws/build/minimal_pkg/build install --record /home/hafizulazwan/ros2_learn_ws/build/minimal_pkg/install.log --single-version-externally-managed install_data
[1.485s] Level 1:colcon.colcon_core.environment:checking '/home/hafizulazwan/ros2_learn_ws/install/minimal_pkg' for CMake config files
[1.485s] Level 1:colcon.colcon_core.environment:checking '/home/hafizulazwan/ros2_learn_ws/install/minimal_pkg/lib'
[1.485s] Level 1:colcon.colcon_core.environment:checking '/home/hafizulazwan/ros2_learn_ws/install/minimal_pkg/bin'
[1.485s] Level 1:colcon.colcon_core.environment:checking '/home/hafizulazwan/ros2_learn_ws/install/minimal_pkg/lib/pkgconfig/minimal_pkg.pc'
[1.486s] Level 1:colcon.colcon_core.environment:checking '/home/hafizulazwan/ros2_learn_ws/install/minimal_pkg/lib/python3.10/site-packages'
[1.486s] Level 1:colcon.colcon_core.shell:create_environment_hook('minimal_pkg', 'pythonpath')
[1.486s] INFO:colcon.colcon_core.shell:Creating environment hook '/home/hafizulazwan/ros2_learn_ws/install/minimal_pkg/share/minimal_pkg/hook/pythonpath.ps1'
[1.486s] INFO:colcon.colcon_core.shell:Creating environment descriptor '/home/hafizulazwan/ros2_learn_ws/install/minimal_pkg/share/minimal_pkg/hook/pythonpath.dsv'
[1.487s] INFO:colcon.colcon_core.shell:Creating environment hook '/home/hafizulazwan/ros2_learn_ws/install/minimal_pkg/share/minimal_pkg/hook/pythonpath.sh'
[1.487s] Level 1:colcon.colcon_core.environment:checking '/home/hafizulazwan/ros2_learn_ws/install/minimal_pkg/bin'
[1.487s] Level 1:colcon.colcon_core.environment:create_environment_scripts_only(minimal_pkg)
[1.488s] INFO:colcon.colcon_core.shell:Creating package script '/home/hafizulazwan/ros2_learn_ws/install/minimal_pkg/share/minimal_pkg/package.ps1'
[1.488s] INFO:colcon.colcon_core.shell:Creating package descriptor '/home/hafizulazwan/ros2_learn_ws/install/minimal_pkg/share/minimal_pkg/package.dsv'
[1.489s] INFO:colcon.colcon_core.shell:Creating package script '/home/hafizulazwan/ros2_learn_ws/install/minimal_pkg/share/minimal_pkg/package.sh'
[1.489s] INFO:colcon.colcon_core.shell:Creating package script '/home/hafizulazwan/ros2_learn_ws/install/minimal_pkg/share/minimal_pkg/package.bash'
[1.489s] INFO:colcon.colcon_core.shell:Creating package script '/home/hafizulazwan/ros2_learn_ws/install/minimal_pkg/share/minimal_pkg/package.zsh'
[1.490s] Level 1:colcon.colcon_core.environment:create_file_with_runtime_dependencies(/home/hafizulazwan/ros2_learn_ws/install/minimal_pkg/share/colcon-core/packages/minimal_pkg)
[1.491s] Level 1:colcon.colcon_core.environment:checking '/home/hafizulazwan/ros2_learn_ws/install/pubsub_py' for CMake module files
[1.491s] DEBUG:colcon.colcon_core.event_handler.log_command:Invoked command in '/home/hafizulazwan/ros2_learn_ws/src/pubsub_py' returned '0': PYTHONPATH=/home/hafizulazwan/ros2_learn_ws/build/pubsub_py/prefix_override:/usr/lib/python3/dist-packages/colcon_core/task/python/colcon_distutils_commands:/home/hafizulazwan/ros2_learn_ws/install/pubsub_py/lib/python3.10/site-packages:${PYTHONPATH} /usr/bin/python3 -W ignore:setup.py install is deprecated -W ignore:easy_install command is deprecated setup.py egg_info --egg-base ../../build/pubsub_py build --build-base /home/hafizulazwan/ros2_learn_ws/build/pubsub_py/build install --record /home/hafizulazwan/ros2_learn_ws/build/pubsub_py/install.log --single-version-externally-managed install_data
[1.491s] Level 1:colcon.colcon_core.environment:checking '/home/hafizulazwan/ros2_learn_ws/install/pubsub_py' for CMake config files
[1.492s] Level 1:colcon.colcon_core.environment:checking '/home/hafizulazwan/ros2_learn_ws/install/pubsub_py/lib'
[1.492s] Level 1:colcon.colcon_core.environment:checking '/home/hafizulazwan/ros2_learn_ws/install/pubsub_py/bin'
[1.492s] Level 1:colcon.colcon_core.environment:checking '/home/hafizulazwan/ros2_learn_ws/install/pubsub_py/lib/pkgconfig/pubsub_py.pc'
[1.492s] Level 1:colcon.colcon_core.environment:checking '/home/hafizulazwan/ros2_learn_ws/install/pubsub_py/lib/python3.10/site-packages'
[1.492s] Level 1:colcon.colcon_core.shell:create_environment_hook('pubsub_py', 'pythonpath')
[1.492s] INFO:colcon.colcon_core.shell:Creating environment hook '/home/hafizulazwan/ros2_learn_ws/install/pubsub_py/share/pubsub_py/hook/pythonpath.ps1'
[1.493s] INFO:colcon.colcon_core.shell:Creating environment descriptor '/home/hafizulazwan/ros2_learn_ws/install/pubsub_py/share/pubsub_py/hook/pythonpath.dsv'
[1.493s] INFO:colcon.colcon_core.shell:Creating environment hook '/home/hafizulazwan/ros2_learn_ws/install/pubsub_py/share/pubsub_py/hook/pythonpath.sh'
[1.494s] Level 1:colcon.colcon_core.environment:checking '/home/hafizulazwan/ros2_learn_ws/install/pubsub_py/bin'
[1.494s] Level 1:colcon.colcon_core.environment:create_environment_scripts_only(pubsub_py)
[1.494s] INFO:colcon.colcon_core.shell:Creating package script '/home/hafizulazwan/ros2_learn_ws/install/pubsub_py/share/pubsub_py/package.ps1'
[1.494s] INFO:colcon.colcon_core.shell:Creating package descriptor '/home/hafizulazwan/ros2_learn_ws/install/pubsub_py/share/pubsub_py/package.dsv'
[1.495s] INFO:colcon.colcon_core.shell:Creating package script '/home/hafizulazwan/ros2_learn_ws/install/pubsub_py/share/pubsub_py/package.sh'
[1.495s] INFO:colcon.colcon_core.shell:Creating package script '/home/hafizulazwan/ros2_learn_ws/install/pubsub_py/share/pubsub_py/package.bash'
[1.495s] INFO:colcon.colcon_core.shell:Creating package script '/home/hafizulazwan/ros2_learn_ws/install/pubsub_py/share/pubsub_py/package.zsh'
[1.496s] Level 1:colcon.colcon_core.environment:create_file_with_runtime_dependencies(/home/hafizulazwan/ros2_learn_ws/install/pubsub_py/share/colcon-core/packages/pubsub_py)
[1.527s] DEBUG:colcon.colcon_core.event_handler.log_command:Invoking command in '/home/hafizulazwan/ros2_learn_ws/src/srvcli_py': PYTHONPATH=/home/hafizulazwan/ros2_learn_ws/build/srvcli_py/prefix_override:/usr/lib/python3/dist-packages/colcon_core/task/python/colcon_distutils_commands:/home/hafizulazwan/ros2_learn_ws/install/srvcli_py/lib/python3.10/site-packages:${PYTHONPATH} /usr/bin/python3 -W ignore:setup.py install is deprecated -W ignore:easy_install command is deprecated setup.py egg_info --egg-base ../../build/srvcli_py build --build-base /home/hafizulazwan/ros2_learn_ws/build/srvcli_py/build install --record /home/hafizulazwan/ros2_learn_ws/build/srvcli_py/install.log --single-version-externally-managed install_data
[1.785s] Level 1:colcon.colcon_core.environment:checking '/home/hafizulazwan/ros2_learn_ws/install/srvcli_py' for CMake module files
[1.785s] DEBUG:colcon.colcon_core.event_handler.log_command:Invoked command in '/home/hafizulazwan/ros2_learn_ws/src/srvcli_py' returned '0': PYTHONPATH=/home/hafizulazwan/ros2_learn_ws/build/srvcli_py/prefix_override:/usr/lib/python3/dist-packages/colcon_core/task/python/colcon_distutils_commands:/home/hafizulazwan/ros2_learn_ws/install/srvcli_py/lib/python3.10/site-packages:${PYTHONPATH} /usr/bin/python3 -W ignore:setup.py install is deprecated -W ignore:easy_install command is deprecated setup.py egg_info --egg-base ../../build/srvcli_py build --build-base /home/hafizulazwan/ros2_learn_ws/build/srvcli_py/build install --record /home/hafizulazwan/ros2_learn_ws/build/srvcli_py/install.log --single-version-externally-managed install_data
[1.785s] Level 1:colcon.colcon_core.environment:checking '/home/hafizulazwan/ros2_learn_ws/install/srvcli_py' for CMake config files
[1.786s] Level 1:colcon.colcon_core.environment:checking '/home/hafizulazwan/ros2_learn_ws/install/srvcli_py/lib'
[1.786s] Level 1:colcon.colcon_core.environment:checking '/home/hafizulazwan/ros2_learn_ws/install/srvcli_py/bin'
[1.786s] Level 1:colcon.colcon_core.environment:checking '/home/hafizulazwan/ros2_learn_ws/install/srvcli_py/lib/pkgconfig/srvcli_py.pc'
[1.786s] Level 1:colcon.colcon_core.environment:checking '/home/hafizulazwan/ros2_learn_ws/install/srvcli_py/lib/python3.10/site-packages'
[1.786s] Level 1:colcon.colcon_core.shell:create_environment_hook('srvcli_py', 'pythonpath')
[1.786s] INFO:colcon.colcon_core.shell:Creating environment hook '/home/hafizulazwan/ros2_learn_ws/install/srvcli_py/share/srvcli_py/hook/pythonpath.ps1'
[1.787s] INFO:colcon.colcon_core.shell:Creating environment descriptor '/home/hafizulazwan/ros2_learn_ws/install/srvcli_py/share/srvcli_py/hook/pythonpath.dsv'
[1.787s] INFO:colcon.colcon_core.shell:Creating environment hook '/home/hafizulazwan/ros2_learn_ws/install/srvcli_py/share/srvcli_py/hook/pythonpath.sh'
[1.788s] Level 1:colcon.colcon_core.environment:checking '/home/hafizulazwan/ros2_learn_ws/install/srvcli_py/bin'
[1.788s] Level 1:colcon.colcon_core.environment:create_environment_scripts_only(srvcli_py)
[1.788s] INFO:colcon.colcon_core.shell:Creating package script '/home/hafizulazwan/ros2_learn_ws/install/srvcli_py/share/srvcli_py/package.ps1'
[1.788s] INFO:colcon.colcon_core.shell:Creating package descriptor '/home/hafizulazwan/ros2_learn_ws/install/srvcli_py/share/srvcli_py/package.dsv'
[1.789s] INFO:colcon.colcon_core.shell:Creating package script '/home/hafizulazwan/ros2_learn_ws/install/srvcli_py/share/srvcli_py/package.sh'
[1.789s] INFO:colcon.colcon_core.shell:Creating package script '/home/hafizulazwan/ros2_learn_ws/install/srvcli_py/share/srvcli_py/package.bash'
[1.789s] INFO:colcon.colcon_core.shell:Creating package script '/home/hafizulazwan/ros2_learn_ws/install/srvcli_py/share/srvcli_py/package.zsh'
[1.789s] Level 1:colcon.colcon_core.environment:create_file_with_runtime_dependencies(/home/hafizulazwan/ros2_learn_ws/install/srvcli_py/share/colcon-core/packages/srvcli_py)
[1.790s] DEBUG:colcon.colcon_parallel_executor.executor.parallel:closing loop
[1.790s] DEBUG:colcon.colcon_parallel_executor.executor.parallel:loop closed
[1.790s] DEBUG:colcon.colcon_parallel_executor.executor.parallel:run_until_complete finished with '0'
[1.790s] DEBUG:colcon.colcon_core.event_reactor:joining thread
[1.794s] INFO:colcon.colcon_core.plugin_system:Skipping extension 'colcon_notification.desktop_notification.terminal_notifier': Not used on non-Darwin systems
[1.795s] INFO:colcon.colcon_core.plugin_system:Skipping extension 'colcon_notification.desktop_notification.win32': Not used on non-Windows systems
[1.795s] INFO:colcon.colcon_notification.desktop_notification:Sending desktop notification using 'notify2'
[1.807s] DEBUG:colcon.colcon_core.event_reactor:joined thread
[1.808s] INFO:colcon.colcon_core.shell:Creating prefix script '/home/hafizulazwan/ros2_learn_ws/install/local_setup.ps1'
[1.809s] INFO:colcon.colcon_core.shell:Creating prefix util module '/home/hafizulazwan/ros2_learn_ws/install/_local_setup_util_ps1.py'
[1.810s] INFO:colcon.colcon_core.shell:Creating prefix chain script '/home/hafizulazwan/ros2_learn_ws/install/setup.ps1'
[1.811s] INFO:colcon.colcon_core.shell:Creating prefix script '/home/hafizulazwan/ros2_learn_ws/install/local_setup.sh'
[1.811s] INFO:colcon.colcon_core.shell:Creating prefix util module '/home/hafizulazwan/ros2_learn_ws/install/_local_setup_util_sh.py'
[1.812s] INFO:colcon.colcon_core.shell:Creating prefix chain script '/home/hafizulazwan/ros2_learn_ws/install/setup.sh'
[1.812s] INFO:colcon.colcon_core.shell:Creating prefix script '/home/hafizulazwan/ros2_learn_ws/install/local_setup.bash'
[1.813s] INFO:colcon.colcon_core.shell:Creating prefix chain script '/home/hafizulazwan/ros2_learn_ws/install/setup.bash'
[1.814s] INFO:colcon.colcon_core.shell:Creating prefix script '/home/hafizulazwan/ros2_learn_ws/install/local_setup.zsh'
[1.814s] INFO:colcon.colcon_core.shell:Creating prefix chain script '/home/hafizulazwan/ros2_learn_ws/install/setup.zsh'
