running egg_info
writing ../../build/linear_motor_control_action/linear_motor_control_action.egg-info/PKG-INFO
writing dependency_links to ../../build/linear_motor_control_action/linear_motor_control_action.egg-info/dependency_links.txt
writing entry points to ../../build/linear_motor_control_action/linear_motor_control_action.egg-info/entry_points.txt
writing requirements to ../../build/linear_motor_control_action/linear_motor_control_action.egg-info/requires.txt
writing top-level names to ../../build/linear_motor_control_action/linear_motor_control_action.egg-info/top_level.txt
reading manifest file '../../build/linear_motor_control_action/linear_motor_control_action.egg-info/SOURCES.txt'
writing manifest file '../../build/linear_motor_control_action/linear_motor_control_action.egg-info/SOURCES.txt'
running build
running build_py
copying linear_motor_control_action/server.py -> /home/hafizulazwan/ros2_learn_ws/build/linear_motor_control_action/build/lib/linear_motor_control_action
running install
running install_lib
copying /home/hafizulazwan/ros2_learn_ws/build/linear_motor_control_action/build/lib/linear_motor_control_action/server.py -> /home/hafizulazwan/ros2_learn_ws/install/linear_motor_control_action/lib/python3.10/site-packages/linear_motor_control_action
byte-compiling /home/hafizulazwan/ros2_learn_ws/install/linear_motor_control_action/lib/python3.10/site-packages/linear_motor_control_action/server.py to server.cpython-310.pyc
running install_data
running install_egg_info
removing '/home/hafizulazwan/ros2_learn_ws/install/linear_motor_control_action/lib/python3.10/site-packages/linear_motor_control_action-0.0.0-py3.10.egg-info' (and everything under it)
Copying ../../build/linear_motor_control_action/linear_motor_control_action.egg-info to /home/hafizulazwan/ros2_learn_ws/install/linear_motor_control_action/lib/python3.10/site-packages/linear_motor_control_action-0.0.0-py3.10.egg-info
running install_scripts
Installing linear_control_client script to /home/hafizulazwan/ros2_learn_ws/install/linear_motor_control_action/lib/linear_motor_control_action
Installing linear_control_server script to /home/hafizulazwan/ros2_learn_ws/install/linear_motor_control_action/lib/linear_motor_control_action
writing list of installed files to '/home/hafizulazwan/ros2_learn_ws/build/linear_motor_control_action/install.log'
