[0.834s] Invoking command in '/home/hafizulazwan/ros2_learn_ws/src/linear_motor_control_action': CMAKE_PREFIX_PATH=/home/hafizulazwan/ros2_learn_ws/install/action_pkg:/home/hafizulazwan/ros2_learn_ws/install/srv_pkg LD_LIBRARY_PATH=/home/hafizulazwan/ros2_learn_ws/install/action_pkg/lib:/home/hafizulazwan/ros2_learn_ws/install/srv_pkg/lib:/opt/ros/humble/opt/rviz_ogre_vendor/lib:/opt/ros/humble/lib/x86_64-linux-gnu:/opt/ros/humble/lib PYTHONPATH=/home/hafizulazwan/ros2_learn_ws/build/linear_motor_control_action/prefix_override:/usr/lib/python3/dist-packages/colcon_core/task/python/colcon_distutils_commands:/home/hafizulazwan/ros2_learn_ws/install/linear_motor_control_action/lib/python3.10/site-packages:${PYTHONPATH} /usr/bin/python3 -W ignore:setup.py install is deprecated -W ignore:easy_install command is deprecated setup.py egg_info --egg-base ../../build/linear_motor_control_action build --build-base /home/hafizulazwan/ros2_learn_ws/build/linear_motor_control_action/build install --record /home/hafizulazwan/ros2_learn_ws/build/linear_motor_control_action/install.log --single-version-externally-managed install_data
[1.057s] running egg_info
[1.058s] writing ../../build/linear_motor_control_action/linear_motor_control_action.egg-info/PKG-INFO
[1.058s] writing dependency_links to ../../build/linear_motor_control_action/linear_motor_control_action.egg-info/dependency_links.txt
[1.058s] writing entry points to ../../build/linear_motor_control_action/linear_motor_control_action.egg-info/entry_points.txt
[1.058s] writing requirements to ../../build/linear_motor_control_action/linear_motor_control_action.egg-info/requires.txt
[1.059s] writing top-level names to ../../build/linear_motor_control_action/linear_motor_control_action.egg-info/top_level.txt
[1.060s] reading manifest file '../../build/linear_motor_control_action/linear_motor_control_action.egg-info/SOURCES.txt'
[1.061s] writing manifest file '../../build/linear_motor_control_action/linear_motor_control_action.egg-info/SOURCES.txt'
[1.061s] running build
[1.061s] running build_py
[1.061s] copying linear_motor_control_action/server.py -> /home/hafizulazwan/ros2_learn_ws/build/linear_motor_control_action/build/lib/linear_motor_control_action
[1.062s] running install
[1.062s] running install_lib
[1.062s] copying /home/hafizulazwan/ros2_learn_ws/build/linear_motor_control_action/build/lib/linear_motor_control_action/server.py -> /home/hafizulazwan/ros2_learn_ws/install/linear_motor_control_action/lib/python3.10/site-packages/linear_motor_control_action
[1.063s] byte-compiling /home/hafizulazwan/ros2_learn_ws/install/linear_motor_control_action/lib/python3.10/site-packages/linear_motor_control_action/server.py to server.cpython-310.pyc
[1.063s] running install_data
[1.064s] running install_egg_info
[1.066s] removing '/home/hafizulazwan/ros2_learn_ws/install/linear_motor_control_action/lib/python3.10/site-packages/linear_motor_control_action-0.0.0-py3.10.egg-info' (and everything under it)
[1.066s] Copying ../../build/linear_motor_control_action/linear_motor_control_action.egg-info to /home/hafizulazwan/ros2_learn_ws/install/linear_motor_control_action/lib/python3.10/site-packages/linear_motor_control_action-0.0.0-py3.10.egg-info
[1.067s] running install_scripts
[1.089s] Installing linear_control_client script to /home/hafizulazwan/ros2_learn_ws/install/linear_motor_control_action/lib/linear_motor_control_action
[1.089s] Installing linear_control_server script to /home/hafizulazwan/ros2_learn_ws/install/linear_motor_control_action/lib/linear_motor_control_action
[1.089s] writing list of installed files to '/home/hafizulazwan/ros2_learn_ws/build/linear_motor_control_action/install.log'
[1.119s] Invoked command in '/home/hafizulazwan/ros2_learn_ws/src/linear_motor_control_action' returned '0': CMAKE_PREFIX_PATH=/home/hafizulazwan/ros2_learn_ws/install/action_pkg:/home/hafizulazwan/ros2_learn_ws/install/srv_pkg LD_LIBRARY_PATH=/home/hafizulazwan/ros2_learn_ws/install/action_pkg/lib:/home/hafizulazwan/ros2_learn_ws/install/srv_pkg/lib:/opt/ros/humble/opt/rviz_ogre_vendor/lib:/opt/ros/humble/lib/x86_64-linux-gnu:/opt/ros/humble/lib PYTHONPATH=/home/hafizulazwan/ros2_learn_ws/build/linear_motor_control_action/prefix_override:/usr/lib/python3/dist-packages/colcon_core/task/python/colcon_distutils_commands:/home/hafizulazwan/ros2_learn_ws/install/linear_motor_control_action/lib/python3.10/site-packages:${PYTHONPATH} /usr/bin/python3 -W ignore:setup.py install is deprecated -W ignore:easy_install command is deprecated setup.py egg_info --egg-base ../../build/linear_motor_control_action build --build-base /home/hafizulazwan/ros2_learn_ws/build/linear_motor_control_action/build install --record /home/hafizulazwan/ros2_learn_ws/build/linear_motor_control_action/install.log --single-version-externally-managed install_data
