[0.018s] Invoking command in '/home/user/ros2_ws/build/srv_pkg': CMAKE_PREFIX_PATH=${CMAKE_PREFIX_PATH}:/home/user/ros2_ws/install/turtle_ctrl_launch:/home/user/ros2_ws/install/turtle_ctrl:/home/user/ros2_ws/install/srvcli_py:/home/user/ros2_ws/install/pubsub_py:/home/user/ros2_ws/install/minimal_pkg:/home/user/ros2_ws/install/linear_motor_control_action:/opt/ros/humble /usr/bin/cmake --build /home/user/ros2_ws/build/srv_pkg -- -j20 -l20
[0.462s] [  9%] Built target srv_pkg__rosidl_generator_c
[0.462s] [ 12%] Built target srv_pkg__cpp
[0.462s] [ 12%] Built target ament_cmake_python_copy_srv_pkg
[0.462s] [ 22%] Built target srv_pkg__rosidl_typesupport_fastrtps_c
[0.462s] [ 32%] Built target srv_pkg__rosidl_typesupport_introspection_c
[0.462s] [ 41%] Built target srv_pkg__rosidl_typesupport_c
[0.462s] [ 51%] Built target srv_pkg__rosidl_typesupport_introspection_cpp
[0.462s] [ 70%] Built target srv_pkg__rosidl_typesupport_cpp
[0.462s] [ 70%] Built target srv_pkg__rosidl_typesupport_fastrtps_cpp
[0.462s] [ 70%] Built target srv_pkg
[0.462s] [ 74%] Built target srv_pkg__py
[0.462s] [ 80%] Built target srv_pkg__rosidl_generator_py
[0.462s] [ 87%] Built target srv_pkg__rosidl_typesupport_introspection_c__pyext
[0.462s] [ 93%] Built target srv_pkg__rosidl_typesupport_fastrtps_c__pyext
[0.462s] [100%] Built target srv_pkg__rosidl_typesupport_c__pyext
[0.462s] running egg_info
[0.462s] writing srv_pkg.egg-info/PKG-INFO
[0.462s] writing dependency_links to srv_pkg.egg-info/dependency_links.txt
[0.463s] writing top-level names to srv_pkg.egg-info/top_level.txt
[0.463s] reading manifest file 'srv_pkg.egg-info/SOURCES.txt'
[0.463s] writing manifest file 'srv_pkg.egg-info/SOURCES.txt'
[0.463s] [100%] Built target ament_cmake_python_build_srv_pkg_egg
[0.611s] Invoked command in '/home/user/ros2_ws/build/srv_pkg' returned '0': CMAKE_PREFIX_PATH=${CMAKE_PREFIX_PATH}:/home/user/ros2_ws/install/turtle_ctrl_launch:/home/user/ros2_ws/install/turtle_ctrl:/home/user/ros2_ws/install/srvcli_py:/home/user/ros2_ws/install/pubsub_py:/home/user/ros2_ws/install/minimal_pkg:/home/user/ros2_ws/install/linear_motor_control_action:/opt/ros/humble /usr/bin/cmake --build /home/user/ros2_ws/build/srv_pkg -- -j20 -l20
[0.612s] Invoking command in '/home/user/ros2_ws/build/srv_pkg': CMAKE_PREFIX_PATH=${CMAKE_PREFIX_PATH}:/home/user/ros2_ws/install/turtle_ctrl_launch:/home/user/ros2_ws/install/turtle_ctrl:/home/user/ros2_ws/install/srvcli_py:/home/user/ros2_ws/install/pubsub_py:/home/user/ros2_ws/install/minimal_pkg:/home/user/ros2_ws/install/linear_motor_control_action:/opt/ros/humble /usr/bin/cmake --install /home/user/ros2_ws/build/srv_pkg
[0.621s] -- Install configuration: ""
[0.622s] -- Up-to-date: /home/user/ros2_ws/install/srv_pkg/share/ament_index/resource_index/rosidl_interfaces/srv_pkg
[0.623s] -- Up-to-date: /home/user/ros2_ws/install/srv_pkg/include/srv_pkg/srv_pkg
[0.623s] -- Up-to-date: /home/user/ros2_ws/install/srv_pkg/include/srv_pkg/srv_pkg/msg
[0.623s] -- Up-to-date: /home/user/ros2_ws/install/srv_pkg/include/srv_pkg/srv_pkg/msg/rosidl_generator_c__visibility_control.h
[0.623s] -- Up-to-date: /home/user/ros2_ws/install/srv_pkg/include/srv_pkg/srv_pkg/srv
[0.623s] -- Up-to-date: /home/user/ros2_ws/install/srv_pkg/include/srv_pkg/srv_pkg/srv/joint_conversion.h
[0.623s] -- Up-to-date: /home/user/ros2_ws/install/srv_pkg/include/srv_pkg/srv_pkg/srv/detail
[0.623s] -- Up-to-date: /home/user/ros2_ws/install/srv_pkg/include/srv_pkg/srv_pkg/srv/detail/joint_conversion__functions.c
[0.623s] -- Up-to-date: /home/user/ros2_ws/install/srv_pkg/include/srv_pkg/srv_pkg/srv/detail/joint_conversion__type_support.h
[0.623s] -- Up-to-date: /home/user/ros2_ws/install/srv_pkg/include/srv_pkg/srv_pkg/srv/detail/joint_conversion__functions.h
[0.623s] -- Up-to-date: /home/user/ros2_ws/install/srv_pkg/include/srv_pkg/srv_pkg/srv/detail/joint_conversion__struct.h
[0.623s] -- Up-to-date: /home/user/ros2_ws/install/srv_pkg/share/srv_pkg/environment/library_path.sh
[0.623s] -- Up-to-date: /home/user/ros2_ws/install/srv_pkg/share/srv_pkg/environment/library_path.dsv
[0.623s] -- Up-to-date: /home/user/ros2_ws/install/srv_pkg/lib/libsrv_pkg__rosidl_generator_c.so
[0.624s] -- Up-to-date: /home/user/ros2_ws/install/srv_pkg/include/srv_pkg/srv_pkg
[0.624s] -- Up-to-date: /home/user/ros2_ws/install/srv_pkg/include/srv_pkg/srv_pkg/msg
[0.624s] -- Up-to-date: /home/user/ros2_ws/install/srv_pkg/include/srv_pkg/srv_pkg/msg/rosidl_typesupport_fastrtps_c__visibility_control.h
[0.624s] -- Up-to-date: /home/user/ros2_ws/install/srv_pkg/include/srv_pkg/srv_pkg/srv
[0.624s] -- Up-to-date: /home/user/ros2_ws/install/srv_pkg/include/srv_pkg/srv_pkg/srv/detail
[0.624s] -- Up-to-date: /home/user/ros2_ws/install/srv_pkg/include/srv_pkg/srv_pkg/srv/detail/joint_conversion__rosidl_typesupport_fastrtps_c.h
[0.624s] -- Up-to-date: /home/user/ros2_ws/install/srv_pkg/lib/libsrv_pkg__rosidl_typesupport_fastrtps_c.so
[0.624s] -- Up-to-date: /home/user/ros2_ws/install/srv_pkg/include/srv_pkg/srv_pkg
[0.624s] -- Up-to-date: /home/user/ros2_ws/install/srv_pkg/include/srv_pkg/srv_pkg/msg
[0.624s] -- Up-to-date: /home/user/ros2_ws/install/srv_pkg/include/srv_pkg/srv_pkg/msg/rosidl_typesupport_introspection_c__visibility_control.h
[0.624s] -- Up-to-date: /home/user/ros2_ws/install/srv_pkg/include/srv_pkg/srv_pkg/srv
[0.624s] -- Up-to-date: /home/user/ros2_ws/install/srv_pkg/include/srv_pkg/srv_pkg/srv/detail
[0.624s] -- Up-to-date: /home/user/ros2_ws/install/srv_pkg/include/srv_pkg/srv_pkg/srv/detail/joint_conversion__rosidl_typesupport_introspection_c.h
[0.624s] -- Up-to-date: /home/user/ros2_ws/install/srv_pkg/include/srv_pkg/srv_pkg/srv/detail/joint_conversion__type_support.c
[0.624s] -- Up-to-date: /home/user/ros2_ws/install/srv_pkg/lib/libsrv_pkg__rosidl_typesupport_introspection_c.so
[0.624s] -- Up-to-date: /home/user/ros2_ws/install/srv_pkg/lib/libsrv_pkg__rosidl_typesupport_c.so
[0.625s] -- Up-to-date: /home/user/ros2_ws/install/srv_pkg/include/srv_pkg/srv_pkg
[0.625s] -- Up-to-date: /home/user/ros2_ws/install/srv_pkg/include/srv_pkg/srv_pkg/msg
[0.625s] -- Up-to-date: /home/user/ros2_ws/install/srv_pkg/include/srv_pkg/srv_pkg/msg/rosidl_generator_cpp__visibility_control.hpp
[0.625s] -- Up-to-date: /home/user/ros2_ws/install/srv_pkg/include/srv_pkg/srv_pkg/srv
[0.625s] -- Up-to-date: /home/user/ros2_ws/install/srv_pkg/include/srv_pkg/srv_pkg/srv/joint_conversion.hpp
[0.625s] -- Up-to-date: /home/user/ros2_ws/install/srv_pkg/include/srv_pkg/srv_pkg/srv/detail
[0.625s] -- Up-to-date: /home/user/ros2_ws/install/srv_pkg/include/srv_pkg/srv_pkg/srv/detail/joint_conversion__struct.hpp
[0.625s] -- Up-to-date: /home/user/ros2_ws/install/srv_pkg/include/srv_pkg/srv_pkg/srv/detail/joint_conversion__builder.hpp
[0.625s] -- Up-to-date: /home/user/ros2_ws/install/srv_pkg/include/srv_pkg/srv_pkg/srv/detail/joint_conversion__traits.hpp
[0.625s] -- Up-to-date: /home/user/ros2_ws/install/srv_pkg/include/srv_pkg/srv_pkg/srv/detail/joint_conversion__type_support.hpp
[0.625s] -- Up-to-date: /home/user/ros2_ws/install/srv_pkg/include/srv_pkg/srv_pkg
[0.625s] -- Up-to-date: /home/user/ros2_ws/install/srv_pkg/include/srv_pkg/srv_pkg/msg
[0.625s] -- Up-to-date: /home/user/ros2_ws/install/srv_pkg/include/srv_pkg/srv_pkg/msg/rosidl_typesupport_fastrtps_cpp__visibility_control.h
[0.625s] -- Up-to-date: /home/user/ros2_ws/install/srv_pkg/include/srv_pkg/srv_pkg/srv
[0.625s] -- Up-to-date: /home/user/ros2_ws/install/srv_pkg/include/srv_pkg/srv_pkg/srv/detail
[0.625s] -- Up-to-date: /home/user/ros2_ws/install/srv_pkg/include/srv_pkg/srv_pkg/srv/detail/joint_conversion__rosidl_typesupport_fastrtps_cpp.hpp
[0.626s] -- Up-to-date: /home/user/ros2_ws/install/srv_pkg/include/srv_pkg/srv_pkg/srv/detail/dds_fastrtps
[0.626s] -- Up-to-date: /home/user/ros2_ws/install/srv_pkg/lib/libsrv_pkg__rosidl_typesupport_fastrtps_cpp.so
[0.626s] -- Up-to-date: /home/user/ros2_ws/install/srv_pkg/include/srv_pkg/srv_pkg
[0.626s] -- Up-to-date: /home/user/ros2_ws/install/srv_pkg/include/srv_pkg/srv_pkg/srv
[0.626s] -- Up-to-date: /home/user/ros2_ws/install/srv_pkg/include/srv_pkg/srv_pkg/srv/detail
[0.626s] -- Up-to-date: /home/user/ros2_ws/install/srv_pkg/include/srv_pkg/srv_pkg/srv/detail/joint_conversion__type_support.cpp
[0.626s] -- Up-to-date: /home/user/ros2_ws/install/srv_pkg/include/srv_pkg/srv_pkg/srv/detail/joint_conversion__rosidl_typesupport_introspection_cpp.hpp
[0.626s] -- Up-to-date: /home/user/ros2_ws/install/srv_pkg/lib/libsrv_pkg__rosidl_typesupport_introspection_cpp.so
[0.626s] -- Up-to-date: /home/user/ros2_ws/install/srv_pkg/lib/libsrv_pkg__rosidl_typesupport_cpp.so
[0.626s] -- Up-to-date: /home/user/ros2_ws/install/srv_pkg/share/srv_pkg/environment/pythonpath.sh
[0.626s] -- Up-to-date: /home/user/ros2_ws/install/srv_pkg/share/srv_pkg/environment/pythonpath.dsv
[0.626s] -- Up-to-date: /home/user/ros2_ws/install/srv_pkg/local/lib/python3.10/dist-packages/srv_pkg-0.0.0-py3.10.egg-info
[0.626s] -- Installing: /home/user/ros2_ws/install/srv_pkg/local/lib/python3.10/dist-packages/srv_pkg-0.0.0-py3.10.egg-info/top_level.txt
[0.626s] -- Installing: /home/user/ros2_ws/install/srv_pkg/local/lib/python3.10/dist-packages/srv_pkg-0.0.0-py3.10.egg-info/PKG-INFO
[0.626s] -- Installing: /home/user/ros2_ws/install/srv_pkg/local/lib/python3.10/dist-packages/srv_pkg-0.0.0-py3.10.egg-info/dependency_links.txt
[0.626s] -- Installing: /home/user/ros2_ws/install/srv_pkg/local/lib/python3.10/dist-packages/srv_pkg-0.0.0-py3.10.egg-info/SOURCES.txt
[0.627s] -- Up-to-date: /home/user/ros2_ws/install/srv_pkg/local/lib/python3.10/dist-packages/srv_pkg
[0.627s] -- Up-to-date: /home/user/ros2_ws/install/srv_pkg/local/lib/python3.10/dist-packages/srv_pkg/_srv_pkg_s.ep.rosidl_typesupport_fastrtps_c.c
[0.627s] -- Up-to-date: /home/user/ros2_ws/install/srv_pkg/local/lib/python3.10/dist-packages/srv_pkg/libsrv_pkg__rosidl_generator_py.so
[0.627s] -- Up-to-date: /home/user/ros2_ws/install/srv_pkg/local/lib/python3.10/dist-packages/srv_pkg/srv_pkg_s__rosidl_typesupport_c.cpython-310-x86_64-linux-gnu.so
[0.627s] -- Up-to-date: /home/user/ros2_ws/install/srv_pkg/local/lib/python3.10/dist-packages/srv_pkg/__init__.py
[0.627s] -- Up-to-date: /home/user/ros2_ws/install/srv_pkg/local/lib/python3.10/dist-packages/srv_pkg/srv
[0.627s] -- Up-to-date: /home/user/ros2_ws/install/srv_pkg/local/lib/python3.10/dist-packages/srv_pkg/srv/_joint_conversion_s.c
[0.627s] -- Up-to-date: /home/user/ros2_ws/install/srv_pkg/local/lib/python3.10/dist-packages/srv_pkg/srv/__init__.py
[0.627s] -- Up-to-date: /home/user/ros2_ws/install/srv_pkg/local/lib/python3.10/dist-packages/srv_pkg/srv/_joint_conversion.py
[0.627s] -- Up-to-date: /home/user/ros2_ws/install/srv_pkg/local/lib/python3.10/dist-packages/srv_pkg/_srv_pkg_s.ep.rosidl_typesupport_introspection_c.c
[0.627s] -- Up-to-date: /home/user/ros2_ws/install/srv_pkg/local/lib/python3.10/dist-packages/srv_pkg/_srv_pkg_s.ep.rosidl_typesupport_c.c
[0.627s] -- Up-to-date: /home/user/ros2_ws/install/srv_pkg/local/lib/python3.10/dist-packages/srv_pkg/srv_pkg_s__rosidl_typesupport_fastrtps_c.cpython-310-x86_64-linux-gnu.so
[0.627s] -- Up-to-date: /home/user/ros2_ws/install/srv_pkg/local/lib/python3.10/dist-packages/srv_pkg/srv_pkg_s__rosidl_typesupport_introspection_c.cpython-310-x86_64-linux-gnu.so
[0.638s] Listing '/home/user/ros2_ws/install/srv_pkg/local/lib/python3.10/dist-packages/srv_pkg'...
[0.638s] Listing '/home/user/ros2_ws/install/srv_pkg/local/lib/python3.10/dist-packages/srv_pkg/srv'...
[0.643s] -- Up-to-date: /home/user/ros2_ws/install/srv_pkg/local/lib/python3.10/dist-packages/srv_pkg/srv_pkg_s__rosidl_typesupport_fastrtps_c.cpython-310-x86_64-linux-gnu.so
[0.643s] -- Up-to-date: /home/user/ros2_ws/install/srv_pkg/local/lib/python3.10/dist-packages/srv_pkg/srv_pkg_s__rosidl_typesupport_introspection_c.cpython-310-x86_64-linux-gnu.so
[0.643s] -- Up-to-date: /home/user/ros2_ws/install/srv_pkg/local/lib/python3.10/dist-packages/srv_pkg/srv_pkg_s__rosidl_typesupport_c.cpython-310-x86_64-linux-gnu.so
[0.643s] -- Up-to-date: /home/user/ros2_ws/install/srv_pkg/lib/libsrv_pkg__rosidl_generator_py.so
[0.643s] -- Up-to-date: /home/user/ros2_ws/install/srv_pkg/share/srv_pkg/srv/JointConversion.idl
[0.643s] -- Up-to-date: /home/user/ros2_ws/install/srv_pkg/share/srv_pkg/srv/JointConversion.srv
[0.643s] -- Up-to-date: /home/user/ros2_ws/install/srv_pkg/share/srv_pkg/srv/JointConversion_Request.msg
[0.644s] -- Up-to-date: /home/user/ros2_ws/install/srv_pkg/share/srv_pkg/srv/JointConversion_Response.msg
[0.644s] -- Up-to-date: /home/user/ros2_ws/install/srv_pkg/share/ament_index/resource_index/package_run_dependencies/srv_pkg
[0.644s] -- Up-to-date: /home/user/ros2_ws/install/srv_pkg/share/ament_index/resource_index/parent_prefix_path/srv_pkg
[0.644s] -- Up-to-date: /home/user/ros2_ws/install/srv_pkg/share/srv_pkg/environment/ament_prefix_path.sh
[0.644s] -- Up-to-date: /home/user/ros2_ws/install/srv_pkg/share/srv_pkg/environment/ament_prefix_path.dsv
[0.644s] -- Up-to-date: /home/user/ros2_ws/install/srv_pkg/share/srv_pkg/environment/path.sh
[0.644s] -- Up-to-date: /home/user/ros2_ws/install/srv_pkg/share/srv_pkg/environment/path.dsv
[0.644s] -- Up-to-date: /home/user/ros2_ws/install/srv_pkg/share/srv_pkg/local_setup.bash
[0.644s] -- Up-to-date: /home/user/ros2_ws/install/srv_pkg/share/srv_pkg/local_setup.sh
[0.644s] -- Up-to-date: /home/user/ros2_ws/install/srv_pkg/share/srv_pkg/local_setup.zsh
[0.644s] -- Up-to-date: /home/user/ros2_ws/install/srv_pkg/share/srv_pkg/local_setup.dsv
[0.644s] -- Installing: /home/user/ros2_ws/install/srv_pkg/share/srv_pkg/package.dsv
[0.645s] -- Up-to-date: /home/user/ros2_ws/install/srv_pkg/share/ament_index/resource_index/packages/srv_pkg
[0.645s] -- Up-to-date: /home/user/ros2_ws/install/srv_pkg/share/srv_pkg/cmake/export_srv_pkg__rosidl_generator_cExport.cmake
[0.645s] -- Up-to-date: /home/user/ros2_ws/install/srv_pkg/share/srv_pkg/cmake/export_srv_pkg__rosidl_generator_cExport-noconfig.cmake
[0.645s] -- Up-to-date: /home/user/ros2_ws/install/srv_pkg/share/srv_pkg/cmake/export_srv_pkg__rosidl_typesupport_fastrtps_cExport.cmake
[0.645s] -- Up-to-date: /home/user/ros2_ws/install/srv_pkg/share/srv_pkg/cmake/export_srv_pkg__rosidl_typesupport_fastrtps_cExport-noconfig.cmake
[0.645s] -- Up-to-date: /home/user/ros2_ws/install/srv_pkg/share/srv_pkg/cmake/srv_pkg__rosidl_typesupport_introspection_cExport.cmake
[0.645s] -- Up-to-date: /home/user/ros2_ws/install/srv_pkg/share/srv_pkg/cmake/srv_pkg__rosidl_typesupport_introspection_cExport-noconfig.cmake
[0.645s] -- Up-to-date: /home/user/ros2_ws/install/srv_pkg/share/srv_pkg/cmake/srv_pkg__rosidl_typesupport_cExport.cmake
[0.645s] -- Up-to-date: /home/user/ros2_ws/install/srv_pkg/share/srv_pkg/cmake/srv_pkg__rosidl_typesupport_cExport-noconfig.cmake
[0.645s] -- Up-to-date: /home/user/ros2_ws/install/srv_pkg/share/srv_pkg/cmake/export_srv_pkg__rosidl_generator_cppExport.cmake
[0.645s] -- Up-to-date: /home/user/ros2_ws/install/srv_pkg/share/srv_pkg/cmake/export_srv_pkg__rosidl_typesupport_fastrtps_cppExport.cmake
[0.645s] -- Up-to-date: /home/user/ros2_ws/install/srv_pkg/share/srv_pkg/cmake/export_srv_pkg__rosidl_typesupport_fastrtps_cppExport-noconfig.cmake
[0.645s] -- Up-to-date: /home/user/ros2_ws/install/srv_pkg/share/srv_pkg/cmake/srv_pkg__rosidl_typesupport_introspection_cppExport.cmake
[0.645s] -- Up-to-date: /home/user/ros2_ws/install/srv_pkg/share/srv_pkg/cmake/srv_pkg__rosidl_typesupport_introspection_cppExport-noconfig.cmake
[0.645s] -- Up-to-date: /home/user/ros2_ws/install/srv_pkg/share/srv_pkg/cmake/srv_pkg__rosidl_typesupport_cppExport.cmake
[0.645s] -- Up-to-date: /home/user/ros2_ws/install/srv_pkg/share/srv_pkg/cmake/srv_pkg__rosidl_typesupport_cppExport-noconfig.cmake
[0.645s] -- Up-to-date: /home/user/ros2_ws/install/srv_pkg/share/srv_pkg/cmake/export_srv_pkg__rosidl_generator_pyExport.cmake
[0.645s] -- Up-to-date: /home/user/ros2_ws/install/srv_pkg/share/srv_pkg/cmake/export_srv_pkg__rosidl_generator_pyExport-noconfig.cmake
[0.645s] -- Up-to-date: /home/user/ros2_ws/install/srv_pkg/share/srv_pkg/cmake/rosidl_cmake-extras.cmake
[0.645s] -- Up-to-date: /home/user/ros2_ws/install/srv_pkg/share/srv_pkg/cmake/ament_cmake_export_dependencies-extras.cmake
[0.645s] -- Up-to-date: /home/user/ros2_ws/install/srv_pkg/share/srv_pkg/cmake/ament_cmake_export_include_directories-extras.cmake
[0.645s] -- Up-to-date: /home/user/ros2_ws/install/srv_pkg/share/srv_pkg/cmake/ament_cmake_export_libraries-extras.cmake
[0.645s] -- Up-to-date: /home/user/ros2_ws/install/srv_pkg/share/srv_pkg/cmake/ament_cmake_export_targets-extras.cmake
[0.645s] -- Up-to-date: /home/user/ros2_ws/install/srv_pkg/share/srv_pkg/cmake/rosidl_cmake_export_typesupport_targets-extras.cmake
[0.645s] -- Up-to-date: /home/user/ros2_ws/install/srv_pkg/share/srv_pkg/cmake/rosidl_cmake_export_typesupport_libraries-extras.cmake
[0.646s] -- Up-to-date: /home/user/ros2_ws/install/srv_pkg/share/srv_pkg/cmake/srv_pkgConfig.cmake
[0.646s] -- Up-to-date: /home/user/ros2_ws/install/srv_pkg/share/srv_pkg/cmake/srv_pkgConfig-version.cmake
[0.646s] -- Up-to-date: /home/user/ros2_ws/install/srv_pkg/share/srv_pkg/package.xml
[0.663s] Invoked command in '/home/user/ros2_ws/build/srv_pkg' returned '0': CMAKE_PREFIX_PATH=${CMAKE_PREFIX_PATH}:/home/user/ros2_ws/install/turtle_ctrl_launch:/home/user/ros2_ws/install/turtle_ctrl:/home/user/ros2_ws/install/srvcli_py:/home/user/ros2_ws/install/pubsub_py:/home/user/ros2_ws/install/minimal_pkg:/home/user/ros2_ws/install/linear_motor_control_action:/opt/ros/humble /usr/bin/cmake --install /home/user/ros2_ws/build/srv_pkg
