[0.907s] Invoking command in '/home/hafizulazwan/ros2_learn_ws/src/linear_motor_control_action': PYTHONPATH=/home/hafizulazwan/ros2_learn_ws/build/linear_motor_control_action/prefix_override:/usr/lib/python3/dist-packages/colcon_core/task/python/colcon_distutils_commands:/home/hafizulazwan/ros2_learn_ws/install/linear_motor_control_action/lib/python3.10/site-packages:${PYTHONPATH} /usr/bin/python3 -W ignore:setup.py install is deprecated -W ignore:easy_install command is deprecated setup.py egg_info --egg-base ../../build/linear_motor_control_action build --build-base /home/hafizulazwan/ros2_learn_ws/build/linear_motor_control_action/build install --record /home/hafizulazwan/ros2_learn_ws/build/linear_motor_control_action/install.log --single-version-externally-managed install_data
[1.125s] running egg_info
[1.126s] creating ../../build/linear_motor_control_action/linear_motor_control_action.egg-info
[1.126s] writing ../../build/linear_motor_control_action/linear_motor_control_action.egg-info/PKG-INFO
[1.127s] writing dependency_links to ../../build/linear_motor_control_action/linear_motor_control_action.egg-info/dependency_links.txt
[1.127s] writing entry points to ../../build/linear_motor_control_action/linear_motor_control_action.egg-info/entry_points.txt
[1.127s] writing requirements to ../../build/linear_motor_control_action/linear_motor_control_action.egg-info/requires.txt
[1.127s] writing top-level names to ../../build/linear_motor_control_action/linear_motor_control_action.egg-info/top_level.txt
[1.127s] writing manifest file '../../build/linear_motor_control_action/linear_motor_control_action.egg-info/SOURCES.txt'
[1.130s] reading manifest file '../../build/linear_motor_control_action/linear_motor_control_action.egg-info/SOURCES.txt'
[1.131s] writing manifest file '../../build/linear_motor_control_action/linear_motor_control_action.egg-info/SOURCES.txt'
[1.131s] running build
[1.132s] running build_py
[1.132s] creating /home/hafizulazwan/ros2_learn_ws/build/linear_motor_control_action/build
[1.132s] creating /home/hafizulazwan/ros2_learn_ws/build/linear_motor_control_action/build/lib
[1.132s] creating /home/hafizulazwan/ros2_learn_ws/build/linear_motor_control_action/build/lib/linear_motor_control_action
[1.132s] copying linear_motor_control_action/__init__.py -> /home/hafizulazwan/ros2_learn_ws/build/linear_motor_control_action/build/lib/linear_motor_control_action
[1.132s] copying linear_motor_control_action/server.py -> /home/hafizulazwan/ros2_learn_ws/build/linear_motor_control_action/build/lib/linear_motor_control_action
[1.132s] running install
[1.132s] running install_lib
[1.133s] creating /home/hafizulazwan/ros2_learn_ws/install/linear_motor_control_action/lib/python3.10/site-packages/linear_motor_control_action
[1.133s] copying /home/hafizulazwan/ros2_learn_ws/build/linear_motor_control_action/build/lib/linear_motor_control_action/__init__.py -> /home/hafizulazwan/ros2_learn_ws/install/linear_motor_control_action/lib/python3.10/site-packages/linear_motor_control_action
[1.133s] copying /home/hafizulazwan/ros2_learn_ws/build/linear_motor_control_action/build/lib/linear_motor_control_action/server.py -> /home/hafizulazwan/ros2_learn_ws/install/linear_motor_control_action/lib/python3.10/site-packages/linear_motor_control_action
[1.134s] byte-compiling /home/hafizulazwan/ros2_learn_ws/install/linear_motor_control_action/lib/python3.10/site-packages/linear_motor_control_action/__init__.py to __init__.cpython-310.pyc
[1.134s] byte-compiling /home/hafizulazwan/ros2_learn_ws/install/linear_motor_control_action/lib/python3.10/site-packages/linear_motor_control_action/server.py to server.cpython-310.pyc
[1.136s] running install_data
[1.136s] creating /home/hafizulazwan/ros2_learn_ws/install/linear_motor_control_action/share/ament_index
[1.136s] creating /home/hafizulazwan/ros2_learn_ws/install/linear_motor_control_action/share/ament_index/resource_index
[1.136s] creating /home/hafizulazwan/ros2_learn_ws/install/linear_motor_control_action/share/ament_index/resource_index/packages
[1.136s] copying resource/linear_motor_control_action -> /home/hafizulazwan/ros2_learn_ws/install/linear_motor_control_action/share/ament_index/resource_index/packages
[1.136s] copying package.xml -> /home/hafizulazwan/ros2_learn_ws/install/linear_motor_control_action/share/linear_motor_control_action
[1.136s] running install_egg_info
[1.139s] Copying ../../build/linear_motor_control_action/linear_motor_control_action.egg-info to /home/hafizulazwan/ros2_learn_ws/install/linear_motor_control_action/lib/python3.10/site-packages/linear_motor_control_action-0.0.0-py3.10.egg-info
[1.140s] running install_scripts
[1.164s] Installing linear_control_server script to /home/hafizulazwan/ros2_learn_ws/install/linear_motor_control_action/lib/linear_motor_control_action
[1.164s] writing list of installed files to '/home/hafizulazwan/ros2_learn_ws/build/linear_motor_control_action/install.log'
[1.193s] Invoked command in '/home/hafizulazwan/ros2_learn_ws/src/linear_motor_control_action' returned '0': PYTHONPATH=/home/hafizulazwan/ros2_learn_ws/build/linear_motor_control_action/prefix_override:/usr/lib/python3/dist-packages/colcon_core/task/python/colcon_distutils_commands:/home/hafizulazwan/ros2_learn_ws/install/linear_motor_control_action/lib/python3.10/site-packages:${PYTHONPATH} /usr/bin/python3 -W ignore:setup.py install is deprecated -W ignore:easy_install command is deprecated setup.py egg_info --egg-base ../../build/linear_motor_control_action build --build-base /home/hafizulazwan/ros2_learn_ws/build/linear_motor_control_action/build install --record /home/hafizulazwan/ros2_learn_ws/build/linear_motor_control_action/install.log --single-version-externally-managed install_data
