running egg_info
creating ../../build/linear_motor_control_action/linear_motor_control_action.egg-info
writing ../../build/linear_motor_control_action/linear_motor_control_action.egg-info/PKG-INFO
writing dependency_links to ../../build/linear_motor_control_action/linear_motor_control_action.egg-info/dependency_links.txt
writing entry points to ../../build/linear_motor_control_action/linear_motor_control_action.egg-info/entry_points.txt
writing requirements to ../../build/linear_motor_control_action/linear_motor_control_action.egg-info/requires.txt
writing top-level names to ../../build/linear_motor_control_action/linear_motor_control_action.egg-info/top_level.txt
writing manifest file '../../build/linear_motor_control_action/linear_motor_control_action.egg-info/SOURCES.txt'
reading manifest file '../../build/linear_motor_control_action/linear_motor_control_action.egg-info/SOURCES.txt'
writing manifest file '../../build/linear_motor_control_action/linear_motor_control_action.egg-info/SOURCES.txt'
running build
running build_py
creating /home/user/ros2_ws/build/linear_motor_control_action/build
creating /home/user/ros2_ws/build/linear_motor_control_action/build/lib
creating /home/user/ros2_ws/build/linear_motor_control_action/build/lib/linear_motor_control_action
copying linear_motor_control_action/client.py -> /home/user/ros2_ws/build/linear_motor_control_action/build/lib/linear_motor_control_action
copying linear_motor_control_action/__init__.py -> /home/user/ros2_ws/build/linear_motor_control_action/build/lib/linear_motor_control_action
copying linear_motor_control_action/server.py -> /home/user/ros2_ws/build/linear_motor_control_action/build/lib/linear_motor_control_action
running install
running install_lib
creating /home/user/ros2_ws/install/linear_motor_control_action/lib/python3.10/site-packages/linear_motor_control_action
copying /home/user/ros2_ws/build/linear_motor_control_action/build/lib/linear_motor_control_action/client.py -> /home/user/ros2_ws/install/linear_motor_control_action/lib/python3.10/site-packages/linear_motor_control_action
copying /home/user/ros2_ws/build/linear_motor_control_action/build/lib/linear_motor_control_action/__init__.py -> /home/user/ros2_ws/install/linear_motor_control_action/lib/python3.10/site-packages/linear_motor_control_action
copying /home/user/ros2_ws/build/linear_motor_control_action/build/lib/linear_motor_control_action/server.py -> /home/user/ros2_ws/install/linear_motor_control_action/lib/python3.10/site-packages/linear_motor_control_action
byte-compiling /home/user/ros2_ws/install/linear_motor_control_action/lib/python3.10/site-packages/linear_motor_control_action/client.py to client.cpython-310.pyc
byte-compiling /home/user/ros2_ws/install/linear_motor_control_action/lib/python3.10/site-packages/linear_motor_control_action/__init__.py to __init__.cpython-310.pyc
byte-compiling /home/user/ros2_ws/install/linear_motor_control_action/lib/python3.10/site-packages/linear_motor_control_action/server.py to server.cpython-310.pyc
running install_data
creating /home/user/ros2_ws/install/linear_motor_control_action/share/ament_index
creating /home/user/ros2_ws/install/linear_motor_control_action/share/ament_index/resource_index
creating /home/user/ros2_ws/install/linear_motor_control_action/share/ament_index/resource_index/packages
copying resource/linear_motor_control_action -> /home/user/ros2_ws/install/linear_motor_control_action/share/ament_index/resource_index/packages
copying package.xml -> /home/user/ros2_ws/install/linear_motor_control_action/share/linear_motor_control_action
running install_egg_info
Copying ../../build/linear_motor_control_action/linear_motor_control_action.egg-info to /home/user/ros2_ws/install/linear_motor_control_action/lib/python3.10/site-packages/linear_motor_control_action-0.0.0-py3.10.egg-info
running install_scripts
Installing linear_control_client script to /home/user/ros2_ws/install/linear_motor_control_action/lib/linear_motor_control_action
Installing linear_control_server script to /home/user/ros2_ws/install/linear_motor_control_action/lib/linear_motor_control_action
writing list of installed files to '/home/user/ros2_ws/build/linear_motor_control_action/install.log'
