[0.344s] Invoking command in '/home/user/ros2_ws/src/linear_motor_control_action': CMAKE_PREFIX_PATH=/home/user/ros2_ws/install/action_pkg:/home/user/ros2_ws/install/srv_pkg LD_LIBRARY_PATH=/home/user/ros2_ws/install/action_pkg/lib:/home/user/ros2_ws/install/srv_pkg/lib:/usr/lib/x86_64-linux-gnu/gazebo-11/plugins:/opt/ros/humble/opt/rviz_ogre_vendor/lib:/opt/ros/humble/lib/x86_64-linux-gnu:/opt/ros/humble/lib PYTHONPATH=/home/user/ros2_ws/build/linear_motor_control_action/prefix_override:/usr/lib/python3/dist-packages/colcon_core/task/python/colcon_distutils_commands:/home/user/ros2_ws/install/linear_motor_control_action/lib/python3.10/site-packages:${PYTHONPATH} /usr/bin/python3 -W ignore:setup.py install is deprecated -W ignore:easy_install command is deprecated setup.py egg_info --egg-base ../../build/linear_motor_control_action build --build-base /home/user/ros2_ws/build/linear_motor_control_action/build install --record /home/user/ros2_ws/build/linear_motor_control_action/install.log --single-version-externally-managed install_data
[0.468s] running egg_info
[0.468s] creating ../../build/linear_motor_control_action/linear_motor_control_action.egg-info
[0.468s] writing ../../build/linear_motor_control_action/linear_motor_control_action.egg-info/PKG-INFO
[0.468s] writing dependency_links to ../../build/linear_motor_control_action/linear_motor_control_action.egg-info/dependency_links.txt
[0.468s] writing entry points to ../../build/linear_motor_control_action/linear_motor_control_action.egg-info/entry_points.txt
[0.468s] writing requirements to ../../build/linear_motor_control_action/linear_motor_control_action.egg-info/requires.txt
[0.468s] writing top-level names to ../../build/linear_motor_control_action/linear_motor_control_action.egg-info/top_level.txt
[0.468s] writing manifest file '../../build/linear_motor_control_action/linear_motor_control_action.egg-info/SOURCES.txt'
[0.469s] reading manifest file '../../build/linear_motor_control_action/linear_motor_control_action.egg-info/SOURCES.txt'
[0.470s] writing manifest file '../../build/linear_motor_control_action/linear_motor_control_action.egg-info/SOURCES.txt'
[0.470s] running build
[0.470s] running build_py
[0.470s] creating /home/user/ros2_ws/build/linear_motor_control_action/build
[0.470s] creating /home/user/ros2_ws/build/linear_motor_control_action/build/lib
[0.470s] creating /home/user/ros2_ws/build/linear_motor_control_action/build/lib/linear_motor_control_action
[0.470s] copying linear_motor_control_action/client.py -> /home/user/ros2_ws/build/linear_motor_control_action/build/lib/linear_motor_control_action
[0.479s] copying linear_motor_control_action/__init__.py -> /home/user/ros2_ws/build/linear_motor_control_action/build/lib/linear_motor_control_action
[0.479s] copying linear_motor_control_action/server.py -> /home/user/ros2_ws/build/linear_motor_control_action/build/lib/linear_motor_control_action
[0.479s] running install
[0.479s] running install_lib
[0.480s] creating /home/user/ros2_ws/install/linear_motor_control_action/lib/python3.10/site-packages/linear_motor_control_action
[0.480s] copying /home/user/ros2_ws/build/linear_motor_control_action/build/lib/linear_motor_control_action/client.py -> /home/user/ros2_ws/install/linear_motor_control_action/lib/python3.10/site-packages/linear_motor_control_action
[0.480s] copying /home/user/ros2_ws/build/linear_motor_control_action/build/lib/linear_motor_control_action/__init__.py -> /home/user/ros2_ws/install/linear_motor_control_action/lib/python3.10/site-packages/linear_motor_control_action
[0.480s] copying /home/user/ros2_ws/build/linear_motor_control_action/build/lib/linear_motor_control_action/server.py -> /home/user/ros2_ws/install/linear_motor_control_action/lib/python3.10/site-packages/linear_motor_control_action
[0.480s] byte-compiling /home/user/ros2_ws/install/linear_motor_control_action/lib/python3.10/site-packages/linear_motor_control_action/client.py to client.cpython-310.pyc
[0.480s] byte-compiling /home/user/ros2_ws/install/linear_motor_control_action/lib/python3.10/site-packages/linear_motor_control_action/__init__.py to __init__.cpython-310.pyc
[0.480s] byte-compiling /home/user/ros2_ws/install/linear_motor_control_action/lib/python3.10/site-packages/linear_motor_control_action/server.py to server.cpython-310.pyc
[0.480s] running install_data
[0.480s] creating /home/user/ros2_ws/install/linear_motor_control_action/share/ament_index
[0.480s] creating /home/user/ros2_ws/install/linear_motor_control_action/share/ament_index/resource_index
[0.481s] creating /home/user/ros2_ws/install/linear_motor_control_action/share/ament_index/resource_index/packages
[0.481s] copying resource/linear_motor_control_action -> /home/user/ros2_ws/install/linear_motor_control_action/share/ament_index/resource_index/packages
[0.481s] copying package.xml -> /home/user/ros2_ws/install/linear_motor_control_action/share/linear_motor_control_action
[0.481s] running install_egg_info
[0.482s] Copying ../../build/linear_motor_control_action/linear_motor_control_action.egg-info to /home/user/ros2_ws/install/linear_motor_control_action/lib/python3.10/site-packages/linear_motor_control_action-0.0.0-py3.10.egg-info
[0.482s] running install_scripts
[0.492s] Installing linear_control_client script to /home/user/ros2_ws/install/linear_motor_control_action/lib/linear_motor_control_action
[0.492s] Installing linear_control_server script to /home/user/ros2_ws/install/linear_motor_control_action/lib/linear_motor_control_action
[0.492s] writing list of installed files to '/home/user/ros2_ws/build/linear_motor_control_action/install.log'
[0.504s] Invoked command in '/home/user/ros2_ws/src/linear_motor_control_action' returned '0': CMAKE_PREFIX_PATH=/home/user/ros2_ws/install/action_pkg:/home/user/ros2_ws/install/srv_pkg LD_LIBRARY_PATH=/home/user/ros2_ws/install/action_pkg/lib:/home/user/ros2_ws/install/srv_pkg/lib:/usr/lib/x86_64-linux-gnu/gazebo-11/plugins:/opt/ros/humble/opt/rviz_ogre_vendor/lib:/opt/ros/humble/lib/x86_64-linux-gnu:/opt/ros/humble/lib PYTHONPATH=/home/user/ros2_ws/build/linear_motor_control_action/prefix_override:/usr/lib/python3/dist-packages/colcon_core/task/python/colcon_distutils_commands:/home/user/ros2_ws/install/linear_motor_control_action/lib/python3.10/site-packages:${PYTHONPATH} /usr/bin/python3 -W ignore:setup.py install is deprecated -W ignore:easy_install command is deprecated setup.py egg_info --egg-base ../../build/linear_motor_control_action build --build-base /home/user/ros2_ws/build/linear_motor_control_action/build install --record /home/user/ros2_ws/build/linear_motor_control_action/install.log --single-version-externally-managed install_data
