[0.988s] Invoking command in '/home/user/ros2_ws/src/turtle_ctrl': PYTHONPATH=/home/user/ros2_ws/build/turtle_ctrl/prefix_override:/usr/lib/python3/dist-packages/colcon_core/task/python/colcon_distutils_commands:/home/user/ros2_ws/install/turtle_ctrl/lib/python3.10/site-packages:${PYTHONPATH} /usr/bin/python3 -W ignore:setup.py install is deprecated -W ignore:easy_install command is deprecated setup.py egg_info --egg-base ../../build/turtle_ctrl build --build-base /home/user/ros2_ws/build/turtle_ctrl/build install --record /home/user/ros2_ws/build/turtle_ctrl/install.log --single-version-externally-managed install_data
[1.134s] running egg_info
[1.135s] writing ../../build/turtle_ctrl/turtle_ctrl.egg-info/PKG-INFO
[1.135s] writing dependency_links to ../../build/turtle_ctrl/turtle_ctrl.egg-info/dependency_links.txt
[1.135s] writing entry points to ../../build/turtle_ctrl/turtle_ctrl.egg-info/entry_points.txt
[1.136s] writing requirements to ../../build/turtle_ctrl/turtle_ctrl.egg-info/requires.txt
[1.136s] writing top-level names to ../../build/turtle_ctrl/turtle_ctrl.egg-info/top_level.txt
[1.136s] reading manifest file '../../build/turtle_ctrl/turtle_ctrl.egg-info/SOURCES.txt'
[1.137s] writing manifest file '../../build/turtle_ctrl/turtle_ctrl.egg-info/SOURCES.txt'
[1.137s] running build
[1.137s] running build_py
[1.137s] running install
[1.138s] running install_lib
[1.138s] running install_data
[1.138s] running install_egg_info
[1.140s] removing '/home/user/ros2_ws/install/turtle_ctrl/lib/python3.10/site-packages/turtle_ctrl-0.0.0-py3.10.egg-info' (and everything under it)
[1.140s] Copying ../../build/turtle_ctrl/turtle_ctrl.egg-info to /home/user/ros2_ws/install/turtle_ctrl/lib/python3.10/site-packages/turtle_ctrl-0.0.0-py3.10.egg-info
[1.140s] running install_scripts
[1.154s] Installing turtle_control_param script to /home/user/ros2_ws/install/turtle_ctrl/lib/turtle_ctrl
[1.154s] writing list of installed files to '/home/user/ros2_ws/build/turtle_ctrl/install.log'
[1.173s] Invoked command in '/home/user/ros2_ws/src/turtle_ctrl' returned '0': PYTHONPATH=/home/user/ros2_ws/build/turtle_ctrl/prefix_override:/usr/lib/python3/dist-packages/colcon_core/task/python/colcon_distutils_commands:/home/user/ros2_ws/install/turtle_ctrl/lib/python3.10/site-packages:${PYTHONPATH} /usr/bin/python3 -W ignore:setup.py install is deprecated -W ignore:easy_install command is deprecated setup.py egg_info --egg-base ../../build/turtle_ctrl build --build-base /home/user/ros2_ws/build/turtle_ctrl/build install --record /home/user/ros2_ws/build/turtle_ctrl/install.log --single-version-externally-managed install_data
