running egg_info
writing ../../build/turtle_ctrl/turtle_ctrl.egg-info/PKG-INFO
writing dependency_links to ../../build/turtle_ctrl/turtle_ctrl.egg-info/dependency_links.txt
writing entry points to ../../build/turtle_ctrl/turtle_ctrl.egg-info/entry_points.txt
writing requirements to ../../build/turtle_ctrl/turtle_ctrl.egg-info/requires.txt
writing top-level names to ../../build/turtle_ctrl/turtle_ctrl.egg-info/top_level.txt
reading manifest file '../../build/turtle_ctrl/turtle_ctrl.egg-info/SOURCES.txt'
writing manifest file '../../build/turtle_ctrl/turtle_ctrl.egg-info/SOURCES.txt'
running build
running build_py
copying turtle_ctrl/control_with_param.py -> /home/user/ros2_ws/build/turtle_ctrl/build/lib/turtle_ctrl
running install
running install_lib
copying /home/user/ros2_ws/build/turtle_ctrl/build/lib/turtle_ctrl/control_with_param.py -> /home/user/ros2_ws/install/turtle_ctrl/lib/python3.10/site-packages/turtle_ctrl
byte-compiling /home/user/ros2_ws/install/turtle_ctrl/lib/python3.10/site-packages/turtle_ctrl/control_with_param.py to control_with_param.cpython-310.pyc
running install_data
running install_egg_info
removing '/home/user/ros2_ws/install/turtle_ctrl/lib/python3.10/site-packages/turtle_ctrl-0.0.0-py3.10.egg-info' (and everything under it)
Copying ../../build/turtle_ctrl/turtle_ctrl.egg-info to /home/user/ros2_ws/install/turtle_ctrl/lib/python3.10/site-packages/turtle_ctrl-0.0.0-py3.10.egg-info
running install_scripts
Installing turtle_control_param script to /home/user/ros2_ws/install/turtle_ctrl/lib/turtle_ctrl
writing list of installed files to '/home/user/ros2_ws/build/turtle_ctrl/install.log'
