[0.815s] Invoking command in '/home/user/ros2_ws/src/turtle_ctrl': PYTHONPATH=/home/user/ros2_ws/build/turtle_ctrl/prefix_override:/usr/lib/python3/dist-packages/colcon_core/task/python/colcon_distutils_commands:/home/user/ros2_ws/install/turtle_ctrl/lib/python3.10/site-packages:${PYTHONPATH} /usr/bin/python3 -W ignore:setup.py install is deprecated -W ignore:easy_install command is deprecated setup.py egg_info --egg-base ../../build/turtle_ctrl build --build-base /home/user/ros2_ws/build/turtle_ctrl/build install --record /home/user/ros2_ws/build/turtle_ctrl/install.log --single-version-externally-managed install_data
[0.961s] running egg_info
[0.962s] writing ../../build/turtle_ctrl/turtle_ctrl.egg-info/PKG-INFO
[0.962s] writing dependency_links to ../../build/turtle_ctrl/turtle_ctrl.egg-info/dependency_links.txt
[0.962s] writing entry points to ../../build/turtle_ctrl/turtle_ctrl.egg-info/entry_points.txt
[0.962s] writing requirements to ../../build/turtle_ctrl/turtle_ctrl.egg-info/requires.txt
[0.962s] writing top-level names to ../../build/turtle_ctrl/turtle_ctrl.egg-info/top_level.txt
[0.963s] reading manifest file '../../build/turtle_ctrl/turtle_ctrl.egg-info/SOURCES.txt'
[0.963s] writing manifest file '../../build/turtle_ctrl/turtle_ctrl.egg-info/SOURCES.txt'
[0.963s] running build
[0.963s] running build_py
[0.964s] copying turtle_ctrl/control_with_param.py -> /home/user/ros2_ws/build/turtle_ctrl/build/lib/turtle_ctrl
[0.964s] running install
[0.964s] running install_lib
[0.965s] copying /home/user/ros2_ws/build/turtle_ctrl/build/lib/turtle_ctrl/control_with_param.py -> /home/user/ros2_ws/install/turtle_ctrl/lib/python3.10/site-packages/turtle_ctrl
[0.965s] byte-compiling /home/user/ros2_ws/install/turtle_ctrl/lib/python3.10/site-packages/turtle_ctrl/control_with_param.py to control_with_param.cpython-310.pyc
[0.965s] running install_data
[0.965s] running install_egg_info
[0.966s] removing '/home/user/ros2_ws/install/turtle_ctrl/lib/python3.10/site-packages/turtle_ctrl-0.0.0-py3.10.egg-info' (and everything under it)
[0.966s] Copying ../../build/turtle_ctrl/turtle_ctrl.egg-info to /home/user/ros2_ws/install/turtle_ctrl/lib/python3.10/site-packages/turtle_ctrl-0.0.0-py3.10.egg-info
[0.966s] running install_scripts
[0.980s] Installing turtle_control_param script to /home/user/ros2_ws/install/turtle_ctrl/lib/turtle_ctrl
[0.980s] writing list of installed files to '/home/user/ros2_ws/build/turtle_ctrl/install.log'
[0.997s] Invoked command in '/home/user/ros2_ws/src/turtle_ctrl' returned '0': PYTHONPATH=/home/user/ros2_ws/build/turtle_ctrl/prefix_override:/usr/lib/python3/dist-packages/colcon_core/task/python/colcon_distutils_commands:/home/user/ros2_ws/install/turtle_ctrl/lib/python3.10/site-packages:${PYTHONPATH} /usr/bin/python3 -W ignore:setup.py install is deprecated -W ignore:easy_install command is deprecated setup.py egg_info --egg-base ../../build/turtle_ctrl build --build-base /home/user/ros2_ws/build/turtle_ctrl/build install --record /home/user/ros2_ws/build/turtle_ctrl/install.log --single-version-externally-managed install_data
