[0.895s] Invoking command in '/home/hafizulazwan/ros2_learn_ws/src/pubsub_py': PYTHONPATH=/home/hafizulazwan/ros2_learn_ws/build/pubsub_py/prefix_override:/usr/lib/python3/dist-packages/colcon_core/task/python/colcon_distutils_commands:/home/hafizulazwan/ros2_learn_ws/install/pubsub_py/lib/python3.10/site-packages:${PYTHONPATH} /usr/bin/python3 -W ignore:setup.py install is deprecated -W ignore:easy_install command is deprecated setup.py egg_info --egg-base ../../build/pubsub_py build --build-base /home/hafizulazwan/ros2_learn_ws/build/pubsub_py/build install --record /home/hafizulazwan/ros2_learn_ws/build/pubsub_py/install.log --single-version-externally-managed install_data
[1.115s] running egg_info
[1.116s] writing ../../build/pubsub_py/pubsub_py.egg-info/PKG-INFO
[1.116s] writing dependency_links to ../../build/pubsub_py/pubsub_py.egg-info/dependency_links.txt
[1.116s] writing entry points to ../../build/pubsub_py/pubsub_py.egg-info/entry_points.txt
[1.116s] writing requirements to ../../build/pubsub_py/pubsub_py.egg-info/requires.txt
[1.116s] writing top-level names to ../../build/pubsub_py/pubsub_py.egg-info/top_level.txt
[1.119s] reading manifest file '../../build/pubsub_py/pubsub_py.egg-info/SOURCES.txt'
[1.121s] writing manifest file '../../build/pubsub_py/pubsub_py.egg-info/SOURCES.txt'
[1.121s] running build
[1.121s] running build_py
[1.121s] running install
[1.122s] running install_lib
[1.123s] running install_data
[1.124s] running install_egg_info
[1.126s] removing '/home/hafizulazwan/ros2_learn_ws/install/pubsub_py/lib/python3.10/site-packages/pubsub_py-0.0.0-py3.10.egg-info' (and everything under it)
[1.126s] Copying ../../build/pubsub_py/pubsub_py.egg-info to /home/hafizulazwan/ros2_learn_ws/install/pubsub_py/lib/python3.10/site-packages/pubsub_py-0.0.0-py3.10.egg-info
[1.127s] running install_scripts
[1.150s] Installing sine_wave_publisher script to /home/hafizulazwan/ros2_learn_ws/install/pubsub_py/lib/pubsub_py
[1.150s] Installing sine_wave_subscriber script to /home/hafizulazwan/ros2_learn_ws/install/pubsub_py/lib/pubsub_py
[1.150s] writing list of installed files to '/home/hafizulazwan/ros2_learn_ws/build/pubsub_py/install.log'
[1.178s] Invoked command in '/home/hafizulazwan/ros2_learn_ws/src/pubsub_py' returned '0': PYTHONPATH=/home/hafizulazwan/ros2_learn_ws/build/pubsub_py/prefix_override:/usr/lib/python3/dist-packages/colcon_core/task/python/colcon_distutils_commands:/home/hafizulazwan/ros2_learn_ws/install/pubsub_py/lib/python3.10/site-packages:${PYTHONPATH} /usr/bin/python3 -W ignore:setup.py install is deprecated -W ignore:easy_install command is deprecated setup.py egg_info --egg-base ../../build/pubsub_py build --build-base /home/hafizulazwan/ros2_learn_ws/build/pubsub_py/build install --record /home/hafizulazwan/ros2_learn_ws/build/pubsub_py/install.log --single-version-externally-managed install_data
